 end of gkps   3.5374066766552820E-013
 after field        54639        66048        66048   3.5497653815341471E-013
 end of gkps   1.8949518481646811E-002
 after field        54593        66048        66048   1.8939347232509982E-002
 before cpush 1        54593        66048        66048 
  -3.7643130860897764E-003
 before cpush 1        54593        66048        66048 
  -3.7643130860897764E-003
 end of gkps   8.5946427220726720E-003
 after field        54580        66048        66048   8.5813541551447332E-003
 end of gkps   1.7168166370893412E-002
 after field        54567        66048        66048   1.7153041807716297E-002
 before cpush 1        54567        66048        66048 
  -3.7712419193941592E-003
 before cpush 1        54567        66048        66048 
  -3.7712419193941592E-003
 end of gkps   2.5398626280901731E-003
 after field        54543        66048        66048   2.5327972777457121E-003
 end of gkps   1.5474930073911826E-002
 after field        54551        66048        66048   1.5469965573272364E-002
 before cpush 1        54551        66048        66048 
  -3.7893666046952342E-003
 before cpush 1        54551        66048        66048 
  -3.7893666046952342E-003
 end of gkps  -3.2562407763214183E-003
 after field        54534        66048        66048  -3.2671049137986794E-003
 end of gkps   5.0413678604308114E-003
 after field        54512        66048        66048   5.0386244623956637E-003
 before cpush 1        54512        66048        66048 
  -3.8211818392166674E-003
 before cpush 1        54512        66048        66048 
  -3.8211818392166674E-003
 end of gkps  -4.1123150234180471E-003
 after field        54504        66048        66048  -4.1159362626457998E-003
 end of gkps   3.4541813111103655E-003
 after field        54430        66048        66048   3.4519958567254538E-003
 before cpush 1        54430        66048        66048 
  -3.8646885415813039E-003
 before cpush 1        54430        66048        66048 
  -3.8646885415813039E-003
 end of gkps  -8.7842234932289614E-004
 after field        54434        66048        66048  -8.8474517608811852E-004
 end of gkps   1.5881516894127527E-002
 after field        54415        66048        66048   1.5874469735993164E-002
 before cpush 1        54415        66048        66048 
  -3.9191286914150459E-003
 before cpush 1        54415        66048        66048 
  -3.9191286914150459E-003
 end of gkps  -1.2115168004860337E-002
 after field        54450        66048        66048  -1.2113496006544678E-002
 end of gkps   5.1497368245563896E-003
 after field        54442        66048        66048   5.1429371541505710E-003
 before cpush 1        54442        66048        66048 
  -3.9865279521861400E-003
 before cpush 1        54442        66048        66048 
  -3.9865279521861400E-003
 end of gkps  -1.0453802220886387E-002
 after field        54455        66048        66048  -1.0454262281218674E-002
 end of gkps   7.9868621767595280E-003
 after field        54477        66048        66048   7.9896698798703654E-003
 before cpush 1        54477        66048        66048 
  -4.0668718382552886E-003
 before cpush 1        54477        66048        66048 
  -4.0668718382552886E-003
 end of gkps  -1.7470226035843740E-002
 after field        54439        66048        66048  -1.7472045569745957E-002
 end of gkps  -1.3957127156448072E-003
 after field        54435        66048        66048  -1.3929453750346130E-003
 before cpush 1        54435        66048        66048 
  -4.1598662138361267E-003
 before cpush 1        54435        66048        66048 
  -4.1598662138361267E-003
 end of gkps  -2.5433119574618329E-002
 after field        54453        66048        66048  -2.5432187884707379E-002
 end of gkps  -1.2150034727252082E-002
 after field        54433        66048        66048  -1.2161981828703577E-002
 before cpush 1        54433        66048        66048 
  -4.2637233006254886E-003
 before cpush 1        54433        66048        66048 
  -4.2637233006254886E-003
