 total MPI=            8  ntube=            1  particle per MPI=        66048 
        66048
  -9.0949470177292824E-013   1.1460090782575622E-014  -1.2271846303073670E-002
 dt,beta=     32.36611922270230        1.2195530804907236E-002
 amp,vpp,yd0 =    9.9999999999999998E-013    0.000000000000000      
    0.000000000000000     
 peritr,ifluid=             0            0
 tor,nonlin=     1.000000000000000                 1            1
 isuni=             0 amie=     1835.466660000000     
 kxcut,kycut,bcut=    0.2790349390931968        2.9823424198553751E-002 
    3000.000000000000     
 fradi,isg=     1.000000000000000         1.000000000000000     
 llk,mlk,onemd =            0            1            1
 vwidth (i,e), vcut=     8.000000000000000         8.000000000000000      
    15.00000000000000     
 rneu=     0.000000000000000     
 V-ExB switch=     0.000000000000000     
 V-parallel switch=     0.000000000000000     
 mm1=         66048
 pzcrite,encrit =     13.12507333974200         1.000000000000000     
 nue0 =     1.000000000000000         1.000000000000000      
    1.000000000000000     
 xn0e(1),xnir0 =     1.259257238570655         0.000000000000000     
 frequ, eru =     0.000000000000000         0.000000000000000     
 lxa,lymult,delra,r0a,rina,routa=   0.8600000000000000      
    2.000000000000000        5.0000000000000003E-002   0.5300000000000000      
   0.1000000000000000        0.9600000000000000     
 a,r0,rmaj0,q0,lx,ly,lz=    183.0854584038953         97.03529295406453      
    542.9878083918395        -1.315420320000000         157.4534942273500      
    231.7474945828893         4487.810323669831     
 t0,kyrhoi_local=   0.6032766210000000        2.9780916994334806E-002
 coefu =     0.000000000000000     
 ktheta*rhos =    2.9780916994334806E-002
 cs/a, q0, q0p, s^hat =    2.9997799499929889E-003   -1.315420320000000      
   6.0000000000000001E-003  -0.4426051117443489     
 rho* = rhos/a =    5.9995598999859779E-003
 f0p,psip(nr/2),Bunit,candyf0p =     0.000000000000000      
   -105.5991628023555         0.000000000000000         0.000000000000000     
 lxa min =   -0.4551608525320235     
 t0i(nr/2)=    0.6032766210000000     
 Gyrokrs =                        Inf
 omp_num_threads=            1
 cn0s=   0.7658063836858320         0.000000000000000      
    0.000000000000000        1.0609978954826362E-313   1.2731974745791634E-313
 totvol,jacp,dum2=    226160705.1303338         2850.525946958880      
    2857.348312671386     
 after write totvol
 after cut
 before blendf
 after blendf
 after initialize
 lr0,lx,rin,a    97.03529295406453         157.4534942273500      
    18.30854584038953         183.0854584038953     
 before grid1   1.0807000000000000E-005
 after grid1   0.3737324550000000     
 end accumu   0.3737383930000000     
 after den0_phi   0.3853721000000000     
 after field solver    195.3324977850000     
 after field    195.3325009310000     
 after rmsphi    195.3326325390000     
 with filter    195.3468683220000     
      0   0.22009741E-12   0.00000000E+00   0.00000000E+00   0.94719173-316   0.00000000E+00   0.00000000E+00   0.11821133-315   0.00000000E+00   0.52755407E-09   0.81388392E-11   0.52761685E-09
 before ppush    195.3703676210000     
 ppush 1    195.3735014970000     
 ppush point 2    195.6749618990000     
 ppush point 2.0    195.6749727170000     
 after test pmove 0    195.6750160660000     
 after test pmove 1.1    195.7485952540000     
 after test pmove 1.2    195.7491214480000     
 after test pmove 1.3    195.7491233420000     
 after test pmove 1.4    195.7491269180000     
 after test pmove 2.0    195.7497025150000     
 after test pmove 2.1    195.7497408240000     
 after test pmove 3    195.8045434380000     
 ppush point 2.1    195.8045518010000     
 pmove part2    3.2041999986631708E-005
 pmove part3    2.4992699999870638E-004
 ppush point 2.2    196.0585186060000     
 pmove part2    7.4140000094757852E-006
 pmove part3    3.0473900000060894E-004
 pmove part2    1.2760000004163885E-005
 pmove part3    3.5398600002167768E-004
 pmove part2    1.1895999989519623E-005
 pmove part3    4.0383200001770092E-004
 pmove part2    7.1359999935793894E-006
 pmove part3    3.3003700002609548E-004
 pmove part2    6.4070000007632188E-006
 pmove part3    3.4707399998978872E-004
 pmove part2    7.9729999811206653E-006
 pmove part3    3.8468600001806408E-004
 pmove part2    1.2572999992244149E-005
 pmove part3    4.3284200000925921E-004
 pmove part2    6.5579999954934465E-006
 pmove part3    4.4488000000342254E-004
 pmove part2    1.2271999992208293E-005
 pmove part3    4.8926899998491535E-004
 pmove part2    9.6420000090802205E-006
 pmove part3    5.8213500000192653E-004
 pmove part2    6.3570000179424824E-006
 pmove part3    4.8617600000966377E-004
 pmove part2    7.5789999982589507E-006
 pmove part3    3.2709900000327252E-004
 pmove part2    1.8366999995578226E-005
 pmove part3    4.4567000000483858E-004
 pmove part2    1.1160000013887839E-005
 pmove part3    3.7996399998974084E-004
 pmove part2    6.1000000073363481E-006
 pmove part3    5.0245599999243495E-004
 pmove part2    1.7004000000042652E-005
 pmove part3    4.0127499997311133E-004
 pmove part2    6.1739999921428534E-006
 pmove part3    9.2400600001951716E-004
 pmove part2    7.3479999969094933E-006
 pmove part3    3.8888599999609141E-004
 ppush point 3    200.4743367050000     
 after ppush    200.4743404130000     
 after cpush    200.4743414390000     
 before grid1    200.4743471180000     
 after grid1    200.7967626780000     
 end accumu    200.7967675570000     
 after den0_phi    200.8082424740000     
 after field solver    201.4139362420000     
 after field    201.4139377610000     
 after rmsphi    201.4140675820000     
 with filter    201.4395184990000     
 before ppush    201.4436775410000     
 after ppush    201.4436788170000     
 after cpush 2
 after cpush 3
 after test pmove 0    201.8019925910000     
 after test pmove 1.1    201.8127390460000     
 after test pmove 1.2    201.8133147370000     
 after test pmove 1.3    201.8133166670000     
 after test pmove 1.4    201.8133187370000     
 after test pmove 2.0    201.8139368370000     
 after test pmove 2.1    201.8139752290000     
 after test pmove 3    201.9314300140000     
 pmove part2    8.4090000029846124E-006
 pmove part3    4.6408000000042193E-004
 pmove part2    6.4559999941593560E-006
 pmove part3    3.6694900001066344E-004
 pmove part2    6.3440000133141439E-006
 pmove part3    6.6603900000927752E-004
 pmove part2    7.5469999956112588E-006
 pmove part3    4.0678799999227522E-004
 pmove part2    6.7370000067512592E-006
 pmove part3    2.7294599999549973E-004
 pmove part2    6.5760000040882005E-006
 pmove part3    3.9066400000820067E-004
 pmove part2    6.1859999789248832E-006
 pmove part3    3.7975899999764806E-004
 pmove part2    8.5839999997006089E-006
 pmove part3    2.7712899998277862E-004
 pmove part2    7.0159999836505449E-006
 pmove part3    3.0229500001155429E-004
 pmove part2    8.3029999871087057E-006
 pmove part3    3.5330599999383594E-004
 pmove part2    7.7899999837427458E-006
 pmove part3    3.7844499999550862E-004
 pmove part2    6.0079999855133792E-006
 pmove part3    4.1119299999081704E-004
 pmove part2    7.1869999942464347E-006
 pmove part3    4.4026900002336333E-004
 pmove part2    1.1137999990751268E-005
 pmove part3    3.9572700001144767E-004
 pmove part2    7.9069999969760829E-006
 pmove part3    4.4228100000509585E-004
 pmove part2    7.5869999989208736E-006
 pmove part3    2.9636100001084742E-004
 pmove part2    7.1750000074644049E-006
 pmove part3    4.3740700002103949E-004
 pmove part2    7.6350000028924114E-006
 pmove part3    3.1273900000883259E-004
 pmove part2    6.6430000060790917E-006
 pmove part3    3.5534099998812962E-004
 after cpush 3
 after cpush    206.5825747420000     
 before grid1    206.5830536910000     
 after grid1    206.8749791750000     
 end accumu    206.8749881180000     
 after den0_phi    206.8872005470000     
 after field solver    207.3455517510000     
 after field    207.3455545310000     
 after rmsphi    207.3537547240000     
 with filter    207.3613380380000     
     32   0.55269131E-02   0.00000000E+00   0.00000000E+00   0.94724440-316   0.39703861E-12  -0.12443862E-11   0.19191620E-02   0.00000000E+00   0.11824871E-01   0.42444636E-01   0.44061034E-01
 before ppush    207.3683122600000     
 ppush 1    207.3683162460000     
 ppush point 2    207.6718990680000     
 ppush point 2.0    207.6719113190000     
 after test pmove 0    207.6719183040000     
 after test pmove 1.1    207.8442095700000     
 after test pmove 1.2    207.8446715960000     
 after test pmove 1.3    207.8446733290000     
 after test pmove 1.4    207.8446748940000     
 after test pmove 2.0    207.8451592190000     
 after test pmove 2.1    207.8451933880000     
 after test pmove 3    207.8452137170000     
 ppush point 2.1    207.8452179600000     
 pmove part2    7.5800000161052594E-006
 pmove part3    4.5116600000483231E-004
 ppush point 2.2    208.0986489000000     
 pmove part2    7.4760000075002608E-006
 pmove part3    3.3270400001583766E-004
 pmove part2    6.5460000087114167E-006
 pmove part3    4.5072599999684826E-004
 pmove part2    8.0109999771593721E-006
 pmove part3    4.2533299998126495E-004
 pmove part2    8.0080000088855741E-006
 pmove part3    4.8138700000777135E-004
 pmove part2    7.0419999929072219E-006
 pmove part3    4.3062800000370771E-004
 pmove part2    6.9470000028104550E-006
 pmove part3    4.1367200000763660E-004
 pmove part2    7.4429999870062602E-006
 pmove part3    4.9400000000332511E-004
 pmove part2    6.9679999796790071E-006
 pmove part3    3.9471099998422687E-004
 pmove part2    6.9990000213238091E-006
 pmove part3    5.5557700000008481E-004
 pmove part2    7.2240000008605421E-006
 pmove part3    4.7246399998357447E-004
 pmove part2    6.1890000040421000E-006
 pmove part3    5.5919900000844791E-004
 pmove part2    7.4390000008861534E-006
 pmove part3    5.3493300001150601E-004
 pmove part2    5.9599999815418414E-006
 pmove part3    2.9329899999197551E-004
 pmove part2    5.2860000039345323E-006
 pmove part3    3.2676200001446887E-004
 pmove part2    7.5390000233710452E-006
 pmove part3    3.4321699999395605E-004
 pmove part2    6.2549999881866825E-006
 pmove part3    2.9370400000061636E-004
 pmove part2    8.1569999963448936E-006
 pmove part3    5.0012899998819194E-004
 pmove part2    8.4079999851383036E-006
 pmove part3    3.9070799999763040E-004
 ppush point 3    212.8078421170000     
 after ppush    212.8078457670000     
 after cpush    212.8078468030000     
 before grid1    212.8078516870000     
 after grid1    213.1472620920000     
 end accumu    213.1472669080000     
 after den0_phi    213.1586778920000     
 after field solver    213.7415359740000     
 after field    213.7415377930000     
 after rmsphi    213.7416741470000     
 with filter    213.7624265520000     
 before ppush    213.7685118800000     
 after ppush    213.7685132000000     
 after cpush 2
 after cpush 3
 after test pmove 0    214.1744147050000     
 after test pmove 1.1    214.3029372340000     
 after test pmove 1.2    214.3033982560000     
 after test pmove 1.3    214.3034000850000     
 after test pmove 1.4    214.3034018600000     
 after test pmove 2.0    214.3038855580000     
 after test pmove 2.1    214.3039178700000     
 after test pmove 3    214.3231833710000     
 pmove part2    8.4080000135600130E-006
 pmove part3    3.8585400000101799E-004
 pmove part2    7.2830000021895103E-006
 pmove part3    4.2389199998638105E-004
 pmove part2    5.6599999993522943E-006
 pmove part3    2.4303999998664949E-004
 pmove part2    5.8920000185480603E-006
 pmove part3    4.7575799999322044E-004
 pmove part2    6.0890000099789177E-006
 pmove part3    5.2973800001154814E-004
 pmove part2    6.1690000165981473E-006
 pmove part3    4.9128800000630690E-004
 pmove part2    6.6670000080648606E-006
 pmove part3    4.6784099998831152E-004
 pmove part2    6.8209999994905957E-006
 pmove part3    4.8241900000789428E-004
 pmove part2    7.6070000147865358E-006
 pmove part3    4.6104399999080670E-004
 pmove part2    5.9759999828656873E-006
 pmove part3    2.8793100000257255E-004
 pmove part2    6.4799999961451249E-006
 pmove part3    4.4177399999512090E-004
 pmove part2    5.9779999901365954E-006
 pmove part3    3.5367300000643809E-004
 pmove part2    6.7189999981565052E-006
 pmove part3    2.8526399998440866E-004
 pmove part2    6.2940000020716980E-006
 pmove part3    3.3982499999751781E-004
 pmove part2    5.9820000046784116E-006
 pmove part3    3.4065299999497256E-004
 pmove part2    6.7370000067512592E-006
 pmove part3    3.2214700001986785E-004
 pmove part2    7.1050000087780063E-006
 pmove part3    4.5488000000659667E-004
 pmove part2    5.7630000185326935E-006
 pmove part3    2.5032499999610991E-004
 pmove part2    7.4609999956010142E-006
 pmove part3    3.6728000000607608E-004
 after cpush 3
 after cpush    219.0216481170000     
 before grid1    219.0216586460000     
 after grid1    219.3979824250000     
 end accumu    219.3979877050000     
 after den0_phi    219.4093986710000     
 after field solver    219.9505086660000     
 after field    219.9505106580000     
 after rmsphi    219.9506316560000     
 with filter    219.9679179050000     
     64   0.19706237E-02   0.00000000E+00   0.00000000E+00   0.94728432-316  -0.67790297E-13  -0.26861437E-11   0.20965570E-02   0.00000000E+00  -0.35841163E-01   0.28163795E-01   0.45582764E-01
 before ppush    220.0053743180000     
 ppush 1    220.0053828260000     
 ppush point 2    220.3218508540000     
 ppush point 2.0    220.3218633710000     
 after test pmove 0    220.3218757170000     
 after test pmove 1.1    220.4464603320000     
 after test pmove 1.2    220.4469603740000     
 after test pmove 1.3    220.4469618170000     
 after test pmove 1.4    220.4469632760000     
 after test pmove 2.0    220.4474456350000     
 after test pmove 2.1    220.4474770260000     
 after test pmove 3    220.4474951310000     
 ppush point 2.1    220.4474995570000     
 pmove part2    1.0723999992023892E-005
 pmove part3    2.6531299999987823E-004
 ppush point 2.2    220.6728060130000     
 pmove part2    1.0739000003923138E-005
 pmove part3    4.1670900000667643E-004
 pmove part2    7.1369999830039887E-006
 pmove part3    3.7817099999415404E-004
 pmove part2    8.4029999811718881E-006
 pmove part3    3.9932599997882789E-004
 pmove part2    6.5710000001217850E-006
 pmove part3    4.5092499999555002E-004
 pmove part2    6.1309999921377312E-006
 pmove part3    3.5751999999433792E-004
 pmove part2    6.4090000080341269E-006
 pmove part3    2.4577700000349978E-004
 pmove part2    6.3880000027438655E-006
 pmove part3    4.8322899999675428E-004
 pmove part2    6.0349999841946556E-006
 pmove part3    3.5569900001064525E-004
 pmove part2    7.3460000180602947E-006
 pmove part3    4.3834799998876406E-004
 pmove part2    5.7169999934103544E-006
 pmove part3    3.2788599997957135E-004
 pmove part2    8.5589999798685312E-006
 pmove part3    2.6827700000353616E-004
 pmove part2    8.3909999943898583E-006
 pmove part3    3.8047900000037771E-004
 pmove part2    6.7630000160079362E-006
 pmove part3    4.2305400000941518E-004
 pmove part2    5.1210000151513668E-006
 pmove part3    3.7249500002189961E-004
 pmove part2    6.3139999895156507E-006
 pmove part3    5.2937200001679230E-004
 pmove part2    7.9989999903773423E-006
 pmove part3    3.1080499999802669E-004
 pmove part2    7.0650000054683915E-006
 pmove part3    3.3746599999062710E-004
 pmove part2    6.1229999914758082E-006
 pmove part3    3.4004399998366353E-004
 ppush point 3    225.2964179050000     
 after ppush    225.2964220440000     
 after cpush    225.2964229950000     
 before grid1    225.2964280260000     
 after grid1    225.7066582480000     
 end accumu    225.7066630640000     
 after den0_phi    225.7180766920000     
 after field solver    226.2254901710000     
 after field    226.2254925280000     
 after rmsphi    226.2320026260000     
 with filter    226.2425288210000     
 before ppush    226.2462370880000     
 after ppush    226.2462386320000     
 after cpush 2
 after cpush 3
 after test pmove 0    226.5972704710000     
 after test pmove 1.1    226.7242489390000     
 after test pmove 1.2    226.7247084460000     
 after test pmove 1.3    226.7247211910000     
 after test pmove 1.4    226.7247226240000     
 after test pmove 2.0    226.7252501910000     
 after test pmove 2.1    226.7252846710000     
 after test pmove 3    226.7574533280000     
 pmove part2    9.7489999859590171E-006
 pmove part3    2.6972900002419919E-004
 pmove part2    6.7230000126983214E-006
 pmove part3    3.1302400000754460E-004
 pmove part2    6.4089999796124175E-006
 pmove part3    2.8632800001560099E-004
 pmove part2    6.0309999980745488E-006
 pmove part3    2.5082800001996475E-004
 pmove part2    5.6560000132321875E-006
 pmove part3    2.6910100001487081E-004
 pmove part2    5.6030000052942341E-006
 pmove part3    3.7279000000012275E-004
 pmove part2    8.5740000201894873E-006
 pmove part3    5.5361000002562832E-004
 pmove part2    6.6070000173112930E-006
 pmove part3    5.1636200001325960E-004
 pmove part2    8.5220000016761333E-006
 pmove part3    3.3013999998843246E-004
 pmove part2    6.4820000034160330E-006
 pmove part3    3.5949599998730264E-004
 pmove part2    8.0330000002959423E-006
 pmove part3    4.0591100000142433E-004
 pmove part2    6.6059999994649843E-006
 pmove part3    6.3572600001293722E-004
 pmove part2    8.8540000149350817E-006
 pmove part3    5.9700400001361231E-004
 pmove part2    7.3000000213596650E-006
 pmove part3    6.6232900002205497E-004
 pmove part2    7.7989999738292681E-006
 pmove part3    6.5221299999507210E-004
 pmove part2    7.2139999929277110E-006
 pmove part3    4.3768400001908958E-004
 pmove part2    8.2230000089111854E-006
 pmove part3    3.4299500001111483E-004
 pmove part2    5.9690000000500731E-006
 pmove part3    7.4325700001054429E-004
 pmove part2    7.0959999902697746E-006
 pmove part3    8.8731700000721503E-004
 after cpush 3
 after cpush    231.1263606570000     
 before grid1    231.1263706270000     
 after grid1    231.4749678940000     
 end accumu    231.4749729130000     
 after den0_phi    231.4863752120000     
 after field solver    232.0406771260000     
 after field    232.0406794890000     
 after rmsphi    232.0407996410000     
 with filter    232.0645854230000     
     97   0.24625753E-02   0.00000000E+00   0.00000000E+00   0.94738985-316   0.30499767E-12  -0.44969330E-11   0.23737193E-02   0.00000000E+00   0.25762446E-01   0.60714166E-01   0.65953874E-01
 before ppush    232.0753958530000     
 ppush 1    232.0754002760000     
 ppush point 2    232.4763920160000     
 ppush point 2.0    232.4764024240000     
 after test pmove 0    232.4764044470000     
 after test pmove 1.1    232.5269290860000     
 after test pmove 1.2    232.5274818900000     
 after test pmove 1.3    232.5274837190000     
 after test pmove 1.4    232.5274855020000     
 after test pmove 2.0    232.5280527300000     
 after test pmove 2.1    232.5280921430000     
 after test pmove 3    232.6052243170000     
 ppush point 2.1    232.6052360890000     
 pmove part2    7.4990000200614304E-006
 pmove part3    3.1095600002117862E-004
 ppush point 2.2    232.8595429700000     
 pmove part2    7.4900000015531987E-006
 pmove part3    4.8645799998325856E-004
 pmove part2    6.2739999862060358E-006
 pmove part3    2.7053799999521289E-004
 pmove part2    7.7900000121644553E-006
 pmove part3    2.4817499999585380E-004
 pmove part2    7.8919999850768363E-006
 pmove part3    2.5475600000390841E-004
 pmove part2    7.0150000226476550E-006
 pmove part3    2.7727799999865965E-004
 pmove part2    6.8470000087472727E-006
 pmove part3    3.1871199999500277E-004
 pmove part2    7.3679999843534461E-006
 pmove part3    3.2564800000045580E-004
 pmove part2    7.8460000167979160E-006
 pmove part3    3.5635100002195941E-004
 pmove part2    6.4789999782988161E-006
 pmove part3    2.6402399998914916E-004
 pmove part2    6.5960000199538626E-006
 pmove part3    3.1678899998155430E-004
 pmove part2    7.2120000140785123E-006
 pmove part3    4.1807400000948292E-004
 pmove part2    6.4219999842407560E-006
 pmove part3    3.6373099999309488E-004
 pmove part2    6.0130000179015042E-006
 pmove part3    2.4259200000642522E-004
 pmove part2    6.0360000020409643E-006
 pmove part3    2.6973999999313492E-004
 pmove part2    5.6220000033135875E-006
 pmove part3    2.6873900000623507E-004
 pmove part2    5.7120000178656483E-006
 pmove part3    6.1099399999875459E-004
 pmove part2    5.4180000006454065E-006
 pmove part3    6.2885500000220418E-004
 pmove part2    6.4339999994444952E-006
 pmove part3    3.0169999999429820E-004
 ppush point 3    237.1647619870000     
 after ppush    237.1647660940000     
 after cpush    237.1647671130000     
 before grid1    237.1647724920000     
 after grid1    237.5420566840000     
 end accumu    237.5420612150000     
 after den0_phi    237.5534501420000     
 after field solver    238.1635342910000     
 after field    238.1635370070000     
 after rmsphi    238.1636646980000     
 with filter    238.1872246750000     
 before ppush    238.1910374340000     
 after ppush    238.1910387890000     
 after cpush 2
 after cpush 3
 after test pmove 0    238.6057182350000     
 after test pmove 1.1    238.6602861880000     
 after test pmove 1.2    238.6608614830000     
 after test pmove 1.3    238.6608635740000     
 after test pmove 1.4    238.6608654390000     
 after test pmove 2.0    238.6614737240000     
 after test pmove 2.1    238.6615149250000     
 after test pmove 3    238.7313522050000     
 pmove part2    8.9410000043699256E-006
 pmove part3    3.4535399998958383E-004
 pmove part2    6.0620000112976413E-006
 pmove part3    4.3003700000099343E-004
 pmove part2    9.5780000037848367E-006
 pmove part3    3.2775900001524860E-004
 pmove part2    6.6089999961604917E-006
 pmove part3    3.0905799999914052E-004
 pmove part2    6.3210000007529743E-006
 pmove part3    4.1255800002204523E-004
 pmove part2    5.8729999921069975E-006
 pmove part3    4.3762700002503152E-004
 pmove part2    6.3530000034006662E-006
 pmove part3    4.0657799999621602E-004
 pmove part2    6.9580000001678854E-006
 pmove part3    4.6010799999862684E-004
 pmove part2    6.1010000251826568E-006
 pmove part3    3.1687399999213994E-004
 pmove part2    7.0709999988594063E-006
 pmove part3    3.7693100000524282E-004
 pmove part2    7.6800000101684418E-006
 pmove part3    4.6479200000248966E-004
 pmove part2    8.7129999997159757E-006
 pmove part3    4.2259500000341177E-004
 pmove part2    6.7660000127034436E-006
 pmove part3    6.1303399999701469E-004
 pmove part2    6.3390000093477283E-006
 pmove part3    4.5674400001871618E-004
 pmove part2    6.4900000040779560E-006
 pmove part3    3.7520500001164692E-004
 pmove part2    6.8239999961861031E-006
 pmove part3    3.9564899998367764E-004
 pmove part2    7.2429999988798954E-006
 pmove part3    3.9878200001908226E-004
 pmove part2    7.2359999876425718E-006
 pmove part3    4.3150599998398320E-004
 pmove part2    7.2240000008605421E-006
 pmove part3    3.3338500000468230E-004
 after cpush 3
 after cpush    243.4631906120000     
 before grid1    243.4632004320000     
 after grid1    243.7533827060000     
 end accumu    243.7533875930000     
 after den0_phi    243.7650653700000     
 after field solver    244.3100422500000     
 after field    244.3100449400000     
 after rmsphi    244.3115581680000     
 with filter    244.3229495690000     
    129   0.31124260E-02   0.00000000E+00   0.00000000E+00   0.94748352-316   0.14688731E-11  -0.25959271E-11   0.26991589E-02   0.00000000E+00   0.22413577E-01   0.12644009E-01   0.25734013E-01
 before ppush    244.3297501510000     
 ppush 1    244.3297554690000     
 ppush point 2    244.7137907230000     
 ppush point 2.0    244.7138058590000     
 after test pmove 0    244.7138142000000     
 after test pmove 1.1    244.8227000770000     
 after test pmove 1.2    244.8231811390000     
 after test pmove 1.3    244.8231826010000     
 after test pmove 1.4    244.8231840360000     
 after test pmove 2.0    244.8236676900000     
 after test pmove 2.1    244.8236995730000     
 after test pmove 3    244.8237210180000     
 ppush point 2.1    244.8237256930000     
 pmove part2    8.6969999983921298E-006
 pmove part3    3.6988400000836918E-004
 ppush point 2.2    245.0008535130000     
 pmove part2    7.3390000068229710E-006
 pmove part3    2.8079499998057145E-004
 pmove part2    8.3589999917421665E-006
 pmove part3    3.4784199999648990E-004
 pmove part2    5.7229999868013692E-006
 pmove part3    3.2111499999132320E-004
 pmove part2    6.6669999796431512E-006
 pmove part3    4.4774700000971279E-004
 pmove part2    5.8309999815264746E-006
 pmove part3    4.4407499999010724E-004
 pmove part2    7.6310000167723047E-006
 pmove part3    3.7301800000477670E-004
 pmove part2    6.0019999921223643E-006
 pmove part3    5.6776799999624927E-004
 pmove part2    5.9230000033494434E-006
 pmove part3    4.3739200000914025E-004
 pmove part2    6.4230000020870648E-006
 pmove part3    4.5380599999589322E-004
 pmove part2    7.1179999849846354E-006
 pmove part3    4.4612499999630018E-004
 pmove part2    6.0490000066693028E-006
 pmove part3    3.5492399999270674E-004
 pmove part2    7.9810000102042977E-006
 pmove part3    5.1455100000907805E-004
 pmove part2    6.9379999843022233E-006
 pmove part3    3.2042699999124125E-004
 pmove part2    7.0520000008400530E-006
 pmove part3    4.2709699999932127E-004
 pmove part2    8.1870000201433868E-006
 pmove part3    4.3993500000283348E-004
 pmove part2    7.8349999910187762E-006
 pmove part3    4.7502099999974234E-004
 pmove part2    6.1789999961092690E-006
 pmove part3    4.8826299999404910E-004
 pmove part2    5.5659999986801267E-006
 pmove part3    5.2516299999183502E-004
 ppush point 3    249.8900139220000     
 after ppush    249.8900178310000     
 after cpush    249.8900188440000     
 before grid1    249.8900240590000     
 after grid1    250.1446388060000     
 end accumu    250.1446434760000     
 after den0_phi    250.1560388120000     
 after field solver    250.6594230680000     
 after field    250.6594267550000     
 after rmsphi    250.6595534460000     
 with filter    250.6729610560000     
 before ppush    250.6768165690000     
 after ppush    250.6768181100000     
 after cpush 2
 after cpush 3
 after test pmove 0    251.0121734520000     
 after test pmove 1.1    251.0416335180000     
 after test pmove 1.2    251.0422069770000     
 after test pmove 1.3    251.0422092310000     
 after test pmove 1.4    251.0422108920000     
 after test pmove 2.0    251.0428190270000     
 after test pmove 2.1    251.0428572470000     
 after test pmove 3    251.1599969100000     
 pmove part2    7.9819999996288971E-006
 pmove part3    2.9736100000832266E-004
 pmove part2    5.9989999954268569E-006
 pmove part3    2.0822599998382429E-004
 pmove part2    7.5180000180807838E-006
 pmove part3    3.6186900001666800E-004
 pmove part2    5.3500000092299160E-006
 pmove part3    2.6708400000075017E-004
 pmove part2    5.4389999775139586E-006
 pmove part3    2.1945299999970302E-004
 pmove part2    7.6629999909982871E-006
 pmove part3    3.2140900000854344E-004
 pmove part2    6.8909999981769943E-006
 pmove part3    3.2308600000874321E-004
 pmove part2    8.4170000036465353E-006
 pmove part3    3.8925599997696736E-004
 pmove part2    7.2629999863238481E-006
 pmove part3    2.8534399999102789E-004
 pmove part2    7.4040000015429541E-006
 pmove part3    3.1164199998556796E-004
 pmove part2    6.7510000008041970E-006
 pmove part3    4.1833200000951365E-004
 pmove part2    7.1450000120876211E-006
 pmove part3    4.3339600000535938E-004
 pmove part2    6.3190000219037756E-006
 pmove part3    4.2097200000057455E-004
 pmove part2    5.8079999973870144E-006
 pmove part3    2.8720000000248547E-004
 pmove part2    5.8429999967302138E-006
 pmove part3    3.7882600000216371E-004
 pmove part2    6.6849999882379052E-006
 pmove part3    3.4587899997973182E-004
 pmove part2    5.3349999973306694E-006
 pmove part3    4.0082300000676696E-004
 pmove part2    6.7810000246026902E-006
 pmove part3    4.2261100000473562E-004
 pmove part2    7.9379999817774660E-006
 pmove part3    5.2796200000670979E-004
 after cpush 3
 after cpush    255.9143585560000     
 before grid1    255.9143685950000     
 after grid1    256.2980381800000     
 end accumu    256.2980423060000     
 after den0_phi    256.3093830700000     
 after field solver    256.6727745710000     
 after field    256.6727773660000     
 after rmsphi    256.6728994690000     
 with filter    256.6841884540000     
    161   0.18955512E-02   0.00000000E+00   0.00000000E+00   0.94758846-316   0.13528283E-12  -0.90599244E-11   0.30516185E-02   0.00000000E+00   0.11006136E+00   0.13314835E-01   0.11086383E+00
 before ppush    256.7079182770000     
 ppush 1    256.7079223710000     
 ppush point 2    257.0707432910000     
 ppush point 2.0    257.0707552160000     
 after test pmove 0    257.0707670460000     
 after test pmove 1.1    257.2553788270000     
 after test pmove 1.2    257.2558372310000     
 after test pmove 1.3    257.2558388760000     
 after test pmove 1.4    257.2558404260000     
 after test pmove 2.0    257.2563230300000     
 after test pmove 2.1    257.2563542020000     
 after test pmove 3    257.2563757470000     
 ppush point 2.1    257.2563807500000     
 pmove part2    1.0063999980047811E-005
 pmove part3    5.7513000001563341E-004
 ppush point 2.2    257.4544237780000     
 pmove part2    1.0169999995923718E-005
 pmove part3    2.9519200001004720E-004
 pmove part2    8.1210000075770949E-006
 pmove part3    3.2696900001383256E-004
 pmove part2    5.9930000020358420E-006
 pmove part3    3.0588800001396521E-004
 pmove part2    5.7279999623460753E-006
 pmove part3    2.9688199998645359E-004
 pmove part2    6.0319999874991481E-006
 pmove part3    4.0450800003100085E-004
 pmove part2    5.8879999755845347E-006
 pmove part3    2.5983699998732845E-004
 pmove part2    6.7009999611400417E-006
 pmove part3    3.2059900001968344E-004
 pmove part2    7.5739999942925351E-006
 pmove part3    4.3560999995406746E-004
 pmove part2    6.0820000271633035E-006
 pmove part3    4.0617099995188255E-004
 pmove part2    9.8290000209999562E-006
 pmove part3    3.1493000000182292E-004
 pmove part2    6.9589999611707754E-006
 pmove part3    5.1412699997399613E-004
 pmove part2    5.0600000349731999E-006
 pmove part3    2.2157000000788685E-004
 pmove part2    5.7219999689550605E-006
 pmove part3    2.5512299998808885E-004
 pmove part2    6.9459999849641463E-006
 pmove part3    3.2346399996185937E-004
 pmove part2    6.3030000205799297E-006
 pmove part3    4.6788800000285846E-004
 pmove part2    6.5219999783039384E-006
 pmove part3    3.6640400003307150E-004
 pmove part2    5.6769999901007395E-006
 pmove part3    4.9332599996887438E-004
 pmove part2    6.6619999756767356E-006
 pmove part3    4.3788900001118236E-004
 ppush point 3    262.0578384160000     
 after ppush    262.0578424650000     
 after cpush    262.0578434220000     
 before grid1    262.0578485030000     
 after grid1    262.4385903710000     
 end accumu    262.4385954350000     
 after den0_phi    262.4546932340000     
 after field solver    263.0924501970000     
 after field    263.0924524730000     
 after rmsphi    263.0925733760000     
 with filter    263.1191527260000     
 before ppush    263.1229956500000     
 after ppush    263.1229970160000     
 after cpush 2
 after cpush 3
 after test pmove 0    263.4729643400000     
 after test pmove 1.1    263.4951123390000     
 after test pmove 1.2    263.4956852690000     
 after test pmove 1.3    263.4956876220000     
 after test pmove 1.4    263.4956894330000     
 after test pmove 2.0    263.4963004060000     
 after test pmove 2.1    263.4963416900000     
 after test pmove 3    263.6001712990000     
 pmove part2    7.9629999731878343E-006
 pmove part3    2.5899100000970066E-004
 pmove part2    6.6429999492356728E-006
 pmove part3    3.3773799998471077E-004
 pmove part2    5.6930000482680043E-006
 pmove part3    3.3894000000600499E-004
 pmove part2    7.4060000088138622E-006
 pmove part3    3.0122599997639554E-004
 pmove part2    6.0879999637108995E-006
 pmove part3    3.3042199999044897E-004
 pmove part2    6.8349999651218241E-006
 pmove part3    3.1624199999669145E-004
 pmove part2    7.8129999678822060E-006
 pmove part3    4.5056999999815162E-004
 pmove part2    5.0670000177888141E-006
 pmove part3    3.7999800002808115E-004
 pmove part2    5.4680000403095619E-006
 pmove part3    5.4710699998850032E-004
 pmove part2    5.3979999847797444E-006
 pmove part3    4.0178900002274531E-004
 pmove part2    5.8480000006966293E-006
 pmove part3    5.6218099996385718E-004
 pmove part2    5.9840000403710292E-006
 pmove part3    4.5814300000301955E-004
 pmove part2    6.1840000284973939E-006
 pmove part3    5.7938600002671592E-004
 pmove part2    6.6599999968275370E-006
 pmove part3    4.3632500000967411E-004
 pmove part2    5.6729999755589233E-006
 pmove part3    3.6296199999696910E-004
 pmove part2    6.6650000007939525E-006
 pmove part3    3.6756299999751718E-004
 pmove part2    6.5209999888793391E-006
 pmove part3    3.0052699997895616E-004
 pmove part2    5.0890000125036750E-006
 pmove part3    2.9008600000679508E-004
 pmove part2    5.6939999808491848E-006
 pmove part3    5.1211700002795624E-004
 after cpush 3
 after cpush    268.5506269660000     
 before grid1    268.5506376840000     
 after grid1    268.9066422470000     
 end accumu    268.9066469960000     
 after den0_phi    268.9180825650000     
 after field solver    269.4742221690000     
 after field    269.4742247350000     
 after rmsphi    269.4743528980000     
 with filter    269.4980994070000     
    194   0.95217674E-02   0.00000000E+00   0.00000000E+00   0.94770526-316  -0.17361588E-11  -0.16221413E-10   0.34218411E-02   0.00000000E+00   0.84746829E-01  -0.42857205E-02   0.84855126E-01
 before ppush    269.5046935390000     
 ppush 1    269.5046976550000     
 ppush point 2    269.8702535380000     
 ppush point 2.0    269.8702667660000     
 after test pmove 0    269.8702687050000     
 after test pmove 1.1    270.1021530000000     
 after test pmove 1.2    270.1026375990000     
 after test pmove 1.3    270.1026400560000     
 after test pmove 1.4    270.1026415170000     
 after test pmove 2.0    270.1031560030000     
 after test pmove 2.1    270.1031885810000     
 after test pmove 3    270.1032198510000     
 ppush point 2.1    270.1032238700000     
 pmove part2    9.6439999879294191E-006
 pmove part3    3.8870399998813809E-004
 ppush point 2.2    270.3517568460000     
 pmove part2    6.2699999716642196E-006
 pmove part3    3.2124799997745868E-004
 pmove part2    7.2690000365582819E-006
 pmove part3    2.3550499997782026E-004
 pmove part2    8.0089999983101734E-006
 pmove part3    2.2310299999617200E-004
 pmove part2    5.8649999914450746E-006
 pmove part3    2.7025599996477467E-004
 pmove part2    5.7180000112566631E-006
 pmove part3    3.3478000000286556E-004
 pmove part2    5.8009999861496908E-006
 pmove part3    3.2437499999105057E-004
 pmove part2    6.1260000165930251E-006
 pmove part3    2.9398300000593736E-004
 pmove part2    5.5600000337108213E-006
 pmove part3    2.7245500001527034E-004
 pmove part2    6.3310000086858054E-006
 pmove part3    2.8876299995772570E-004
 pmove part2    7.5120000246897689E-006
 pmove part3    5.5240699998648779E-004
 pmove part2    7.3200000088036177E-006
 pmove part3    4.4542199998431897E-004
 pmove part2    6.7710000166698592E-006
 pmove part3    2.4828700003354243E-004
 pmove part2    6.3919999888639722E-006
 pmove part3    3.1657300002052580E-004
 pmove part2    6.1900000218884088E-006
 pmove part3    2.1192700000938203E-004
 pmove part2    5.3819999834558985E-006
 pmove part3    2.6807900002268070E-004
 pmove part2    6.0380000377335818E-006
 pmove part3    2.6500399997075874E-004
 pmove part2    5.0280000323255081E-006
 pmove part3    3.7190799997688373E-004
 pmove part2    6.8830000259367807E-006
 pmove part3    2.9773799997201422E-004
 ppush point 3    274.4726594680000     
 after ppush    274.4726624800000     
 after cpush    274.4726635770000     
 before grid1    274.4726684620000     
 after grid1    274.7601912390000     
 end accumu    274.7601962620000     
 after den0_phi    274.7715623370000     
 after field solver    275.3544651700000     
 after field    275.3544672190000     
 after rmsphi    275.3545965570000     
 with filter    275.3834556780000     
 before ppush    275.3874462960000     
 after ppush    275.3874549400000     
 after cpush 2
 after cpush 3
 after test pmove 0    275.7561054020000     
 after test pmove 1.1    275.8772985130000     
 after test pmove 1.2    275.8778069970000     
 after test pmove 1.3    275.8778087940000     
 after test pmove 1.4    275.8778105300000     
 after test pmove 2.0    275.8783208710000     
 after test pmove 2.1    275.8783526660000     
 after test pmove 3    275.8869434790000     
 pmove part2    1.0471999985384173E-005
 pmove part3    2.3732599998993464E-004
 pmove part2    6.2559999491895724E-006
 pmove part3    3.7100200000850236E-004
 pmove part2    7.8230000326584559E-006
 pmove part3    3.9801299999453477E-004
 pmove part2    8.3040000049550144E-006
 pmove part3    4.9413099998218968E-004
 pmove part2    6.2409999941337446E-006
 pmove part3    4.0055099998426158E-004
 pmove part2    7.5429999810694426E-006
 pmove part3    3.8239700000985977E-004
 pmove part2    5.9429999623716867E-006
 pmove part3    3.7468900001158545E-004
 pmove part2    6.3240000258701912E-006
 pmove part3    3.7445399999569418E-004
 pmove part2    4.8449999781041697E-006
 pmove part3    4.6582100003433879E-004
 pmove part2    5.3190000244285329E-006
 pmove part3    4.1090100000928942E-004
 pmove part2    7.0860000391803624E-006
 pmove part3    3.8059000002022003E-004
 pmove part2    8.6089999626892677E-006
 pmove part3    3.9387999999007661E-004
 pmove part2    7.6219999982640729E-006
 pmove part3    4.2286900003318806E-004
 pmove part2    7.7270000247153803E-006
 pmove part3    4.3476000001874127E-004
 pmove part2    7.7839999903517310E-006
 pmove part3    4.0655599997307945E-004
 pmove part2    6.5890000087165390E-006
 pmove part3    5.4892499997549749E-004
 pmove part2    9.0409999984331080E-006
 pmove part3    4.0507900001784947E-004
 pmove part2    6.9050000206516415E-006
 pmove part3    3.9668499999834239E-004
 pmove part2    6.2480000337927777E-006
 pmove part3    5.8561200000895042E-004
 after cpush 3
 after cpush    280.7352459750000     
 before grid1    280.7352559890000     
 after grid1    281.0405925660000     
 end accumu    281.0405972610000     
 after den0_phi    281.0519028370000     
 after field solver    281.5649413500000     
 after field    281.5649433000000     
 after rmsphi    281.5650593960000     
 with filter    281.5728345610000     
    226   0.78208423E-02   0.00000000E+00   0.00000000E+00   0.94783421-316  -0.37021787E-11  -0.21690136E-10   0.38046147E-02   0.00000000E+00   0.14921039E+00  -0.48961353E-01   0.15703807E+00
 before ppush    281.5795295600000     
 ppush 1    281.5795341830000     
 ppush point 2    281.9365754710000     
 ppush point 2.0    281.9365944270000     
 after test pmove 0    281.9365966550000     
 after test pmove 1.1    282.0637933780000     
 after test pmove 1.2    282.0642517580000     
 after test pmove 1.3    282.0642535490000     
 after test pmove 1.4    282.0642548940000     
 after test pmove 2.0    282.0647336290000     
 after test pmove 2.1    282.0647655390000     
 after test pmove 3    282.0647855830000     
 ppush point 2.1    282.0647964460000     
 pmove part2    1.0004999978718843E-005
 pmove part3    3.6145900003248244E-004
 ppush point 2.2    282.2192235050000     
 pmove part2    6.3520000139760668E-006
 pmove part3    2.5784700000031080E-004
 pmove part2    6.3379999915014196E-006
 pmove part3    2.3570299998709743E-004
 pmove part2    6.0270000403761514E-006
 pmove part3    2.9760899997199886E-004
 pmove part2    7.4170000061712926E-006
 pmove part3    3.1484200002296348E-004
 pmove part2    6.1480000113078859E-006
 pmove part3    3.2217000000400731E-004
 pmove part2    6.7280000166647369E-006
 pmove part3    4.5849200000702695E-004
 pmove part2    5.8890000218525529E-006
 pmove part3    3.9307199995164410E-004
 pmove part2    5.4879999993318052E-006
 pmove part3    4.1231999995261503E-004
 pmove part2    5.2800000389652268E-006
 pmove part3    5.2159799997752998E-004
 pmove part2    5.5790000033084652E-006
 pmove part3    4.9120099998845035E-004
 pmove part2    5.3219999927023309E-006
 pmove part3    4.0432899999132133E-004
 pmove part2    8.6610000380460406E-006
 pmove part3    4.0024500003710273E-004
 pmove part2    6.0360000020409643E-006
 pmove part3    3.7258100002190986E-004
 pmove part2    7.4140000378974946E-006
 pmove part3    3.7727199998016658E-004
 pmove part2    6.4670000483602053E-006
 pmove part3    2.4053900000353678E-004
 pmove part2    6.0049999888178718E-006
 pmove part3    2.8924800000140749E-004
 pmove part2    5.6210000138889882E-006
 pmove part3    4.4190599999183178E-004
 pmove part2    8.9889999799197540E-006
 pmove part3    2.3783799997545430E-004
 ppush point 3    286.5082650990000     
 after ppush    286.5082679820000     
 after cpush    286.5082689340000     
 before grid1    286.5082738880000     
 after grid1    286.8197372210000     
 end accumu    286.8197422110000     
 after den0_phi    286.8311691850000     
 after field solver    287.3547166690000     
 after field    287.3547184280000     
 after rmsphi    287.3548468270000     
 with filter    287.3737075250000     
 before ppush    287.3774025480000     
 after ppush    287.3774037680000     
 after cpush 2
 after cpush 3
 after test pmove 0    287.7054338090000     
 after test pmove 1.1    287.7788249990000     
 after test pmove 1.2    287.7793687720000     
 after test pmove 1.3    287.7793705650000     
 after test pmove 1.4    287.7793720660000     
 after test pmove 2.0    287.7798851920000     
 after test pmove 2.1    287.7799198440000     
 after test pmove 3    287.8312099380000     
 pmove part2    1.0267999982715992E-005
 pmove part3    4.1223099998433099E-004
 pmove part2    6.1119999941183778E-006
 pmove part3    2.7623900001572110E-004
 pmove part2    6.0840000060125021E-006
 pmove part3    3.7131000004819725E-004
 pmove part2    5.4910000244490220E-006
 pmove part3    3.4163800000897027E-004
 pmove part2    5.3140000204621174E-006
 pmove part3    2.7415099998506776E-004
 pmove part2    5.5419999966943578E-006
 pmove part3    3.9888000003429624E-004
 pmove part2    6.7320000312065531E-006
 pmove part3    4.8212100000455393E-004
 pmove part2    7.7899999837427458E-006
 pmove part3    3.7767399999211193E-004
 pmove part2    8.3420000009937212E-006
 pmove part3    4.4520699998429336E-004
 pmove part2    6.2249999928098987E-006
 pmove part3    3.4792799999650015E-004
 pmove part2    5.7089999927484314E-006
 pmove part3    2.6720500000010361E-004
 pmove part2    6.1380000033750548E-006
 pmove part3    4.3325799998683578E-004
 pmove part2    5.8480000006966293E-006
 pmove part3    5.2045900002894996E-004
 pmove part2    8.0300000036004349E-006
 pmove part3    2.3729899999125337E-004
 pmove part2    5.9770000007119961E-006
 pmove part3    2.3684000001367167E-004
 pmove part2    7.7550000128212560E-006
 pmove part3    3.3661899999515299E-004
 pmove part2    5.4679999834661430E-006
 pmove part3    4.4005299997706970E-004
 pmove part2    1.9646999987799063E-005
 pmove part3    3.3552200000031007E-004
 pmove part2    6.8659999783449166E-006
 pmove part3    3.0699999996386396E-004
 after cpush 3
 after cpush    292.2442404330000     
 before grid1    292.2442502190000     
 after grid1    292.5640770370000     
 end accumu    292.5640818100000     
 after den0_phi    292.5757437340000     
 after field solver    293.0528941180000     
 after field    293.0528962600000     
 after rmsphi    293.0530183390000     
 with filter    293.0697492820000     
    258   0.13124220E-01   0.00000000E+00   0.00000000E+00   0.94797492-316   0.13884532E-11  -0.14000923E-10   0.41960836E-02   0.00000000E+00   0.16264404E+00   0.65217374E-02   0.16277474E+00
 before ppush    293.0777232870000     
 ppush 1    293.0777273230000     
 ppush point 2    293.4553682690000     
 ppush point 2.0    293.4553797160000     
 after test pmove 0    293.4553818290000     
 after test pmove 1.1    293.5405340500000     
 after test pmove 1.2    293.5410213730000     
 after test pmove 1.3    293.5410230050000     
 after test pmove 1.4    293.5410245720000     
 after test pmove 2.0    293.5415332480000     
 after test pmove 2.1    293.5415681970000     
 after test pmove 3    293.5883984340000     
 ppush point 2.1    293.5884062720000     
 pmove part2    8.2660000089163077E-006
 pmove part3    2.6543500001707798E-004
 ppush point 2.2    293.8387025450000     
 pmove part2    8.6359999613705440E-006
 pmove part3    3.7884099998564125E-004
 pmove part2    8.1900000168388942E-006
 pmove part3    3.8789899997482280E-004
 pmove part2    5.9430000192151056E-006
 pmove part3    5.0181900002144175E-004
 pmove part2    6.1329999994086393E-006
 pmove part3    3.9822100001174476E-004
 pmove part2    6.7270000272401376E-006
 pmove part3    4.3197700000519035E-004
 pmove part2    6.0200000007171184E-006
 pmove part3    4.0902500001038788E-004
 pmove part2    6.3400000271940371E-006
 pmove part3    4.8190699999395292E-004
 pmove part2    5.8459999650040118E-006
 pmove part3    4.1254999996453989E-004
 pmove part2    5.5890000112412963E-006
 pmove part3    3.8503399997580345E-004
 pmove part2    6.0539999822140089E-006
 pmove part3    2.7526999997462553E-004
 pmove part2    6.3030000205799297E-006
 pmove part3    4.3835399998215507E-004
 pmove part2    6.0840000060125021E-006
 pmove part3    4.2376699997248579E-004
 pmove part2    6.7130000047654903E-006
 pmove part3    7.6266510000095877E-003
 pmove part2    7.3219999876528163E-006
 pmove part3    2.9527699996378942E-004
 pmove part2    6.9250000365173037E-006
 pmove part3    2.8011099999503131E-004
 pmove part2    7.8009999811001762E-006
 pmove part3    2.1359499999107356E-004
 pmove part2    6.2789999901724514E-006
 pmove part3    3.0344900000045527E-004
 pmove part2    6.2780000007478520E-006
 pmove part3    3.5813099998449616E-004
 ppush point 3    298.5165043780000     
 after ppush    298.5165075670000     
 after cpush    298.5165085120000     
 before grid1    298.5165134510000     
 after grid1    298.8165212430000     
 end accumu    298.8165268730000     
 after den0_phi    298.8279486790000     
 after field solver    299.3799447190000     
 after field    299.3799476350000     
 after rmsphi    299.3800810470000     
 with filter    299.4033559250000     
 before ppush    299.4071723790000     
 after ppush    299.4071737070000     
 after cpush 2
 after cpush 3
 after test pmove 0    299.7084032180000     
 after test pmove 1.1    299.7629213400000     
 after test pmove 1.2    299.7634588540000     
 after test pmove 1.3    299.7634611640000     
 after test pmove 1.4    299.7634630130000     
 after test pmove 2.0    299.7640283820000     
 after test pmove 2.1    299.7640662810000     
 after test pmove 3    299.8808889820000     
 pmove part2    1.2519999984306196E-005
 pmove part3    3.1869700001152523E-004
 pmove part2    7.5619999506670865E-006
 pmove part3    4.1787100002466104E-004
 pmove part2    8.6299999679795292E-006
 pmove part3    3.2578000002558838E-004
 pmove part2    6.6749999518833647E-006
 pmove part3    3.6338199998908749E-004
 pmove part2    7.0520000008400530E-006
 pmove part3    4.1920000001027802E-004
 pmove part2    7.0410000034826226E-006
 pmove part3    3.8930599998820981E-004
 pmove part2    8.0080000088855741E-006
 pmove part3    3.9326699999264747E-004
 pmove part2    7.1860000048218353E-006
 pmove part3    4.5845400001098824E-004
 pmove part2    7.5010000273323385E-006
 pmove part3    4.9943400000529437E-004
 pmove part2    7.3290000273118494E-006
 pmove part3    2.7232300004698118E-004
 pmove part2    8.2640000300671090E-006
 pmove part3    2.5694500004647125E-004
 pmove part2    6.2889999981052824E-006
 pmove part3    3.2987299999831521E-004
 pmove part2    7.8119999784576066E-006
 pmove part3    3.0152799996585600E-004
 pmove part2    7.3740000061661704E-006
 pmove part3    3.4102299997584851E-004
 pmove part2    6.3219999901775736E-006
 pmove part3    4.9858400001312475E-004
 pmove part2    6.7849999823010876E-006
 pmove part3    3.2952100002603402E-004
 pmove part2    6.3800000020819425E-006
 pmove part3    4.3928899998491033E-004
 pmove part2    5.7230000152230787E-006
 pmove part3    3.6834500002669301E-004
 pmove part2    5.2209999807928398E-006
 pmove part3    6.6120600001795538E-004
 after cpush 3
 after cpush    304.5244254570000     
 before grid1    304.5244358100000     
 after grid1    304.7843603390000     
 end accumu    304.7843674370000     
 after den0_phi    304.7956418270000     
 after field solver    305.2425236360000     
 after field    305.2425258870000     
 after rmsphi    305.2425848320000     
 with filter    305.2497095290000     
    291   0.19203897E-01   0.00000000E+00   0.00000000E+00   0.94812759-316   0.57559003E-11   0.20562528E-11   0.45938362E-02   0.00000000E+00   0.15785384E+00  -0.35237863E-01   0.16173912E+00
 before ppush    305.2592597540000     
 ppush 1    305.2592697170000     
 ppush point 2    305.6557090840000     
 ppush point 2.0    305.6557200940000     
 after test pmove 0    305.6557225870000     
 after test pmove 1.1    305.7765851430000     
 after test pmove 1.2    305.7771206300000     
 after test pmove 1.3    305.7771225680000     
 after test pmove 1.4    305.7771241420000     
 after test pmove 2.0    305.7777235670000     
 after test pmove 2.1    305.7777641590000     
 after test pmove 3    305.7842487770000     
 ppush point 2.1    305.7842607320000     
 pmove part2    8.1630000181576179E-006
 pmove part3    3.3433400000149049E-004
 ppush point 2.2    306.0071963710000     
 pmove part2    6.1889999756203906E-006
 pmove part3    3.1778000004578644E-004
 pmove part2    9.7619999905873556E-006
 pmove part3    2.9282399998464825E-004
 pmove part2    6.4309999743272783E-006
 pmove part3    4.1851600002473788E-004
 pmove part2    9.1339999812589667E-006
 pmove part3    3.7366800000881994E-004
 pmove part2    5.9660000033545657E-006
 pmove part3    3.4944099996891964E-004
 pmove part2    6.7880000074183044E-006
 pmove part3    4.0422499995429462E-004
 pmove part2    8.5549999653267150E-006
 pmove part3    4.2553599996608682E-004
 pmove part2    6.9040000312270422E-006
 pmove part3    3.5513299997091963E-004
 pmove part2    6.3360000126522209E-006
 pmove part3    3.5729100000025937E-004
 pmove part2    8.0749999824547558E-006
 pmove part3    4.1303199998310447E-004
 pmove part2    7.5169999718127656E-006
 pmove part3    3.7487700001292978E-004
 pmove part2    6.1779999782629602E-006
 pmove part3    4.7623700004351122E-004
 pmove part2    7.0019999611758976E-006
 pmove part3    4.3065900001693080E-004
 pmove part2    2.5116000017533224E-005
 pmove part3    3.8464900001144997E-004
 pmove part2    6.3699999941491114E-006
 pmove part3    3.1473000001369655E-004
 pmove part2    6.1289999848668231E-006
 pmove part3    2.6397499999575302E-004
 pmove part2    6.3550000390932837E-006
 pmove part3    2.7745399995637854E-004
 pmove part2    9.5780000037848367E-006
 pmove part3    4.2250100000273960E-004
 ppush point 3    310.4153493230000     
 after ppush    310.4153525810000     
 after cpush    310.4153536870000     
 before grid1    310.4153589910000     
 after grid1    310.6898174500000     
 end accumu    310.6898225210000     
 after den0_phi    310.7011959940000     
 after field solver    311.2828144670000     
 after field    311.2828167370000     
 after rmsphi    311.2829371470000     
 with filter    311.2971723140000     
 before ppush    311.3043899490000     
 after ppush    311.3043911890000     
 after cpush 2
 after cpush 3
 after test pmove 0    311.6811652370000     
 after test pmove 1.1    311.7127524230000     
 after test pmove 1.2    311.7133257260000     
 after test pmove 1.3    311.7133279020000     
 after test pmove 1.4    311.7133296250000     
 after test pmove 2.0    311.7139426140000     
 after test pmove 2.1    311.7139836080000     
 after test pmove 3    311.8081973170000     
 pmove part2    9.2519999839169031E-006
 pmove part3    4.2493900002682494E-004
 pmove part2    6.6100000140068005E-006
 pmove part3    4.4458200000008219E-004
 pmove part2    6.4019999967968033E-006
 pmove part3    4.6993800003747310E-004
 pmove part2    7.5110000352651696E-006
 pmove part3    2.8924399998686567E-004
 pmove part2    6.9820000021536543E-006
 pmove part3    2.4848800001109339E-004
 pmove part2    1.1015000040970335E-005
 pmove part3    3.0584000000999367E-004
 pmove part2    6.2809999690216500E-006
 pmove part3    3.2970600000226113E-004
 pmove part2    6.5790000007837079E-006
 pmove part3    3.6164799996640795E-004
 pmove part2    6.9689999691036064E-006
 pmove part3    2.9754299998785427E-004
 pmove part2    5.9609999993881502E-006
 pmove part3    3.7921899996717912E-004
 pmove part2    7.8989999678924505E-006
 pmove part3    3.9309199996750976E-004
 pmove part2    6.3260000047193898E-006
 pmove part3    3.2072800001969881E-004
 pmove part2    6.7230000126983214E-006
 pmove part3    3.4942899998213761E-004
 pmove part2    5.7190000006812625E-006
 pmove part3    6.0501000001522698E-004
 pmove part2    5.7850000416692637E-006
 pmove part3    4.5316400002093360E-004
 pmove part2    5.8449999755794124E-006
 pmove part3    3.0326799998192655E-004
 pmove part2    6.6069999888895836E-006
 pmove part3    3.8324600001260478E-004
 pmove part2    7.6540000009117648E-006
 pmove part3    2.5807899999108486E-004
 pmove part2    6.8479999981718720E-006
 pmove part3    3.4097599996130157E-004
 after cpush 3
 after cpush    316.8542499160000     
 timestep =            11
 ps time=    0.000000000000000      tot time=    316.8542611480000     
 right caculation
 total_tm    122.3229915668744      poisson_tm    10.49733934924950      
 ppush_tm    2.525880728124832      cpush_tm    2.624451781875166      pmove_tm
     99.27401142787505      others    7.401308279749813     
