 total MPI=            8  ntube=            1  particle per MPI=        66048 
        66048
  -9.0949470177292824E-013   1.1460090782575622E-014  -1.2271846303073670E-002
 dt,beta=     32.36611922270230        1.2195530804907236E-002
 amp,vpp,yd0 =    9.9999999999999998E-013    0.000000000000000      
    0.000000000000000     
 peritr,ifluid=             0            0
 tor,nonlin=     1.000000000000000                 1            1
 isuni=             0 amie=     1835.466660000000     
 kxcut,kycut,bcut=    0.2790349390931968        2.9823424198553751E-002 
    3000.000000000000     
 fradi,isg=     1.000000000000000         1.000000000000000     
 llk,mlk,onemd =            0            1            1
 vwidth (i,e), vcut=     8.000000000000000         8.000000000000000      
    15.00000000000000     
 rneu=     0.000000000000000     
 V-ExB switch=     0.000000000000000     
 V-parallel switch=     0.000000000000000     
 mm1=         66048
 pzcrite,encrit =     13.12507333974200         1.000000000000000     
 nue0 =     1.000000000000000         1.000000000000000      
    1.000000000000000     
 xn0e(1),xnir0 =     1.259257238570655         0.000000000000000     
 frequ, eru =     0.000000000000000         0.000000000000000     
 lxa,lymult,delra,r0a,rina,routa=   0.8600000000000000      
    2.000000000000000        5.0000000000000003E-002   0.5300000000000000      
   0.1000000000000000        0.9600000000000000     
 a,r0,rmaj0,q0,lx,ly,lz=    183.0854584038953         97.03529295406453      
    542.9878083918395        -1.315420320000000         157.4534942273500      
    231.7474945828893         4487.810323669831     
 t0,kyrhoi_local=   0.6032766210000000        2.9780916994334806E-002
 coefu =     0.000000000000000     
 ktheta*rhos =    2.9780916994334806E-002
 cs/a, q0, q0p, s^hat =    2.9997799499929889E-003   -1.315420320000000      
   6.0000000000000001E-003  -0.4426051117443489     
 rho* = rhos/a =    5.9995598999859779E-003
 f0p,psip(nr/2),Bunit,candyf0p =     0.000000000000000      
   -105.5991628023555         0.000000000000000         0.000000000000000     
 lxa min =   -0.4551608525320235     
 t0i(nr/2)=    0.6032766210000000     
 Gyrokrs =                        Inf
 omp_num_threads=            1
 cn0s=   0.7658063836858320         0.000000000000000      
    0.000000000000000         0.000000000000000         0.000000000000000     
 totvol,jacp,dum2=    226160705.1303338         2850.525946958880      
    2857.348312671386     
 after write totvol
 after cut
 before blendf
 after blendf
 after initialize
 lr0,lx,rin,a    97.03529295406453         157.4534942273500      
    18.30854584038953         183.0854584038953     
 before grid1   8.9719999999999998E-006
 after grid1   7.1022000000000004E-003
 end accumu   7.1056219999999998E-003
 after den0_phi   1.0277679000000000E-002
 after field solver   0.5925463970000000     
 after field   0.5925489190000000     
 after rmsphi   0.5925921540000000     
 with filter   0.5941389590000000     
      0   0.22009741E-12   0.00000000E+00   0.00000000E+00   0.11945572-315   0.00000000E+00   0.00000000E+00   0.14610422-315   0.23179499-309   0.52755407E-09   0.81388392E-11   0.52761685E-09
 before ppush   0.6138001190000000     
 ppush 1   0.6169007590000000     
 ppush point 2   0.6354270610000000     
 ppush point 2.0   0.6354389620000001     
 after test pmove 0   0.6426737850000001     
 after test pmove 1.1   0.6427891550000000     
 after test pmove 1.2   0.6429324560000000     
 after test pmove 1.3   0.6429970680000000     
 after test pmove 1.4   0.6430038840000000     
 after test pmove 2.0   0.6431373300000000     
 after test pmove 2.1   0.6434442849999999     
 after test pmove 3   0.6444116570000000     
 ppush point 2.1   0.6444220250000000     
 pmove part2    2.1700000008006981E-007
 pmove part3    2.2025000000036599E-005
 ppush point 2.2   0.6446758450000000     
 pmove part2    1.5599999991788849E-007
 pmove part3    1.5949999999986808E-005
 pmove part2    1.1899999996511923E-007
 pmove part3    1.5429999999927446E-005
 pmove part2    1.0699999997143550E-007
 pmove part3    1.5873999999915789E-005
 pmove part2    1.3399999998497947E-007
 pmove part3    1.4865000000030548E-005
 pmove part2    9.3000000034315633E-008
 pmove part3    1.5141999999968014E-005
 pmove part2    9.8999999975646347E-008
 pmove part3    1.5568000000021343E-005
 pmove part2    1.0200000000182285E-007
 pmove part3    1.5490000000006887E-005
 pmove part2    8.3000000095090343E-008
 pmove part3    1.5322000000095315E-005
 pmove part2    8.5000000038526480E-008
 pmove part3    1.5501000000028853E-005
 pmove part2    1.1500000007824696E-007
 pmove part3    1.5225999999923800E-005
 pmove part2    1.0299999997354092E-007
 pmove part3    1.5278000000007452E-005
 pmove part2    9.2000000062597564E-008
 pmove part3    1.5545000000005693E-005
 pmove part2    8.6000000010244548E-008
 pmove part3    1.5652000000088151E-005
 pmove part2    1.0000000005838672E-007
 pmove part3    1.5582999999930180E-005
 pmove part2    8.2999999984068040E-008
 pmove part3    1.6138999999970594E-005
 pmove part2    1.2300000007403611E-007
 pmove part3    1.5101000000017351E-005
 pmove part2    9.6000000060492141E-008
 pmove part3    1.5447000000001765E-005
 pmove part2    9.6000000060492141E-008
 pmove part3    1.5366000000072155E-005
 ppush point 3   0.6475415220000000     
 after ppush   0.6475432460000000     
 after cpush   0.6475440690000001     
 before grid1   0.6475525519999999     
 after grid1   0.6529144800000000     
 end accumu   0.6529177910000000     
 after den0_phi   0.6557617030000000     
 after field solver   0.6592963250000000     
 after field   0.6592977710000000     
 after rmsphi   0.6593196470000000     
 with filter   0.6606834750000000     
 before ppush   0.6618726810000000     
 after ppush   0.6618740780000000     
 after cpush 2
 after cpush 3
 after test pmove 0   0.6822639029999999     
 after test pmove 1.1   0.6823775790000000     
 after test pmove 1.2   0.6825242250000000     
 after test pmove 1.3   0.6825853790000000     
 after test pmove 1.4   0.6825885360000000     
 after test pmove 2.0   0.6827303750000000     
 after test pmove 2.1   0.6829507810000000     
 after test pmove 3   0.6832015840000000     
 pmove part2    1.9600000000785656E-007
 pmove part3    1.8076000000033510E-005
 pmove part2    1.3700000001115598E-007
 pmove part3    1.5581999999958462E-005
 pmove part2    1.1700000002168309E-007
 pmove part3    1.5668000000079729E-005
 pmove part2    1.0200000000182285E-007
 pmove part3    1.4841999999903877E-005
 pmove part2    5.5999999970524073E-008
 pmove part3    1.4914999999948719E-005
 pmove part2    5.8000000024982512E-008
 pmove part3    1.4658000000000726E-005
 pmove part2    1.0000000005838672E-007
 pmove part3    1.4752999999978478E-005
 pmove part2    9.3000000145337935E-008
 pmove part3    1.5046999999990263E-005
 pmove part2    9.1000000090879496E-008
 pmove part3    1.4861000000032654E-005
 pmove part2    9.4000000006033702E-008
 pmove part3    1.4548000000003114E-005
 pmove part2    7.1999999962102379E-008
 pmove part3    1.4964000000006195E-005
 pmove part2    8.3000000095090343E-008
 pmove part3    1.4665999999996515E-005
 pmove part2    9.8000000003928278E-008
 pmove part3    1.4898999999957141E-005
 pmove part2    9.5000000088774073E-008
 pmove part3    1.5027000000111812E-005
 pmove part2    9.8000000003928278E-008
 pmove part3    1.5079999999945137E-005
 pmove part2    7.4000000016560818E-008
 pmove part3    1.5314000000099526E-005
 pmove part2    5.6000000081546375E-008
 pmove part3    1.5321999999873270E-005
 pmove part2    9.1999999951575262E-008
 pmove part3    1.5206000000045350E-005
 pmove part2    5.7000000053264444E-008
 pmove part3    1.4877999999995950E-005
 after cpush 3
 after cpush   0.6853783000000000     
 before grid1   0.6854504420000000     
 after grid1   0.6904825790000000     
 end accumu   0.6904870869999999     
 after den0_phi   0.6932886770000000     
 after field solver   0.6967599310000000     
 after field   0.6967612630000000     
 after rmsphi   0.6967820040000000     
 with filter   0.6981445270000000     
     32   0.19736176E-01   0.00000000E+00   0.00000000E+00   0.11946097-315   0.68587320E-12  -0.42276359E-12   0.19191620E-02   0.00000000E+00   0.95363495E-02   0.40621170E-01   0.41725549E-01
 before ppush   0.7017530480000000     
 ppush 1   0.7017565010000000     
 ppush point 2   0.7074610029999999     
 ppush point 2.0   0.7074714430000000     
 after test pmove 0   0.7075114810000001     
 after test pmove 1.1   0.7076357879999999     
 after test pmove 1.2   0.7077960950000000     
 after test pmove 1.3   0.7078573050000000     
 after test pmove 1.4   0.7078599729999999     
 after test pmove 2.0   0.7080160510000000     
 after test pmove 2.1   0.7082438850000000     
 after test pmove 3   0.7084814130000000     
 ppush point 2.1   0.7084868320000000     
 pmove part2    1.4999999997655777E-007
 pmove part3    1.7994999999881856E-005
 ppush point 2.2   0.7086645690000000     
 pmove part2    1.3600000015046021E-007
 pmove part3    1.5941000000019301E-005
 pmove part2    1.2499999990644994E-007
 pmove part3    1.6122000000007297E-005
 pmove part2    9.0000000008139125E-008
 pmove part3    1.5394000000057417E-005
 pmove part2    9.8999999975646347E-008
 pmove part3    1.5046000000129567E-005
 pmove part2    8.7999999953680685E-008
 pmove part3    1.5140999999996296E-005
 pmove part2    6.6999999992489734E-008
 pmove part3    1.5506999999970184E-005
 pmove part2    8.7000000092984919E-008
 pmove part3    1.5239000000000225E-005
 pmove part2    1.1099999996933008E-007
 pmove part3    1.5067999999951454E-005
 pmove part2    7.4999999988278887E-008
 pmove part3    1.5275999999952994E-005
 pmove part2    1.0000000005838672E-007
 pmove part3    1.8632000000073923E-005
 pmove part2    1.0999999999761201E-007
 pmove part3    1.5568000000021343E-005
 pmove part2    8.9000000036421056E-008
 pmove part3    1.5365999999961133E-005
 pmove part2    9.8999999975646347E-008
 pmove part3    1.5212000000097703E-005
 pmove part2    9.2000000062597564E-008
 pmove part3    2.0287000000118738E-005
 pmove part2    9.7000000032210210E-008
 pmove part3    1.6226999999924274E-005
 pmove part2    1.0800000005417587E-007
 pmove part3    1.7554000000030712E-005
 pmove part2    9.2000000062597564E-008
 pmove part3    1.5533999999872705E-005
 pmove part2    1.0499999991697706E-007
 pmove part3    1.5431000000010187E-005
 ppush point 3   0.7113373160000001     
 after ppush   0.7113388030000001     
 after cpush   0.7113396080000001     
 before grid1   0.7113437470000000     
 after grid1   0.7164169690000000     
 end accumu   0.7164205150000000     
 after den0_phi   0.7191638980000000     
 after field solver   0.7226662360000000     
 after field   0.7226674430000000     
 after rmsphi   0.7226873750000000     
 with filter   0.7240574160000000     
 before ppush   0.7253918550000000     
 after ppush   0.7253935000000000     
 after cpush 2
 after cpush 3
 after test pmove 0   0.7316944040000000     
 after test pmove 1.1   0.7318076780000000     
 after test pmove 1.2   0.7319763790000000     
 after test pmove 1.3   0.7320365870000001     
 after test pmove 1.4   0.7320392609999999     
 after test pmove 2.0   0.7322069060000000     
 after test pmove 2.1   0.7324227489999999     
 after test pmove 3   0.7327060830000001     
 pmove part2    1.3800000009389635E-007
 pmove part3    1.7544999999952182E-005
 pmove part2    1.1799999999340116E-007
 pmove part3    1.5604999999974112E-005
 pmove part2    9.7000000032210210E-008
 pmove part3    1.5425000000068856E-005
 pmove part2    9.4000000006033702E-008
 pmove part3    1.5153000000101002E-005
 pmove part2    9.5999999949469839E-008
 pmove part3    1.4787999999987811E-005
 pmove part2    9.7000000032210210E-008
 pmove part3    1.5122999999950260E-005
 pmove part2    9.5999999949469839E-008
 pmove part3    1.4741999999956512E-005
 pmove part2    5.7999999913960210E-008
 pmove part3    1.4979000000137077E-005
 pmove part2    9.4999999977751770E-008
 pmove part3    1.4807999999977284E-005
 pmove part2    9.5999999949469839E-008
 pmove part3    1.9651000000120433E-005
 pmove part2    9.5000000088774073E-008
 pmove part3    1.5438000000034258E-005
 pmove part2    8.9000000036421056E-008
 pmove part3    1.4798000000038058E-005
 pmove part2    9.8000000114950581E-008
 pmove part3    1.4877999999995950E-005
 pmove part2    9.3000000034315633E-008
 pmove part3    1.4847000000095534E-005
 pmove part2    9.9999999947364415E-008
 pmove part3    1.4830999999992933E-005
 pmove part2    9.4999999977751770E-008
 pmove part3    1.5029999999915944E-005
 pmove part2    9.2999999923293331E-008
 pmove part3    1.5150999999935522E-005
 pmove part2    8.2999999984068040E-008
 pmove part3    1.5191000000025490E-005
 pmove part2    9.3000000034315633E-008
 pmove part3    1.5136999999998402E-005
 after cpush 3
 after cpush   0.7349052590000000     
 before grid1   0.7349121800000000     
 after grid1   0.7398941900000000     
 end accumu   0.7398973470000000     
 after den0_phi   0.7426274100000000     
 after field solver   0.7460403080000000     
 after field   0.7460416740000000     
 after rmsphi   0.7460628670000000     
 with filter   0.7473970990000001     
     64   0.30761827E-01   0.00000000E+00   0.00000000E+00   0.11946497-315   0.78751189E-12  -0.48881385E-12   0.20964878E-02   0.00000000E+00  -0.56178197E-01   0.21072498E-01   0.60000333E-01
 before ppush   0.7506371610000000     
 ppush 1   0.7506442790000000     
 ppush point 2   0.7563493740000000     
 ppush point 2.0   0.7563599810000000     
 after test pmove 0   0.7564005130000000     
 after test pmove 1.1   0.7565095810000000     
 after test pmove 1.2   0.7567025000000001     
 after test pmove 1.3   0.7567634270000000     
 after test pmove 1.4   0.7567661310000000     
 after test pmove 2.0   0.7569397099999999     
 after test pmove 2.1   0.7571514850000001     
 after test pmove 3   0.7574006220000000     
 ppush point 2.1   0.7574057260000000     
 pmove part2    1.5200000003101621E-007
 pmove part3    1.7642999999956110E-005
 ppush point 2.2   0.7575851200000000     
 pmove part2    1.0100000003010479E-007
 pmove part3    1.5957000000010879E-005
 pmove part2    1.2500000001747225E-007
 pmove part3    1.6112999999928768E-005
 pmove part2    9.0000000008139125E-008
 pmove part3    1.6051000000016913E-005
 pmove part2    9.8000000003928278E-008
 pmove part3    1.5232000000087176E-005
 pmove part2    1.0299999997354092E-007
 pmove part3    1.5119999999924083E-005
 pmove part2    1.1200000005207045E-007
 pmove part3    1.5180000000114546E-005
 pmove part2    9.4999999977751770E-008
 pmove part3    1.8456999999916235E-005
 pmove part2    8.8000000064702988E-008
 pmove part3    1.5013000000063670E-005
 pmove part2    1.0200000000182285E-007
 pmove part3    1.5226000000034823E-005
 pmove part2    9.3000000034315633E-008
 pmove part3    1.5145999999965909E-005
 pmove part2    8.2000000012349972E-008
 pmove part3    1.5056999999929488E-005
 pmove part2    9.9000000086668649E-008
 pmove part3    1.5180999999975242E-005
 pmove part2    9.8999999975646347E-008
 pmove part3    1.5235999999974048E-005
 pmove part2    1.0599999999971743E-007
 pmove part3    1.5591000000036992E-005
 pmove part2    9.2000000062597564E-008
 pmove part3    2.2290999999952099E-005
 pmove part2    1.0200000000182285E-007
 pmove part3    1.6160000000042807E-005
 pmove part2    1.0400000005628129E-007
 pmove part3    1.9651000000009411E-005
 pmove part2    1.0900000002589394E-007
 pmove part3    1.6010000000066249E-005
 ppush point 3   0.7603688540000000     
 after ppush   0.7603706260000000     
 after cpush   0.7603713360000000     
 before grid1   0.7603752510000000     
 after grid1   0.7654429080000000     
 end accumu   0.7654462150000000     
 after den0_phi   0.7681622180000001     
 after field solver   0.7715710769999999     
 after field   0.7715723610000000     
 after rmsphi   0.7716274860000000     
 with filter   0.7730177990000000     
 before ppush   0.7743055550000000     
 after ppush   0.7743069650000001     
 after cpush 2
 after cpush 3
 after test pmove 0   0.7805628179999999     
 after test pmove 1.1   0.7806817430000000     
 after test pmove 1.2   0.7808706590000000     
 after test pmove 1.3   0.7809402240000000     
 after test pmove 1.4   0.7809429580000000     
 after test pmove 2.0   0.7811262960000001     
 after test pmove 2.1   0.7813442590000000     
 after test pmove 3   0.7815829260000000     
 pmove part2    1.3799999998287404E-007
 pmove part3    1.7160999999932258E-005
 pmove part2    1.0999999999761201E-007
 pmove part3    1.5608000000000288E-005
 pmove part2    7.9999999957891532E-008
 pmove part3    1.5195000000023384E-005
 pmove part2    9.6000000060492141E-008
 pmove part3    1.5273000000037840E-005
 pmove part2    9.6999999921187907E-008
 pmove part3    1.5422999999903375E-005
 pmove part2    9.5999999949469839E-008
 pmove part3    1.4877999999995950E-005
 pmove part2    9.4999999977751770E-008
 pmove part3    1.4656999999917986E-005
 pmove part2    9.6000000060492141E-008
 pmove part3    1.4579999999986271E-005
 pmove part2    9.7000000032210210E-008
 pmove part3    1.4754000000061218E-005
 pmove part2    9.5999999949469839E-008
 pmove part3    1.4811000000003460E-005
 pmove part2    5.9999999968418649E-008
 pmove part3    1.9054000000018334E-005
 pmove part2    7.2000000073124681E-008
 pmove part3    1.4787000000016093E-005
 pmove part2    7.1999999962102379E-008
 pmove part3    1.4839000000099745E-005
 pmove part2    1.1399999999550658E-007
 pmove part3    1.4886000000102761E-005
 pmove part2    9.6000000060492141E-008
 pmove part3    1.4717999999969145E-005
 pmove part2    9.8999999975646347E-008
 pmove part3    1.9565999999970884E-005
 pmove part2    1.0699999997143550E-007
 pmove part3    1.4748999999980583E-005
 pmove part2    1.1199999994104815E-007
 pmove part3    1.5505999999998465E-005
 pmove part2    1.1899999996511923E-007
 pmove part3    1.5659000000001200E-005
 after cpush 3
 after cpush   0.7837797479999999     
 before grid1   0.7837907890000000     
 after grid1   0.7888223750000000     
 end accumu   0.7888254100000001     
 after den0_phi   0.7914694690000000     
 after field solver   0.7949467420000000     
 after field   0.7949482460000000     
 after rmsphi   0.7949682040000000     
 with filter   0.7963273290000000     
     97   0.43903627E-01   0.00000000E+00   0.00000000E+00   0.11947553-315   0.33117987E-11   0.20918617E-11   0.23733945E-02   0.00000000E+00   0.71404459E-02   0.29743338E-01   0.30588431E-01
 before ppush   0.7993743650000000     
 ppush 1   0.7993826980000001     
 ppush point 2   0.8050890360000000     
 ppush point 2.0   0.8051011880000000     
 after test pmove 0   0.8051419330000000     
 after test pmove 1.1   0.8052496800000000     
 after test pmove 1.2   0.8054412920000000     
 after test pmove 1.3   0.8055017430000000     
 after test pmove 1.4   0.8055043570000000     
 after test pmove 2.0   0.8057007260000000     
 after test pmove 2.1   0.8059045270000000     
 after test pmove 3   0.8061571040000000     
 ppush point 2.1   0.8061620930000000     
 pmove part2    1.5099999994827584E-007
 pmove part3    1.7479999999903129E-005
 ppush point 2.2   0.8063453739999999     
 pmove part2    1.0200000000182285E-007
 pmove part3    1.5906999999981686E-005
 pmove part2    9.7000000032210210E-008
 pmove part3    1.5976999999889330E-005
 pmove part2    9.8999999975646347E-008
 pmove part3    1.5619999999993972E-005
 pmove part2    1.0999999999761201E-007
 pmove part3    1.5494999999976500E-005
 pmove part2    1.1600000004996502E-007
 pmove part3    1.5312000000045067E-005
 pmove part2    9.3000000034315633E-008
 pmove part3    2.1421999999993169E-005
 pmove part2    9.8000000003928278E-008
 pmove part3    1.5350999999941273E-005
 pmove part2    9.3000000034315633E-008
 pmove part3    1.5699000000091168E-005
 pmove part2    9.4000000006033702E-008
 pmove part3    1.5104999999904223E-005
 pmove part2    9.0999999979857193E-008
 pmove part3    1.7544999999952182E-005
 pmove part2    9.4000000006033702E-008
 pmove part3    1.5125999999976436E-005
 pmove part2    9.3000000034315633E-008
 pmove part3    1.5334000000088999E-005
 pmove part2    1.1300000002378852E-007
 pmove part3    1.4854000000008583E-005
 pmove part2    1.0500000002799936E-007
 pmove part3    1.5502000000000571E-005
 pmove part2    1.0299999997354092E-007
 pmove part3    1.5673000000049342E-005
 pmove part2    9.8000000003928278E-008
 pmove part3    1.5073000000032089E-005
 pmove part2    8.9000000036421056E-008
 pmove part3    1.5775999999911861E-005
 pmove part2    1.1400000010652889E-007
 pmove part3    1.5726999999965408E-005
 ppush point 3   0.8090649930000000     
 after ppush   0.8090665160000000     
 after cpush   0.8090672110000000     
 before grid1   0.8090720320000000     
 after grid1   0.8140629660000001     
 end accumu   0.8140662100000000     
 after den0_phi   0.8168237500000000     
 after field solver   0.8202046310000000     
 after field   0.8202060449999999     
 after rmsphi   0.8202280150000000     
 with filter   0.8215692450000001     
 before ppush   0.8229011800000000     
 after ppush   0.8229026260000000     
 after cpush 2
 after cpush 3
 after test pmove 0   0.8291605900000000     
 after test pmove 1.1   0.8292734650000000     
 after test pmove 1.2   0.8294749790000000     
 after test pmove 1.3   0.8295352240000000     
 after test pmove 1.4   0.8295376850000000     
 after test pmove 2.0   0.8297430800000000     
 after test pmove 2.1   0.8299557120000001     
 after test pmove 3   0.8302016400000000     
 pmove part2    1.4199999998076862E-007
 pmove part3    1.6646000000064554E-005
 pmove part2    1.3000000009810719E-007
 pmove part3    1.5043999999964086E-005
 pmove part2    1.1199999994104815E-007
 pmove part3    1.5088000000051949E-005
 pmove part2    1.0499999991697706E-007
 pmove part3    1.5694999999982251E-005
 pmove part2    9.6000000060492141E-008
 pmove part3    1.5643000000009621E-005
 pmove part2    9.1999999951575262E-008
 pmove part3    1.5329000000008364E-005
 pmove part2    8.2000000012349972E-008
 pmove part3    1.4852999999925842E-005
 pmove part2    1.0599999999971743E-007
 pmove part3    1.4929999999968580E-005
 pmove part2    9.8000000003928278E-008
 pmove part3    1.4815999999973073E-005
 pmove part2    9.8999999975646347E-008
 pmove part3    1.4691000000066623E-005
 pmove part2    9.8999999975646347E-008
 pmove part3    1.4913000000005283E-005
 pmove part2    9.5999999949469839E-008
 pmove part3    1.4882000000104867E-005
 pmove part2    1.0800000005417587E-007
 pmove part3    1.4814000000029637E-005
 pmove part2    9.9999999947364415E-008
 pmove part3    1.4881999999993845E-005
 pmove part2    8.4999999927504177E-008
 pmove part3    1.4854000000008583E-005
 pmove part2    9.8000000114950581E-008
 pmove part3    1.4911999999922543E-005
 pmove part2    9.6000000060492141E-008
 pmove part3    1.5062999999981841E-005
 pmove part2    5.9999999968418649E-008
 pmove part3    1.4635000000096099E-005
 pmove part2    5.8999999996700581E-008
 pmove part3    1.5152000000018262E-005
 after cpush 3
 after cpush   0.8323916710000000     
 before grid1   0.8323981920000000     
 after grid1   0.8373674580000000     
 end accumu   0.8373752890000000     
 after den0_phi   0.8400362379999999     
 after field solver   0.8433885360000000     
 after field   0.8433897570000000     
 after rmsphi   0.8434134650000000     
 with filter   0.8447526450000000     
    129   0.59063697E-01   0.00000000E+00   0.00000000E+00   0.11948490-315   0.35884635E-11   0.52833834E-11   0.26982893E-02   0.34584595-322  -0.10673951E-02   0.73482563E-02   0.74253756E-02
 before ppush   0.8480206440000000     
 ppush 1   0.8480243199999999     
 ppush point 2   0.8537258720000001     
 ppush point 2.0   0.8537359720000000     
 after test pmove 0   0.8537755830000000     
 after test pmove 1.1   0.8538854620000000     
 after test pmove 1.2   0.8541021440000001     
 after test pmove 1.3   0.8541605740000000     
 after test pmove 1.4   0.8541631199999999     
 after test pmove 2.0   0.8543697880000000     
 after test pmove 2.1   0.8545769450000000     
 after test pmove 3   0.8548405530000001     
 ppush point 2.1   0.8548458880000001     
 pmove part2    1.3799999998287404E-007
 pmove part3    1.6950000000015564E-005
 ppush point 2.2   0.8550195750000000     
 pmove part2    1.1799999999340116E-007
 pmove part3    2.1154999999994928E-005
 pmove part2    1.1700000002168309E-007
 pmove part3    1.5070999999977630E-005
 pmove part2    8.2999999984068040E-008
 pmove part3    2.1796000000073867E-005
 pmove part2    1.0900000002589394E-007
 pmove part3    3.2276999999969469E-005
 pmove part2    1.1200000005207045E-007
 pmove part3    1.5901000000040355E-005
 pmove part2    1.1899999996511923E-007
 pmove part3    1.5480000000067662E-005
 pmove part2    1.2900000001536682E-007
 pmove part3    1.5627999999989761E-005
 pmove part2    8.5000000038526480E-008
 pmove part3    1.5617999999939514E-005
 pmove part2    9.9999999947364415E-008
 pmove part3    1.5798999999927510E-005
 pmove part2    9.8000000003928278E-008
 pmove part3    1.5914999999977475E-005
 pmove part2    9.7000000032210210E-008
 pmove part3    1.5537000000009904E-005
 pmove part2    1.0999999999761201E-007
 pmove part3    1.5206000000045350E-005
 pmove part2    9.4000000006033702E-008
 pmove part3    1.5018000000033283E-005
 pmove part2    1.1200000005207045E-007
 pmove part3    1.5702000000006322E-005
 pmove part2    1.0900000002589394E-007
 pmove part3    1.5267999999957205E-005
 pmove part2    9.6999999921187907E-008
 pmove part3    1.5224999999952082E-005
 pmove part2    9.2000000062597564E-008
 pmove part3    1.5146000000076931E-005
 pmove part2    8.2000000012349972E-008
 pmove part3    1.4959000000036582E-005
 ppush point 3   0.8577501590000001     
 after ppush   0.8577516810000000     
 after cpush   0.8577524020000000     
 before grid1   0.8577563070000001     
 after grid1   0.8627394810000000     
 end accumu   0.8627426499999999     
 after den0_phi   0.8654711540000000     
 after field solver   0.8688756100000000     
 after field   0.8688768500000000     
 after rmsphi   0.8688983080000000     
 with filter   0.8702138090000000     
 before ppush   0.8714291560000000     
 after ppush   0.8714302560000000     
 after cpush 2
 after cpush 3
 after test pmove 0   0.8776798640000000     
 after test pmove 1.1   0.8777879090000000     
 after test pmove 1.2   0.8780307880000000     
 after test pmove 1.3   0.8780938140000000     
 after test pmove 1.4   0.8780965050000000     
 after test pmove 2.0   0.8783250900000000     
 after test pmove 2.1   0.8785405980000001     
 after test pmove 3   0.8788118800000000     
 pmove part2    1.2999999998708489E-007
 pmove part3    1.7822000000000671E-005
 pmove part2    9.5000000088774073E-008
 pmove part3    1.6846999999931001E-005
 pmove part2    1.0900000002589394E-007
 pmove part3    1.5021000000059459E-005
 pmove part2    8.6000000010244548E-008
 pmove part3    1.4835999999962546E-005
 pmove part2    1.1200000005207045E-007
 pmove part3    1.5259999999961416E-005
 pmove part2    9.4000000006033702E-008
 pmove part3    1.4840000000071463E-005
 pmove part2    9.6000000060492141E-008
 pmove part3    1.5741999999985268E-005
 pmove part2    1.0500000002799936E-007
 pmove part3    1.5172000000007735E-005
 pmove part2    1.0000000005838672E-007
 pmove part3    1.5378000000065839E-005
 pmove part2    1.0200000000182285E-007
 pmove part3    1.5199000000021279E-005
 pmove part2    1.0199999989080055E-007
 pmove part3    1.5366999999932851E-005
 pmove part2    9.8999999975646347E-008
 pmove part3    1.5157999999959593E-005
 pmove part2    9.9999999947364415E-008
 pmove part3    1.5604999999974112E-005
 pmove part2    9.9999999947364415E-008
 pmove part3    1.5176999999977347E-005
 pmove part2    1.0099999991908248E-007
 pmove part3    1.5871000000000635E-005
 pmove part2    9.8999999975646347E-008
 pmove part3    1.5160999999985769E-005
 pmove part2    9.6000000060492141E-008
 pmove part3    1.5576000000017132E-005
 pmove part2    9.8999999975646347E-008
 pmove part3    1.4785000000072657E-005
 pmove part2    9.4000000006033702E-008
 pmove part3    1.4756000000004654E-005
 after cpush 3
 after cpush   0.8810215130000000     
 before grid1   0.8810284410000000     
 after grid1   0.8860146890000000     
 end accumu   0.8860179390000000     
 after den0_phi   0.8887809470000000     
 after field solver   0.8923013100000000     
 after field   0.8923023240000000     
 after rmsphi   0.8923295460000000     
 with filter   0.8937225600000001     
    161   0.79917497E-01   0.00000000E+00   0.00000000E+00   0.11949539-315   0.31700169E-11   0.13232916E-11   0.30497953E-02   0.00000000E+00   0.38433286E-01   0.12978222E-01   0.40565400E-01
 before ppush   0.8972529070000000     
 ppush 1   0.8972561630000000     
 ppush point 2   0.9029584020000000     
 ppush point 2.0   0.9029681590000000     
 after test pmove 0   0.9030088340000000     
 after test pmove 1.1   0.9031206220000000     
 after test pmove 1.2   0.9033472820000000     
 after test pmove 1.3   0.9034076740000000     
 after test pmove 1.4   0.9034104080000001     
 after test pmove 2.0   0.9036699860000000     
 after test pmove 2.1   0.9038996250000000     
 after test pmove 3   0.9041603410000000     
 ppush point 2.1   0.9041640810000000     
 pmove part2    1.6099999999852344E-007
 pmove part3    1.7730999999909791E-005
 ppush point 2.2   0.9043463360000000     
 pmove part2    1.2900000001536682E-007
 pmove part3    1.6518000000020905E-005
 pmove part2    1.5599999991788849E-007
 pmove part3    1.5780000000020777E-005
 pmove part2    7.4000000016560818E-008
 pmove part3    1.4978000000054337E-005
 pmove part2    9.2000000062597564E-008
 pmove part3    1.5291999999944572E-005
 pmove part2    9.8000000003928278E-008
 pmove part3    1.5431999999981905E-005
 pmove part2    1.2199999999129574E-007
 pmove part3    1.5133000000000507E-005
 pmove part2    1.1800000010442346E-007
 pmove part3    1.5024000000085636E-005
 pmove part2    9.5999999949469839E-008
 pmove part3    1.5032000000081425E-005
 pmove part2    8.4999999927504177E-008
 pmove part3    1.5270999999983381E-005
 pmove part2    1.2799999993262645E-007
 pmove part3    1.4981000000080513E-005
 pmove part2    9.0000000008139125E-008
 pmove part3    1.5419999999988221E-005
 pmove part2    9.8000000003928278E-008
 pmove part3    1.5226000000034823E-005
 pmove part2    1.0100000003010479E-007
 pmove part3    1.5227999999978259E-005
 pmove part2    9.6000000060492141E-008
 pmove part3    1.5303999999938256E-005
 pmove part2    1.0400000005628129E-007
 pmove part3    1.5121999999978541E-005
 pmove part2    9.9999999947364415E-008
 pmove part3    1.7284999999978012E-005
 pmove part2    1.1400000010652889E-007
 pmove part3    1.4983999999995667E-005
 pmove part2    9.3000000034315633E-008
 pmove part3    1.5365999999961133E-005
 ppush point 3   0.9070538650000000     
 after ppush   0.9070554640000000     
 after cpush   0.9070562350000000     
 before grid1   0.9070651800000000     
 after grid1   0.9121076590000000     
 end accumu   0.9121109530000000     
 after den0_phi   0.9149236740000000     
 after field solver   0.9184917800000000     
 after field   0.9184929589999999     
 after rmsphi   0.9185164630000000     
 with filter   0.9198847860000000     
 before ppush   0.9210716570000000     
 after ppush   0.9210727890000000     
 after cpush 2
 after cpush 3
 after test pmove 0   0.9273151440000000     
 after test pmove 1.1   0.9274208820000001     
 after test pmove 1.2   0.9276631909999999     
 after test pmove 1.3   0.9277246880000000     
 after test pmove 1.4   0.9277273440000000     
 after test pmove 2.0   0.9279701849999999     
 after test pmove 2.1   0.9281853500000000     
 after test pmove 3   0.9284628600000000     
 pmove part2    1.4599999997866320E-007
 pmove part3    1.7633999999988603E-005
 pmove part2    1.3099999995880296E-007
 pmove part3    1.5020999999948437E-005
 pmove part2    1.2399999993473187E-007
 pmove part3    1.4921000000001072E-005
 pmove part2    1.1499999996722465E-007
 pmove part3    1.5125999999976436E-005
 pmove part2    9.7999999892905976E-008
 pmove part3    1.5169999999953276E-005
 pmove part2    9.4999999977751770E-008
 pmove part3    1.4925999999970685E-005
 pmove part2    8.2999999984068040E-008
 pmove part3    1.4803000000007671E-005
 pmove part2    9.6000000060492141E-008
 pmove part3    1.4844999999930053E-005
 pmove part2    1.0100000003010479E-007
 pmove part3    1.5615999999996077E-005
 pmove part2    9.7000000032210210E-008
 pmove part3    1.4928999999996861E-005
 pmove part2    9.9000000086668649E-008
 pmove part3    1.4877000000024232E-005
 pmove part2    1.0699999997143550E-007
 pmove part3    1.4968000000004089E-005
 pmove part2    9.6999999921187907E-008
 pmove part3    1.4773999999939669E-005
 pmove part2    9.9000000086668649E-008
 pmove part3    2.0877999999946439E-005
 pmove part2    9.4000000006033702E-008
 pmove part3    1.4819999999970968E-005
 pmove part2    9.8000000003928278E-008
 pmove part3    1.5138000000081142E-005
 pmove part2    9.6999999921187907E-008
 pmove part3    1.4820000000081990E-005
 pmove part2    8.2000000012349972E-008
 pmove part3    1.4894999999959246E-005
 pmove part2    9.4000000006033702E-008
 pmove part3    1.6158999999960066E-005
 after cpush 3
 after cpush   0.9306435740000000     
 before grid1   0.9306558210000000     
 after grid1   0.9356751800000001     
 end accumu   0.9356792730000000     
 after den0_phi   0.9385006030000000     
 after field solver   0.9420025420000000     
 after field   0.9420035050000000     
 after rmsphi   0.9420263160000000     
 with filter   0.9433301300000000     
    194   0.88094860E-01   0.00000000E+00   0.00000000E+00   0.11950706-315  -0.26301017E-12  -0.11453158E-10   0.34185981E-02   0.00000000E+00   0.31080529E-01   0.21358667E-01   0.37711960E-01
 before ppush   0.9465970700000000     
 ppush 1   0.9466005400000000     
 ppush point 2   0.9523119910000000     
 ppush point 2.0   0.9523226590000000     
 after test pmove 0   0.9523635690000000     
 after test pmove 1.1   0.9524829710000000     
 after test pmove 1.2   0.9527413840000000     
 after test pmove 1.3   0.9528016330000000     
 after test pmove 1.4   0.9528043470000001     
 after test pmove 2.0   0.9530587230000001     
 after test pmove 2.1   0.9532976970000000     
 after test pmove 3   0.9535271110000000     
 ppush point 2.1   0.9535322920000000     
 pmove part2    1.7000000007705296E-007
 pmove part3    1.7119000000009876E-005
 ppush point 2.2   0.9537137940000000     
 pmove part2    1.3700000001115598E-007
 pmove part3    1.4922000000083813E-005
 pmove part2    1.2000000004785960E-007
 pmove part3    1.5054999999986052E-005
 pmove part2    9.3000000034315633E-008
 pmove part3    1.4736000000015181E-005
 pmove part2    9.4999999977751770E-008
 pmove part3    1.5016000000089846E-005
 pmove part2    9.4000000006033702E-008
 pmove part3    1.4748999999980583E-005
 pmove part2    3.9299999998743118E-007
 pmove part3    1.4561999999940234E-005
 pmove part2    9.1999999951575262E-008
 pmove part3    1.7213999999987628E-005
 pmove part2    9.4999999977751770E-008
 pmove part3    2.1994999999996878E-005
 pmove part2    9.8999999975646347E-008
 pmove part3    1.5144000000022473E-005
 pmove part2    3.5710000000355180E-006
 pmove part3    1.4905000000009494E-005
 pmove part2    9.5999999949469839E-008
 pmove part3    1.4598000000032307E-005
 pmove part2    9.3999999895011399E-008
 pmove part3    1.4961000000091040E-005
 pmove part2    6.6000000020771665E-008
 pmove part3    1.5311999999934045E-005
 pmove part2    9.9000000086668649E-008
 pmove part3    1.5396999999972572E-005
 pmove part2    9.6999999921187907E-008
 pmove part3    1.5239999999971943E-005
 pmove part2    1.0499999991697706E-007
 pmove part3    1.5023000000002895E-005
 pmove part2    9.5999999949469839E-008
 pmove part3    1.5221999999925906E-005
 pmove part2    9.6999999921187907E-008
 pmove part3    1.5217000000067316E-005
 ppush point 3   0.9564308160000000     
 after ppush   0.9564326610000000     
 after cpush   0.9564333420000000     
 before grid1   0.9564374130000000     
 after grid1   0.9615194220000000     
 end accumu   0.9615226529999999     
 after den0_phi   0.9642378160000000     
 after field solver   0.9683767780000000     
 after field   0.9683779530000000     
 after rmsphi   0.9684222120000000     
 with filter   0.9697396650000000     
 before ppush   0.9709697000000000     
 after ppush   0.9709784190000000     
 after cpush 2
 after cpush 3
 after test pmove 0   0.9772225120000000     
 after test pmove 1.1   0.9773290250000000     
 after test pmove 1.2   0.9775744320000000     
 after test pmove 1.3   0.9776354100000000     
 after test pmove 1.4   0.9776379980000000     
 after test pmove 2.0   0.9778954680000000     
 after test pmove 2.1   0.9780976280000000     
 after test pmove 3   0.9783861380000000     
 pmove part2    1.3999999992631018E-007
 pmove part3    1.7307999999993662E-005
 pmove part2    9.6000000060492141E-008
 pmove part3    1.4710999999945074E-005
 pmove part2    7.9000000097195766E-008
 pmove part3    1.6409999999966729E-005
 pmove part2    1.0999999999761201E-007
 pmove part3    1.4750000000063324E-005
 pmove part2    9.0000000008139125E-008
 pmove part3    1.4481000000010624E-005
 pmove part2    9.9000000086668649E-008
 pmove part3    1.4773999999939669E-005
 pmove part2    1.0400000005628129E-007
 pmove part3    1.4373000000067471E-005
 pmove part2    9.3000000034315633E-008
 pmove part3    1.4823999999968862E-005
 pmove part2    9.3000000034315633E-008
 pmove part3    1.4545999999948656E-005
 pmove part2    7.9000000097195766E-008
 pmove part3    1.5033000000053143E-005
 pmove part2    9.9999999947364415E-008
 pmove part3    1.5042000000020650E-005
 pmove part2    9.4999999977751770E-008
 pmove part3    1.4838000000017004E-005
 pmove part2    9.7000000032210210E-008
 pmove part3    1.5055999999957770E-005
 pmove part2    9.4999999977751770E-008
 pmove part3    1.5017999999922260E-005
 pmove part2    9.8000000003928278E-008
 pmove part3    1.4830000000021215E-005
 pmove part2    1.1199999994104815E-007
 pmove part3    1.4912000000033565E-005
 pmove part2    9.7000000032210210E-008
 pmove part3    1.4811999999975178E-005
 pmove part2    8.0000000068913835E-008
 pmove part3    1.4990000000048020E-005
 pmove part2    6.3999999966313226E-008
 pmove part3    1.4897999999985423E-005
 after cpush 3
 after cpush   0.9805460499999999     
 before grid1   0.9805526690000000     
 after grid1   0.9855382380000000     
 end accumu   0.9855412950000000     
 after den0_phi   0.9882205270000000     
 after field solver   0.9915858840000000     
 after field   0.9915868150000000     
 after rmsphi   0.9916241860000000     
 with filter   0.9929554360000000     
    226   0.10237487E+00   0.00000000E+00   0.00000000E+00   0.11951996-315   0.45817440E-12  -0.62722199E-11   0.37994462E-02   0.15810101-321   0.25307391E-01   0.16180159E-01   0.30037670E-01
 before ppush   0.9961660130000000     
 ppush 1   0.9961692980000000     
 ppush point 2    1.001888089000000     
 ppush point 2.0    1.001898841000000     
 after test pmove 0    1.001944769000000     
 after test pmove 1.1    1.002057705000000     
 after test pmove 1.2    1.002310947000000     
 after test pmove 1.3    1.002369925000000     
 after test pmove 1.4    1.002372625000000     
 after test pmove 2.0    1.002636638000000     
 after test pmove 2.1    1.002841323000000     
 after test pmove 3    1.003112506000000     
 ppush point 2.1    1.003118946000000     
 pmove part2    1.4500000000694513E-007
 pmove part3    1.7124000000201534E-005
 ppush point 2.2    1.003304725000000     
 pmove part2    1.4799999981107703E-007
 pmove part3    1.5244999999941555E-005
 pmove part2    1.0699999997143550E-007
 pmove part3    1.6102000000017824E-005
 pmove part2    1.2900000001536682E-007
 pmove part3    1.5075000000086547E-005
 pmove part2    7.9999999957891532E-008
 pmove part3    1.5571000000047519E-005
 pmove part2    9.2000000062597564E-008
 pmove part3    1.5231999999976154E-005
 pmove part2    9.7000000032210210E-008
 pmove part3    1.5065000000147322E-005
 pmove part2    9.5000000088774073E-008
 pmove part3    1.5189000000193076E-005
 pmove part2    1.1900000007614153E-007
 pmove part3    1.4986999999910822E-005
 pmove part2    9.5000000088774073E-008
 pmove part3    1.5077000000029983E-005
 pmove part2    9.7000000032210210E-008
 pmove part3    1.7538999999899829E-005
 pmove part2    1.0899999991487164E-007
 pmove part3    1.5126999999948154E-005
 pmove part2    1.2200000010231804E-007
 pmove part3    1.5212999999958399E-005
 pmove part2    1.0200000000182285E-007
 pmove part3    1.5305999999881692E-005
 pmove part2    9.7000000032210210E-008
 pmove part3    1.5250000000133213E-005
 pmove part2    8.1000000040631903E-008
 pmove part3    1.5182999999918678E-005
 pmove part2    1.1299999980174391E-007
 pmove part3    1.5193999999940644E-005
 pmove part2    9.7999999892905976E-008
 pmove part3    1.5413000000075172E-005
 pmove part2    9.1999999840552960E-008
 pmove part3    1.5144000000022473E-005
 ppush point 3    1.006018789000000     
 after ppush    1.006020582000000     
 after cpush    1.006021219000000     
 before grid1    1.006025874000000     
 after grid1    1.011043718000000     
 end accumu    1.011046945000000     
 after den0_phi    1.013808982000000     
 after field solver    1.017212072000000     
 after field    1.017213294000000     
 after rmsphi    1.017235421000000     
 with filter    1.018544252000000     
 before ppush    1.019779630000000     
 after ppush    1.019780969000000     
 after cpush 2
 after cpush 3
 after test pmove 0    1.026018583000000     
 after test pmove 1.1    1.026126771000000     
 after test pmove 1.2    1.026395040000000     
 after test pmove 1.3    1.026454358000000     
 after test pmove 1.4    1.026457173000000     
 after test pmove 2.0    1.026732646000000     
 after test pmove 2.1    1.026930225000000     
 after test pmove 3    1.027220524000000     
 pmove part2    1.3500000006771984E-007
 pmove part3    1.6929000000054373E-005
 pmove part2    1.0899999991487164E-007
 pmove part3    1.4895999999930964E-005
 pmove part2    1.0500000002799936E-007
 pmove part3    1.4407000000105086E-005
 pmove part2    8.7000000092984919E-008
 pmove part3    1.5083999999943032E-005
 pmove part2    9.7999999892905976E-008
 pmove part3    1.4901999999983317E-005
 pmove part2    1.0500000002799936E-007
 pmove part3    1.5247999999967732E-005
 pmove part2    9.7000000032210210E-008
 pmove part3    1.4742999999928230E-005
 pmove part2    9.6999999810165605E-008
 pmove part3    1.4719999999801558E-005
 pmove part2    1.0099999991908248E-007
 pmove part3    1.4828999999938475E-005
 pmove part2    9.5000000088774073E-008
 pmove part3    1.4933999999966474E-005
 pmove part2    9.7000000032210210E-008
 pmove part3    1.4814000000029637E-005
 pmove part2    7.8000000014455395E-008
 pmove part3    1.5203000000019173E-005
 pmove part2    9.8999999975646347E-008
 pmove part3    1.5066000000008017E-005
 pmove part2    7.7000000153759629E-008
 pmove part3    1.5079999999834115E-005
 pmove part2    5.9999999857396347E-008
 pmove part3    1.7005000000125392E-005
 pmove part2    9.5999999949469839E-008
 pmove part3    1.4871999999943597E-005
 pmove part2    9.5000000088774073E-008
 pmove part3    2.4916999999957667E-005
 pmove part2    9.7000000032210210E-008
 pmove part3    1.4910999999839802E-005
 pmove part2    8.3999999844763806E-008
 pmove part3    1.5115999999926188E-005
 after cpush 3
 after cpush    1.029466472000000     
 before grid1    1.029473279000000     
 after grid1    1.034424935000000     
 end accumu    1.034428387000000     
 after den0_phi    1.037169786000000     
 after field solver    1.040530448000000     
 after field    1.040531608000000     
 after rmsphi    1.040552730000000     
 with filter    1.041863077000000     
    258   0.11372897E+00   0.00000000E+00   0.00000000E+00   0.11953403-315   0.18439669E-11   0.99688839E-11   0.41884854E-02   0.21219958-313   0.81238786E-01  -0.24555787E-02   0.81275890E-01
 before ppush    1.045032833000000     
 ppush 1    1.045036234000000     
 ppush point 2    1.050743844000000     
 ppush point 2.0    1.050754303000000     
 after test pmove 0    1.050793638000000     
 after test pmove 1.1    1.050894171000000     
 after test pmove 1.2    1.051169364000000     
 after test pmove 1.3    1.051229498000000     
 after test pmove 1.4    1.051232553000000     
 after test pmove 2.0    1.051515815000000     
 after test pmove 2.1    1.051743328000000     
 after test pmove 3    1.052043243000000     
 ppush point 2.1    1.052048342000000     
 pmove part2    1.5099999983725354E-007
 pmove part3    1.8133999999836448E-005
 ppush point 2.2    1.052225593000000     
 pmove part2    9.0999999979857193E-008
 pmove part3    1.8904000000041776E-005
 pmove part2    9.7000000032210210E-008
 pmove part3    1.5716000000054464E-005
 pmove part2    8.4999999927504177E-008
 pmove part3    1.5299000000190688E-005
 pmove part2    1.0000000005838672E-007
 pmove part3    1.5614999999913337E-005
 pmove part2    1.3700000001115598E-007
 pmove part3    1.4916999999892155E-005
 pmove part2    1.0000000005838672E-007
 pmove part3    1.5061000000038405E-005
 pmove part2    9.8999999975646347E-008
 pmove part3    1.5278000000007452E-005
 pmove part2    1.1099999985830777E-007
 pmove part3    2.6056999999912733E-005
 pmove part2    9.0000000119161427E-008
 pmove part3    1.4750000000063324E-005
 pmove part2    1.0900000013691624E-007
 pmove part3    1.4539000000146629E-005
 pmove part2    9.5000000088774073E-008
 pmove part3    2.0393000000007433E-005
 pmove part2    9.5000000088774073E-008
 pmove part3    1.4952999999984229E-005
 pmove part2    9.4999999866729468E-008
 pmove part3    1.4788999999959529E-005
 pmove part2    7.9999999957891532E-008
 pmove part3    1.5031999999859380E-005
 pmove part2    1.1100000008035238E-007
 pmove part3    1.4893999999987528E-005
 pmove part2    8.1000000040631903E-008
 pmove part3    1.4906999999952930E-005
 pmove part2    9.6999999810165605E-008
 pmove part3    1.4552000000112031E-005
 pmove part2    8.2000000123372274E-008
 pmove part3    1.5459999999967167E-005
 ppush point 3    1.054910220000000     
 after ppush    1.054912275000000     
 after cpush    1.054913085000000     
 before grid1    1.054918980000000     
 after grid1    1.059946668000000     
 end accumu    1.059950253000000     
 after den0_phi    1.062680650000000     
 after field solver    1.066111301000000     
 after field    1.066112332000000     
 after rmsphi    1.066133504000000     
 with filter    1.067433548000000     
 before ppush    1.068653496000000     
 after ppush    1.068654799000000     
 after cpush 2
 after cpush 3
 after test pmove 0    1.074910022000000     
 after test pmove 1.1    1.075011776000000     
 after test pmove 1.2    1.075293332000000     
 after test pmove 1.3    1.075351404000000     
 after test pmove 1.4    1.075353858000000     
 after test pmove 2.0    1.075674628000000     
 after test pmove 2.1    1.075880222000000     
 after test pmove 3    1.076182205000000     
 pmove part2    1.4699999995038127E-007
 pmove part3    1.7394999999975624E-005
 pmove part2    1.2599999998919031E-007
 pmove part3    1.4952999999984229E-005
 pmove part2    8.7000000092984919E-008
 pmove part3    1.5135999999804639E-005
 pmove part2    1.0700000019348010E-007
 pmove part3    1.5190000000053772E-005
 pmove part2    9.9999999836342113E-008
 pmove part3    1.4771999999885210E-005
 pmove part2    9.4999999866729468E-008
 pmove part3    1.4786000000155397E-005
 pmove part2    9.4000000006033702E-008
 pmove part3    1.4734999999932441E-005
 pmove part2    9.4000000006033702E-008
 pmove part3    1.4434999999979325E-005
 pmove part2    9.5999999949469839E-008
 pmove part3    1.4373000000178493E-005
 pmove part2    9.4000000006033702E-008
 pmove part3    1.4427000000205581E-005
 pmove part2    9.2000000062597564E-008
 pmove part3    1.5166000000066404E-005
 pmove part2    9.4000000006033702E-008
 pmove part3    1.4461999999992869E-005
 pmove part2    1.1199999994104815E-007
 pmove part3    1.4798000000038058E-005
 pmove part2    9.0000000119161427E-008
 pmove part3    1.4458999999966693E-005
 pmove part2    9.3000000145337935E-008
 pmove part3    1.9098000000106197E-005
 pmove part2    9.2999999923293331E-008
 pmove part3    1.4441000000031678E-005
 pmove part2    6.5000000049053597E-008
 pmove part3    1.4312999999877007E-005
 pmove part2    1.0300000008456323E-007
 pmove part3    1.4226999999866763E-005
 pmove part2    9.5000000088774073E-008
 pmove part3    1.5007000000011317E-005
 after cpush 3
 after cpush    1.078345230000000     
 before grid1    1.078351694000000     
 after grid1    1.083330351000000     
 end accumu    1.083333483000000     
 after den0_phi    1.086050738000000     
 after field solver    1.089413760000000     
 after field    1.089415012000000     
 after rmsphi    1.089442444000000     
 with filter    1.090740524000000     
    291   0.12250585E+00   0.00000000E+00   0.00000000E+00   0.11954930-315   0.10624253E-10   0.36005653E-10   0.45833206E-02   0.33951933-312   0.16258167E+00   0.47090733E-01   0.16926410E+00
 before ppush    1.096748364000000     
 ppush 1    1.096759016000000     
 ppush point 2    1.102465318000000     
 ppush point 2.0    1.102474860000000     
 after test pmove 0    1.102514850000000     
 after test pmove 1.1    1.102623628000000     
 after test pmove 1.2    1.102915400000000     
 after test pmove 1.3    1.102979071000000     
 after test pmove 1.4    1.102982231000000     
 after test pmove 2.0    1.103291078000000     
 after test pmove 2.1    1.103498857000000     
 after test pmove 3    1.103794581000000     
 ppush point 2.1    1.103799777000000     
 pmove part2    1.4699999995038127E-007
 pmove part3    1.7339000000005100E-005
 ppush point 2.2    1.103978846000000     
 pmove part2    1.4599999986764089E-007
 pmove part3    1.5363000000157001E-005
 pmove part2    1.0799999983213127E-007
 pmove part3    1.5298999999968643E-005
 pmove part2    9.7000000032210210E-008
 pmove part3    1.5082999999860291E-005
 pmove part2    9.6000000171514444E-008
 pmove part3    1.5478999999984921E-005
 pmove part2    9.7999999892905976E-008
 pmove part3    1.4933999999966474E-005
 pmove part2    1.0000000005838672E-007
 pmove part3    1.5157999999848570E-005
 pmove part2    9.8000000114950581E-008
 pmove part3    2.2308000000137440E-005
 pmove part2    1.0600000011073973E-007
 pmove part3    1.4943999999905699E-005
 pmove part2    9.7000000032210210E-008
 pmove part3    1.4503999999915251E-005
 pmove part2    9.2999999923293331E-008
 pmove part3    1.4718000000080167E-005
 pmove part2    9.4000000006033702E-008
 pmove part3    1.5042999999881346E-005
 pmove part2    1.9499999992511619E-007
 pmove part3    1.5254999999880781E-005
 pmove part2    9.2999999923293331E-008
 pmove part3    1.4532000000011536E-005
 pmove part2    9.5000000088774073E-008
 pmove part3    1.4973000000084724E-005
 pmove part2    7.9999999957891532E-008
 pmove part3    1.5058000000012228E-005
 pmove part2    9.1999999840552960E-008
 pmove part3    1.4748999999980583E-005
 pmove part2    1.0500000002799936E-007
 pmove part3    1.4587000000121364E-005
 pmove part2    1.0400000016730360E-007
 pmove part3    1.4842999999986617E-005
 ppush point 3    1.106632088000000     
 after ppush    1.106633846000000     
 after cpush    1.106634610000000     
 before grid1    1.106639145000000     
 after grid1    1.111686580000000     
 end accumu    1.111690199000000     
 after den0_phi    1.114444080000000     
 after field solver    1.117841677000000     
 after field    1.117842940000000     
 after rmsphi    1.117867302000000     
 with filter    1.119197412000000     
 before ppush    1.120403292000000     
 after ppush    1.120404632000000     
 after cpush 2
 after cpush 3
 after test pmove 0    1.126675566000000     
 after test pmove 1.1    1.126781998000000     
 after test pmove 1.2    1.127089444000000     
 after test pmove 1.3    1.127148766000000     
 after test pmove 1.4    1.127151505000000     
 after test pmove 2.0    1.127474669000000     
 after test pmove 2.1    1.127696476000000     
 after test pmove 3    1.127975918000000     
 pmove part2    1.3799999987185174E-007
 pmove part3    1.6800000000039006E-005
 pmove part2    1.2700000007193069E-007
 pmove part3    1.4944000000127744E-005
 pmove part2    1.1000000021965661E-007
 pmove part3    1.5121000000117846E-005
 pmove part2    1.0099999991908248E-007
 pmove part3    1.4434000000118630E-005
 pmove part2    1.1600000004996502E-007
 pmove part3    1.4897999999874401E-005
 pmove part2    7.9000000097195766E-008
 pmove part3    1.4893999999987528E-005
 pmove part2    9.0999999979857193E-008
 pmove part3    1.4618000000021780E-005
 pmove part2    9.8999999975646347E-008
 pmove part3    1.4615999999856299E-005
 pmove part2    5.8999999996700581E-008
 pmove part3    1.4713999999971250E-005
 pmove part2    9.5000000088774073E-008
 pmove part3    1.4638999999982971E-005
 pmove part2    9.3999999783989097E-008
 pmove part3    1.4796000000094622E-005
 pmove part2    9.4000000006033702E-008
 pmove part3    2.1158999999881800E-005
 pmove part2    9.2999999923293331E-008
 pmove part3    1.4839000000099745E-005
 pmove part2    9.4000000006033702E-008
 pmove part3    1.4960999999980018E-005
 pmove part2    7.9999999957891532E-008
 pmove part3    1.4665999999996515E-005
 pmove part2    8.0000000179936137E-008
 pmove part3    1.4912999999783239E-005
 pmove part2    9.2999999923293331E-008
 pmove part3    1.4804000000090412E-005
 pmove part2    8.2000000123372274E-008
 pmove part3    1.4786000000155397E-005
 pmove part2    8.1000000040631903E-008
 pmove part3    1.4813000000168941E-005
 after cpush 3
 after cpush    1.130153557000000     
 timestep =            11
 ps time=    0.000000000000000      tot time=    1.130163908000000     


CUDA API Statistics:



CUDA API Statistics:

 Time(%)  Total Time (ns)  Num Calls   Average    Minimum    Maximum    StdDev            Name        
 -------  ---------------  ---------  ----------  --------  ---------  ---------  --------------------
    62.3        404403841       2894    139738.7      1222  224034376  4247160.2  cuStreamSynchronize 
    21.0        136147375        160    850921.1      1632    7782055  1643008.3  cuMemAlloc_v2       
     6.2         40467494          1  40467494.0  40467494   40467494        0.0  cuMemHostAlloc      
     5.6         36171361       1783     20286.8      3241   13772328   452455.9  cuLaunchKernel      
     2.4         15790094          1  15790094.0  15790094   15790094        0.0  cuModuleLoadDataEx  
     0.6          4160709        740      5622.6      2598      40423     3184.2  cuMemcpyHtoDAsync_v2
     0.6          3927588        924      4250.6      2631      24107     2328.3  cuMemcpyDtoHAsync_v2
     0.4          2885289          1   2885289.0   2885289    2885289        0.0  cuMemAllocHost_v2   
     0.3          1641812        919      1786.5      1343      14026      705.9  cuEventRecord       
     0.2          1455251        450      3233.9      2123      19697     1293.2  cuMemsetD32Async    
     0.2          1341805        917      1463.3      1081      55410     1983.7  cuEventSynchronize  
     0.0           244428         80      3055.4      1568       7390     1367.9  cuCtxSynchronize    
     0.0           140669         23      6116.0      4455      10146     1527.3  cuMemcpy2DAsync_v2  
     0.0            20841          1     20841.0     20841      20841        0.0  cuStreamCreate      
     0.0            14927         10      1492.7       334       5014     1470.2  cuEventCreate       
     0.0             3792          1      3792.0      3792       3792        0.0  cuInit              
 Time(%)  Total Time (ns)  Num Calls   Average    Minimum    Maximum    StdDev            Name        
 -------  ---------------  ---------  ----------  --------  ---------  ---------  --------------------
    65.2        466257439       2894    161111.8      1276  227065255  4313610.8  cuStreamSynchronize 
    19.7        141217724        160    882610.8      1749    8239183  1690502.5  cuMemAlloc_v2       
     5.9         41879218          1  41879218.0  41879218   41879218        0.0  cuMemHostAlloc      
     5.0         35858075       1783     20111.1      3234   13681916   448052.0  cuLaunchKernel      
     2.0         14342266          1  14342266.0  14342266   14342266        0.0  cuModuleLoadDataEx  
     0.6          4051611        740      5475.2      2796      31829     3042.0  cuMemcpyHtoDAsync_v2
     0.6          3938647        924      4262.6      2576      21538     2163.0  cuMemcpyDtoHAsync_v2
     0.3          2429351          1   2429351.0   2429351    2429351        0.0  cuMemAllocHost_v2   
     0.3          1859920        918      2026.1      1448      14200      777.3  cuEventRecord       
     0.2          1516599        450      3370.2      2223      40496     2030.7  cuMemsetD32Async    
     0.2          1396821        916      1524.9      1156      80148     2710.8  cuEventSynchronize  
     0.0           246121         80      3076.5      1726       6703     1101.5  cuCtxSynchronize    
     0.0           158890         23      6908.3      5042      14117     2610.6  cuMemcpy2DAsync_v2  
     0.0            19183          1     19183.0     19183      19183        0.0  cuStreamCreate      
     0.0            15608         10      1560.8       325       4229     1499.6  cuEventCreate       
     0.0             4909          1      4909.0      4909       4909        0.0  cuInit              


CUDA API Statistics:

 Time(%)  Total Time (ns)  Num Calls   Average    Minimum    Maximum    StdDev            Name        
 -------  ---------------  ---------  ----------  --------  ---------  ---------  --------------------
    63.9        428228434       2894    147971.1      1174  220641123  4189706.0  cuStreamSynchronize 
    20.3        136288731        160    851804.6      1670    7415824  1649485.6  cuMemAlloc_v2       
     6.0         40489946          1  40489946.0  40489946   40489946        0.0  cuMemHostAlloc      
     5.2         34591970       1783     19401.0      3069   13190695   432258.4  cuLaunchKernel      
     2.3         15384103          1  15384103.0  15384103   15384103        0.0  cuModuleLoadDataEx  
     0.6          3868810        740      5228.1      2594      34750     3031.0  cuMemcpyHtoDAsync_v2
     0.6          3778977        924      4089.8      2528      22060     2225.5  cuMemcpyDtoHAsync_v2
     0.4          2904985          1   2904985.0   2904985    2904985        0.0  cuMemAllocHost_v2   
     0.2          1613122        919      1755.3      1304       9204      694.3  cuEventRecord       
     0.2          1425676        450      3168.2      1999      23605     1614.2  cuMemsetD32Async    
     0.2          1282550        917      1398.6      1089      40267     1532.8  cuEventSynchronize  
     0.0           239094         80      2988.7      1551       7474     1262.8  cuCtxSynchronize    
     0.0           141922         23      6170.5      4977      11679     1669.3  cuMemcpy2DAsync_v2  
     0.0            30692          1     30692.0     30692      30692        0.0  cuStreamCreate      
     0.0            13775         10      1377.5       318       4954     1466.2  cuEventCreate       
     0.0             4292          1      4292.0      4292       4292        0.0  cuInit              


CUDA API Statistics:

 Time(%)  Total Time (ns)  Num Calls   Average    Minimum    Maximum    StdDev            Name        
 -------  ---------------  ---------  ----------  --------  ---------  ---------  --------------------
    64.0        431693947       2894    149168.6      1221  223533451  4243898.0  cuStreamSynchronize 
    20.2        136063765        160    850398.5      1746    7219604  1638386.2  cuMemAlloc_v2       
     6.1         41037627          1  41037627.0  41037627   41037627        0.0  cuMemHostAlloc      
     5.3         35876773       1783     20121.6      3112   13572862   453142.1  cuLaunchKernel      
     2.1         14476790          1  14476790.0  14476790   14476790        0.0  cuModuleLoadDataEx  
     0.6          3981886        740      5380.9      2689      27059     3002.3  cuMemcpyHtoDAsync_v2
     0.6          3719104        924      4025.0      2490      29180     2150.5  cuMemcpyDtoHAsync_v2
     0.4          2926018          1   2926018.0   2926018    2926018        0.0  cuMemAllocHost_v2   
     0.2          1612655        919      1754.8      1264      14660      785.6  cuEventRecord       
     0.2          1392163        450      3093.7      2080      19737     1209.7  cuMemsetD32Async    
     0.2          1337522        917      1458.6      1093      61743     2156.3  cuEventSynchronize  
     0.0           236716         80      2959.0      1566       7216     1240.9  cuCtxSynchronize    
     0.0           140118         23      6092.1      4518      11722     1901.8  cuMemcpy2DAsync_v2  
     0.0            17719          1     17719.0     17719      17719        0.0  cuStreamCreate      
     0.0            15406         10      1540.6       310       5526     1575.5  cuEventCreate       
     0.0             3553          1      3553.0      3553       3553        0.0  cuInit              


CUDA API Statistics:



CUDA API Statistics:

 Time(%)  Total Time (ns)  Num Calls   Average    Minimum    Maximum    StdDev            Name        
 -------  ---------------  ---------  ----------  --------  ---------  ---------  --------------------
    62.9        405638601       2894    140165.4      1244  225116951  4266687.5  cuStreamSynchronize 
    20.9        135095791        160    844348.7      1686    7607946  1620692.9  cuMemAlloc_v2       
     6.2         39966237          1  39966237.0  39966237   39966237        0.0  cuMemHostAlloc      
     5.5         35386822       1783     19846.8      3235   13448566   440501.0  cuLaunchKernel      
     2.2         14171041          1  14171041.0  14171041   14171041        0.0  cuModuleLoadDataEx  
     0.6          4030259        740      5446.3      2934      53304     3240.5  cuMemcpyHtoDAsync_v2
     0.6          3883736        924      4203.2      2710      19251     2186.1  cuMemcpyDtoHAsync_v2
     0.3          1851780          1   1851780.0   1851780    1851780        0.0  cuMemAllocHost_v2   
     0.3          1825349        919      1986.2      1437      14175      737.6  cuEventRecord       
     0.2          1455542        450      3234.5      2113      21541     1259.0  cuMemsetD32Async    
     0.2          1392086        917      1518.1      1139      87020     2937.5  cuEventSynchronize  
     0.0           241711         80      3021.4      1686       6655     1229.5  cuCtxSynchronize    
     0.0           144146         23      6267.2      5027      12538     1757.6  cuMemcpy2DAsync_v2  
     0.0            36125          1     36125.0     36125      36125        0.0  cuStreamCreate      
     0.0            14867         10      1486.7       298       4838     1424.1  cuEventCreate       
     0.0             3800          1      3800.0      3800       3800        0.0  cuInit              
 Time(%)  Total Time (ns)  Num Calls   Average    Minimum    Maximum    StdDev            Name        
 -------  ---------------  ---------  ----------  --------  ---------  ---------  --------------------
    62.3        404353049       2894    139721.2      1204  222760735  4224050.7  cuStreamSynchronize 
    21.2        137956236        160    862226.5      1747    8199883  1672837.1  cuMemAlloc_v2       
     6.4         41646052          1  41646052.0  41646052   41646052        0.0  cuMemHostAlloc      
     5.5         35934638       1783     20154.0      3091   14203808   455407.5  cuLaunchKernel      
     2.2         14429473          1  14429473.0  14429473   14429473        0.0  cuModuleLoadDataEx  
     0.6          3892948        740      5260.7      2634      34367     3072.8  cuMemcpyHtoDAsync_v2
     0.6          3728685        924      4035.4      2417      19120     2109.2  cuMemcpyDtoHAsync_v2
     0.4          2671811          1   2671811.0   2671811    2671811        0.0  cuMemAllocHost_v2   
     0.3          1633457        919      1777.4      1275      17919      990.0  cuEventRecord       
     0.2          1462855        450      3250.8      2086      64571     3144.3  cuMemsetD32Async    
     0.2          1365325        917      1488.9      1091     131416     4331.3  cuEventSynchronize  
     0.0           230848         80      2885.6      1538       5772     1157.7  cuCtxSynchronize    
     0.0           142820         23      6209.6      4810      10247     1665.8  cuMemcpy2DAsync_v2  
     0.0            21152          1     21152.0     21152      21152        0.0  cuStreamCreate      
     0.0            17106         10      1710.6       290       4769     1611.5  cuEventCreate       
     0.0             3592          1      3592.0      3592       3592        0.0  cuInit              



CUDA Kernel Statistics:




CUDA Kernel Statistics:

 Time(%)  Total Time (ns)  Instances    Average     Minimum    Maximum   StdDev                  Name               
 -------  ---------------  ---------  -----------  ---------  ---------  -------  ----------------------------------
    52.6        227057429          1  227057429.0  227057429  227057429      0.0  gkps_adiabatic_electron_143_gpu   
    12.0         51705163         10    5170516.3    5153394    5190481   9747.4  cpush_1123_gpu                    
    11.2         48327433         10    4832743.3    4824564    4843284   5200.7  ppush_659_gpu                     
    10.3         44256493         20    2212824.7    2191212    2470953  60865.8  grid1_1723_gpu                    
     9.7         41653798          1   41653798.0   41653798   41653798      0.0  gkps_adiabatic_electron_231_gpu   
     1.1          4703601        380      12377.9      12319      13184    146.1  gem_pputil_test_pmove_353_gpu     
     0.7          3060451        380       8053.8       7999       9024    174.9  gem_pputil_test_pmove_337_gpu     
     0.7          2928001        380       7705.3       7615       8545    155.0  gem_pputil_test_pmove_353_gpu__red
     0.6          2513514         20     125675.7     125407     126047    148.0  gkps_adiabatic_electron_287_gpu   
     0.4          1856911          1    1856911.0    1856911    1856911      0.0  gkps_adiabatic_electron_199_gpu   
     0.3          1270779        380       3344.2       3295       4000    128.2  gem_pputil_test_pmove_434_gpu     
     0.1           341087         20      17054.4      16864      17248    109.5  gem_pputil_test_init_pmove_144_gpu
     0.1           296986         20      14849.3      14752      14943     61.6  gkps_adiabatic_electron_403_gpu   
     0.1           289465         20      14473.3      13856      14848    213.8  gkps_adiabatic_electron_355_gpu   
     0.1           277374         20      13868.7      13728      14048     88.3  gkps_adiabatic_electron_433_gpu   
     0.1           243614         20      12180.7      11744      12576    220.6  gem_pputil_test_init_pmove_117_gpu
     0.1           233146         20      11657.3      11487      11904    117.5  gkps_adiabatic_electron_321_gpu   
     0.0           167325         20       8366.3       8320       8480     45.8  gkps_adiabatic_electron_459_gpu   
     0.0           167135         20       8356.8       8319       8512     52.2  gkps_adiabatic_electron_382_gpu   
     0.0            81438         20       4071.9       3967       4319     87.3  gem_pputil_test_init_pmove_215_gpu
     0.0            63135         20       3156.8       3104       3296     54.1  gem_pputil_test_init_pmove_102_gpu



CUDA Kernel Statistics:

 Time(%)  Total Time (ns)  Instances    Average     Minimum    Maximum   StdDev                  Name               
 -------  ---------------  ---------  -----------  ---------  ---------  -------  ----------------------------------
    60.5        224030665          1  224030665.0  224030665  224030665      0.0  gkps_adiabatic_electron_143_gpu   
    11.5         42712413          1   42712413.0   42712413   42712413      0.0  gkps_adiabatic_electron_231_gpu   
     8.4         31190443         10    3119044.3    3102945    3141985  13815.4  cpush_1123_gpu                    
     7.8         28798981         10    2879898.1    2871460    2892515   6824.5  ppush_659_gpu                     
     7.0         25940390         20    1297019.5    1282708    1486642  44682.0  grid1_1723_gpu                    
     1.2          4561897        380      12005.0      11935      12672    131.7  gem_pputil_test_pmove_353_gpu     
     0.8          2970254        380       7816.5       7743       8576    150.5  gem_pputil_test_pmove_337_gpu     
     0.8          2836476        380       7464.4       7359       8096    140.6  gem_pputil_test_pmove_353_gpu__red
     0.7          2441481         20     122074.1     121823     122303    130.2  gkps_adiabatic_electron_287_gpu   
     0.5          1748847          1    1748847.0    1748847    1748847      0.0  gkps_adiabatic_electron_199_gpu   
     0.3          1232816        380       3244.3       3199       3872    121.7  gem_pputil_test_pmove_434_gpu     
     0.1           328704         20      16435.2      16352      16576     73.8  gem_pputil_test_init_pmove_144_gpu
     0.1           288127         20      14406.4      14304      14688    103.6  gkps_adiabatic_electron_403_gpu   
     0.1           282173         20      14108.7      13504      14336    181.3  gkps_adiabatic_electron_355_gpu   
     0.1           269118         20      13455.9      13312      13664     97.6  gkps_adiabatic_electron_433_gpu   
     0.1           227804         20      11390.2      11168      11712    168.4  gkps_adiabatic_electron_321_gpu   
     0.0           175935         20       8796.8       8512       9216    160.8  gem_pputil_test_init_pmove_117_gpu
     0.0           162782         20       8139.1       8096       8192     23.9  gkps_adiabatic_electron_382_gpu   
     0.0           162402         20       8120.1       8064       8225     51.7  gkps_adiabatic_electron_459_gpu   
     0.0            78656         20       3932.8       3841       4064     73.3  gem_pputil_test_init_pmove_215_gpu
     0.0            61760         20       3088.0       3039       3392    106.7  gem_pputil_test_init_pmove_102_gpu
 Time(%)  Total Time (ns)  Instances    Average     Minimum    Maximum   StdDev                  Name               
 -------  ---------------  ---------  -----------  ---------  ---------  -------  ----------------------------------
    56.0        220637596          1  220637596.0  220637596  220637596      0.0  gkps_adiabatic_electron_143_gpu   
    10.7         42236498          1   42236498.0   42236498   42236498      0.0  gkps_adiabatic_electron_231_gpu   
    10.3         40570340         10    4057034.0    4040279    4075671  10376.9  cpush_1123_gpu                    
     9.6         37853598         10    3785359.8    3774905    3795450   6360.4  ppush_659_gpu                     
     8.8         34564192         20    1728209.6    1708815    1977548  58784.3  grid1_1723_gpu                    
     1.2          4560207        380      12000.5      11935      12704    136.7  gem_pputil_test_pmove_353_gpu     
     0.8          2975871        380       7831.2       7775       8864    161.8  gem_pputil_test_pmove_337_gpu     
     0.7          2838235        380       7469.0       7360       8160    144.7  gem_pputil_test_pmove_353_gpu__red
     0.6          2435879         20     121794.0     121535     122206    153.9  gkps_adiabatic_electron_287_gpu   
     0.4          1741327          1    1741327.0    1741327    1741327      0.0  gkps_adiabatic_electron_199_gpu   
     0.3          1233224        380       3245.3       3199       3904    123.9  gem_pputil_test_pmove_434_gpu     
     0.1           328223         20      16411.2      16352      16513     35.0  gem_pputil_test_init_pmove_144_gpu
     0.1           287166         20      14358.3      14240      14560     90.6  gkps_adiabatic_electron_403_gpu   
     0.1           284158         20      14207.9      13600      14560    201.8  gkps_adiabatic_electron_355_gpu   
     0.1           269692         20      13484.6      13311      13664    101.9  gkps_adiabatic_electron_433_gpu   
     0.1           226784         20      11339.2      11040      11552    129.6  gkps_adiabatic_electron_321_gpu   
     0.0           190975         20       9548.8       9120      10079    251.1  gem_pputil_test_init_pmove_117_gpu
     0.0           162624         20       8131.2       8064       8288     58.6  gkps_adiabatic_electron_459_gpu   
     0.0           162273         20       8113.7       8064       8192     33.6  gkps_adiabatic_electron_382_gpu   
     0.0            78017         20       3900.9       3841       4000     46.2  gem_pputil_test_init_pmove_215_gpu
     0.0            61407         20       3070.4       3039       3200     48.0  gem_pputil_test_init_pmove_102_gpu


CUDA API Statistics:

 Time(%)  Total Time (ns)  Num Calls   Average    Minimum    Maximum    StdDev            Name        
 -------  ---------------  ---------  ----------  --------  ---------  ---------  --------------------
    62.3        400031627       2894    138227.9      1257  221160676  4186742.7  cuStreamSynchronize 
    20.8        133715875        160    835724.2      1724    7305278  1620120.1  cuMemAlloc_v2       
     6.3         40694642          1  40694642.0  40694642   40694642        0.0  cuMemHostAlloc      
     5.6         35862879       1783     20113.8      3290   13606527   450517.3  cuLaunchKernel      
     2.5         15822990          1  15822990.0  15822990   15822990        0.0  cuModuleLoadDataEx  
     0.6          4077377        740      5510.0      2892      25845     3000.1  cuMemcpyHtoDAsync_v2
     0.6          3912188        924      4234.0      2740      24958     2383.8  cuMemcpyDtoHAsync_v2
     0.5          2897694          1   2897694.0   2897694    2897694        0.0  cuMemAllocHost_v2   
     0.3          1847908        919      2010.8      1429      14186      824.2  cuEventRecord       
     0.2          1478848        450      3286.3      2121       9545     1081.1  cuMemsetD32Async    
     0.2          1430345        917      1559.8      1142     111748     3763.4  cuEventSynchronize  
     0.0           245554         80      3069.4      1700       8481     1404.4  cuCtxSynchronize    
     0.0           163187         23      7095.1      5043      18938     3272.6  cuMemcpy2DAsync_v2  
     0.0            37021          1     37021.0     37021      37021        0.0  cuStreamCreate      
     0.0            16217         10      1621.7       290       5231     1617.1  cuEventCreate       
     0.0             3210          1      3210.0      3210       3210        0.0  cuInit              



CUDA Kernel Statistics:

 Time(%)  Total Time (ns)  Instances    Average     Minimum    Maximum   StdDev                  Name               
 -------  ---------------  ---------  -----------  ---------  ---------  -------  ----------------------------------
    56.4        223528815          1  223528815.0  223528815  223528815      0.0  gkps_adiabatic_electron_143_gpu   
    10.8         42727142          1   42727142.0   42727142   42727142      0.0  gkps_adiabatic_electron_231_gpu   
    10.1         40223750         10    4022375.0    4008817    4038960   9720.6  cpush_1123_gpu                    
     9.5         37799392         10    3779939.2    3773811    3787731   4509.6  ppush_659_gpu                     
     8.7         34586469         20    1729323.5    1709868    1979689  59002.3  grid1_1723_gpu                    
     1.1          4546031        380      11963.2      11903      12672    133.3  gem_pputil_test_pmove_353_gpu     
     0.7          2958901        380       7786.6       7711       8608    159.8  gem_pputil_test_pmove_337_gpu     
     0.7          2826682        380       7438.6       7328       8160    145.8  gem_pputil_test_pmove_353_gpu__red
     0.6          2426369         20     121318.5     121054     121503    146.5  gkps_adiabatic_electron_287_gpu   
     0.4          1744299          1    1744299.0    1744299    1744299      0.0  gkps_adiabatic_electron_199_gpu   
     0.3          1228643        380       3233.3       3167       3904    126.4  gem_pputil_test_pmove_434_gpu     
     0.1           327294         20      16364.7      16287      16512     53.5  gem_pputil_test_init_pmove_144_gpu
     0.1           287485         20      14374.3      14272      14560     89.7  gkps_adiabatic_electron_403_gpu   
     0.1           282398         20      14119.9      13504      14400    195.7  gkps_adiabatic_electron_355_gpu   
     0.1           269724         20      13486.2      13376      13728    100.8  gkps_adiabatic_electron_433_gpu   
     0.1           226367         20      11318.4      11104      11520    106.4  gkps_adiabatic_electron_321_gpu   
     0.0           190780         20       9539.0       9248       9984    202.1  gem_pputil_test_init_pmove_117_gpu
     0.0           162269         20       8113.5       8064       8224     44.6  gkps_adiabatic_electron_382_gpu   
     0.0           161885         20       8094.3       8032       8223     45.7  gkps_adiabatic_electron_459_gpu   
     0.0            77983         20       3899.2       3840       4032     63.3  gem_pputil_test_init_pmove_215_gpu
     0.0            61150         20       3057.5       3007       3200     48.2  gem_pputil_test_init_pmove_102_gpu


CUDA API Statistics:

 Time(%)  Total Time (ns)  Num Calls   Average    Minimum    Maximum    StdDev            Name        
 -------  ---------------  ---------  ----------  --------  ---------  ---------  --------------------
    66.2        487333355       2894    168394.4      1240  223570481  4261754.1  cuStreamSynchronize 
    19.1        140565106        160    878531.9      1723    7592034  1665734.4  cuMemAlloc_v2       
     5.5         40634049          1  40634049.0  40634049   40634049        0.0  cuMemHostAlloc      
     4.8         35670440       1783     20005.9      3212   13877261   446169.2  cuLaunchKernel      
     2.1         15515189          1  15515189.0  15515189   15515189        0.0  cuModuleLoadDataEx  
     0.6          4056864        740      5482.2      2869      33256     3074.6  cuMemcpyHtoDAsync_v2
     0.5          3962212        924      4288.1      2661      20316     2294.7  cuMemcpyDtoHAsync_v2
     0.4          2915305          1   2915305.0   2915305    2915305        0.0  cuMemAllocHost_v2   
     0.3          1871419        918      2038.6      1442      21451      919.0  cuEventRecord       
     0.2          1572453        450      3494.3      2227      44145     2332.1  cuMemsetD32Async    
     0.2          1426932        916      1557.8      1124     109677     3695.7  cuEventSynchronize  
     0.0           256073         80      3200.9      1671       7398     1213.0  cuCtxSynchronize    
     0.0           154245         23      6706.3      4945      11271     2032.8  cuMemcpy2DAsync_v2  
     0.0            20901         10      2090.1       326      11401     3356.0  cuEventCreate       
     0.0            16484          1     16484.0     16484      16484        0.0  cuStreamCreate      
     0.0             4046          1      4046.0      4046       4046        0.0  cuInit              



CUDA Kernel Statistics:




CUDA Kernel Statistics:

 Time(%)  Total Time (ns)  Instances    Average     Minimum    Maximum   StdDev                  Name               
 -------  ---------------  ---------  -----------  ---------  ---------  -------  ----------------------------------
    60.7        225111116          1  225111116.0  225111116  225111116      0.0  gkps_adiabatic_electron_143_gpu   
    11.5         42713858          1   42713858.0   42713858   42713858      0.0  gkps_adiabatic_electron_231_gpu   
     8.2         30463779         10    3046377.9    3021927    3062246  11439.3  cpush_1123_gpu                    
     7.7         28599701         10    2859970.1    2851273    2869832   6062.2  ppush_659_gpu                     
     7.0         26142219         20    1307111.0    1292662    1494003  44051.5  grid1_1723_gpu                    
     1.2          4544977        380      11960.5      11903      12736    132.2  gem_pputil_test_pmove_353_gpu     
     0.8          2958889        380       7786.6       7711       8672    155.3  gem_pputil_test_pmove_337_gpu     
     0.8          2826216        380       7437.4       7327       8128    145.4  gem_pputil_test_pmove_353_gpu__red
     0.7          2425581         20     121279.1     120928     122463    407.2  gkps_adiabatic_electron_287_gpu   
     0.5          1776433          1    1776433.0    1776433    1776433      0.0  gkps_adiabatic_electron_199_gpu   
     0.3          1228627        380       3233.2       3167       3904    125.8  gem_pputil_test_pmove_434_gpu     
     0.1           326747         20      16337.4      16287      16512     61.0  gem_pputil_test_init_pmove_144_gpu
     0.1           287070         20      14353.5      14176      14528    102.6  gkps_adiabatic_electron_403_gpu   
     0.1           282941         20      14147.1      13376      14399    226.3  gkps_adiabatic_electron_355_gpu   
     0.1           268765         20      13438.3      13280      13696    110.5  gkps_adiabatic_electron_433_gpu   
     0.1           226045         20      11302.3      11008      11520    139.3  gkps_adiabatic_electron_321_gpu   
     0.0           183677         20       9183.9       8832       9440    162.2  gem_pputil_test_init_pmove_117_gpu
     0.0           162558         20       8127.9       8063       8288     77.5  gkps_adiabatic_electron_459_gpu   
     0.0           161664         20       8083.2       8032       8192     49.2  gkps_adiabatic_electron_382_gpu   
     0.0            77472         20       3873.6       3839       4031     46.9  gem_pputil_test_init_pmove_215_gpu
     0.0            61215         20       3060.8       3008       3200     44.4  gem_pputil_test_init_pmove_102_gpu
 Time(%)  Total Time (ns)  Instances    Average     Minimum    Maximum   StdDev                  Name               
 -------  ---------------  ---------  -----------  ---------  ---------  -------  ----------------------------------
    60.4        222755260          1  222755260.0  222755260  222755260      0.0  gkps_adiabatic_electron_143_gpu   
    11.6         42743160          1   42743160.0   42743160   42743160      0.0  gkps_adiabatic_electron_231_gpu   
     8.4         31117748         10    3111774.8    3096822    3129877  10355.7  cpush_1123_gpu                    
     7.8         28766486         10    2876648.6    2867064    2882745   5215.6  ppush_659_gpu                     
     7.0         25922558         20    1296127.9    1282287    1485996  44757.6  grid1_1723_gpu                    
     1.2          4538469        380      11943.3      11903      12608    130.9  gem_pputil_test_pmove_353_gpu     
     0.8          2970385        380       7816.8       7775       8575    135.6  gem_pputil_test_pmove_337_gpu     
     0.8          2824351        380       7432.5       7328       8191    148.2  gem_pputil_test_pmove_353_gpu__red
     0.7          2428191         20     121409.6     121182     121950    200.4  gkps_adiabatic_electron_287_gpu   
     0.5          1742632          1    1742632.0    1742632    1742632      0.0  gkps_adiabatic_electron_199_gpu   
     0.3          1229292        380       3235.0       3167       3936    127.8  gem_pputil_test_pmove_434_gpu     
     0.1           326942         20      16347.1      16288      16448     41.9  gem_pputil_test_init_pmove_144_gpu
     0.1           285439         20      14272.0      14144      14592    103.3  gkps_adiabatic_electron_403_gpu   
     0.1           281082         20      14054.1      13312      14272    204.0  gkps_adiabatic_electron_355_gpu   
     0.1           268829         20      13441.5      13280      13632     87.8  gkps_adiabatic_electron_433_gpu   
     0.1           225660         20      11283.0      11007      11712    154.9  gkps_adiabatic_electron_321_gpu   
     0.0           176123         20       8806.2       8640       9120    148.2  gem_pputil_test_init_pmove_117_gpu
     0.0           162047         20       8102.4       8064       8224     42.2  gkps_adiabatic_electron_382_gpu   
     0.0           161887         20       8094.4       8032       8256     55.4  gkps_adiabatic_electron_459_gpu   
     0.0            77790         20       3889.5       3808       4000     53.5  gem_pputil_test_init_pmove_215_gpu
     0.0            61599         20       3080.0       3008       3264     62.1  gem_pputil_test_init_pmove_102_gpu



CUDA Memory Operation Statistics (by time):




CUDA Memory Operation Statistics (by time):




CUDA Memory Operation Statistics (by time):

 Time(%)  Total Time (ns)  Operations  Average  Minimum  Maximum   StdDev       Operation     
 -------  ---------------  ----------  -------  -------  -------  --------  ------------------
    76.3         20905838         762  27435.5     1280  1296116  108750.2  [CUDA memcpy HtoD]
    21.5          5891078         925   6368.7     1407   483932   28340.8  [CUDA memcpy DtoH]
     2.2           600248         450   1333.9     1280     2047      57.9  [CUDA memset]     



CUDA Kernel Statistics:

 Time(%)  Total Time (ns)  Operations  Average  Minimum  Maximum   StdDev       Operation     
 -------  ---------------  ----------  -------  -------  -------  --------  ------------------
    77.4         20978459         762  27530.8     1280  1319667  109268.4  [CUDA memcpy HtoD]
    20.4          5540580         925   5989.8     1376   487452   28123.7  [CUDA memcpy DtoH]
     2.2           602135         450   1338.1     1279     9888     408.5  [CUDA memset]     
 Time(%)  Total Time (ns)  Operations  Average  Minimum  Maximum   StdDev       Operation     
 -------  ---------------  ----------  -------  -------  -------  --------  ------------------
    77.9         22197229         762  29130.2     1279  1886221  120024.2  [CUDA memcpy HtoD]
    20.0          5704410         925   6166.9     1375   514459   28748.5  [CUDA memcpy DtoH]
     2.1           595649         450   1323.7     1279     1760      72.8  [CUDA memset]     
 Time(%)  Total Time (ns)  Instances    Average     Minimum    Maximum   StdDev                  Name               
 -------  ---------------  ---------  -----------  ---------  ---------  -------  ----------------------------------
    60.7        221156131          1  221156131.0  221156131  221156131      0.0  gkps_adiabatic_electron_143_gpu   
    11.1         40409046          1   40409046.0   40409046   40409046      0.0  gkps_adiabatic_electron_231_gpu   
     8.3         30440992         10    3044099.2    3035594    3057161   6997.5  cpush_1123_gpu                    
     7.8         28618220         10    2861822.0    2857130    2867531   3666.4  ppush_659_gpu                     
     7.2         26171582         20    1308579.1    1292982    1491157  43093.6  grid1_1723_gpu                    
     1.2          4540473        380      11948.6      11903      12704    133.7  gem_pputil_test_pmove_353_gpu     
     0.8          2971663        380       7820.2       7775       8640    151.4  gem_pputil_test_pmove_337_gpu     
     0.8          2828207        380       7442.7       7327       8256    148.1  gem_pputil_test_pmove_353_gpu__red
     0.7          2424688         20     121234.4     120895     121535    159.0  gkps_adiabatic_electron_287_gpu   
     0.5          1780563          1    1780563.0    1780563    1780563      0.0  gkps_adiabatic_electron_199_gpu   
     0.3          1229106        380       3234.5       3167       3904    126.4  gem_pputil_test_pmove_434_gpu     
     0.1           327296         20      16364.8      16287      16480     50.3  gem_pputil_test_init_pmove_144_gpu
     0.1           288415         20      14420.8      14304      14560     69.1  gkps_adiabatic_electron_403_gpu   
     0.1           282751         20      14137.6      13440      14368    197.9  gkps_adiabatic_electron_355_gpu   
     0.1           268286         20      13414.3      13312      13568     70.1  gkps_adiabatic_electron_433_gpu   
     0.1           226462         20      11323.1      11136      11584    114.7  gkps_adiabatic_electron_321_gpu   
     0.0           181726         20       9086.3       8640       9536    306.1  gem_pputil_test_init_pmove_117_gpu
     0.0           162368         20       8118.4       8064       8384     71.3  gkps_adiabatic_electron_459_gpu   
     0.0           162272         20       8113.6       8064       8224     53.4  gkps_adiabatic_electron_382_gpu   
     0.0            77342         20       3867.1       3807       4000     40.7  gem_pputil_test_init_pmove_215_gpu
     0.0            61151         20       3057.6       3007       3200     50.4  gem_pputil_test_init_pmove_102_gpu



CUDA Memory Operation Statistics (by time):

 Time(%)  Total Time (ns)  Operations  Average  Minimum  Maximum   StdDev       Operation     
 -------  ---------------  ----------  -------  -------  -------  --------  ------------------
    78.4         23032834         762  30226.8     1343  2315109  133260.9  [CUDA memcpy HtoD]
    19.4          5708888         925   6171.8     1439   486939   28208.9  [CUDA memcpy DtoH]
     2.1           627158         450   1393.7     1312    10495     434.3  [CUDA memset]     



CUDA Kernel Statistics:

 Time(%)  Total Time (ns)  Instances    Average     Minimum    Maximum   StdDev                  Name               
 -------  ---------------  ---------  -----------  ---------  ---------  -------  ----------------------------------
    49.5        223563222          1  223563222.0  223563222  223563222      0.0  gkps_adiabatic_electron_143_gpu   
    13.2         59639573         10    5963957.3    5951500    5989452  11762.8  cpush_1123_gpu                    
    12.4         56109747         10    5610974.7    5603567    5617743   4922.6  ppush_659_gpu                     
    11.4         51585980         20    2579299.0    2554665    2956742  88891.5  grid1_1723_gpu                    
     9.5         42722442          1   42722442.0   42722442   42722442      0.0  gkps_adiabatic_electron_231_gpu   
     1.0          4540992        380      11950.0      11903      12704    136.3  gem_pputil_test_pmove_353_gpu     
     0.7          2980613        380       7843.7       7775       8736    176.6  gem_pputil_test_pmove_337_gpu     
     0.6          2828625        380       7443.8       7327       8288    153.4  gem_pputil_test_pmove_353_gpu__red
     0.5          2433479         20     121674.0     121086     122047    214.1  gkps_adiabatic_electron_287_gpu   
     0.4          1758065          1    1758065.0    1758065    1758065      0.0  gkps_adiabatic_electron_199_gpu   
     0.3          1228981        380       3234.2       3168       3904    124.5  gem_pputil_test_pmove_434_gpu     
     0.1           331005         20      16550.3      16448      16640     54.5  gem_pputil_test_init_pmove_144_gpu
     0.1           308413         20      15420.7      14879      16288    366.3  gem_pputil_test_init_pmove_117_gpu
     0.1           286431         20      14321.6      14176      14528    108.2  gkps_adiabatic_electron_403_gpu   
     0.1           280926         20      14046.3      13408      14464    215.4  gkps_adiabatic_electron_355_gpu   
     0.1           268477         20      13423.9      13279      13600     98.3  gkps_adiabatic_electron_433_gpu   
     0.0           223871         20      11193.6      11008      11552    135.5  gkps_adiabatic_electron_321_gpu   
     0.0           162527         20       8126.4       8064       8288     63.6  gkps_adiabatic_electron_382_gpu   
     0.0           162080         20       8104.0       8064       8192     41.3  gkps_adiabatic_electron_459_gpu   
     0.0            79967         20       3998.4       3904       4128     67.6  gem_pputil_test_init_pmove_215_gpu
     0.0            61312         20       3065.6       3008       3296     73.9  gem_pputil_test_init_pmove_102_gpu



CUDA Memory Operation Statistics (by time):




CUDA Memory Operation Statistics (by time):

 Time(%)  Total Time (ns)  Operations  Average  Minimum  Maximum   StdDev       Operation     
 -------  ---------------  ----------  -------  -------  -------  --------  ------------------
    78.0         23314734         762  30596.8     1343  2469598  140326.7  [CUDA memcpy HtoD]
    20.0          5965485         925   6449.2     1439   943187   38567.3  [CUDA memcpy DtoH]
     2.1           613594         450   1363.5     1311     2529      83.1  [CUDA memset]     
 Time(%)  Total Time (ns)  Operations  Average  Minimum  Maximum   StdDev       Operation     
 -------  ---------------  ----------  -------  -------  -------  --------  ------------------
    78.7         22327933         762  29301.7     1279  1890192  119992.3  [CUDA memcpy HtoD]
    19.2          5459826         925   5902.5     1375   524860   28768.0  [CUDA memcpy DtoH]
     2.1           588920         450   1308.7     1248     1567      42.5  [CUDA memset]     



CUDA Memory Operation Statistics (by size in KiB):




CUDA Memory Operation Statistics (by size in KiB):




CUDA Memory Operation Statistics (by size in KiB):

   Total     Operations  Average  Minimum   Maximum    StdDev       Operation     
 ----------  ----------  -------  -------  ---------  --------  ------------------
  57721.516         925   62.402    0.004   6192.094   361.804  [CUDA memcpy DtoH]
 166334.438         762  218.287    0.004  15600.938  1008.787  [CUDA memcpy HtoD]
      1.875         450    0.004    0.004      0.008     0.001  [CUDA memset]     
   Total     Operations  Average  Minimum   Maximum    StdDev       Operation     
 ----------  ----------  -------  -------  ---------  --------  ------------------
  54708.391         925   59.144    0.004   6192.094   359.743  [CUDA memcpy DtoH]
 167822.250         762  220.239    0.004  15600.938  1009.222  [CUDA memcpy HtoD]
      1.875         450    0.004    0.004      0.008     0.001  [CUDA memset]     
   Total     Operations  Average  Minimum   Maximum    StdDev       Operation     
 ----------  ----------  -------  -------  ---------  --------  ------------------
  55906.438         925   60.439    0.004   6192.094   360.404  [CUDA memcpy DtoH]
 167237.250         762  219.471    0.004  15600.938  1009.043  [CUDA memcpy HtoD]
      1.875         450    0.004    0.004      0.008     0.001  [CUDA memset]     



CUDA Memory Operation Statistics (by time):

 Time(%)  Total Time (ns)  Operations  Average  Minimum  Maximum   StdDev       Operation     
 -------  ---------------  ----------  -------  -------  -------  --------  ------------------
    79.1         23094354         762  30307.6     1312  2314479  133291.3  [CUDA memcpy HtoD]
    18.8          5479937         925   5924.3     1439   483933   27950.2  [CUDA memcpy DtoH]
     2.1           609949         450   1355.4     1311     1760      51.8  [CUDA memset]     



CUDA Memory Operation Statistics (by size in KiB):

   Total     Operations  Average  Minimum   Maximum    StdDev       Operation     
 ----------  ----------  -------  -------  ---------  --------  ------------------
  55704.484         925   60.221    0.004   6192.094   360.278  [CUDA memcpy DtoH]
 167331.938         762  219.596    0.004  15600.938  1009.071  [CUDA memcpy HtoD]
      1.875         450    0.004    0.004      0.008     0.001  [CUDA memset]     



CUDA Memory Operation Statistics (by time):




CUDA Memory Operation Statistics (by size in KiB):




CUDA Memory Operation Statistics (by size in KiB):

 Time(%)  Total Time (ns)  Operations  Average  Minimum  Maximum   StdDev       Operation     
 -------  ---------------  ----------  -------  -------  -------  --------  ------------------
    77.0         23182353         762  30423.0     1343  2479595  140694.3  [CUDA memcpy HtoD]
    21.0          6318282         925   6830.6     1439   938456   38660.3  [CUDA memcpy DtoH]
     2.0           616760         450   1370.6     1312     1729      51.9  [CUDA memset]     
   Total     Operations  Average  Minimum   Maximum    StdDev       Operation     
 ----------  ----------  -------  -------  ---------  --------  ------------------
  53753.391         925   58.112    0.004   6192.094   359.366  [CUDA memcpy DtoH]
 168337.875         762  220.916    0.004  15600.938  1009.389  [CUDA memcpy HtoD]
      1.875         450    0.004    0.004      0.008     0.001  [CUDA memset]     
   Total     Operations  Average  Minimum   Maximum    StdDev       Operation     
 ----------  ----------  -------  -------  ---------  --------  ------------------
  54700.344         925   59.136    0.004   6192.094   359.739  [CUDA memcpy DtoH]
 167852.875         762  220.279    0.004  15600.938  1009.232  [CUDA memcpy HtoD]
      1.875         450    0.004    0.004      0.008     0.001  [CUDA memset]     



CUDA Memory Operation Statistics (by size in KiB):

   Total     Operations  Average  Minimum   Maximum    StdDev       Operation     
 ----------  ----------  -------  -------  ---------  --------  ------------------
  53857.766         925   58.225    0.004   6192.094   359.401  [CUDA memcpy DtoH]
 168267.875         762  220.824    0.004  15600.938  1009.366  [CUDA memcpy HtoD]
      1.875         450    0.004    0.004      0.008     0.001  [CUDA memset]     



CUDA Memory Operation Statistics (by size in KiB):

   Total     Operations  Average  Minimum   Maximum    StdDev       Operation     
 ----------  ----------  -------  -------  ---------  --------  ------------------
  58445.422         925   63.184    0.004   6192.094   362.494  [CUDA memcpy DtoH]
 165996.625         762  217.843    0.004  15600.938  1008.697  [CUDA memcpy HtoD]
      1.875         450    0.004    0.004      0.008     0.001  [CUDA memset]     








