 total MPI=            8  ntube=            1  particle per MPI=        66048 
        66048
  -9.0949470177292824E-013   1.1460090782575622E-014  -1.2271846303073670E-002
 dt,beta=     32.36611922270230        1.2195530804907236E-002
 amp,vpp,yd0 =    9.9999999999999998E-013    0.000000000000000      
    0.000000000000000     
 peritr,ifluid=             0            0
 tor,nonlin=     1.000000000000000                 1            1
 isuni=             0 amie=     1835.466660000000     
 kxcut,kycut,bcut=    0.2790349390931968        2.9823424198553751E-002 
    3000.000000000000     
 fradi,isg=     1.000000000000000         1.000000000000000     
 llk,mlk,onemd =            0            1            1
 vwidth (i,e), vcut=     8.000000000000000         8.000000000000000      
    15.00000000000000     
 rneu=     0.000000000000000     
 V-ExB switch=     0.000000000000000     
 V-parallel switch=     0.000000000000000     
 mm1=         66048
 pzcrite,encrit =     13.12507333974200         1.000000000000000     
 nue0 =     1.000000000000000         1.000000000000000      
    1.000000000000000     
 xn0e(1),xnir0 =     1.259257238570655         0.000000000000000     
 frequ, eru =     0.000000000000000         0.000000000000000     
 lxa,lymult,delra,r0a,rina,routa=   0.8600000000000000      
    2.000000000000000        5.0000000000000003E-002   0.5300000000000000      
   0.1000000000000000        0.9600000000000000     
 a,r0,rmaj0,q0,lx,ly,lz=    183.0854584038953         97.03529295406453      
    542.9878083918395        -1.315420320000000         157.4534942273500      
    231.7474945828893         4487.810323669831     
 t0,kyrhoi_local=   0.6032766210000000        2.9780916994334806E-002
 coefu =     0.000000000000000     
 ktheta*rhos =    2.9780916994334806E-002
 cs/a, q0, q0p, s^hat =    2.9997799499929889E-003   -1.315420320000000      
   6.0000000000000001E-003  -0.4426051117443489     
 rho* = rhos/a =    5.9995598999859779E-003
 f0p,psip(nr/2),Bunit,candyf0p =     0.000000000000000      
   -105.5991628023555         0.000000000000000         0.000000000000000     
 lxa min =   -0.4551608525320235     
 t0i(nr/2)=    0.6032766210000000     
 Gyrokrs =                        Inf
 omp_num_threads=            1
 cn0s=   0.7658063836858320         0.000000000000000      
    0.000000000000000         0.000000000000000         0.000000000000000     
 totvol,jacp,dum2=    226160705.1303338         2850.525946958880      
    2857.348312671386     
 after write totvol
 after cut
 before blendf
 after blendf
 after initialize
 lr0,lx,rin,a    97.03529295406453         157.4534942273500      
    18.30854584038953         183.0854584038953     
 before grid1   8.1419999999999993E-006
 after grid1   6.9390440000000001E-003
 end accumu   6.9428820000000000E-003
 after den0_phi   1.0045526000000001E-002
 after field solver   0.5771263750000000     
 after field   0.5771287899999999     
 after rmsphi   0.5771702260000000     
 with filter   0.5785955199999999     
      0   0.22009741E-12   0.00000000E+00   0.00000000E+00   0.11945572-315   0.00000000E+00   0.00000000E+00   0.14609490-315   0.11675759-318   0.52755407E-09   0.81388392E-11   0.52761685E-09
 before ppush   0.5954378620000000     
 ppush 1   0.5979955390000000     
 ppush point 2   0.6132021100000000     
 ppush point 2.0   0.6132137320000000     
 after test pmove 0   0.6172721329999999     
 after test pmove 1.1   0.6173866630000000     
 after test pmove 1.2   0.6175269200000000     
 after test pmove 1.3   0.6175949900000000     
 after test pmove 1.4   0.6176025820000000     
 after test pmove 2.0   0.6177621449999999     
 after test pmove 2.1   0.6180979280000001     
 after test pmove 3   0.6189554079999999     
 ppush point 2.1   0.6189592090000000     
 pmove part2    1.9500000003613849E-007
 pmove part3    2.8174999999963646E-005
 ppush point 2.2   0.6192388910000000     
 pmove part2    9.1999999951575262E-008
 pmove part3    1.5762999999946459E-005
 pmove part2    1.3500000006771984E-007
 pmove part3    1.5426000000040574E-005
 pmove part2    1.0400000005628129E-007
 pmove part3    1.8654000000006832E-005
 pmove part2    1.2900000001536682E-007
 pmove part3    1.5382000000063734E-005
 pmove part2    1.1200000005207045E-007
 pmove part3    1.5262000000015874E-005
 pmove part2    1.3400000009600177E-007
 pmove part3    1.5459999999967167E-005
 pmove part2    1.2100000001957767E-007
 pmove part3    1.5468000000073978E-005
 pmove part2    1.0399999994525899E-007
 pmove part3    1.6000000000016001E-005
 pmove part2    1.2900000001536682E-007
 pmove part3    1.5492000000061346E-005
 pmove part2    1.0000000005838672E-007
 pmove part3    1.5674999999992778E-005
 pmove part2    1.3200000004154333E-007
 pmove part3    1.5791000000042743E-005
 pmove part2    1.7000000007705296E-007
 pmove part3    1.5470999999989132E-005
 pmove part2    1.1399999988448428E-007
 pmove part3    1.5737000000015655E-005
 pmove part2    1.1900000007614153E-007
 pmove part3    1.5458000000023731E-005
 pmove part2    1.2799999993262645E-007
 pmove part3    1.5988999999994036E-005
 pmove part2    1.1099999996933008E-007
 pmove part3    2.7928000000065900E-005
 pmove part2    1.3099999995880296E-007
 pmove part3    1.5880999999939860E-005
 pmove part2    9.1000000090879496E-008
 pmove part3    1.6070999999895363E-005
 ppush point 3   0.6220683229999999     
 after ppush   0.6220696540000000     
 after cpush   0.6220703300000000     
 before grid1   0.6220745550000000     
 after grid1   0.6272816600000000     
 end accumu   0.6272846960000000     
 after den0_phi   0.6300379000000000     
 after field solver   0.6335287000000001     
 after field   0.6335299360000000     
 after rmsphi   0.6335505880000001     
 with filter   0.6349095990000000     
 before ppush   0.6356645940000001     
 after ppush   0.6356659320000000     
 after cpush 2
 after cpush 3
 after test pmove 0   0.6527573900000000     
 after test pmove 1.1   0.6528694570000000     
 after test pmove 1.2   0.6530190110000000     
 after test pmove 1.3   0.6530791190000000     
 after test pmove 1.4   0.6530818640000000     
 after test pmove 2.0   0.6532232620000000     
 after test pmove 2.1   0.6534483670000000     
 after test pmove 3   0.6536956279999999     
 pmove part2    2.6999999991339507E-007
 pmove part3    1.7594999999981376E-005
 pmove part2    9.3000000145337935E-008
 pmove part3    1.5764000000029199E-005
 pmove part2    1.0400000005628129E-007
 pmove part3    1.5898999999874874E-005
 pmove part2    7.4999999988278887E-008
 pmove part3    1.4904999999898472E-005
 pmove part2    1.4900000000483971E-007
 pmove part3    1.4968000000004089E-005
 pmove part2    8.6000000010244548E-008
 pmove part3    1.4940999999990545E-005
 pmove part2    8.9000000036421056E-008
 pmove part3    1.4893999999987528E-005
 pmove part2    1.1700000013270540E-007
 pmove part3    1.4906000000092234E-005
 pmove part2    8.2000000012349972E-008
 pmove part3    1.4937999999964369E-005
 pmove part2    1.0999999999761201E-007
 pmove part3    1.4833999999908087E-005
 pmove part2    7.0000000018666242E-008
 pmove part3    1.5349000000108859E-005
 pmove part2    8.2999999984068040E-008
 pmove part3    1.5032000000081425E-005
 pmove part2    1.1899999996511923E-007
 pmove part3    1.5075999999947243E-005
 pmove part2    9.6000000060492141E-008
 pmove part3    1.5023000000002895E-005
 pmove part2    1.1700000002168309E-007
 pmove part3    1.5427999999984010E-005
 pmove part2    8.2000000123372274E-008
 pmove part3    1.5141999999968014E-005
 pmove part2    9.6000000060492141E-008
 pmove part3    1.8139000000028105E-005
 pmove part2    1.0999999999761201E-007
 pmove part3    1.4922999999944508E-005
 pmove part2    1.0200000000182285E-007
 pmove part3    1.5965999999978386E-005
 after cpush 3
 after cpush   0.6558531990000001     
 before grid1   0.6559311139999999     
 after grid1   0.6609898630000000     
 end accumu   0.6609931390000000     
 after den0_phi   0.6637930850000000     
 after field solver   0.6673023050000000     
 after field   0.6673036330000000     
 after rmsphi   0.6673250450000000     
 with filter   0.6686625710000000     
     32   0.19736176E-01   0.00000000E+00   0.00000000E+00   0.11946097-315   0.68587320E-12  -0.42276359E-12   0.19191620E-02   0.11675759-318   0.95363495E-02   0.40621170E-01   0.41725549E-01
 before ppush   0.6720657180000000     
 ppush 1   0.6720692440000000     
 ppush point 2   0.6777850620000000     
 ppush point 2.0   0.6778004799999999     
 after test pmove 0   0.6778402059999999     
 after test pmove 1.1   0.6779459030000000     
 after test pmove 1.2   0.6781087230000000     
 after test pmove 1.3   0.6781741070000000     
 after test pmove 1.4   0.6781769170000000     
 after test pmove 2.0   0.6783345820000000     
 after test pmove 2.1   0.6785698220000000     
 after test pmove 3   0.6788303310000000     
 ppush point 2.1   0.6788351880000000     
 pmove part2    1.6799999991157222E-007
 pmove part3    1.7691000000041868E-005
 ppush point 2.2   0.6790161280000000     
 pmove part2    1.4500000000694513E-007
 pmove part3    1.6268999999957678E-005
 pmove part2    1.4199999998076862E-007
 pmove part3    1.5310999999962327E-005
 pmove part2    1.1300000002378852E-007
 pmove part3    1.5511999999939796E-005
 pmove part2    8.6000000010244548E-008
 pmove part3    1.5146000000076931E-005
 pmove part2    1.2800000004364875E-007
 pmove part3    1.5313999999988503E-005
 pmove part2    9.4999999977751770E-008
 pmove part3    1.5036999999940015E-005
 pmove part2    1.9900000003403306E-007
 pmove part3    1.4913000000005283E-005
 pmove part2    7.8999999986173464E-008
 pmove part3    1.5261000000044156E-005
 pmove part2    1.2200000010231804E-007
 pmove part3    1.5286999999863937E-005
 pmove part2    1.4000000003733248E-007
 pmove part3    1.5034999999885557E-005
 pmove part2    9.7000000032210210E-008
 pmove part3    1.5506999999859161E-005
 pmove part2    1.0999999999761201E-007
 pmove part3    1.5144000000022473E-005
 pmove part2    1.2500000001747225E-007
 pmove part3    1.5367000000043873E-005
 pmove part2    1.0599999988869513E-007
 pmove part3    1.6314999999877955E-005
 pmove part2    9.9000000086668649E-008
 pmove part3    1.5678000000018955E-005
 pmove part2    1.0599999988869513E-007
 pmove part3    1.9170999999928995E-005
 pmove part2    1.1399999988448428E-007
 pmove part3    1.5448000000084505E-005
 pmove part2    1.9399999995339812E-007
 pmove part3    1.5925999999888418E-005
 ppush point 3   0.6817017390000000     
 after ppush   0.6817030850000000     
 after cpush   0.6817038090000000     
 before grid1   0.6817078670000001     
 after grid1   0.6868254149999999     
 end accumu   0.6868371099999999     
 after den0_phi   0.6896497740000000     
 after field solver   0.6932606430000000     
 after field   0.6932619990000000     
 after rmsphi   0.6932830780000000     
 with filter   0.6946673670000000     
 before ppush   0.6954354910000000     
 after ppush   0.6954367060000000     
 after cpush 2
 after cpush 3
 after test pmove 0   0.7017025590000000     
 after test pmove 1.1   0.7018115560000000     
 after test pmove 1.2   0.7019826460000000     
 after test pmove 1.3   0.7020426710000001     
 after test pmove 1.4   0.7020454430000000     
 after test pmove 2.0   0.7022132249999999     
 after test pmove 2.1   0.7024291090000000     
 after test pmove 3   0.7027076930000000     
 pmove part2    1.5999999991578306E-007
 pmove part3    1.7418999999962992E-005
 pmove part2    1.0799999994315357E-007
 pmove part3    1.5755000000061692E-005
 pmove part2    9.2999999923293331E-008
 pmove part3    1.5490999999978605E-005
 pmove part2    6.2999999883572855E-008
 pmove part3    1.5151000000046544E-005
 pmove part2    9.5999999949469839E-008
 pmove part3    1.5070000000005912E-005
 pmove part2    8.2000000012349972E-008
 pmove part3    1.4748000000008865E-005
 pmove part2    8.9999999897116822E-008
 pmove part3    1.4882000000104867E-005
 pmove part2    9.9999999947364415E-008
 pmove part3    1.6832999999993881E-005
 pmove part2    7.4000000127583121E-008
 pmove part3    1.4930000000079602E-005
 pmove part2    1.0000000005838672E-007
 pmove part3    1.7010000000095005E-005
 pmove part2    1.0200000000182285E-007
 pmove part3    1.8709000000005638E-005
 pmove part2    9.8000000003928278E-008
 pmove part3    1.5431000000010187E-005
 pmove part2    1.4600000008968550E-007
 pmove part3    1.4873999999998055E-005
 pmove part2    1.2799999993262645E-007
 pmove part3    1.4945000000099462E-005
 pmove part2    1.2699999996090838E-007
 pmove part3    1.4872999999915315E-005
 pmove part2    7.7999999903433093E-008
 pmove part3    1.4656999999917986E-005
 pmove part2    1.0599999999971743E-007
 pmove part3    1.5520000000046608E-005
 pmove part2    1.0900000002589394E-007
 pmove part3    1.5499000000085417E-005
 pmove part2    8.2000000123372274E-008
 pmove part3    1.5338999999947589E-005
 after cpush 3
 after cpush   0.7050616119999999     
 before grid1   0.7050683410000000     
 after grid1   0.7115884660000000     
 end accumu   0.7115917010000000     
 after den0_phi   0.7160222900000000     
 after field solver   0.7206388490000000     
 after field   0.7206401320000000     
 after rmsphi   0.7206663639999999     
 with filter   0.7224128110000000     
     64   0.30761827E-01   0.00000000E+00   0.00000000E+00   0.11946497-315   0.78751189E-12  -0.48881385E-12   0.20964878E-02   0.43682561-315  -0.56178197E-01   0.21072498E-01   0.60000333E-01
 before ppush   0.7263092449999999     
 ppush 1   0.7263128000000000     
 ppush point 2   0.7320223290000001     
 ppush point 2.0   0.7320374820000000     
 after test pmove 0   0.7320784140000001     
 after test pmove 1.1   0.7321975979999999     
 after test pmove 1.2   0.7323750270000000     
 after test pmove 1.3   0.7324420810000001     
 after test pmove 1.4   0.7324447340000000     
 after test pmove 2.0   0.7326176000000000     
 after test pmove 2.1   0.7328254460000000     
 after test pmove 3   0.7331475439999999     
 ppush point 2.1   0.7331542980000000     
 pmove part2    1.8000000001627825E-007
 pmove part3    1.7806999999980810E-005
 ppush point 2.2   0.7333561620000000     
 pmove part2    1.2599999998919031E-007
 pmove part3    1.6200000000132775E-005
 pmove part2    1.3800000009389635E-007
 pmove part3    1.5869000000057198E-005
 pmove part2    1.0800000005417587E-007
 pmove part3    1.6052999999960349E-005
 pmove part2    1.6599999996813608E-007
 pmove part3    1.5608000000000288E-005
 pmove part2    1.2399999993473187E-007
 pmove part3    1.4872000000054619E-005
 pmove part2    1.2700000007193069E-007
 pmove part3    1.5612999999969901E-005
 pmove part2    2.2599999993655473E-007
 pmove part3    1.5122999999950260E-005
 pmove part2    1.3699999990013367E-007
 pmove part3    1.5230000000032717E-005
 pmove part2    1.1700000002168309E-007
 pmove part3    1.5302999999966538E-005
 pmove part2    9.9999999947364415E-008
 pmove part3    1.5332999999895236E-005
 pmove part2    1.8699999992932703E-007
 pmove part3    1.4921999999972790E-005
 pmove part2    1.1300000002378852E-007
 pmove part3    2.3337000000012154E-005
 pmove part2    9.1999999951575262E-008
 pmove part3    1.5070000000005912E-005
 pmove part2    8.4000000066808411E-008
 pmove part3    1.5105999999986963E-005
 pmove part2    9.1999999951575262E-008
 pmove part3    1.5125000000004718E-005
 pmove part2    1.1799999999340116E-007
 pmove part3    1.5545999999977411E-005
 pmove part2    2.0200000006020957E-007
 pmove part3    1.5565999999966884E-005
 pmove part2    1.1500000007824696E-007
 pmove part3    1.5721999999995795E-005
 ppush point 3   0.7363883220000000     
 after ppush   0.7363894420000000     
 after cpush   0.7363901490000000     
 before grid1   0.7363982480000000     
 after grid1   0.7427997890000000     
 end accumu   0.7428031100000000     
 after den0_phi   0.7464412730000001     
 after field solver   0.7500772310000000     
 after field   0.7500787610000000     
 after rmsphi   0.7501067150000000     
 with filter   0.7514783200000000     
 before ppush   0.7522187730000001     
 after ppush   0.7522200090000000     
 after cpush 2
 after cpush 3
 after test pmove 0   0.7584598620000000     
 after test pmove 1.1   0.7585726750000000     
 after test pmove 1.2   0.7587546360000000     
 after test pmove 1.3   0.7588333360000000     
 after test pmove 1.4   0.7588364840000000     
 after test pmove 2.0   0.7590202210000000     
 after test pmove 2.1   0.7592404930000000     
 after test pmove 3   0.7594920160000000     
 pmove part2    1.9100000003824391E-007
 pmove part3    1.7365000000046926E-005
 pmove part2    1.4399999992420476E-007
 pmove part3    1.5165999999955382E-005
 pmove part2    1.2599999998919031E-007
 pmove part3    1.5530999999957551E-005
 pmove part2    1.0200000000182285E-007
 pmove part3    1.5250000000022190E-005
 pmove part2    1.0000000005838672E-007
 pmove part3    1.5290000000001136E-005
 pmove part2    7.4999999988278887E-008
 pmove part3    1.4775000000022409E-005
 pmove part2    1.0900000002589394E-007
 pmove part3    1.4877999999995950E-005
 pmove part2    1.0400000005628129E-007
 pmove part3    1.4909999999979107E-005
 pmove part2    1.0000000005838672E-007
 pmove part3    1.4899999999928859E-005
 pmove part2    1.0200000000182285E-007
 pmove part3    1.5121000000006823E-005
 pmove part2    7.8000000014455395E-008
 pmove part3    1.4952999999984229E-005
 pmove part2    7.5000000099301189E-008
 pmove part3    1.4942999999933981E-005
 pmove part2    7.0999999990384310E-008
 pmove part3    1.8312999999992030E-005
 pmove part2    1.0299999997354092E-007
 pmove part3    1.4815000000001355E-005
 pmove part2    7.6999999931715024E-008
 pmove part3    1.4852999999925842E-005
 pmove part2    7.8000000014455395E-008
 pmove part3    1.4913000000005283E-005
 pmove part2    1.1200000005207045E-007
 pmove part3    1.5211000000014963E-005
 pmove part2    7.7000000042737327E-008
 pmove part3    1.5940000000047583E-005
 pmove part2    1.0900000002589394E-007
 pmove part3    1.5702000000006322E-005
 after cpush 3
 after cpush   0.7616496699999999     
 before grid1   0.7616562410000001     
 after grid1   0.7668424420000000     
 end accumu   0.7668471340000000     
 after den0_phi   0.7696345070000000     
 after field solver   0.7730973630000000     
 after field   0.7730986860000000     
 after rmsphi   0.7731185469999999     
 with filter   0.7744657550000000     
     97   0.43903627E-01   0.00000000E+00   0.00000000E+00   0.11947553-315   0.33117987E-11   0.20918617E-11   0.23733945E-02   0.43778141-315   0.71404459E-02   0.29743338E-01   0.30588431E-01
 before ppush   0.7774230600000001     
 ppush 1   0.7774265760000000     
 ppush point 2   0.7831353920000000     
 ppush point 2.0   0.7831486519999999     
 after test pmove 0   0.7831887120000001     
 after test pmove 1.1   0.7832875530000000     
 after test pmove 1.2   0.7834831449999999     
 after test pmove 1.3   0.7835445350000000     
 after test pmove 1.4   0.7835471340000000     
 after test pmove 2.0   0.7837437010000000     
 after test pmove 2.1   0.7839489430000000     
 after test pmove 3   0.7842207890000000     
 ppush point 2.1   0.7842265460000000     
 pmove part2    1.7100000004877103E-007
 pmove part3    1.8021999999895399E-005
 ppush point 2.2   0.7844062740000000     
 pmove part2    1.4799999992209933E-007
 pmove part3    1.5831000000021689E-005
 pmove part2    1.2399999993473187E-007
 pmove part3    1.6027999999890241E-005
 pmove part2    1.0500000002799936E-007
 pmove part3    1.5513999999994255E-005
 pmove part2    1.2300000007403611E-007
 pmove part3    1.5678000000018955E-005
 pmove part2    7.9999999957891532E-008
 pmove part3    1.5313999999988503E-005
 pmove part2    1.2299999996301381E-007
 pmove part3    1.5043999999964086E-005
 pmove part2    9.7000000032210210E-008
 pmove part3    1.5050000000016439E-005
 pmove part2    9.5999999949469839E-008
 pmove part3    1.5394000000057417E-005
 pmove part2    8.3999999955786109E-008
 pmove part3    1.5108000000041422E-005
 pmove part2    1.0900000002589394E-007
 pmove part3    1.5457000000052012E-005
 pmove part2    1.1499999996722465E-007
 pmove part3    1.5218000000039034E-005
 pmove part2    1.1300000002378852E-007
 pmove part3    1.5597999999950041E-005
 pmove part2    1.1799999999340116E-007
 pmove part3    1.4980999999969491E-005
 pmove part2    1.1899999996511923E-007
 pmove part3    1.7822000000000671E-005
 pmove part2    9.9999999947364415E-008
 pmove part3    1.5344000000028224E-005
 pmove part2    1.2100000001957767E-007
 pmove part3    1.5786000000073130E-005
 pmove part2    2.0000000000575113E-007
 pmove part3    1.5640999999955163E-005
 pmove part2    1.1499999996722465E-007
 pmove part3    1.5994000000074671E-005
 ppush point 3   0.7871208250000000     
 after ppush   0.7871223210000000     
 after cpush   0.7871230550000000     
 before grid1   0.7871273570000000     
 after grid1   0.7921960060000000     
 end accumu   0.7921989500000000     
 after den0_phi   0.7950020330000001     
 after field solver   0.7984686890000000     
 after field   0.7984701190000000     
 after rmsphi   0.7984915220000000     
 with filter   0.7998214160000000     
 before ppush   0.8005801850000001     
 after ppush   0.8005814830000000     
 after cpush 2
 after cpush 3
 after test pmove 0   0.8068408220000001     
 after test pmove 1.1   0.8069377820000000     
 after test pmove 1.2   0.8071425270000000     
 after test pmove 1.3   0.8072065420000000     
 after test pmove 1.4   0.8072092160000000     
 after test pmove 2.0   0.8074107960000000     
 after test pmove 2.1   0.8076224620000000     
 after test pmove 3   0.8078982110000000     
 pmove part2    1.7399999996392523E-007
 pmove part3    2.0343999999949958E-005
 pmove part2    1.4100000000905055E-007
 pmove part3    1.5101999999989069E-005
 pmove part2    1.0200000000182285E-007
 pmove part3    1.8021999999895399E-005
 pmove part2    5.8000000024982512E-008
 pmove part3    1.5311000000073349E-005
 pmove part2    5.5999999970524073E-008
 pmove part3    1.5697999999897405E-005
 pmove part2    7.6999999931715024E-008
 pmove part3    1.5360000000019802E-005
 pmove part2    1.1700000002168309E-007
 pmove part3    1.4945000000099462E-005
 pmove part2    1.0099999991908248E-007
 pmove part3    1.5498999999974394E-005
 pmove part2    1.0000000005838672E-007
 pmove part3    1.4970000000058548E-005
 pmove part2    1.0200000000182285E-007
 pmove part3    1.4940000000018827E-005
 pmove part2    1.1099999996933008E-007
 pmove part3    1.5160999999985769E-005
 pmove part2    8.3999999955786109E-008
 pmove part3    1.4890999999961352E-005
 pmove part2    7.7000000042737327E-008
 pmove part3    1.5089999999995385E-005
 pmove part2    1.0100000003010479E-007
 pmove part3    1.4886999999963457E-005
 pmove part2    1.0100000003010479E-007
 pmove part3    1.5313999999988503E-005
 pmove part2    7.4999999988278887E-008
 pmove part3    1.4999000000015528E-005
 pmove part2    7.4999999988278887E-008
 pmove part3    1.4446999999973009E-005
 pmove part2    1.1700000002168309E-007
 pmove part3    1.5032000000081425E-005
 pmove part2    9.7000000032210210E-008
 pmove part3    1.5493000000033064E-005
 after cpush 3
 after cpush   0.8100848160000000     
 before grid1   0.8100914010000000     
 after grid1   0.8151707619999999     
 end accumu   0.8151739580000000     
 after den0_phi   0.8179915580000000     
 after field solver   0.8214974910000000     
 after field   0.8214987540000001     
 after rmsphi   0.8215208680000000     
 with filter   0.8229081410000000     
    129   0.59063697E-01   0.00000000E+00   0.00000000E+00   0.11948490-315   0.35884635E-11   0.52833834E-11   0.26982893E-02   0.95702010-311  -0.10673951E-02   0.73482563E-02   0.74253756E-02
 before ppush   0.8258884220000000     
 ppush 1   0.8258919520000000     
 ppush point 2   0.8316029410000000     
 ppush point 2.0   0.8316133680000000     
 after test pmove 0   0.8316521400000000     
 after test pmove 1.1   0.8317575230000001     
 after test pmove 1.2   0.8319679520000001     
 after test pmove 1.3   0.8320304350000001     
 after test pmove 1.4   0.8320330370000000     
 after test pmove 2.0   0.8322479140000000     
 after test pmove 2.1   0.8324615720000000     
 after test pmove 3   0.8327262770000000     
 ppush point 2.1   0.8327312030000000     
 pmove part2    1.6599999996813608E-007
 pmove part3    2.1550000000036817E-005
 ppush point 2.2   0.8329118790000000     
 pmove part2    1.7099999993774873E-007
 pmove part3    1.5352000000024013E-005
 pmove part2    1.3600000003943791E-007
 pmove part3    1.5333999999977976E-005
 pmove part2    1.2100000001957767E-007
 pmove part3    1.5338999999947589E-005
 pmove part2    1.1500000007824696E-007
 pmove part3    2.1096999999969945E-005
 pmove part2    1.1200000005207045E-007
 pmove part3    1.5207000000017068E-005
 pmove part2    1.0799999994315357E-007
 pmove part3    1.5902000000123095E-005
 pmove part2    1.3600000003943791E-007
 pmove part3    1.5441000000060434E-005
 pmove part2    1.1099999996933008E-007
 pmove part3    1.5230000000032717E-005
 pmove part2    1.0600000011073973E-007
 pmove part3    1.5815999999890806E-005
 pmove part2    1.3399999998497947E-007
 pmove part3    1.5273000000037840E-005
 pmove part2    1.0200000000182285E-007
 pmove part3    1.5389999999948500E-005
 pmove part2    1.3900000006561442E-007
 pmove part3    1.5423000000014397E-005
 pmove part2    1.2999999998708489E-007
 pmove part3    1.5290999999972854E-005
 pmove part2    1.2100000001957767E-007
 pmove part3    1.5628999999961479E-005
 pmove part2    1.7799999996181981E-007
 pmove part3    1.5164000000011946E-005
 pmove part2    1.4999999997655777E-007
 pmove part3    1.5211999999986681E-005
 pmove part2    1.0899999991487164E-007
 pmove part3    1.5273000000037840E-005
 pmove part2    1.4300000006350899E-007
 pmove part3    1.5313999999988503E-005
 ppush point 3   0.8356365190000000     
 after ppush   0.8356379780000001     
 after cpush   0.8356387010000000     
 before grid1   0.8356426889999999     
 after grid1   0.8406744330000000     
 end accumu   0.8406777870000000     
 after den0_phi   0.8435554350000000     
 after field solver   0.8470989650000000     
 after field   0.8471002900000000     
 after rmsphi   0.8471225870000000     
 with filter   0.8484531960000000     
 before ppush   0.8492014820000000     
 after ppush   0.8492025599999999     
 after cpush 2
 after cpush 3
 after test pmove 0   0.8554904440000000     
 after test pmove 1.1   0.8555976400000000     
 after test pmove 1.2   0.8558129210000001     
 after test pmove 1.3   0.8558733990000000     
 after test pmove 1.4   0.8558762660000000     
 after test pmove 2.0   0.8560970980000000     
 after test pmove 2.1   0.8563224880000000     
 after test pmove 3   0.8565826679999999     
 pmove part2    1.5700000011165116E-007
 pmove part3    1.7270000000069174E-005
 pmove part2    1.3200000004154333E-007
 pmove part3    1.5316000000042962E-005
 pmove part2    1.0999999999761201E-007
 pmove part3    1.5180000000003524E-005
 pmove part2    1.2799999993262645E-007
 pmove part3    1.5426000000040574E-005
 pmove part2    1.0399999994525899E-007
 pmove part3    1.4804999999951107E-005
 pmove part2    7.0999999990384310E-008
 pmove part3    1.4821000000053708E-005
 pmove part2    7.8999999986173464E-008
 pmove part3    1.4787000000016093E-005
 pmove part2    7.8000000014455395E-008
 pmove part3    1.4930000000079602E-005
 pmove part2    7.8000000014455395E-008
 pmove part3    1.4810000000031742E-005
 pmove part2    8.2999999984068040E-008
 pmove part3    3.2112000000084073E-005
 pmove part2    7.7000000042737327E-008
 pmove part3    1.5047999999961981E-005
 pmove part2    1.1199999994104815E-007
 pmove part3    1.5022000000031177E-005
 pmove part2    1.0300000008456323E-007
 pmove part3    1.5042000000020650E-005
 pmove part2    1.0500000002799936E-007
 pmove part3    1.4866000000002266E-005
 pmove part2    1.0399999994525899E-007
 pmove part3    1.9375999999904359E-005
 pmove part2    7.7000000042737327E-008
 pmove part3    1.4942000000073286E-005
 pmove part2    1.0399999994525899E-007
 pmove part3    1.4842000000014899E-005
 pmove part2    1.0400000005628129E-007
 pmove part3    1.4796999999955318E-005
 pmove part2    8.2000000012349972E-008
 pmove part3    1.4936999999992651E-005
 after cpush 3
 after cpush   0.8588069940000000     
 before grid1   0.8588243390000000     
 after grid1   0.8639278100000000     
 end accumu   0.8639315420000000     
 after den0_phi   0.8667766820000000     
 after field solver   0.8702358530000001     
 after field   0.8702369020000000     
 after rmsphi   0.8702615990000000     
 with filter   0.8715865060000000     
    161   0.79917497E-01   0.00000000E+00   0.00000000E+00   0.11949539-315   0.31700169E-11   0.13232916E-11   0.30497953E-02   0.43789833-315   0.38433286E-01   0.12978222E-01   0.40565400E-01
 before ppush   0.8744568850000000     
 ppush 1   0.8744601510000000     
 ppush point 2   0.8801835130000000     
 ppush point 2.0   0.8801930840000000     
 after test pmove 0   0.8802327190000000     
 after test pmove 1.1   0.8803459560000000     
 after test pmove 1.2   0.8805728690000000     
 after test pmove 1.3   0.8806405930000000     
 after test pmove 1.4   0.8806431440000000     
 after test pmove 2.0   0.8808762710000000     
 after test pmove 2.1   0.8810937560000001     
 after test pmove 3   0.8813541720000000     
 ppush point 2.1   0.8813598000000000     
 pmove part2    1.5700000000062886E-007
 pmove part3    1.7585000000042150E-005
 ppush point 2.2   0.8815430060000000     
 pmove part2    1.2699999996090838E-007
 pmove part3    1.5655999999975023E-005
 pmove part2    1.2999999998708489E-007
 pmove part3    1.5541999999979517E-005
 pmove part2    1.4299999995248669E-007
 pmove part3    1.5215999999984575E-005
 pmove part2    1.0599999999971743E-007
 pmove part3    1.4992999999963175E-005
 pmove part2    1.0200000000182285E-007
 pmove part3    1.4960999999980018E-005
 pmove part2    1.2100000001957767E-007
 pmove part3    1.5376999999983099E-005
 pmove part2    1.0099999991908248E-007
 pmove part3    1.5156999999987875E-005
 pmove part2    1.1300000002378852E-007
 pmove part3    1.5135000000054966E-005
 pmove part2    9.0000000008139125E-008
 pmove part3    1.5097999999991174E-005
 pmove part2    9.0999999979857193E-008
 pmove part3    1.5119999999924083E-005
 pmove part2    1.1899999996511923E-007
 pmove part3    1.8820000000085990E-005
 pmove part2    9.4999999977751770E-008
 pmove part3    1.5256999999935239E-005
 pmove part2    1.0599999999971743E-007
 pmove part3    1.9349000000001837E-005
 pmove part2    9.3000000034315633E-008
 pmove part3    1.5611000000026465E-005
 pmove part2    1.3099999995880296E-007
 pmove part3    1.5057000000040510E-005
 pmove part2    1.2000000004785960E-007
 pmove part3    1.5262999999987592E-005
 pmove part2    9.2000000062597564E-008
 pmove part3    1.5044999999935804E-005
 pmove part2    1.0499999991697706E-007
 pmove part3    1.5488000000063451E-005
 ppush point 3   0.8842543800000000     
 after ppush   0.8842557370000000     
 after cpush   0.8842563630000000     
 before grid1   0.8842603930000000     
 after grid1   0.8892950580000000     
 end accumu   0.8892985350000000     
 after den0_phi   0.8922321540000000     
 after field solver   0.8958095760000000     
 after field   0.8958104980000000     
 after rmsphi   0.8958363990000000     
 with filter   0.8971644750000000     
 before ppush   0.8979280230000000     
 after ppush   0.8979290840000000     
 after cpush 2
 after cpush 3
 after test pmove 0   0.9041804850000000     
 after test pmove 1.1   0.9042828950000000     
 after test pmove 1.2   0.9045166640000000     
 after test pmove 1.3   0.9045769020000000     
 after test pmove 1.4   0.9045795390000000     
 after test pmove 2.0   0.9048240760000000     
 after test pmove 2.1   0.9050393570000000     
 after test pmove 3   0.9053122020000000     
 pmove part2    1.6099999999852344E-007
 pmove part3    1.7672000000024113E-005
 pmove part2    1.2100000001957767E-007
 pmove part3    1.4817000000055813E-005
 pmove part2    1.1899999996511923E-007
 pmove part3    1.4889000000017916E-005
 pmove part2    9.5000000088774073E-008
 pmove part3    1.5571000000047519E-005
 pmove part2    1.7400000007494754E-007
 pmove part3    1.5026000000029072E-005
 pmove part2    8.1000000040631903E-008
 pmove part3    1.5258000000017979E-005
 pmove part2    1.1600000004996502E-007
 pmove part3    1.4866999999973984E-005
 pmove part2    1.0499999991697706E-007
 pmove part3    1.5052999999931593E-005
 pmove part2    1.0399999994525899E-007
 pmove part3    1.5266999999985487E-005
 pmove part2    1.0200000000182285E-007
 pmove part3    1.5029000000055248E-005
 pmove part2    1.0699999997143550E-007
 pmove part3    1.5128000000030895E-005
 pmove part2    9.9999999947364415E-008
 pmove part3    1.5053000000042616E-005
 pmove part2    7.4999999988278887E-008
 pmove part3    1.5078000000001701E-005
 pmove part2    1.0399999994525899E-007
 pmove part3    1.5313999999988503E-005
 pmove part2    7.4000000016560818E-008
 pmove part3    1.5045000000046826E-005
 pmove part2    1.1799999999340116E-007
 pmove part3    2.0004000000017896E-005
 pmove part2    1.2499999990644994E-007
 pmove part3    1.4916000000031460E-005
 pmove part2    1.0099999991908248E-007
 pmove part3    1.4915000000059742E-005
 pmove part2    7.8000000014455395E-008
 pmove part3    1.5090999999967103E-005
 after cpush 3
 after cpush   0.9075486750000000     
 before grid1   0.9075599700000000     
 after grid1   0.9125733630000000     
 end accumu   0.9125764800000000     
 after den0_phi   0.9153865839999999     
 after field solver   0.9188436420000000     
 after field   0.9188445380000000     
 after rmsphi   0.9188653190000000     
 with filter   0.9202086590000000     
    194   0.88094860E-01   0.00000000E+00   0.00000000E+00   0.11950706-315  -0.26301017E-12  -0.11453158E-10   0.34185981E-02   0.00000000E+00   0.31080529E-01   0.21358667E-01   0.37711960E-01
 before ppush   0.9233373570000000     
 ppush 1   0.9233409520000000     
 ppush point 2   0.9290602640000000     
 ppush point 2.0   0.9290695800000000     
 after test pmove 0   0.9291082960000000     
 after test pmove 1.1   0.9292110560000000     
 after test pmove 1.2   0.9294553860000000     
 after test pmove 1.3   0.9295161480000000     
 after test pmove 1.4   0.9295187590000000     
 after test pmove 2.0   0.9297746440000000     
 after test pmove 2.1   0.9299962180000000     
 after test pmove 3   0.9302710350000000     
 ppush point 2.1   0.9302758730000000     
 pmove part2    1.6600000007915838E-007
 pmove part3    1.7963999999981439E-005
 ppush point 2.2   0.9304621490000000     
 pmove part2    1.2999999998708489E-007
 pmove part3    1.5745999999983162E-005
 pmove part2    1.5099999994827584E-007
 pmove part3    1.5309999999990609E-005
 pmove part2    1.1799999999340116E-007
 pmove part3    1.4979000000026055E-005
 pmove part2    1.2100000001957767E-007
 pmove part3    1.5058999999983946E-005
 pmove part2    1.4800000003312164E-007
 pmove part3    1.5201999999936433E-005
 pmove part2    9.8000000003928278E-008
 pmove part3    1.5245999999913273E-005
 pmove part2    9.8999999975646347E-008
 pmove part3    1.5146999999937627E-005
 pmove part2    8.6000000010244548E-008
 pmove part3    1.5158000000070615E-005
 pmove part2    9.8000000003928278E-008
 pmove part3    1.5207999999988786E-005
 pmove part2    1.2000000004785960E-007
 pmove part3    1.5339000000058611E-005
 pmove part2    1.2100000001957767E-007
 pmove part3    1.5084000000054054E-005
 pmove part2    8.6999999981962617E-008
 pmove part3    1.5282999999977065E-005
 pmove part2    1.0699999997143550E-007
 pmove part3    1.5144000000022473E-005
 pmove part2    1.1299999991276621E-007
 pmove part3    1.5042000000020650E-005
 pmove part2    1.1499999996722465E-007
 pmove part3    1.6199000000050034E-005
 pmove part2    1.1700000002168309E-007
 pmove part3    1.5085000000025772E-005
 pmove part2    1.1500000007824696E-007
 pmove part3    1.7358000000022855E-005
 pmove part2    1.0100000003010479E-007
 pmove part3    1.5222000000036928E-005
 ppush point 3   0.9331255950000000     
 after ppush   0.9331271130000000     
 after cpush   0.9331279030000000     
 before grid1   0.9331321330000000     
 after grid1   0.9382686110000000     
 end accumu   0.9382718310000000     
 after den0_phi   0.9410692180000000     
 after field solver   0.9445677320000000     
 after field   0.9445687510000000     
 after rmsphi   0.9445920000000000     
 with filter   0.9459196870000000     
 before ppush   0.9466960270000000     
 after ppush   0.9467052250000000     
 after cpush 2
 after cpush 3
 after test pmove 0   0.9529654970000000     
 after test pmove 1.1   0.9530737480000000     
 after test pmove 1.2   0.9533281750000000     
 after test pmove 1.3   0.9533880910000000     
 after test pmove 1.4   0.9533909290000000     
 after test pmove 2.0   0.9536482290000000     
 after test pmove 2.1   0.9538568050000000     
 after test pmove 3   0.9541450160000000     
 pmove part2    1.5100000005929815E-007
 pmove part3    1.6792000000043217E-005
 pmove part2    1.0999999999761201E-007
 pmove part3    1.5075000000086547E-005
 pmove part2    1.0699999997143550E-007
 pmove part3    1.5021999999920155E-005
 pmove part2    1.1799999999340116E-007
 pmove part3    1.4650000000004937E-005
 pmove part2    1.0200000000182285E-007
 pmove part3    1.5097999999991174E-005
 pmove part2    1.1099999996933008E-007
 pmove part3    1.4800999999953213E-005
 pmove part2    8.4000000066808411E-008
 pmove part3    1.4731000000045569E-005
 pmove part2    1.1300000002378852E-007
 pmove part3    1.4851999999954124E-005
 pmove part2    1.0099999991908248E-007
 pmove part3    1.4676000000046763E-005
 pmove part2    8.4000000066808411E-008
 pmove part3    1.4950999999929770E-005
 pmove part2    1.0999999999761201E-007
 pmove part3    1.5360999999991520E-005
 pmove part2    9.9999999947364415E-008
 pmove part3    1.4799000000009777E-005
 pmove part2    8.2999999984068040E-008
 pmove part3    1.4875000000080796E-005
 pmove part2    1.1200000005207045E-007
 pmove part3    1.4854999999980301E-005
 pmove part2    1.1099999996933008E-007
 pmove part3    1.5121999999978541E-005
 pmove part2    1.1099999996933008E-007
 pmove part3    1.5255999999963521E-005
 pmove part2    1.0900000002589394E-007
 pmove part3    1.4938999999936087E-005
 pmove part2    9.9999999947364415E-008
 pmove part3    1.4654999999974549E-005
 pmove part2    8.3000000095090343E-008
 pmove part3    1.4901000000011599E-005
 after cpush 3
 after cpush   0.9562830680000000     
 before grid1   0.9562894200000001     
 after grid1   0.9613006060000000     
 end accumu   0.9613038320000000     
 after den0_phi   0.9641264340000000     
 after field solver   0.9675855350000000     
 after field   0.9675864840000000     
 after rmsphi   0.9676063360000000     
 with filter   0.9689283040000000     
    226   0.10237487E+00   0.00000000E+00   0.00000000E+00   0.11951996-315   0.45817440E-12  -0.62722199E-11   0.37994462E-02   0.00000000E+00   0.25307391E-01   0.16180159E-01   0.30037670E-01
 before ppush   0.9719351310000000     
 ppush 1   0.9719385030000000     
 ppush point 2   0.9776672180000000     
 ppush point 2.0   0.9776802700000000     
 after test pmove 0   0.9777238170000000     
 after test pmove 1.1   0.9778287320000000     
 after test pmove 1.2   0.9780925230000000     
 after test pmove 1.3   0.9781532270000000     
 after test pmove 1.4   0.9781562990000000     
 after test pmove 2.0   0.9784288460000000     
 after test pmove 2.1   0.9786392840000000     
 after test pmove 3   0.9789419290000000     
 ppush point 2.1   0.9789470490000000     
 pmove part2    1.8199999995971439E-007
 pmove part3    1.7247000000053525E-005
 ppush point 2.2   0.9791276799999999     
 pmove part2    1.5200000003101621E-007
 pmove part3    1.5521000000018326E-005
 pmove part2    1.0599999999971743E-007
 pmove part3    1.5175000000033911E-005
 pmove part2    1.0599999999971743E-007
 pmove part3    1.5403000000024925E-005
 pmove part2    1.1899999996511923E-007
 pmove part3    1.5192999999968926E-005
 pmove part2    1.0699999997143550E-007
 pmove part3    1.5584999999984639E-005
 pmove part2    8.2999999984068040E-008
 pmove part3    1.4812000000086201E-005
 pmove part2    1.2299999996301381E-007
 pmove part3    1.5183000000029701E-005
 pmove part2    8.2999999984068040E-008
 pmove part3    1.5060999999927382E-005
 pmove part2    9.5999999949469839E-008
 pmove part3    1.5201000000075737E-005
 pmove part2    1.0599999999971743E-007
 pmove part3    1.5150999999935522E-005
 pmove part2    9.8000000003928278E-008
 pmove part3    1.5287999999946678E-005
 pmove part2    1.3900000006561442E-007
 pmove part3    1.5123999999921978E-005
 pmove part2    1.0500000002799936E-007
 pmove part3    1.5332000000034540E-005
 pmove part2    1.7600000001838367E-007
 pmove part3    1.5231999999976154E-005
 pmove part2    1.0200000000182285E-007
 pmove part3    1.5329000000008364E-005
 pmove part2    1.2099999990855537E-007
 pmove part3    1.5243999999969837E-005
 pmove part2    1.0399999994525899E-007
 pmove part3    1.6395999999918587E-005
 pmove part2    1.2000000004785960E-007
 pmove part3    1.5503000000083311E-005
 ppush point 3   0.9817956970000000     
 after ppush   0.9817970360000000     
 after cpush   0.9817977790000000     
 before grid1   0.9818018469999999     
 after grid1   0.9868837310000000     
 end accumu   0.9868868410000000     
 after den0_phi   0.9896990360000000     
 after field solver   0.9932255090000000     
 after field   0.9932266070000000     
 after rmsphi   0.9932470410000001     
 with filter   0.9946168359999999     
 before ppush   0.9953518590000000     
 after ppush   0.9953529290000001     
 after cpush 2
 after cpush 3
 after test pmove 0    1.001600746000000     
 after test pmove 1.1    1.001705244000000     
 after test pmove 1.2    1.002001447000000     
 after test pmove 1.3    1.002062700000000     
 after test pmove 1.4    1.002065690000000     
 after test pmove 2.0    1.002343042000000     
 after test pmove 2.1    1.002548575000000     
 after test pmove 3    1.002820551000000     
 pmove part2    1.5600000002891079E-007
 pmove part3    1.7839000000074989E-005
 pmove part2    1.0000000005838672E-007
 pmove part3    1.5306999999964432E-005
 pmove part2    1.1799999999340116E-007
 pmove part3    1.5135000000165988E-005
 pmove part2    7.4999999988278887E-008
 pmove part3    1.4824000000190907E-005
 pmove part2    7.5999999848974653E-008
 pmove part3    1.5182999999918678E-005
 pmove part2    7.3999999905538516E-008
 pmove part3    1.4837000000156308E-005
 pmove part2    1.0300000008456323E-007
 pmove part3    2.1025999999979561E-005
 pmove part2    1.1399999988448428E-007
 pmove part3    1.4929999999857557E-005
 pmove part2    1.0000000005838672E-007
 pmove part3    1.4780999999963740E-005
 pmove part2    1.0000000005838672E-007
 pmove part3    1.4849000000038970E-005
 pmove part2    1.1900000007614153E-007
 pmove part3    1.4897000000013705E-005
 pmove part2    1.0300000008456323E-007
 pmove part3    1.5316999999903658E-005
 pmove part2    1.0200000000182285E-007
 pmove part3    1.5214000000041139E-005
 pmove part2    1.0999999999761201E-007
 pmove part3    1.4790000000042269E-005
 pmove part2    1.0500000002799936E-007
 pmove part3    1.4932000000023038E-005
 pmove part2    8.2000000123372274E-008
 pmove part3    1.4798999999898754E-005
 pmove part2    2.8839999999252797E-006
 pmove part3    1.5303000000077560E-005
 pmove part2    1.0399999994525899E-007
 pmove part3    1.4940000000018827E-005
 pmove part2    1.0500000002799936E-007
 pmove part3    1.5391999999891937E-005
 after cpush 3
 after cpush    1.004978330000000     
 before grid1    1.004984748000000     
 after grid1    1.009994867000000     
 end accumu    1.009999137000000     
 after den0_phi    1.012807815000000     
 after field solver    1.016266445000000     
 after field    1.016267597000000     
 after rmsphi    1.016290181000000     
 with filter    1.017614172000000     
    258   0.11372897E+00   0.00000000E+00   0.00000000E+00   0.11953403-315   0.18439669E-11   0.99688839E-11   0.41884854E-02   0.00000000E+00   0.81238786E-01  -0.24555787E-02   0.81275890E-01
 before ppush    1.020600216000000     
 ppush 1    1.020603600000000     
 ppush point 2    1.026318717000000     
 ppush point 2.0    1.026328807000000     
 after test pmove 0    1.026367404000000     
 after test pmove 1.1    1.026467575000000     
 after test pmove 1.2    1.026750229000000     
 after test pmove 1.3    1.026811059000000     
 after test pmove 1.4    1.026813665000000     
 after test pmove 2.0    1.027100586000000     
 after test pmove 2.1    1.027314031000000     
 after test pmove 3    1.027604554000000     
 ppush point 2.1    1.027609899000000     
 pmove part2    1.8999999995550354E-007
 pmove part3    1.7726000000051201E-005
 ppush point 2.2    1.027786633000000     
 pmove part2    1.2599999998919031E-007
 pmove part3    1.6215000000041613E-005
 pmove part2    1.2599999998919031E-007
 pmove part3    1.5834999999908561E-005
 pmove part2    1.1999999993683730E-007
 pmove part3    1.5258999999989697E-005
 pmove part2    1.4699999995038127E-007
 pmove part3    1.5420999999848917E-005
 pmove part2    8.7000000092984919E-008
 pmove part3    1.5006000000150621E-005
 pmove part2    9.8999999975646347E-008
 pmove part3    1.5270999999872359E-005
 pmove part2    8.2999999984068040E-008
 pmove part3    1.4967000000032371E-005
 pmove part2    1.1499999996722465E-007
 pmove part3    1.5185000000084159E-005
 pmove part2    1.2400000004575418E-007
 pmove part3    2.0298000000140703E-005
 pmove part2    1.0800000005417587E-007
 pmove part3    1.5137000000109424E-005
 pmove part2    1.0800000005417587E-007
 pmove part3    1.5258999999989697E-005
 pmove part2    1.2100000001957767E-007
 pmove part3    1.5026999999889767E-005
 pmove part2    1.1699999991066079E-007
 pmove part3    1.9468000000077978E-005
 pmove part2    9.8000000114950581E-008
 pmove part3    1.5037000000051037E-005
 pmove part2    9.9999999836342113E-008
 pmove part3    1.5454999999997554E-005
 pmove part2    7.8000000014455395E-008
 pmove part3    1.5338000000086893E-005
 pmove part2    1.1999999993683730E-007
 pmove part3    1.5134999999943943E-005
 pmove part2    1.0999999999761201E-007
 pmove part3    1.5269000000150967E-005
 ppush point 3    1.030480147000000     
 after ppush    1.030481375000000     
 after cpush    1.030482125000000     
 before grid1    1.030486068000000     
 after grid1    1.035525593000000     
 end accumu    1.035529936000000     
 after den0_phi    1.038342492000000     
 after field solver    1.041815218000000     
 after field    1.041816366000000     
 after rmsphi    1.041838767000000     
 with filter    1.043166245000000     
 before ppush    1.043903275000000     
 after ppush    1.043904517000000     
 after cpush 2
 after cpush 3
 after test pmove 0    1.050160453000000     
 after test pmove 1.1    1.050256905000000     
 after test pmove 1.2    1.050550364000000     
 after test pmove 1.3    1.050610093000000     
 after test pmove 1.4    1.050612879000000     
 after test pmove 2.0    1.050911372000000     
 after test pmove 2.1    1.051113621000000     
 after test pmove 3    1.051431536000000     
 pmove part2    1.7800000007284211E-007
 pmove part3    1.7208999999906993E-005
 pmove part2    1.2500000012849455E-007
 pmove part3    1.5298000000107947E-005
 pmove part2    1.1699999991066079E-007
 pmove part3    1.5123000000061282E-005
 pmove part2    1.0400000016730360E-007
 pmove part3    1.5365000000100437E-005
 pmove part2    1.0299999986251862E-007
 pmove part3    1.4873000000026337E-005
 pmove part2    1.0500000002799936E-007
 pmove part3    1.4885999999991739E-005
 pmove part2    8.4999999927504177E-008
 pmove part3    1.4745000000093711E-005
 pmove part2    7.4000000127583121E-008
 pmove part3    1.4700999999783804E-005
 pmove part2    7.4999999988278887E-008
 pmove part3    1.9844999999962809E-005
 pmove part2    7.4999999988278887E-008
 pmove part3    1.5635000000013832E-005
 pmove part2    1.1100000008035238E-007
 pmove part3    1.5688000000180224E-005
 pmove part2    1.2499999990644994E-007
 pmove part3    1.5801000000204013E-005
 pmove part2    1.0099999991908248E-007
 pmove part3    1.6900000000097393E-005
 pmove part2    1.0000000005838672E-007
 pmove part3    1.4790999999902965E-005
 pmove part2    1.1499999996722465E-007
 pmove part3    1.4880000000161431E-005
 pmove part2    1.0599999988869513E-007
 pmove part3    1.4780999999963740E-005
 pmove part2    9.9999999836342113E-008
 pmove part3    1.5200999999853693E-005
 pmove part2    1.2700000007193069E-007
 pmove part3    1.4731999999906265E-005
 pmove part2    5.5999999970524073E-008
 pmove part3    1.4927999999914121E-005
 after cpush 3
 after cpush    1.053596332000000     
 before grid1    1.053604006000000     
 after grid1    1.058661427000000     
 end accumu    1.058664635000000     
 after den0_phi    1.061478783000000     
 after field solver    1.064925762000000     
 after field    1.064926771000000     
 after rmsphi    1.064946855000000     
 with filter    1.066285537000000     
    291   0.12250585E+00   0.00000000E+00   0.00000000E+00   0.11954930-315   0.10624253E-10   0.36005653E-10   0.45833206E-02   0.00000000E+00   0.16258167E+00   0.47090733E-01   0.16926410E+00
 before ppush    1.072207012000000     
 ppush 1    1.072213562000000     
 ppush point 2    1.077949179000000     
 ppush point 2.0    1.077963658000000     
 after test pmove 0    1.078003355000000     
 after test pmove 1.1    1.078107942000000     
 after test pmove 1.2    1.078405761000000     
 after test pmove 1.3    1.078467456000000     
 after test pmove 1.4    1.078470001000000     
 after test pmove 2.0    1.078778297000000     
 after test pmove 2.1    1.078991856000000     
 after test pmove 3    1.079279396000000     
 ppush point 2.1    1.079285650000000     
 pmove part2    1.6300000016400418E-007
 pmove part3    1.7173000000036964E-005
 ppush point 2.2    1.079477378000000     
 pmove part2    1.1999999993683730E-007
 pmove part3    1.5593000000091450E-005
 pmove part2    1.0300000008456323E-007
 pmove part3    1.5415999999879304E-005
 pmove part2    1.1799999999340116E-007
 pmove part3    1.5180000000114546E-005
 pmove part2    1.2199999988027344E-007
 pmove part3    1.5255999999963521E-005
 pmove part2    1.2100000001957767E-007
 pmove part3    1.5075999999947243E-005
 pmove part2    1.3700000001115598E-007
 pmove part3    1.5325999999982187E-005
 pmove part2    1.6499999988539571E-007
 pmove part3    1.5282000000116369E-005
 pmove part2    1.1199999994104815E-007
 pmove part3    1.9186000000059877E-005
 pmove part2    1.2500000012849455E-007
 pmove part3    1.5357999999965344E-005
 pmove part2    9.5999999949469839E-008
 pmove part3    1.5075000000086547E-005
 pmove part2    8.3000000206112645E-008
 pmove part3    1.5052000000181920E-005
 pmove part2    8.2999999984068040E-008
 pmove part3    1.5263000000098614E-005
 pmove part2    8.4000000066808411E-008
 pmove part3    1.5439000000005976E-005
 pmove part2    1.0599999988869513E-007
 pmove part3    1.5327000000064928E-005
 pmove part2    1.1799999999340116E-007
 pmove part3    1.5088999999912645E-005
 pmove part2    9.7999999892905976E-008
 pmove part3    1.5895999999848698E-005
 pmove part2    1.0299999986251862E-007
 pmove part3    1.5110999999956576E-005
 pmove part2    1.1400000010652889E-007
 pmove part3    1.5190000000053772E-005
 ppush point 3    1.082160146000000     
 after ppush    1.082161709000000     
 after cpush    1.082162405000000     
 before grid1    1.082166834000000     
 after grid1    1.087338308000000     
 end accumu    1.087341585000000     
 after den0_phi    1.090418656000000     
 after field solver    1.094010938000000     
 after field    1.094012544000000     
 after rmsphi    1.094035868000000     
 with filter    1.095408184000000     
 before ppush    1.096160570000000     
 after ppush    1.096161841000000     
 after cpush 2
 after cpush 3
 after test pmove 0    1.102414654000000     
 after test pmove 1.1    1.102520429000000     
 after test pmove 1.2    1.102832482000000     
 after test pmove 1.3    1.102895786000000     
 after test pmove 1.4    1.102898854000000     
 after test pmove 2.0    1.103219759000000     
 after test pmove 2.1    1.103430463000000     
 after test pmove 3    1.103722515000000     
 pmove part2    1.4000000003733248E-007
 pmove part3    1.8183999999976663E-005
 pmove part2    1.3299999990223910E-007
 pmove part3    1.5239000000111247E-005
 pmove part2    1.0600000011073973E-007
 pmove part3    1.5265000000042050E-005
 pmove part2    9.2000000062597564E-008
 pmove part3    1.4976999999971596E-005
 pmove part2    9.0999999979857193E-008
 pmove part3    1.4846000000012793E-005
 pmove part2    8.7000000092984919E-008
 pmove part3    1.8599000000119048E-005
 pmove part2    1.4899999989381740E-007
 pmove part3    1.5271999999955099E-005
 pmove part2    1.1999999993683730E-007
 pmove part3    1.4933000000105778E-005
 pmove part2    1.1199999994104815E-007
 pmove part3    1.4903999999926754E-005
 pmove part2    1.2000000015888190E-007
 pmove part3    1.5358999999826040E-005
 pmove part2    8.1000000040631903E-008
 pmove part3    1.4898999999957141E-005
 pmove part2    1.0200000000182285E-007
 pmove part3    1.4978000000054337E-005
 pmove part2    1.0400000016730360E-007
 pmove part3    1.5072999999921066E-005
 pmove part2    1.0400000016730360E-007
 pmove part3    1.5113999999982752E-005
 pmove part2    8.4000000066808411E-008
 pmove part3    1.4699000000062412E-005
 pmove part2    8.4000000066808411E-008
 pmove part3    1.4990000000159043E-005
 pmove part2    1.0399999994525899E-007
 pmove part3    1.4869000000139465E-005
 pmove part2    1.0300000008456323E-007
 pmove part3    1.5324999999899447E-005
 pmove part2    1.0200000000182285E-007
 pmove part3    1.5030000000137989E-005
 after cpush 3
 after cpush    1.105922877000000     
 timestep =            11
 ps time=    0.000000000000000      tot time=    1.105928906000000     


CUDA API Statistics:

 Time(%)  Total Time (ns)  Num Calls   Average    Minimum    Maximum    StdDev            Name        
 -------  ---------------  ---------  ----------  --------  ---------  ---------  --------------------
    55.8        442071993       2894    152754.7      1212  230464242  4371054.1  cuStreamSynchronize 
    31.9        252891574        160   1580572.3      1905    9113727  3069925.3  cuMemAlloc_v2       
     4.2         32913122          1  32913122.0  32913122   32913122        0.0  cuMemHostAlloc      
     3.5         27938453       1783     15669.4      3139    9822948   314529.5  cuLaunchKernel      
     2.4         19322579          1  19322579.0  19322579   19322579        0.0  cuModuleLoadDataEx  
     0.5          4123788        740      5572.7      2696      29837     2983.5  cuMemcpyHtoDAsync_v2
     0.5          3946809          1   3946809.0   3946809    3946809        0.0  cuMemAllocHost_v2   
     0.5          3899108        924      4219.8      2560      22931     2304.1  cuMemcpyDtoHAsync_v2
     0.2          1696651        919      1846.2      1280      18657     1115.0  cuEventRecord       
     0.2          1465160        450      3255.9      1955      10170     1176.2  cuMemsetD32Async    
     0.2          1347602        917      1469.6      1091      34937     1458.3  cuEventSynchronize  
     0.0           263181         80      3289.8      1623       8101     1538.5  cuCtxSynchronize    
     0.0           149651         23      6506.6      5135      10644     1812.1  cuMemcpy2DAsync_v2  
     0.0            23821         10      2382.1       413       6588     2530.0  cuEventCreate       
     0.0            17918          1     17918.0     17918      17918        0.0  cuStreamCreate      
     0.0             3669          1      3669.0      3669       3669        0.0  cuInit              



CUDA Kernel Statistics:

 Time(%)  Total Time (ns)  Instances    Average     Minimum    Maximum   StdDev                  Name               
 -------  ---------------  ---------  -----------  ---------  ---------  -------  ----------------------------------
    56.6        230459689          1  230459689.0  230459689  230459689      0.0  gkps_adiabatic_electron_143_gpu   
    10.5         42803625          1   42803625.0   42803625   42803625      0.0  gkps_adiabatic_electron_231_gpu   
    10.1         41284469         10    4128446.9    4115614    4147423  10929.3  cpush_1123_gpu                    
     9.5         38703243         10    3870324.3    3863553    3881633   5205.5  ppush_659_gpu                     
     8.7         35463844         20    1773192.2    1755409    1984176  49776.7  grid1_1723_gpu                    
     1.2          4683835        380      12325.9      12255      13120    133.3  gem_pputil_test_pmove_353_gpu     
     0.8          3058011        380       8047.4       7968       8864    152.8  gem_pputil_test_pmove_337_gpu     
     0.7          2909603        380       7656.9       7551       8352    139.5  gem_pputil_test_pmove_353_gpu__red
     0.6          2505676         20     125283.8     125023     125535    149.1  gkps_adiabatic_electron_287_gpu   
     0.4          1751186          1    1751186.0    1751186    1751186      0.0  gkps_adiabatic_electron_199_gpu   
     0.3          1264277        380       3327.0       3264       4000    121.9  gem_pputil_test_pmove_434_gpu     
     0.1           336670         20      16833.5      16768      16959     42.0  gem_pputil_test_init_pmove_144_gpu
     0.1           294397         20      14719.9      14624      14880     62.4  gkps_adiabatic_electron_403_gpu   
     0.1           290749         20      14537.5      14111      14783    153.4  gkps_adiabatic_electron_355_gpu   
     0.1           276064         20      13803.2      13696      13952     59.9  gkps_adiabatic_electron_433_gpu   
     0.1           233053         20      11652.7      11360      11904    116.2  gkps_adiabatic_electron_321_gpu   
     0.0           194687         20       9734.4       9440      10208    205.4  gem_pputil_test_init_pmove_117_gpu
     0.0           172606         20       8630.3       8320      13823   1222.5  gkps_adiabatic_electron_382_gpu   
     0.0           167295         20       8364.8       8320       8448     31.8  gkps_adiabatic_electron_459_gpu   
     0.0            79873         20       3993.7       3936       4128     49.3  gem_pputil_test_init_pmove_215_gpu
     0.0            62815         20       3140.8       3103       3264     39.3  gem_pputil_test_init_pmove_102_gpu



CUDA Memory Operation Statistics (by time):

 Time(%)  Total Time (ns)  Operations  Average  Minimum  Maximum   StdDev       Operation     
 -------  ---------------  ----------  -------  -------  -------  --------  ------------------
    76.5         21599380         762  28345.6     1344  1295222  109833.0  [CUDA memcpy HtoD]
    21.3          6029238         925   6518.1     1440   798618   35005.3  [CUDA memcpy DtoH]
     2.2           622687         450   1383.7     1312     2048      69.5  [CUDA memset]     



CUDA Memory Operation Statistics (by size in KiB):

   Total     Operations  Average  Minimum   Maximum    StdDev       Operation     
 ----------  ----------  -------  -------  ---------  --------  ------------------
  55704.484         925   60.221    0.004   6192.094   360.278  [CUDA memcpy DtoH]
 167331.938         762  219.596    0.004  15600.938  1009.071  [CUDA memcpy HtoD]
      1.875         450    0.004    0.004      0.008     0.001  [CUDA memset]     



CUDA API Statistics:

 Time(%)  Total Time (ns)  Num Calls   Average    Minimum    Maximum    StdDev            Name        
 -------  ---------------  ---------  ----------  --------  ---------  ---------  --------------------
    53.8        411037188       2894    142030.8      1258  230319473  4361015.5  cuStreamSynchronize 
    33.5        255779476        160   1598621.7      1813    9364044  3103126.3  cuMemAlloc_v2       
     3.7         28395882          1  28395882.0  28395882   28395882        0.0  cuMemHostAlloc      
     3.7         28143016       1783     15784.1      3253   10235600   320584.8  cuLaunchKernel      
     3.1         23483081          1  23483081.0  23483081   23483081        0.0  cuModuleLoadDataEx  
     0.5          4109389        740      5553.2      2682      29236     2903.6  cuMemcpyHtoDAsync_v2
     0.5          3887605        924      4207.4      2733      19917     2200.8  cuMemcpyDtoHAsync_v2
     0.4          3312238          1   3312238.0   3312238    3312238        0.0  cuMemAllocHost_v2   
     0.2          1871064        919      2036.0      1433      18464      988.1  cuEventRecord       
     0.2          1476187        450      3280.4      2132      11167     1027.8  cuMemsetD32Async    
     0.2          1391226        917      1517.1      1146      57579     2011.5  cuEventSynchronize  
     0.0           242426         80      3030.3      1650       8424     1352.9  cuCtxSynchronize    
     0.0           145231         23      6314.4      4913      10727     1649.2  cuMemcpy2DAsync_v2  
     0.0            19017          1     19017.0     19017      19017        0.0  cuStreamCreate      
     0.0            17635         10      1763.5       328       4941     1674.9  cuEventCreate       
     0.0             3324          1      3324.0      3324       3324        0.0  cuInit              



CUDA Kernel Statistics:

 Time(%)  Total Time (ns)  Instances    Average     Minimum    Maximum   StdDev                  Name               
 -------  ---------------  ---------  -----------  ---------  ---------  -------  ----------------------------------
    61.2        230314671          1  230314671.0  230314671  230314671      0.0  gkps_adiabatic_electron_143_gpu   
    11.3         42532033          1   42532033.0   42532033   42532033      0.0  gkps_adiabatic_electron_231_gpu   
     8.1         30541187         10    3054118.7    3041735    3067047   9724.2  cpush_1123_gpu                    
     7.7         28793298         10    2879329.8    2872008    2888201   5095.6  ppush_659_gpu                     
     7.0         26343686         20    1317184.3    1303893    1495476  42022.4  grid1_1723_gpu                    
     1.2          4558597        380      11996.3      11935      12639    120.5  gem_pputil_test_pmove_353_gpu     
     0.8          2992194        380       7874.2       7807       8864    175.8  gem_pputil_test_pmove_337_gpu     
     0.7          2818061        380       7416.0       7328       8224    141.0  gem_pputil_test_pmove_353_gpu__red
     0.7          2449677         20     122483.9     122175     122943    209.3  gkps_adiabatic_electron_287_gpu   
     0.5          1741362          1    1741362.0    1741362    1741362      0.0  gkps_adiabatic_electron_199_gpu   
     0.3          1215802        380       3199.5       3136       3809    118.7  gem_pputil_test_pmove_434_gpu     
     0.1           329023         20      16451.2      16384      16576     52.8  gem_pputil_test_init_pmove_144_gpu
     0.1           289405         20      14470.3      14367      14720    111.1  gkps_adiabatic_electron_403_gpu   
     0.1           285312         20      14265.6      13632      14624    204.1  gkps_adiabatic_electron_355_gpu   
     0.1           270397         20      13519.9      13409      13600     50.2  gkps_adiabatic_electron_433_gpu   
     0.1           227809         20      11390.5      11136      11648    135.6  gkps_adiabatic_electron_321_gpu   
     0.0           184638         20       9231.9       8960       9440    132.3  gem_pputil_test_init_pmove_117_gpu
     0.0           163454         20       8172.7       8095       8351     65.1  gkps_adiabatic_electron_382_gpu   
     0.0           163261         20       8163.1       8127       8256     34.3  gkps_adiabatic_electron_459_gpu   
     0.0            76604         20       3830.2       3775       3936     43.0  gem_pputil_test_init_pmove_215_gpu
     0.0            61343         20       3067.2       2976       3296     96.4  gem_pputil_test_init_pmove_102_gpu



CUDA Memory Operation Statistics (by time):

 Time(%)  Total Time (ns)  Operations  Average  Minimum  Maximum   StdDev       Operation     
 -------  ---------------  ----------  -------  -------  -------  --------  ------------------
    77.7         22027976         762  28908.1     1280  2012080  126672.2  [CUDA memcpy HtoD]
    20.2          5719249         925   6183.0     1375   761401   33974.0  [CUDA memcpy DtoH]
     2.1           591248         450   1313.9     1248     1695      51.1  [CUDA memset]     


CUDA API Statistics:

 Time(%)  Total Time (ns)  Num Calls   Average    Minimum    Maximum    StdDev            Name        
 -------  ---------------  ---------  ----------  --------  ---------  ---------  --------------------
    58.1        485130761       2894    167633.3      1227  221734762  4227292.0  cuStreamSynchronize 
    30.3        253079889        160   1581749.3      1796    9165290  3067752.8  cuMemAlloc_v2       
     3.8         31598293          1  31598293.0  31598293   31598293        0.0  cuMemHostAlloc      
     3.5         28913723       1783     16216.3      3231   10529344   334395.8  cuLaunchKernel      
     2.4         20198130          1  20198130.0  20198130   20198130        0.0  cuModuleLoadDataEx  
     0.5          4215935        740      5697.2      2752      34954     3406.5  cuMemcpyHtoDAsync_v2
     0.5          3854693        924      4171.7      2829      22367     2159.5  cuMemcpyDtoHAsync_v2
     0.4          3432543          1   3432543.0   3432543    3432543        0.0  cuMemAllocHost_v2   
     0.2          1821811        918      1984.5      1468       7767      608.6  cuEventRecord       
     0.2          1524635        450      3388.1      2166      24111     1594.9  cuMemsetD32Async    
     0.2          1353144        916      1477.2      1138      53097     1893.6  cuEventSynchronize  
     0.0           254820         80      3185.3      1742       7029     1148.1  cuCtxSynchronize    
     0.0           161558         23      7024.3      5142      13279     2531.0  cuMemcpy2DAsync_v2  
     0.0            15574          1     15574.0     15574      15574        0.0  cuStreamCreate      
     0.0            15362         10      1536.2       335       4585     1410.1  cuEventCreate       
     0.0             3539          1      3539.0      3539       3539        0.0  cuInit              


CUDA API Statistics:

 Time(%)  Total Time (ns)  Num Calls   Average    Minimum    Maximum    StdDev            Name        
 -------  ---------------  ---------  ----------  --------  ---------  ---------  --------------------
    54.5        409680226       2894    141561.9      1268  228442611  4327318.8  cuStreamSynchronize 
    33.5        252024558        160   1575153.5      1766    9514302  3089437.4  cuMemAlloc_v2       
     4.0         29862004       1783     16748.2      3254   10941701   348813.8  cuLaunchKernel      
     3.6         27212675          1  27212675.0  27212675   27212675        0.0  cuMemHostAlloc      
     2.2         16878121          1  16878121.0  16878121   16878121        0.0  cuModuleLoadDataEx  
     0.5          4132494        740      5584.5      2706      30635     3168.6  cuMemcpyHtoDAsync_v2
     0.5          3813228        924      4126.9      2724      17943     2114.4  cuMemcpyDtoHAsync_v2
     0.5          3484454          1   3484454.0   3484454    3484454        0.0  cuMemAllocHost_v2   
     0.2          1812152        919      1971.9      1427       7922      579.8  cuEventRecord       
     0.2          1448180        450      3218.2      2224      12388      982.3  cuMemsetD32Async    
     0.2          1381950        917      1507.0      1148      73858     2463.1  cuEventSynchronize  
     0.0           235834         80      2947.9      1689       6220     1159.7  cuCtxSynchronize    
     0.0           147416         23      6409.4      5057      10581     1724.8  cuMemcpy2DAsync_v2  
     0.0            18566          1     18566.0     18566      18566        0.0  cuStreamCreate      
     0.0            14282         10      1428.2       325       4549     1372.6  cuEventCreate       
     0.0             4158          1      4158.0      4158       4158        0.0  cuInit              



CUDA Memory Operation Statistics (by size in KiB):

   Total     Operations  Average  Minimum   Maximum    StdDev       Operation     
 ----------  ----------  -------  -------  ---------  --------  ------------------
  53753.391         925   58.112    0.004   6192.094   359.366  [CUDA memcpy DtoH]
 168337.875         762  220.916    0.004  15600.938  1009.389  [CUDA memcpy HtoD]
      1.875         450    0.004    0.004      0.008     0.001  [CUDA memset]     



CUDA Kernel Statistics:

 Time(%)  Total Time (ns)  Instances    Average     Minimum    Maximum   StdDev                  Name               
 -------  ---------------  ---------  -----------  ---------  ---------  -------  ----------------------------------
    49.3        221728686          1  221728686.0  221728686  221728686      0.0  gkps_adiabatic_electron_143_gpu   
    13.3         59773815         10    5977381.5    5940770    6068545  35079.0  cpush_1123_gpu                    
    12.5         56195516         10    5619551.6    5611878    5638662   8109.9  ppush_659_gpu                     
    11.5         51622891         20    2581144.6    2555654    2962433  89817.7  grid1_1723_gpu                    
     9.4         42355243          1   42355243.0   42355243   42355243      0.0  gkps_adiabatic_electron_231_gpu   
     1.0          4569617        380      12025.3      11967      12704    131.8  gem_pputil_test_pmove_353_gpu     
     0.7          2971416        380       7819.5       7743       8992    191.8  gem_pputil_test_pmove_337_gpu     
     0.6          2845438        380       7488.0       7359       8192    150.8  gem_pputil_test_pmove_353_gpu__red
     0.5          2440837         20     122041.9     121886     122367    130.8  gkps_adiabatic_electron_287_gpu   
     0.4          1741550          1    1741550.0    1741550    1741550      0.0  gkps_adiabatic_electron_199_gpu   
     0.3          1235891        380       3252.3       3199       3872    123.2  gem_pputil_test_pmove_434_gpu     
     0.1           333146         20      16657.3      16543      16896     88.4  gem_pputil_test_init_pmove_144_gpu
     0.1           309434         20      15471.7      14848      15968    308.1  gem_pputil_test_init_pmove_117_gpu
     0.1           286910         20      14345.5      14239      14496     83.8  gkps_adiabatic_electron_403_gpu   
     0.1           281853         20      14092.7      13376      14272    191.5  gkps_adiabatic_electron_355_gpu   
     0.1           270365         20      13518.3      13344      13792    120.3  gkps_adiabatic_electron_433_gpu   
     0.1           225183         20      11259.2      10976      11456    118.5  gkps_adiabatic_electron_321_gpu   
     0.0           163486         20       8174.3       8064       8384     67.6  gkps_adiabatic_electron_382_gpu   
     0.0           163327         20       8166.4       8095       8352     68.6  gkps_adiabatic_electron_459_gpu   
     0.0            80544         20       4027.2       3904       4224     77.9  gem_pputil_test_init_pmove_215_gpu
     0.0            61250         20       3062.5       3040       3232     45.3  gem_pputil_test_init_pmove_102_gpu



CUDA Kernel Statistics:

 Time(%)  Total Time (ns)  Instances    Average     Minimum    Maximum   StdDev                  Name               
 -------  ---------------  ---------  -----------  ---------  ---------  -------  ----------------------------------
    61.1        228439110          1  228439110.0  228439110  228439110      0.0  gkps_adiabatic_electron_143_gpu   
    11.4         42712398          1   42712398.0   42712398   42712398      0.0  gkps_adiabatic_electron_231_gpu   
     8.1         30479353         10    3047935.3    3023462    3133189  31154.4  cpush_1123_gpu                    
     7.6         28575335         10    2857533.5    2849575    2868199   5659.4  ppush_659_gpu                     
     7.0         26127325         20    1306366.3    1292788    1492756  43917.0  grid1_1723_gpu                    
     1.2          4540757        380      11949.4      11903      12800    134.6  gem_pputil_test_pmove_353_gpu     
     0.8          2971755        380       7820.4       7775       8737    144.2  gem_pputil_test_pmove_337_gpu     
     0.8          2827875        380       7441.8       7328       8352    150.8  gem_pputil_test_pmove_353_gpu__red
     0.6          2421641         20     121082.1     120735     121343    168.3  gkps_adiabatic_electron_287_gpu   
     0.5          1742193          1    1742193.0    1742193    1742193      0.0  gkps_adiabatic_electron_199_gpu   
     0.3          1228313        380       3232.4       3167       3936    122.3  gem_pputil_test_pmove_434_gpu     
     0.1           327485         20      16374.3      16288      16512     56.0  gem_pputil_test_init_pmove_144_gpu
     0.1           288157         20      14407.9      14303      14559     86.6  gkps_adiabatic_electron_403_gpu   
     0.1           281565         20      14078.3      13376      14399    217.0  gkps_adiabatic_electron_355_gpu   
     0.1           269532         20      13476.6      13312      13632     88.2  gkps_adiabatic_electron_433_gpu   
     0.1           225600         20      11280.0      11008      11456    133.2  gkps_adiabatic_electron_321_gpu   
     0.0           180765         20       9038.3       8639       9696    268.7  gem_pputil_test_init_pmove_117_gpu
     0.0           162334         20       8116.7       8064       8288     68.2  gkps_adiabatic_electron_382_gpu   
     0.0           161919         20       8096.0       8064       8192     32.8  gkps_adiabatic_electron_459_gpu   
     0.0            77599         20       3880.0       3839       3969     38.9  gem_pputil_test_init_pmove_215_gpu
     0.0            61275         20       3063.8       3007       3200     58.4  gem_pputil_test_init_pmove_102_gpu


CUDA API Statistics:



CUDA API Statistics:

 Time(%)  Total Time (ns)  Num Calls   Average    Minimum    Maximum    StdDev            Name        
 -------  ---------------  ---------  ----------  --------  ---------  ---------  --------------------
    55.3        428659321       2894    148120.0      1198  221141806  4199352.3  cuStreamSynchronize 
    32.5        251946989        160   1574668.7      1741    9156759  3070137.9  cuMemAlloc_v2       
     4.0         31381889          1  31381889.0  31381889   31381889        0.0  cuMemHostAlloc      
     3.6         28265692       1783     15852.9      3059   10083461   328262.7  cuLaunchKernel      
     2.6         19826355          1  19826355.0  19826355   19826355        0.0  cuModuleLoadDataEx  
     0.5          4002246        740      5408.4      2558      28598     3218.7  cuMemcpyHtoDAsync_v2
     0.5          3742519        924      4050.3      2504      23493     2236.8  cuMemcpyDtoHAsync_v2
     0.4          3069894          1   3069894.0   3069894    3069894        0.0  cuMemAllocHost_v2   
     0.2          1547594        919      1684.0      1277       8734      519.0  cuEventRecord       
     0.2          1403423        450      3118.7      1937      19398     1309.5  cuMemsetD32Async    
     0.2          1302306        917      1420.2      1100      32391     1223.0  cuEventSynchronize  
     0.0           240607         80      3007.6      1549       6848     1278.9  cuCtxSynchronize    
     0.0           150859         23      6559.1      4797      17410     2882.1  cuMemcpy2DAsync_v2  
     0.0            20180          1     20180.0     20180      20180        0.0  cuStreamCreate      
     0.0            14618         10      1461.8       326       5492     1613.0  cuEventCreate       
     0.0             3207          1      3207.0      3207       3207        0.0  cuInit              
 Time(%)  Total Time (ns)  Num Calls   Average    Minimum    Maximum    StdDev            Name        
 -------  ---------------  ---------  ----------  --------  ---------  ---------  --------------------
    53.9        407881689       2894    140940.5      1183  226597322  4293891.9  cuStreamSynchronize 
    33.4        253073793        160   1581711.2      1751    9480006  3089254.5  cuMemAlloc_v2       
     4.3         32375756          1  32375756.0  32375756   32375756        0.0  cuMemHostAlloc      
     3.8         28403237       1783     15930.0      3064   10663909   330989.4  cuLaunchKernel      
     2.6         19466611          1  19466611.0  19466611   19466611        0.0  cuModuleLoadDataEx  
     0.5          4122930        740      5571.5      2540      52437     3716.4  cuMemcpyHtoDAsync_v2
     0.5          3715748        924      4021.4      2571      21568     2219.2  cuMemcpyDtoHAsync_v2
     0.4          2933196          1   2933196.0   2933196    2933196        0.0  cuMemAllocHost_v2   
     0.2          1649490        919      1794.9      1290      19274     1103.2  cuEventRecord       
     0.2          1363523        450      3030.1      1996      10877      986.5  cuMemsetD32Async    
     0.2          1297870        917      1415.3      1093      31812     1223.7  cuEventSynchronize  
     0.0           244149         80      3051.9      1524       7191     1360.2  cuCtxSynchronize    
     0.0           145662         23      6333.1      4170      12165     2063.1  cuMemcpy2DAsync_v2  
     0.0            18376          1     18376.0     18376      18376        0.0  cuStreamCreate      
     0.0            15711         10      1571.1       352       5031     1557.6  cuEventCreate       
     0.0             3891          1      3891.0      3891       3891        0.0  cuInit              



CUDA Memory Operation Statistics (by time):

 Time(%)  Total Time (ns)  Operations  Average  Minimum  Maximum   StdDev       Operation     
 -------  ---------------  ----------  -------  -------  -------  --------  ------------------
    76.4         21729974         762  28517.0     1343  1302323  110468.7  [CUDA memcpy HtoD]
    21.5          6108846         925   6604.2     1440   554394   30931.9  [CUDA memcpy DtoH]
     2.2           621306         450   1380.7     1312     2016      62.2  [CUDA memset]     


CUDA API Statistics:




CUDA Memory Operation Statistics (by time):

 Time(%)  Total Time (ns)  Num Calls   Average    Minimum    Maximum    StdDev            Name        
 -------  ---------------  ---------  ----------  --------  ---------  ---------  --------------------
    56.9        463514430       2894    160163.9      1286  227120943  4316969.5  cuStreamSynchronize 
    31.1        253342963        160   1583393.5      1809    9251037  3075589.2  cuMemAlloc_v2       
     4.0         32773785          1  32773785.0  32773785   32773785        0.0  cuMemHostAlloc      
     3.6         29064310       1783     16300.8      3267   10766222   334463.9  cuLaunchKernel      
     2.2         18256569          1  18256569.0  18256569   18256569        0.0  cuModuleLoadDataEx  
     0.5          4476873        740      6049.8      2914      32983     3757.5  cuMemcpyHtoDAsync_v2
     0.5          3957489        924      4283.0      2738      20444     2256.0  cuMemcpyDtoHAsync_v2
     0.4          3480967          1   3480967.0   3480967    3480967        0.0  cuMemAllocHost_v2   
     0.2          1872349        918      2039.6      1458      10338      791.5  cuEventRecord       
     0.2          1474824        450      3277.4      2271      12827     1063.3  cuMemsetD32Async    
     0.2          1392982        916      1520.7      1161      77518     2623.4  cuEventSynchronize  
     0.0           287871         80      3598.4      1732      25932     2828.2  cuCtxSynchronize    
     0.0           159433         23      6931.9      5262      17139     2836.4  cuMemcpy2DAsync_v2  
     0.0            23949          1     23949.0     23949      23949        0.0  cuStreamCreate      
     0.0            17063         10      1706.3       340       5004     1603.1  cuEventCreate       
     0.0             3965          1      3965.0      3965       3965        0.0  cuInit              
 Time(%)  Total Time (ns)  Operations  Average  Minimum  Maximum   StdDev       Operation     
 -------  ---------------  ----------  -------  -------  -------  --------  ------------------
    77.2         21668708         762  28436.6     1312  1303061  110214.6  [CUDA memcpy HtoD]
    20.6          5793449         925   6263.2     1439   793977   34772.7  [CUDA memcpy DtoH]
     2.2           614228         450   1365.0     1312     1696      61.0  [CUDA memset]     



CUDA Kernel Statistics:




CUDA Kernel Statistics:

 Time(%)  Total Time (ns)  Instances    Average     Minimum    Maximum   StdDev                  Name               
 -------  ---------------  ---------  -----------  ---------  ---------  -------  ----------------------------------
    56.1        221137641          1  221137641.0  221137641  221137641      0.0  gkps_adiabatic_electron_143_gpu   
    10.8         42403349          1   42403349.0   42403349   42403349      0.0  gkps_adiabatic_electron_231_gpu   
    10.3         40430716         10    4043071.6    4023795    4124434  29775.1  cpush_1123_gpu                    
     9.6         37861154         10    3786115.4    3775187    3799252   7765.8  ppush_659_gpu                     
     8.8         34563025         20    1728151.3    1708346    1979737  59326.1  grid1_1723_gpu                    
     1.2          4539727        380      11946.7      11903      12704    131.5  gem_pputil_test_pmove_353_gpu     
     0.8          2960279        380       7790.2       7712       8704    164.0  gem_pputil_test_pmove_337_gpu     
     0.7          2827546        380       7440.9       7328       8159    149.4  gem_pputil_test_pmove_353_gpu__red
     0.6          2425496         20     121274.8     120991     121536    168.8  gkps_adiabatic_electron_287_gpu   
     0.4          1741754          1    1741754.0    1741754    1741754      0.0  gkps_adiabatic_electron_199_gpu   
     0.3          1229391        380       3235.2       3167       3968    129.5  gem_pputil_test_pmove_434_gpu     
     0.1           327232         20      16361.6      16288      16480     62.4  gem_pputil_test_init_pmove_144_gpu
     0.1           286911         20      14345.6      14176      14496     98.0  gkps_adiabatic_electron_403_gpu   
     0.1           286559         20      14328.0      13536      14592    244.6  gkps_adiabatic_electron_355_gpu   
     0.1           270910         20      13545.5      13344      13759    117.8  gkps_adiabatic_electron_433_gpu   
     0.1           226879         20      11344.0      11072      11776    151.3  gkps_adiabatic_electron_321_gpu   
     0.0           191036         20       9551.8       9183       9856    191.6  gem_pputil_test_init_pmove_117_gpu
     0.0           162430         20       8121.5       7936       8256     69.4  gkps_adiabatic_electron_382_gpu   
     0.0           162400         20       8120.0       8063       8224     45.1  gkps_adiabatic_electron_459_gpu   
     0.0            77984         20       3899.2       3840       4000     56.2  gem_pputil_test_init_pmove_215_gpu
     0.0            60993         20       3049.7       3008       3136     32.8  gem_pputil_test_init_pmove_102_gpu
 Time(%)  Total Time (ns)  Instances    Average     Minimum    Maximum   StdDev                  Name               
 -------  ---------------  ---------  -----------  ---------  ---------  -------  ----------------------------------
    60.8        226595838          1  226595838.0  226595838  226595838      0.0  gkps_adiabatic_electron_143_gpu   
    11.5         42733263          1   42733263.0   42733263   42733263      0.0  gkps_adiabatic_electron_231_gpu   
     8.3         30983982         10    3098398.2    3083134    3114526  10907.3  cpush_1123_gpu                    
     7.7         28787974         10    2878797.4    2870657    2886144   5001.7  ppush_659_gpu                     
     6.9         25909799         20    1295490.0    1281554    1485456  44769.0  grid1_1723_gpu                    
     1.2          4541780        380      11952.1      11903      12608    126.0  gem_pputil_test_pmove_353_gpu     
     0.8          2988827        380       7865.3       7807       8800    140.6  gem_pputil_test_pmove_337_gpu     
     0.8          2826140        380       7437.2       7328       8192    147.5  gem_pputil_test_pmove_353_gpu__red
     0.7          2436487         20     121824.4     121439     122238    169.7  gkps_adiabatic_electron_287_gpu   
     0.5          1751725          1    1751725.0    1751725    1751725      0.0  gkps_adiabatic_electron_199_gpu   
     0.3          1229115        380       3234.5       3168       3873    126.0  gem_pputil_test_pmove_434_gpu     
     0.1           327453         20      16372.7      16319      16480     58.1  gem_pputil_test_init_pmove_144_gpu
     0.1           286336         20      14316.8      14208      14464     65.2  gkps_adiabatic_electron_403_gpu   
     0.1           282655         20      14132.8      13888      14592    159.9  gkps_adiabatic_electron_355_gpu   
     0.1           270299         20      13515.0      13344      13888    132.3  gkps_adiabatic_electron_433_gpu   
     0.1           225663         20      11283.2      11008      11551    138.1  gkps_adiabatic_electron_321_gpu   
     0.0           175998         20       8799.9       8608       8992    124.7  gem_pputil_test_init_pmove_117_gpu
     0.0           163039         20       8152.0       8096       8256     50.7  gkps_adiabatic_electron_459_gpu   
     0.0           162558         20       8127.9       8095       8224     41.6  gkps_adiabatic_electron_382_gpu   
     0.0            77373         20       3868.7       3840       3968     31.0  gem_pputil_test_init_pmove_215_gpu
     0.0            61409         20       3070.5       3008       3169     56.4  gem_pputil_test_init_pmove_102_gpu



CUDA Memory Operation Statistics (by size in KiB):

   Total     Operations  Average  Minimum   Maximum    StdDev       Operation     
 ----------  ----------  -------  -------  ---------  --------  ------------------
  58445.422         925   63.184    0.004   6192.094   362.494  [CUDA memcpy DtoH]
 165996.625         762  217.843    0.004  15600.938  1008.697  [CUDA memcpy HtoD]
      1.875         450    0.004    0.004      0.008     0.001  [CUDA memset]     



CUDA Memory Operation Statistics (by size in KiB):




CUDA Kernel Statistics:

   Total     Operations  Average  Minimum   Maximum    StdDev       Operation     
 ----------  ----------  -------  -------  ---------  --------  ------------------
  53857.766         925   58.225    0.004   6192.094   359.401  [CUDA memcpy DtoH]
 168267.875         762  220.824    0.004  15600.938  1009.366  [CUDA memcpy HtoD]
      1.875         450    0.004    0.004      0.008     0.001  [CUDA memset]     
 Time(%)  Total Time (ns)  Instances    Average     Minimum    Maximum   StdDev                  Name               
 -------  ---------------  ---------  -----------  ---------  ---------  -------  ----------------------------------
    53.0        227116851          1  227116851.0  227116851  227116851      0.0  gkps_adiabatic_electron_143_gpu   
    11.8         50537377         10    5053737.7    5019956    5206610  54795.6  cpush_1123_gpu                    
    11.0         47065760         10    4706576.0    4696407    4716374   6920.2  ppush_659_gpu                     
    10.1         43109353         20    2155467.7    2133773    2472875  74792.0  grid1_1723_gpu                    
    10.0         42685736          1   42685736.0   42685736   42685736      0.0  gkps_adiabatic_electron_231_gpu   
     1.1          4529982        380      11921.0      11871      12609    124.8  gem_pputil_test_pmove_353_gpu     
     0.7          2982183        380       7847.9       7775       8704    162.3  gem_pputil_test_pmove_337_gpu     
     0.7          2809015        380       7392.1       7295       8096    143.6  gem_pputil_test_pmove_353_gpu__red
     0.6          2436490         20     121824.5     121598     122111    157.2  gkps_adiabatic_electron_287_gpu   
     0.4          1743792          1    1743792.0    1743792    1743792      0.0  gkps_adiabatic_electron_199_gpu   
     0.3          1209780        380       3183.6       3135       3872    131.6  gem_pputil_test_pmove_434_gpu     
     0.1           328062         20      16403.1      16288      16544     71.4  gem_pputil_test_init_pmove_144_gpu
     0.1           287935         20      14396.8      14272      14624     93.3  gkps_adiabatic_electron_403_gpu   
     0.1           282878         20      14143.9      13376      14336    211.5  gkps_adiabatic_electron_355_gpu   
     0.1           269949         20      13497.5      13312      13728    118.2  gkps_adiabatic_electron_433_gpu   
     0.1           239711         20      11985.6      11648      12416    196.0  gem_pputil_test_init_pmove_117_gpu
     0.1           226431         20      11321.6      10975      11712    166.4  gkps_adiabatic_electron_321_gpu   
     0.0           163392         20       8169.6       8096       8320     64.9  gkps_adiabatic_electron_382_gpu   
     0.0           162336         20       8116.8       8064       8256     47.7  gkps_adiabatic_electron_459_gpu   
     0.0            77663         20       3883.2       3776       4064     62.5  gem_pputil_test_init_pmove_215_gpu
     0.0            60639         20       3032.0       2976       3232     79.6  gem_pputil_test_init_pmove_102_gpu



CUDA Memory Operation Statistics (by time):




CUDA Memory Operation Statistics (by time):

 Time(%)  Total Time (ns)  Operations  Average  Minimum  Maximum   StdDev       Operation     
 -------  ---------------  ----------  -------  -------  -------  --------  ------------------
    77.0         21875027         762  28707.4     1279  1706682  122841.2  [CUDA memcpy HtoD]
    21.0          5956250         925   6439.2     1375   756670   34057.9  [CUDA memcpy DtoH]
     2.1           589251         450   1309.4     1248     1600      55.3  [CUDA memset]     
 Time(%)  Total Time (ns)  Operations  Average  Minimum  Maximum   StdDev       Operation     
 -------  ---------------  ----------  -------  -------  -------  --------  ------------------
    77.5         21930067         762  28779.6     1343  1383057  111305.7  [CUDA memcpy HtoD]
    20.3          5750709         925   6217.0     1439   645753   32622.5  [CUDA memcpy DtoH]
     2.2           620250         450   1378.3     1343     2881      90.5  [CUDA memset]     



CUDA Memory Operation Statistics (by time):

 Time(%)  Total Time (ns)  Operations  Average  Minimum  Maximum   StdDev       Operation     
 -------  ---------------  ----------  -------  -------  -------  --------  ------------------
    76.3         22099264         762  29001.7     1279  1885679  129245.2  [CUDA memcpy HtoD]
    21.7          6281864         925   6791.2     1407   941400   39095.0  [CUDA memcpy DtoH]
     2.1           594562         450   1321.2     1279     2049      60.0  [CUDA memset]     





CUDA Memory Operation Statistics (by size in KiB):




CUDA Memory Operation Statistics (by size in KiB):

   Total     Operations  Average  Minimum   Maximum    StdDev       Operation     
 ----------  ----------  -------  -------  ---------  --------  ------------------
  54700.344         925   59.136    0.004   6192.094   359.739  [CUDA memcpy DtoH]
 167852.875         762  220.279    0.004  15600.938  1009.232  [CUDA memcpy HtoD]
      1.875         450    0.004    0.004      0.008     0.001  [CUDA memset]     
   Total     Operations  Average  Minimum   Maximum    StdDev       Operation     
 ----------  ----------  -------  -------  ---------  --------  ------------------
  55906.438         925   60.439    0.004   6192.094   360.404  [CUDA memcpy DtoH]
 167237.250         762  219.471    0.004  15600.938  1009.043  [CUDA memcpy HtoD]
      1.875         450    0.004    0.004      0.008     0.001  [CUDA memset]     




CUDA Memory Operation Statistics (by size in KiB):

   Total     Operations  Average  Minimum   Maximum    StdDev       Operation     
 ----------  ----------  -------  -------  ---------  --------  ------------------
  57721.516         925   62.402    0.004   6192.094   361.804  [CUDA memcpy DtoH]
 166334.438         762  218.287    0.004  15600.938  1008.787  [CUDA memcpy HtoD]
      1.875         450    0.004    0.004      0.008     0.001  [CUDA memset]     





CUDA API Statistics:

 Time(%)  Total Time (ns)  Num Calls   Average    Minimum    Maximum    StdDev            Name        
 -------  ---------------  ---------  ----------  --------  ---------  ---------  --------------------
    53.5        405072655       2894    139969.8      1214  223913650  4245053.1  cuStreamSynchronize 
    33.6        254531472        160   1590821.7      1615    9192651  3085519.1  cuMemAlloc_v2       
     3.9         29733319       1783     16676.0      3216   10322693   344243.7  cuLaunchKernel      
     3.7         27727146          1  27727146.0  27727146   27727146        0.0  cuMemHostAlloc      
     3.1         23239797          1  23239797.0  23239797   23239797        0.0  cuModuleLoadDataEx  
     0.6          4183234        740      5653.0      2739      27360     3117.4  cuMemcpyHtoDAsync_v2
     0.5          3829939        924      4145.0      2718      23557     2104.2  cuMemcpyDtoHAsync_v2
     0.4          3365932          1   3365932.0   3365932    3365932        0.0  cuMemAllocHost_v2   
     0.2          1642958        919      1787.8      1300       8923      676.2  cuEventRecord       
     0.2          1455823        450      3235.2      2120       9633      997.7  cuMemsetD32Async    
     0.2          1368668        917      1492.5      1098      80221     2708.4  cuEventSynchronize  
     0.0           247311         80      3091.4      1602       7869     1399.0  cuCtxSynchronize    
     0.0           140739         23      6119.1      5020      10991     1755.2  cuMemcpy2DAsync_v2  
     0.0            21585          1     21585.0     21585      21585        0.0  cuStreamCreate      
     0.0            14468         10      1446.8       316       4729     1454.4  cuEventCreate       
     0.0             3358          1      3358.0      3358       3358        0.0  cuInit              



CUDA Kernel Statistics:

 Time(%)  Total Time (ns)  Instances    Average     Minimum    Maximum   StdDev                  Name               
 -------  ---------------  ---------  -----------  ---------  ---------  -------  ----------------------------------
    60.4        223909580          1  223909580.0  223909580  223909580      0.0  gkps_adiabatic_electron_143_gpu   
    11.5         42715422          1   42715422.0   42715422   42715422      0.0  gkps_adiabatic_electron_231_gpu   
     8.4         31312695         10    3131269.5    3094944    3303677  62682.3  cpush_1123_gpu                    
     7.8         28924946         10    2892494.6    2884354    2904834   6681.7  ppush_659_gpu                     
     7.0         25973325         20    1298666.3    1285907    1485265  43944.3  grid1_1723_gpu                    
     1.2          4562903        380      12007.6      11935      12799    140.8  gem_pputil_test_pmove_353_gpu     
     0.8          2971008        380       7818.4       7775       8768    153.4  gem_pputil_test_pmove_337_gpu     
     0.8          2837559        380       7467.3       7359       8192    148.6  gem_pputil_test_pmove_353_gpu__red
     0.7          2443590         20     122179.5     121535     122430    189.9  gkps_adiabatic_electron_287_gpu   
     0.5          1741646          1    1741646.0    1741646    1741646      0.0  gkps_adiabatic_electron_199_gpu   
     0.3          1232393        380       3243.1       3199       3968    126.9  gem_pputil_test_pmove_434_gpu     
     0.1           328128         20      16406.4      16351      16480     54.9  gem_pputil_test_init_pmove_144_gpu
     0.1           286811         20      14340.6      14208      14527     77.8  gkps_adiabatic_electron_403_gpu   
     0.1           282493         20      14124.7      13792      14303    125.9  gkps_adiabatic_electron_355_gpu   
     0.1           269787         20      13489.4      13312      13664     85.2  gkps_adiabatic_electron_433_gpu   
     0.1           226433         20      11321.7      11072      11776    159.6  gkps_adiabatic_electron_321_gpu   
     0.0           176190         20       8809.5       8512       9409    217.7  gem_pputil_test_init_pmove_117_gpu
     0.0           162911         20       8145.6       8096       8288     51.3  gkps_adiabatic_electron_459_gpu   
     0.0           162365         20       8118.3       8064       8224     36.2  gkps_adiabatic_electron_382_gpu   
     0.0            77825         20       3891.3       3840       4000     40.7  gem_pputil_test_init_pmove_215_gpu
     0.0            62175         20       3108.8       3039       3392     90.7  gem_pputil_test_init_pmove_102_gpu



CUDA Memory Operation Statistics (by time):

 Time(%)  Total Time (ns)  Operations  Average  Minimum  Maximum   StdDev       Operation     
 -------  ---------------  ----------  -------  -------  -------  --------  ------------------
    77.2         22180964         762  29108.9     1279  1876717  129213.4  [CUDA memcpy HtoD]
    20.7          5945713         925   6427.8     1375   937366   38426.8  [CUDA memcpy DtoH]
     2.1           593093         450   1318.0     1279     1632      53.9  [CUDA memset]     



CUDA Memory Operation Statistics (by size in KiB):

   Total     Operations  Average  Minimum   Maximum    StdDev       Operation     
 ----------  ----------  -------  -------  ---------  --------  ------------------
  54708.391         925   59.144    0.004   6192.094   359.743  [CUDA memcpy DtoH]
 167822.250         762  220.239    0.004  15600.938  1009.222  [CUDA memcpy HtoD]
      1.875         450    0.004    0.004      0.008     0.001  [CUDA memset]     

