 total MPI=            8  ntube=            1  particle per MPI=        66048 
        66048
  -9.0949470177292824E-013   1.1460090782575622E-014  -1.2271846303073670E-002
 dt,beta=     32.36611922270230        1.2195530804907236E-002
 amp,vpp,yd0 =    9.9999999999999998E-013    0.000000000000000      
    0.000000000000000     
 peritr,ifluid=             0            0
 tor,nonlin=     1.000000000000000                 1            1
 isuni=             0 amie=     1835.466660000000     
 kxcut,kycut,bcut=    0.2790349390931968        2.9823424198553751E-002 
    3000.000000000000     
 fradi,isg=     1.000000000000000         1.000000000000000     
 llk,mlk,onemd =            0            1            1
 vwidth (i,e), vcut=     8.000000000000000         8.000000000000000      
    15.00000000000000     
 rneu=     0.000000000000000     
 V-ExB switch=     0.000000000000000     
 V-parallel switch=     0.000000000000000     
 mm1=         66048
 pzcrite,encrit =     13.12507333974200         1.000000000000000     
 nue0 =     1.000000000000000         1.000000000000000      
    1.000000000000000     
 xn0e(1),xnir0 =     1.259257238570655         0.000000000000000     
 frequ, eru =     0.000000000000000         0.000000000000000     
 lxa,lymult,delra,r0a,rina,routa=   0.8600000000000000      
    2.000000000000000        5.0000000000000003E-002   0.5300000000000000      
   0.1000000000000000        0.9600000000000000     
 a,r0,rmaj0,q0,lx,ly,lz=    183.0854584038953         97.03529295406453      
    542.9878083918395        -1.315420320000000         157.4534942273500      
    231.7474945828893         4487.810323669831     
 t0,kyrhoi_local=   0.6032766210000000        2.9780916994334806E-002
 coefu =     0.000000000000000     
 ktheta*rhos =    2.9780916994334806E-002
 cs/a, q0, q0p, s^hat =    2.9997799499929889E-003   -1.315420320000000      
   6.0000000000000001E-003  -0.4426051117443489     
 rho* = rhos/a =    5.9995598999859779E-003
 f0p,psip(nr/2),Bunit,candyf0p =     0.000000000000000      
   -105.5991628023555         0.000000000000000         0.000000000000000     
 lxa min =   -0.4551608525320235     
 t0i(nr/2)=    0.6032766210000000     
 Gyrokrs =                        Inf
 omp_num_threads=            1
 cn0s=   0.7658063836858320         0.000000000000000      
    0.000000000000000         0.000000000000000         0.000000000000000     
 totvol,jacp,dum2=    226160705.1303338         2850.525946958880      
    2857.348312671386     
 after write totvol
 after cut
 before blendf
 after blendf
 after initialize
 lr0,lx,rin,a    97.03529295406453         157.4534942273500      
    18.30854584038953         183.0854584038953     
 before grid1   8.3669999999999997E-006
 after grid1   6.9866379999999999E-003
 end accumu   6.9903900000000000E-003
 after den0_phi   1.0136579000000000E-002
 after field solver   0.5484312370000000     
 after field   0.5484333130000000     
 after rmsphi   0.5484566719999999     
 with filter   0.5499184970000000     
      0   0.22009741E-12   0.00000000E+00   0.00000000E+00   0.11945572-315   0.00000000E+00   0.00000000E+00   0.14610422-315   0.23179499-309   0.52755407E-09   0.81388392E-11   0.52761685E-09
 before ppush   0.5665214940000001     
 ppush 1   0.5692299040000000     
 ppush point 2   0.5841854590000000     
 ppush point 2.0   0.5841958860000001     
 after test pmove 0   0.5884524070000000     
 after test pmove 1.1   0.5885552530000000     
 after test pmove 1.2   0.5886949510000000     
 after test pmove 1.3   0.5887594960000000     
 after test pmove 1.4   0.5887654270000000     
 after test pmove 2.0   0.5888986940000001     
 after test pmove 2.1   0.5892155299999999     
 after test pmove 3   0.5897838360000001     
 ppush point 2.1   0.5897903449999999     
 pmove part2    2.0900000008428066E-007
 pmove part3    1.9594999999927865E-005
 ppush point 2.2   0.5900379950000000     
 pmove part2    1.4599999997866320E-007
 pmove part3    1.5666999999996989E-005
 pmove part2    1.0900000002589394E-007
 pmove part3    1.5483999999954534E-005
 pmove part2    1.0100000003010479E-007
 pmove part3    1.5714000000000006E-005
 pmove part2    8.6000000010244548E-008
 pmove part3    1.5322999999956011E-005
 pmove part2    1.2700000007193069E-007
 pmove part3    3.2758999999993321E-005
 pmove part2    8.6000000010244548E-008
 pmove part3    1.5780000000020777E-005
 pmove part2    1.1300000002378852E-007
 pmove part3    1.5849999999928421E-005
 pmove part2    9.9000000086668649E-008
 pmove part3    1.5847999999984985E-005
 pmove part2    1.0200000000182285E-007
 pmove part3    1.5839999999989196E-005
 pmove part2    9.8000000003928278E-008
 pmove part3    1.5127999999919872E-005
 pmove part2    1.0000000005838672E-007
 pmove part3    1.6518000000020905E-005
 pmove part2    6.3999999966313226E-008
 pmove part3    2.9347000000012891E-005
 pmove part2    1.1199999994104815E-007
 pmove part3    1.5639000000011727E-005
 pmove part2    9.5000000088774073E-008
 pmove part3    1.6101000000046106E-005
 pmove part2    8.4999999927504177E-008
 pmove part3    2.1947999999993861E-005
 pmove part2    8.1000000040631903E-008
 pmove part3    1.5270999999983381E-005
 pmove part2    9.3000000034315633E-008
 pmove part3    1.4958999999925560E-005
 pmove part2    9.7000000032210210E-008
 pmove part3    1.4629999999904442E-005
 ppush point 3   0.5928898410000000     
 after ppush   0.5928913630000000     
 after cpush   0.5928921790000000     
 before grid1   0.5928963780000001     
 after grid1   0.5981249390000001     
 end accumu   0.5981289920000000     
 after den0_phi   0.6009097660000000     
 after field solver   0.6044072410000000     
 after field   0.6044086380000000     
 after rmsphi   0.6044289360000000     
 with filter   0.6057566700000000     
 before ppush   0.6412816450000001     
 after ppush   0.6412832620000000     
 after cpush 2
 after cpush 3
 after test pmove 0   0.6595549670000000     
 after test pmove 1.1   0.6596683649999999     
 after test pmove 1.2   0.6598294990000000     
 after test pmove 1.3   0.6598917639999999     
 after test pmove 1.4   0.6598952490000001     
 after test pmove 2.0   0.6600510909999999     
 after test pmove 2.1   0.6602782170000000     
 after test pmove 3   0.6604809590000000     
 pmove part2    2.0999999994497642E-007
 pmove part3    1.9104000000047527E-005
 pmove part2    1.7299999988118486E-007
 pmove part3    1.6436999999980273E-005
 pmove part2    1.6599999996813608E-007
 pmove part3    1.5882000000022600E-005
 pmove part2    7.8000000014455395E-008
 pmove part3    1.5843999999987091E-005
 pmove part2    1.0699999997143550E-007
 pmove part3    1.5654999999892283E-005
 pmove part2    6.8999999935925871E-008
 pmove part3    1.5191999999997208E-005
 pmove part2    1.0700000008245780E-007
 pmove part3    1.5747999999926598E-005
 pmove part2    8.9000000036421056E-008
 pmove part3    1.5305999999992714E-005
 pmove part2    1.0999999999761201E-007
 pmove part3    1.5412999999964150E-005
 pmove part2    1.0799999994315357E-007
 pmove part3    1.5191000000025490E-005
 pmove part2    1.2999999998708489E-007
 pmove part3    1.5654000000031587E-005
 pmove part2    8.9000000036421056E-008
 pmove part3    1.5574999999934391E-005
 pmove part2    8.9000000036421056E-008
 pmove part3    2.1827999999946002E-005
 pmove part2    8.9999999897116822E-008
 pmove part3    1.5601000000087240E-005
 pmove part2    1.0999999999761201E-007
 pmove part3    1.5648999999950952E-005
 pmove part2    9.1000000090879496E-008
 pmove part3    1.6041999999938383E-005
 pmove part2    9.0999999979857193E-008
 pmove part3    1.5796999999873051E-005
 pmove part2    9.1999999951575262E-008
 pmove part3    1.5764999999889895E-005
 pmove part2    9.0999999979857193E-008
 pmove part3    1.5607000000028570E-005
 after cpush 3
 after cpush   0.6626753930000000     
 before grid1   0.6627448280000000     
 after grid1   0.6678234270000001     
 end accumu   0.6678265230000000     
 after den0_phi   0.6705059460000000     
 after field solver   0.6738935690000001     
 after field   0.6738951270000000     
 after rmsphi   0.6739155920000000     
 with filter   0.6752416139999999     
     32   0.19736176E-01   0.00000000E+00   0.00000000E+00   0.11946097-315   0.68587320E-12  -0.42276359E-12   0.19191620E-02   0.00000000E+00   0.95363495E-02   0.40621170E-01   0.41725549E-01
 before ppush   0.6791256390000000     
 ppush 1   0.6791317640000001     
 ppush point 2   0.6848132929999999     
 ppush point 2.0   0.6848269170000000     
 after test pmove 0   0.6848660670000000     
 after test pmove 1.1   0.6849749789999999     
 after test pmove 1.2   0.6851261060000000     
 after test pmove 1.3   0.6851869710000000     
 after test pmove 1.4   0.6851896740000001     
 after test pmove 2.0   0.6853376120000000     
 after test pmove 2.1   0.6855585829999999     
 after test pmove 3   0.6858111390000000     
 ppush point 2.1   0.6858159170000000     
 pmove part2    1.5600000002891079E-007
 pmove part3    1.7733999999935968E-005
 ppush point 2.2   0.6860026490000000     
 pmove part2    1.2500000001747225E-007
 pmove part3    1.6310000000019365E-005
 pmove part2    9.6999999921187907E-008
 pmove part3    1.5925999999999441E-005
 pmove part2    1.0500000002799936E-007
 pmove part3    1.5234000000030612E-005
 pmove part2    9.8999999975646347E-008
 pmove part3    1.5282999999977065E-005
 pmove part2    9.8999999975646347E-008
 pmove part3    1.5299000000079666E-005
 pmove part2    1.2399999993473187E-007
 pmove part3    1.5904000000066532E-005
 pmove part2    1.0699999997143550E-007
 pmove part3    1.5066000000008017E-005
 pmove part2    9.2999999923293331E-008
 pmove part3    1.5157999999959593E-005
 pmove part2    1.0299999986251862E-007
 pmove part3    1.5682000000016849E-005
 pmove part2    8.4000000066808411E-008
 pmove part3    1.5093999999882257E-005
 pmove part2    9.4000000006033702E-008
 pmove part3    1.5282999999977065E-005
 pmove part2    1.1100000008035238E-007
 pmove part3    1.5437000000062540E-005
 pmove part2    9.8999999975646347E-008
 pmove part3    1.5294999999970749E-005
 pmove part2    1.0200000000182285E-007
 pmove part3    1.5514999999854950E-005
 pmove part2    1.0500000002799936E-007
 pmove part3    1.5908999999925122E-005
 pmove part2    9.5000000088774073E-008
 pmove part3    1.7598999999979270E-005
 pmove part2    8.6999999981962617E-008
 pmove part3    1.5823000000025900E-005
 pmove part2    8.3999999955786109E-008
 pmove part3    1.5190999999914467E-005
 ppush point 3   0.6886640690000000     
 after ppush   0.6886655200000000     
 after cpush   0.6886661400000000     
 before grid1   0.6886701840000000     
 after grid1   0.6936846820000000     
 end accumu   0.6936878670000000     
 after den0_phi   0.6964714310000000     
 after field solver   0.6998732620000000     
 after field   0.6998747060000000     
 after rmsphi   0.6998953670000000     
 with filter   0.7012142580000000     
 before ppush   0.7026971120000001     
 after ppush   0.7026983920000001     
 after cpush 2
 after cpush 3
 after test pmove 0   0.7089295240000000     
 after test pmove 1.1   0.7090364600000000     
 after test pmove 1.2   0.7091976740000000     
 after test pmove 1.3   0.7092614320000000     
 after test pmove 1.4   0.7092639869999999     
 after test pmove 2.0   0.7094219410000000     
 after test pmove 2.1   0.7096353129999999     
 after test pmove 3   0.7098904950000000     
 pmove part2    1.3899999995459211E-007
 pmove part3    1.7378999999984046E-005
 pmove part2    1.0700000008245780E-007
 pmove part3    1.5038999999994473E-005
 pmove part2    1.3800000009389635E-007
 pmove part3    1.5093000000021561E-005
 pmove part2    9.1999999951575262E-008
 pmove part3    1.5086999999969208E-005
 pmove part2    9.6999999921187907E-008
 pmove part3    1.5027000000000790E-005
 pmove part2    9.7999999892905976E-008
 pmove part3    1.4533000000094276E-005
 pmove part2    9.4000000006033702E-008
 pmove part3    1.4544000000116242E-005
 pmove part2    9.5999999949469839E-008
 pmove part3    1.4296999999996451E-005
 pmove part2    1.0099999991908248E-007
 pmove part3    1.4740000000013076E-005
 pmove part2    7.9000000097195766E-008
 pmove part3    1.4895000000070269E-005
 pmove part2    9.7000000032210210E-008
 pmove part3    1.5376999999983099E-005
 pmove part2    1.2399999993473187E-007
 pmove part3    1.4991000000019739E-005
 pmove part2    8.0999999929609601E-008
 pmove part3    1.4808999999949002E-005
 pmove part2    7.4999999988278887E-008
 pmove part3    1.5066000000008017E-005
 pmove part2    8.0999999929609601E-008
 pmove part3    1.5034000000024861E-005
 pmove part2    6.2999999994595157E-008
 pmove part3    1.4857999999895455E-005
 pmove part2    9.4999999977751770E-008
 pmove part3    1.5315999999931940E-005
 pmove part2    9.5999999949469839E-008
 pmove part3    1.5079999999945137E-005
 pmove part2    8.2000000123372274E-008
 pmove part3    1.5219999999871447E-005
 after cpush 3
 after cpush   0.7120982690000000     
 before grid1   0.7121052050000001     
 after grid1   0.7172599710000001     
 end accumu   0.7172631670000000     
 after den0_phi   0.7199468680000001     
 after field solver   0.7232805310000000     
 after field   0.7232823190000000     
 after rmsphi   0.7233022950000000     
 with filter   0.7246143510000000     
     64   0.30761827E-01   0.00000000E+00   0.00000000E+00   0.11946497-315   0.78751189E-12  -0.48881385E-12   0.20964878E-02   0.00000000E+00  -0.56178197E-01   0.21072498E-01   0.60000333E-01
 before ppush   0.7280554600000000     
 ppush 1   0.7280590960000000     
 ppush point 2   0.7337565050000000     
 ppush point 2.0   0.7337709660000000     
 after test pmove 0   0.7338099480000000     
 after test pmove 1.1   0.7339198100000000     
 after test pmove 1.2   0.7340944170000000     
 after test pmove 1.3   0.7341543990000000     
 after test pmove 1.4   0.7341570680000000     
 after test pmove 2.0   0.7343314100000000     
 after test pmove 2.1   0.7345489760000000     
 after test pmove 3   0.7348136599999999     
 ppush point 2.1   0.7348186870000000     
 pmove part2    1.4999999997655777E-007
 pmove part3    1.7647000000065027E-005
 ppush point 2.2   0.7349978820000000     
 pmove part2    1.3800000009389635E-007
 pmove part3    1.5772000000024988E-005
 pmove part2    1.8199999995971439E-007
 pmove part3    1.5746000000094185E-005
 pmove part2    1.4700000006140357E-007
 pmove part3    1.5174000000062193E-005
 pmove part2    9.3999999895011399E-008
 pmove part3    1.5111000000067598E-005
 pmove part2    7.7000000042737327E-008
 pmove part3    1.4932999999994756E-005
 pmove part2    1.0399999994525899E-007
 pmove part3    1.4895999999930964E-005
 pmove part2    1.2299999996301381E-007
 pmove part3    1.7392999999921166E-005
 pmove part2    1.9899999992301076E-007
 pmove part3    1.5030000000026966E-005
 pmove part2    1.0200000000182285E-007
 pmove part3    1.5553999999973200E-005
 pmove part2    1.0700000008245780E-007
 pmove part3    1.5045000000046826E-005
 pmove part2    9.4999999977751770E-008
 pmove part3    1.5125000000004718E-005
 pmove part2    9.2000000062597564E-008
 pmove part3    1.5054999999986052E-005
 pmove part2    9.4999999866729468E-008
 pmove part3    1.5298999999968643E-005
 pmove part2    9.7000000032210210E-008
 pmove part3    1.5077999999890679E-005
 pmove part2    1.0900000002589394E-007
 pmove part3    1.5589999999954252E-005
 pmove part2    9.1999999951575262E-008
 pmove part3    1.5692999999927792E-005
 pmove part2    1.6400000002469994E-007
 pmove part3    1.5373999999956922E-005
 pmove part2    9.8999999975646347E-008
 pmove part3    1.5476000000069767E-005
 ppush point 3   0.7376939790000000     
 after ppush   0.7376954670000000     
 after cpush   0.7376961040000001     
 before grid1   0.7377003540000000     
 after grid1   0.7426911760000000     
 end accumu   0.7426941810000001     
 after den0_phi   0.7454475460000001     
 after field solver   0.7488830430000000     
 after field   0.7488845319999999     
 after rmsphi   0.7489058620000000     
 with filter   0.7502217300000000     
 before ppush   0.7515230750000000     
 after ppush   0.7515243670000000     
 after cpush 2
 after cpush 3
 after test pmove 0   0.7577519109999999     
 after test pmove 1.1   0.7578599290000000     
 after test pmove 1.2   0.7580431800000000     
 after test pmove 1.3   0.7581121130000000     
 after test pmove 1.4   0.7581149610000000     
 after test pmove 2.0   0.7582993350000000     
 after test pmove 2.1   0.7585207819999999     
 after test pmove 3   0.7587629320000000     
 pmove part2    1.4400000003522706E-007
 pmove part3    1.7466999999937727E-005
 pmove part2    1.0599999999971743E-007
 pmove part3    1.5791000000042743E-005
 pmove part2    9.3000000034315633E-008
 pmove part3    1.5386000000061628E-005
 pmove part2    9.5999999949469839E-008
 pmove part3    1.5513999999994255E-005
 pmove part2    1.1599999993894272E-007
 pmove part3    1.5546999999949129E-005
 pmove part2    9.8000000114950581E-008
 pmove part3    1.4763999999889421E-005
 pmove part2    9.7000000032210210E-008
 pmove part3    1.4837000000045286E-005
 pmove part2    9.6000000060492141E-008
 pmove part3    1.4933000000105778E-005
 pmove part2    9.4999999977751770E-008
 pmove part3    1.5070000000005912E-005
 pmove part2    9.4999999977751770E-008
 pmove part3    1.5157999999959593E-005
 pmove part2    9.3000000034315633E-008
 pmove part3    1.5069000000034194E-005
 pmove part2    9.6999999921187907E-008
 pmove part3    1.5033000000053143E-005
 pmove part2    9.4999999977751770E-008
 pmove part3    1.5029999999915944E-005
 pmove part2    7.4999999988278887E-008
 pmove part3    1.9993999999967649E-005
 pmove part2    9.7000000032210210E-008
 pmove part3    1.4765000000083184E-005
 pmove part2    9.4000000006033702E-008
 pmove part3    1.4818000000027531E-005
 pmove part2    1.0000000005838672E-007
 pmove part3    1.4838999999988722E-005
 pmove part2    9.8999999975646347E-008
 pmove part3    1.5234000000030612E-005
 pmove part2    8.6000000010244548E-008
 pmove part3    2.1024999999896821E-005
 after cpush 3
 after cpush   0.7609417400000000     
 before grid1   0.7609485100000000     
 after grid1   0.7659309920000000     
 end accumu   0.7659341340000000     
 after den0_phi   0.7687531410000000     
 after field solver   0.7721411330000000     
 after field   0.7721425490000000     
 after rmsphi   0.7721644470000000     
 with filter   0.7734799600000000     
     97   0.43903627E-01   0.00000000E+00   0.00000000E+00   0.11947553-315   0.33117987E-11   0.20918617E-11   0.23733945E-02   0.00000000E+00   0.71404459E-02   0.29743338E-01   0.30588431E-01
 before ppush   0.7768849630000000     
 ppush 1   0.7768884790000000     
 ppush point 2   0.7825926759999999     
 ppush point 2.0   0.7826060470000000     
 after test pmove 0   0.7826472700000000     
 after test pmove 1.1   0.7827572350000001     
 after test pmove 1.2   0.7829717770000000     
 after test pmove 1.3   0.7830344440000000     
 after test pmove 1.4   0.7830371840000000     
 after test pmove 2.0   0.7832632330000000     
 after test pmove 2.1   0.7835008310000000     
 after test pmove 3   0.7837154450000000     
 ppush point 2.1   0.7837206919999999     
 pmove part2    1.4299999995248669E-007
 pmove part3    1.7460999999996396E-005
 ppush point 2.2   0.7839013600000000     
 pmove part2    1.5399999997445235E-007
 pmove part3    1.5998000000072565E-005
 pmove part2    1.1199999994104815E-007
 pmove part3    1.6569999999993534E-005
 pmove part2    1.0400000005628129E-007
 pmove part3    1.5829999999938948E-005
 pmove part2    9.0000000008139125E-008
 pmove part3    1.5170000000064299E-005
 pmove part2    1.1399999999550658E-007
 pmove part3    1.4767000000026620E-005
 pmove part2    9.0000000008139125E-008
 pmove part3    1.4811000000003460E-005
 pmove part2    1.0400000005628129E-007
 pmove part3    1.5133999999972225E-005
 pmove part2    1.0899999991487164E-007
 pmove part3    1.5278999999979170E-005
 pmove part2    9.5999999949469839E-008
 pmove part3    1.4968999999975807E-005
 pmove part2    1.0999999999761201E-007
 pmove part3    1.7347999999972608E-005
 pmove part2    1.0500000002799936E-007
 pmove part3    1.5235000000002330E-005
 pmove part2    9.8999999975646347E-008
 pmove part3    1.5278999999979170E-005
 pmove part2    1.0200000000182285E-007
 pmove part3    1.5068000000062476E-005
 pmove part2    1.0800000005417587E-007
 pmove part3    1.5377999999954817E-005
 pmove part2    1.1899999996511923E-007
 pmove part3    1.5316000000042962E-005
 pmove part2    1.1700000002168309E-007
 pmove part3    1.5630000000044220E-005
 pmove part2    8.7999999953680685E-008
 pmove part3    1.5596000000117627E-005
 pmove part2    8.3999999955786109E-008
 pmove part3    1.5963000000063232E-005
 ppush point 3   0.7865918610000000     
 after ppush   0.7865933410000000     
 after cpush   0.7865939530000000     
 before grid1   0.7865978810000001     
 after grid1   0.7917438120000000     
 end accumu   0.7917472910000000     
 after den0_phi   0.7946119440000000     
 after field solver   0.7982965390000000     
 after field   0.7982978270000000     
 after rmsphi   0.7983189700000000     
 with filter   0.7996460120000000     
 before ppush   0.8008711200000000     
 after ppush   0.8008725249999999     
 after cpush 2
 after cpush 3
 after test pmove 0   0.8071112110000001     
 after test pmove 1.1   0.8072255620000000     
 after test pmove 1.2   0.8074325540000000     
 after test pmove 1.3   0.8074936760000000     
 after test pmove 1.4   0.8074965590000001     
 after test pmove 2.0   0.8077057270000000     
 after test pmove 2.1   0.8079414490000000     
 after test pmove 3   0.8081900220000000     
 pmove part2    1.4000000003733248E-007
 pmove part3    1.7229999999979206E-005
 pmove part2    1.4599999997866320E-007
 pmove part3    1.5152999999989980E-005
 pmove part2    1.0000000005838672E-007
 pmove part3    1.5977999999972070E-005
 pmove part2    1.1700000002168309E-007
 pmove part3    1.5260000000072438E-005
 pmove part2    1.3499999995669754E-007
 pmove part3    1.5209999999932222E-005
 pmove part2    1.1500000007824696E-007
 pmove part3    1.5066999999979735E-005
 pmove part2    9.8000000003928278E-008
 pmove part3    1.4607999999971533E-005
 pmove part2    1.1499999996722465E-007
 pmove part3    1.5524999999905198E-005
 pmove part2    7.9999999957891532E-008
 pmove part3    1.6909000000064900E-005
 pmove part2    1.1499999996722465E-007
 pmove part3    1.4832999999936369E-005
 pmove part2    9.4000000006033702E-008
 pmove part3    1.4705999999975461E-005
 pmove part2    8.2999999984068040E-008
 pmove part3    1.4801000000064235E-005
 pmove part2    9.5999999949469839E-008
 pmove part3    1.6915999999977949E-005
 pmove part2    9.6999999921187907E-008
 pmove part3    1.4901999999983317E-005
 pmove part2    9.6000000060492141E-008
 pmove part3    1.5350000000080577E-005
 pmove part2    9.2000000062597564E-008
 pmove part3    1.4684000000042552E-005
 pmove part2    9.6000000060492141E-008
 pmove part3    1.4762999999917703E-005
 pmove part2    9.5000000088774073E-008
 pmove part3    1.4462999999964588E-005
 pmove part2    1.0000000005838672E-007
 pmove part3    1.4832999999936369E-005
 after cpush 3
 after cpush   0.8104066670000000     
 before grid1   0.8104137990000000     
 after grid1   0.8155778069999999     
 end accumu   0.8155813700000000     
 after den0_phi   0.8184335920000000     
 after field solver   0.8219335130000001     
 after field   0.8219348980000000     
 after rmsphi   0.8219630810000000     
 with filter   0.8233490590000000     
    129   0.59063697E-01   0.00000000E+00   0.00000000E+00   0.11948490-315   0.35884635E-11   0.52833834E-11   0.26982893E-02   0.34584595-322  -0.10673951E-02   0.73482563E-02   0.74253756E-02
 before ppush   0.8266365590000000     
 ppush 1   0.8266399449999999     
 ppush point 2   0.8323434350000000     
 ppush point 2.0   0.8323533900000000     
 after test pmove 0   0.8323959940000000     
 after test pmove 1.1   0.8325068470000000     
 after test pmove 1.2   0.8327174730000000     
 after test pmove 1.3   0.8327833339999999     
 after test pmove 1.4   0.8327860360000000     
 after test pmove 2.0   0.8329993780000000     
 after test pmove 2.1   0.8332099650000000     
 after test pmove 3   0.8334695580000000     
 ppush point 2.1   0.8334750080000000     
 pmove part2    1.4299999995248669E-007
 pmove part3    1.7167999999956329E-005
 ppush point 2.2   0.8336543300000000     
 pmove part2    1.0699999997143550E-007
 pmove part3    3.2192000000041965E-005
 pmove part2    1.0999999999761201E-007
 pmove part3    1.5334999999949694E-005
 pmove part2    1.9900000003403306E-007
 pmove part3    1.5259999999961416E-005
 pmove part2    8.3999999955786109E-008
 pmove part3    1.5301000000023102E-005
 pmove part2    1.0100000003010479E-007
 pmove part3    1.5222000000036928E-005
 pmove part2    9.4000000006033702E-008
 pmove part3    1.5504000000055029E-005
 pmove part2    1.1399999999550658E-007
 pmove part3    1.5519999999935585E-005
 pmove part2    1.1799999999340116E-007
 pmove part3    1.6097000000048212E-005
 pmove part2    8.6999999981962617E-008
 pmove part3    1.5862999999893823E-005
 pmove part2    1.0399999994525899E-007
 pmove part3    1.5937999999993124E-005
 pmove part2    1.0600000011073973E-007
 pmove part3    1.5109999999984858E-005
 pmove part2    1.0599999988869513E-007
 pmove part3    1.5575000000045414E-005
 pmove part2    8.2999999984068040E-008
 pmove part3    1.5628999999961479E-005
 pmove part2    1.0499999991697706E-007
 pmove part3    1.5865000000059304E-005
 pmove part2    1.2400000004575418E-007
 pmove part3    1.5414000000046890E-005
 pmove part2    8.2999999984068040E-008
 pmove part3    1.5326999999953905E-005
 pmove part2    1.0000000005838672E-007
 pmove part3    1.4938000000075391E-005
 pmove part2    9.9000000086668649E-008
 pmove part3    1.5424999999957834E-005
 ppush point 3   0.8364393930000000     
 after ppush   0.8364408839999999     
 after cpush   0.8364414760000000     
 before grid1   0.8364503240000000     
 after grid1   0.8415828300000000     
 end accumu   0.8415863340000000     
 after den0_phi   0.8445775160000000     
 after field solver   0.8482437380000000     
 after field   0.8482455380000000     
 after rmsphi   0.8482708250000000     
 with filter   0.8496135670000000     
 before ppush   0.8510381579999999     
 after ppush   0.8510392680000000     
 after cpush 2
 after cpush 3
 after test pmove 0   0.8572672660000000     
 after test pmove 1.1   0.8573793750000001     
 after test pmove 1.2   0.8576010850000000     
 after test pmove 1.3   0.8576626300000000     
 after test pmove 1.4   0.8576653140000000     
 after test pmove 2.0   0.8578895410000000     
 after test pmove 2.1   0.8581068160000000     
 after test pmove 3   0.8583635199999999     
 pmove part2    1.5099999994827584E-007
 pmove part3    1.7507999999999413E-005
 pmove part2    1.2000000004785960E-007
 pmove part3    1.4989999999936998E-005
 pmove part2    1.0400000005628129E-007
 pmove part3    1.5227000000006541E-005
 pmove part2    1.2599999998919031E-007
 pmove part3    1.5062000000010123E-005
 pmove part2    1.0099999991908248E-007
 pmove part3    1.5318000000097420E-005
 pmove part2    8.7000000092984919E-008
 pmove part3    1.5207999999988786E-005
 pmove part2    1.0100000003010479E-007
 pmove part3    1.5176000000005629E-005
 pmove part2    1.0000000005838672E-007
 pmove part3    1.5223000000008646E-005
 pmove part2    1.0100000003010479E-007
 pmove part3    1.5337000000004153E-005
 pmove part2    8.4000000066808411E-008
 pmove part3    1.5705000000032499E-005
 pmove part2    9.6000000060492141E-008
 pmove part3    1.5462999999993343E-005
 pmove part2    8.4000000066808411E-008
 pmove part3    1.5237999999917484E-005
 pmove part2    9.8000000003928278E-008
 pmove part3    1.5392000000002959E-005
 pmove part2    9.2999999923293331E-008
 pmove part3    1.4882999999965563E-005
 pmove part2    9.5999999949469839E-008
 pmove part3    1.5117000000008929E-005
 pmove part2    9.4999999977751770E-008
 pmove part3    1.4836000000073568E-005
 pmove part2    9.9000000086668649E-008
 pmove part3    1.4923999999916226E-005
 pmove part2    1.0400000005628129E-007
 pmove part3    1.4665000000024797E-005
 pmove part2    9.7000000032210210E-008
 pmove part3    1.4782999999907176E-005
 after cpush 3
 after cpush   0.8605976800000000     
 before grid1   0.8606050000000001     
 after grid1   0.8657027780000000     
 end accumu   0.8657062639999999     
 after den0_phi   0.8687589190000000     
 after field solver   0.8723409610000000     
 after field   0.8723420950000000     
 after rmsphi   0.8723667020000000     
 with filter   0.8737137240000000     
    161   0.79917497E-01   0.00000000E+00   0.00000000E+00   0.11949539-315   0.31700169E-11   0.13232916E-11   0.30497953E-02   0.00000000E+00   0.38433286E-01   0.12978222E-01   0.40565400E-01
 before ppush   0.8772703410000000     
 ppush 1   0.8772737070000000     
 ppush point 2   0.8829948480000001     
 ppush point 2.0   0.8830054680000000     
 after test pmove 0   0.8830474189999999     
 after test pmove 1.1   0.8831615080000000     
 after test pmove 1.2   0.8833962920000000     
 after test pmove 1.3   0.8834620160000000     
 after test pmove 1.4   0.8834649130000000     
 after test pmove 2.0   0.8837038820000001     
 after test pmove 2.1   0.8839363170000000     
 after test pmove 3   0.8842026210000000     
 ppush point 2.1   0.8842077400000000     
 pmove part2    1.5000000008758008E-007
 pmove part3    1.8238000000003751E-005
 ppush point 2.2   0.8843868060000000     
 pmove part2    1.3200000004154333E-007
 pmove part3    1.5710000000002111E-005
 pmove part2    1.4599999997866320E-007
 pmove part3    1.5705000000032499E-005
 pmove part2    1.0100000003010479E-007
 pmove part3    1.5674999999992778E-005
 pmove part2    1.0799999994315357E-007
 pmove part3    1.5290999999972854E-005
 pmove part2    1.0000000005838672E-007
 pmove part3    1.5197999999938538E-005
 pmove part2    1.1600000004996502E-007
 pmove part3    1.5389999999948500E-005
 pmove part2    1.0100000003010479E-007
 pmove part3    1.5187999999999313E-005
 pmove part2    6.3999999966313226E-008
 pmove part3    1.5321999999984293E-005
 pmove part2    8.6999999981962617E-008
 pmove part3    1.4903000000066058E-005
 pmove part2    1.0200000000182285E-007
 pmove part3    1.5363000000045979E-005
 pmove part2    9.9999999947364415E-008
 pmove part3    1.5592999999980428E-005
 pmove part2    9.5999999949469839E-008
 pmove part3    1.5515999999937691E-005
 pmove part2    1.2500000001747225E-007
 pmove part3    1.5199000000021279E-005
 pmove part2    9.8999999975646347E-008
 pmove part3    1.5242999999998119E-005
 pmove part2    9.9000000086668649E-008
 pmove part3    1.5473000000043591E-005
 pmove part2    9.4999999977751770E-008
 pmove part3    1.7578000000018079E-005
 pmove part2    1.1899999996511923E-007
 pmove part3    1.5175000000033911E-005
 pmove part2    1.0999999999761201E-007
 pmove part3    1.5756000000033410E-005
 ppush point 3   0.8871201670000000     
 after ppush   0.8871220850000000     
 after cpush   0.8871227300000000     
 before grid1   0.8871272219999999     
 after grid1   0.8923047780000000     
 end accumu   0.8923081360000000     
 after den0_phi   0.8950981980000000     
 after field solver   0.8987299020000000     
 after field   0.8987311360000000     
 after rmsphi   0.8987529880000000     
 with filter   0.9001511680000001     
 before ppush   0.9015983920000000     
 after ppush   0.9015994910000000     
 after cpush 2
 after cpush 3
 after test pmove 0   0.9078249680000000     
 after test pmove 1.1   0.9079221580000000     
 after test pmove 1.2   0.9081578940000000     
 after test pmove 1.3   0.9082232820000000     
 after test pmove 1.4   0.9082260380000000     
 after test pmove 2.0   0.9084689070000000     
 after test pmove 2.1   0.9086944130000000     
 after test pmove 3   0.9089724310000000     
 pmove part2    1.2699999996090838E-007
 pmove part3    1.6801999999982442E-005
 pmove part2    1.1799999999340116E-007
 pmove part3    1.5031999999970402E-005
 pmove part2    1.1300000002378852E-007
 pmove part3    1.5281000000033629E-005
 pmove part2    9.4000000006033702E-008
 pmove part3    1.4846999999984511E-005
 pmove part2    9.6999999921187907E-008
 pmove part3    1.5931999999940771E-005
 pmove part2    9.4999999977751770E-008
 pmove part3    1.4780999999963740E-005
 pmove part2    8.5000000038526480E-008
 pmove part3    1.6691999999984830E-005
 pmove part2    9.4000000006033702E-008
 pmove part3    1.4963000000034476E-005
 pmove part2    9.7000000032210210E-008
 pmove part3    1.4830999999992933E-005
 pmove part2    9.5999999949469839E-008
 pmove part3    1.4682999999959812E-005
 pmove part2    9.7000000032210210E-008
 pmove part3    1.4889999999989634E-005
 pmove part2    9.5999999949469839E-008
 pmove part3    1.4808000000088306E-005
 pmove part2    9.8999999975646347E-008
 pmove part3    1.4979999999997773E-005
 pmove part2    9.8000000003928278E-008
 pmove part3    1.4821000000053708E-005
 pmove part2    9.5000000088774073E-008
 pmove part3    1.4883999999937281E-005
 pmove part2    9.8999999975646347E-008
 pmove part3    1.5049000000044721E-005
 pmove part2    1.2000000004785960E-007
 pmove part3    1.5073000000032089E-005
 pmove part2    1.0299999997354092E-007
 pmove part3    1.5020999999948437E-005
 pmove part2    5.9999999968418649E-008
 pmove part3    1.4834999999990828E-005
 after cpush 3
 after cpush   0.9111626070000000     
 before grid1   0.9111697180000000     
 after grid1   0.9162634320000000     
 end accumu   0.9162663450000000     
 after den0_phi   0.9191750000000000     
 after field solver   0.9226395220000000     
 after field   0.9226405760000000     
 after rmsphi   0.9226622580000000     
 with filter   0.9240368790000000     
    194   0.88094860E-01   0.00000000E+00   0.00000000E+00   0.11950706-315  -0.26301017E-12  -0.11453158E-10   0.34185981E-02   0.00000000E+00   0.31080529E-01   0.21358667E-01   0.37711960E-01
 before ppush   0.9273642530000000     
 ppush 1   0.9273676670000000     
 ppush point 2   0.9330720100000000     
 ppush point 2.0   0.9330811660000000     
 after test pmove 0   0.9331260630000000     
 after test pmove 1.1   0.9332367490000000     
 after test pmove 1.2   0.9334814550000000     
 after test pmove 1.3   0.9335418460000000     
 after test pmove 1.4   0.9335444380000000     
 after test pmove 2.0   0.9337975300000000     
 after test pmove 2.1   0.9340174190000000     
 after test pmove 3   0.9342698810000000     
 ppush point 2.1   0.9342746610000000     
 pmove part2    1.3700000001115598E-007
 pmove part3    1.7575999999963621E-005
 ppush point 2.2   0.9344518830000000     
 pmove part2    1.4800000003312164E-007
 pmove part3    1.5886000000020495E-005
 pmove part2    1.0000000005838672E-007
 pmove part3    1.5497000000030958E-005
 pmove part2    1.1999999993683730E-007
 pmove part3    1.5262999999987592E-005
 pmove part2    9.0000000008139125E-008
 pmove part3    1.5513999999994255E-005
 pmove part2    1.0500000002799936E-007
 pmove part3    1.5204000000101914E-005
 pmove part2    1.0399999994525899E-007
 pmove part3    1.5482000000011098E-005
 pmove part2    9.8999999975646347E-008
 pmove part3    1.7111000000014087E-005
 pmove part2    1.0900000002589394E-007
 pmove part3    1.5852999999954598E-005
 pmove part2    1.0000000005838672E-007
 pmove part3    1.5419000000016503E-005
 pmove part2    8.2999999984068040E-008
 pmove part3    1.5262999999987592E-005
 pmove part2    1.0599999988869513E-007
 pmove part3    1.5231000000004435E-005
 pmove part2    1.0999999999761201E-007
 pmove part3    1.4999000000015528E-005
 pmove part2    9.1000000090879496E-008
 pmove part3    1.5435999999979799E-005
 pmove part2    9.7000000032210210E-008
 pmove part3    1.5259999999961416E-005
 pmove part2    9.8000000003928278E-008
 pmove part3    1.5039999999966192E-005
 pmove part2    9.6000000060492141E-008
 pmove part3    1.5148000000020367E-005
 pmove part2    1.1700000002168309E-007
 pmove part3    1.5181000000086264E-005
 pmove part2    1.2599999998919031E-007
 pmove part3    1.5492000000061346E-005
 ppush point 3   0.9372565040000000     
 after ppush   0.9372578170000000     
 after cpush   0.9372585260000000     
 before grid1   0.9372626589999999     
 after grid1   0.9423776420000000     
 end accumu   0.9423811670000000     
 after den0_phi   0.9452425980000000     
 after field solver   0.9487670500000001     
 after field   0.9487681580000000     
 after rmsphi   0.9487930930000000     
 with filter   0.9501024050000000     
 before ppush   0.9514778340000000     
 after ppush   0.9514864119999999     
 after cpush 2
 after cpush 3
 after test pmove 0   0.9577387490000000     
 after test pmove 1.1   0.9578503110000000     
 after test pmove 1.2   0.9581035640000000     
 after test pmove 1.3   0.9581707640000000     
 after test pmove 1.4   0.9581736390000000     
 after test pmove 2.0   0.9584395010000000     
 after test pmove 2.1   0.9586413610000000     
 after test pmove 3   0.9589246140000000     
 pmove part2    1.4800000003312164E-007
 pmove part3    1.7059000000041458E-005
 pmove part2    1.0999999999761201E-007
 pmove part3    1.5071999999949348E-005
 pmove part2    8.2999999984068040E-008
 pmove part3    1.5141999999968014E-005
 pmove part2    9.6999999921187907E-008
 pmove part3    1.4992999999963175E-005
 pmove part2    9.5999999949469839E-008
 pmove part3    1.4822999999997144E-005
 pmove part2    1.1899999996511923E-007
 pmove part3    1.4964000000006195E-005
 pmove part2    1.1399999999550658E-007
 pmove part3    1.4872000000054619E-005
 pmove part2    1.1300000002378852E-007
 pmove part3    1.5350000000080577E-005
 pmove part2    1.1899999996511923E-007
 pmove part3    1.4964999999977913E-005
 pmove part2    1.1700000002168309E-007
 pmove part3    1.9446000000034047E-005
 pmove part2    9.8000000003928278E-008
 pmove part3    1.4740000000013076E-005
 pmove part2    1.1499999996722465E-007
 pmove part3    1.4783999999989916E-005
 pmove part2    9.5999999949469839E-008
 pmove part3    1.4873000000026337E-005
 pmove part2    1.0199999989080055E-007
 pmove part3    1.5003000000013422E-005
 pmove part2    1.0000000005838672E-007
 pmove part3    1.4920000000029354E-005
 pmove part2    9.9999999947364415E-008
 pmove part3    1.4984999999967386E-005
 pmove part2    8.4000000066808411E-008
 pmove part3    1.4708000000029919E-005
 pmove part2    8.1999999901327669E-008
 pmove part3    1.4728999999991110E-005
 pmove part2    9.4999999977751770E-008
 pmove part3    1.5307999999936150E-005
 after cpush 3
 after cpush   0.9611323090000000     
 before grid1   0.9611390020000000     
 after grid1   0.9664216540000000     
 end accumu   0.9664251100000000     
 after den0_phi   0.9692822830000000     
 after field solver   0.9728112990000000     
 after field   0.9728123480000000     
 after rmsphi   0.9728382280000000     
 with filter   0.9741619520000000     
    226   0.10237487E+00   0.00000000E+00   0.00000000E+00   0.11951996-315   0.45817440E-12  -0.62722199E-11   0.37994462E-02   0.15810101-321   0.25307391E-01   0.16180159E-01   0.30037670E-01
 before ppush   0.9775413270000000     
 ppush 1   0.9775446340000000     
 ppush point 2   0.9832494600000000     
 ppush point 2.0   0.9832590420000000     
 after test pmove 0   0.9833071090000000     
 after test pmove 1.1   0.9834177050000000     
 after test pmove 1.2   0.9836792400000000     
 after test pmove 1.3   0.9837407320000000     
 after test pmove 1.4   0.9837434750000000     
 after test pmove 2.0   0.9840155980000000     
 after test pmove 2.1   0.9842291130000000     
 after test pmove 3   0.9844962880000000     
 ppush point 2.1   0.9845046490000000     
 pmove part2    1.4600000008968550E-007
 pmove part3    1.7277999999953941E-005
 ppush point 2.2   0.9846837330000000     
 pmove part2    1.3199999993052103E-007
 pmove part3    1.5608999999972006E-005
 pmove part2    7.7000000042737327E-008
 pmove part3    1.5399999999998748E-005
 pmove part2    1.1199999994104815E-007
 pmove part3    1.5282000000005347E-005
 pmove part2    1.1400000010652889E-007
 pmove part3    1.5576000000017132E-005
 pmove part2    1.0999999999761201E-007
 pmove part3    1.5526999999959656E-005
 pmove part2    1.1300000002378852E-007
 pmove part3    1.4968000000004089E-005
 pmove part2    8.3999999955786109E-008
 pmove part3    2.1390000000010012E-005
 pmove part2    9.9000000086668649E-008
 pmove part3    1.5209999999932222E-005
 pmove part2    1.1099999996933008E-007
 pmove part3    1.8877999999999950E-005
 pmove part2    9.9000000086668649E-008
 pmove part3    1.8502999999947534E-005
 pmove part2    1.1500000007824696E-007
 pmove part3    1.5219000000010752E-005
 pmove part2    8.5000000038526480E-008
 pmove part3    1.5293999999999031E-005
 pmove part2    1.0400000005628129E-007
 pmove part3    1.5213999999930117E-005
 pmove part2    1.0100000003010479E-007
 pmove part3    1.5339999999919307E-005
 pmove part2    9.8999999975646347E-008
 pmove part3    1.5155999999905134E-005
 pmove part2    9.5000000088774073E-008
 pmove part3    1.5164000000011946E-005
 pmove part2    1.0100000003010479E-007
 pmove part3    1.5321000000012575E-005
 pmove part2    1.0099999991908248E-007
 pmove part3    1.5344999999999942E-005
 ppush point 3   0.9874138250000000     
 after ppush   0.9874152880000000     
 after cpush   0.9874158990000000     
 before grid1   0.9874261690000000     
 after grid1   0.9925921490000000     
 end accumu   0.9925960710000000     
 after den0_phi   0.9954333490000000     
 after field solver   0.9990090330000000     
 after field   0.9990101400000000     
 after rmsphi   0.9990342050000000     
 with filter    1.000448071000000     
 before ppush    1.001895272000000     
 after ppush    1.001896758000000     
 after cpush 2
 after cpush 3
 after test pmove 0    1.008129562000000     
 after test pmove 1.1    1.008238440000000     
 after test pmove 1.2    1.008508764000000     
 after test pmove 1.3    1.008570657000000     
 after test pmove 1.4    1.008573515000000     
 after test pmove 2.0    1.008856045000000     
 after test pmove 2.1    1.009060693000000     
 after test pmove 3    1.009339549000000     
 pmove part2    1.3800000009389635E-007
 pmove part3    1.7780000000078289E-005
 pmove part2    1.3000000009810719E-007
 pmove part3    1.5822000000165204E-005
 pmove part2    9.9999999836342113E-008
 pmove part3    1.5010999999898189E-005
 pmove part2    6.4000000188357831E-008
 pmove part3    1.5977999999972070E-005
 pmove part2    8.2999999984068040E-008
 pmove part3    1.5278999999868148E-005
 pmove part2    8.1000000040631903E-008
 pmove part3    1.6014000000064144E-005
 pmove part2    8.2000000123372274E-008
 pmove part3    1.4875999999830469E-005
 pmove part2    9.7000000032210210E-008
 pmove part3    1.4820000000081990E-005
 pmove part2    7.9999999957891532E-008
 pmove part3    1.5021999999920155E-005
 pmove part2    1.0000000005838672E-007
 pmove part3    1.4984000000106690E-005
 pmove part2    8.7000000092984919E-008
 pmove part3    1.4764999999972162E-005
 pmove part2    9.6000000171514444E-008
 pmove part3    1.5081000000138900E-005
 pmove part2    8.6000000010244548E-008
 pmove part3    2.4170999999961751E-005
 pmove part2    9.7000000032210210E-008
 pmove part3    1.4770000000163819E-005
 pmove part2    9.5999999949469839E-008
 pmove part3    1.4677999999879177E-005
 pmove part2    9.7000000032210210E-008
 pmove part3    1.5083999999943032E-005
 pmove part2    8.5000000149548782E-008
 pmove part3    1.6930000000137113E-005
 pmove part2    9.7000000032210210E-008
 pmove part3    1.4586999999899319E-005
 pmove part2    9.8999999975646347E-008
 pmove part3    1.7010999999955700E-005
 after cpush 3
 after cpush    1.011586195000000     
 before grid1    1.011596865000000     
 after grid1    1.016771720000000     
 end accumu    1.016774914000000     
 after den0_phi    1.019690800000000     
 after field solver    1.023220693000000     
 after field    1.023221933000000     
 after rmsphi    1.023250754000000     
 with filter    1.024572111000000     
    258   0.11372897E+00   0.00000000E+00   0.00000000E+00   0.11953403-315   0.18439669E-11   0.99688839E-11   0.41884854E-02   0.21219958-313   0.81238786E-01  -0.24555787E-02   0.81275890E-01
 before ppush    1.027994054000000     
 ppush 1    1.027997468000000     
 ppush point 2    1.033702220000000     
 ppush point 2.0    1.033711781000000     
 after test pmove 0    1.033751705000000     
 after test pmove 1.1    1.033864247000000     
 after test pmove 1.2    1.034142931000000     
 after test pmove 1.3    1.034202653000000     
 after test pmove 1.4    1.034205719000000     
 after test pmove 2.0    1.034499095000000     
 after test pmove 2.1    1.034709176000000     
 after test pmove 3    1.034999370000000     
 ppush point 2.1    1.035004318000000     
 pmove part2    1.4599999986764089E-007
 pmove part3    1.7382000000010223E-005
 ppush point 2.2    1.035179631000000     
 pmove part2    1.1199999994104815E-007
 pmove part3    1.5523999999933480E-005
 pmove part2    9.7999999892905976E-008
 pmove part3    1.5518999999963867E-005
 pmove part2    1.1200000016309275E-007
 pmove part3    1.5552999999890460E-005
 pmove part2    1.0400000016730360E-007
 pmove part3    1.5273000000037840E-005
 pmove part2    9.2000000062597564E-008
 pmove part3    1.5397000000083594E-005
 pmove part2    8.2000000123372274E-008
 pmove part3    1.5126999999948154E-005
 pmove part2    9.4000000006033702E-008
 pmove part3    1.5443000000114893E-005
 pmove part2    9.4000000006033702E-008
 pmove part3    1.5931999999940771E-005
 pmove part2    9.7999999892905976E-008
 pmove part3    1.5414000000157912E-005
 pmove part2    9.7000000032210210E-008
 pmove part3    1.5457999999801686E-005
 pmove part2    1.2400000004575418E-007
 pmove part3    1.9546000000092434E-005
 pmove part2    9.9999999836342113E-008
 pmove part3    1.6478000000041959E-005
 pmove part2    1.0899999991487164E-007
 pmove part3    1.4729000000102133E-005
 pmove part2    9.7999999892905976E-008
 pmove part3    1.4973999999945420E-005
 pmove part2    1.0999999999761201E-007
 pmove part3    1.5126999999948154E-005
 pmove part2    9.8999999975646347E-008
 pmove part3    1.5222000000036928E-005
 pmove part2    9.8000000114950581E-008
 pmove part3    1.4811000000003460E-005
 pmove part2    9.7999999892905976E-008
 pmove part3    1.5110000000095880E-005
 ppush point 3    1.037891314000000     
 after ppush    1.037892711000000     
 after cpush    1.037893400000000     
 before grid1    1.037897948000000     
 after grid1    1.043069583000000     
 end accumu    1.043072900000000     
 after den0_phi    1.046011176000000     
 after field solver    1.049526529000000     
 after field    1.049528254000000     
 after rmsphi    1.049552522000000     
 with filter    1.050884722000000     
 before ppush    1.052178490000000     
 after ppush    1.052179797000000     
 after cpush 2
 after cpush 3
 after test pmove 0    1.058438189000000     
 after test pmove 1.1    1.058544761000000     
 after test pmove 1.2    1.058840624000000     
 after test pmove 1.3    1.058901707000000     
 after test pmove 1.4    1.058904631000000     
 after test pmove 2.0    1.059211530000000     
 after test pmove 2.1    1.059414312000000     
 after test pmove 3    1.059699892000000     
 pmove part2    1.4900000011586201E-007
 pmove part3    1.7713999999946495E-005
 pmove part2    1.1699999991066079E-007
 pmove part3    1.5247000000107036E-005
 pmove part2    9.4000000006033702E-008
 pmove part3    1.5250999999993908E-005
 pmove part2    1.0000000005838672E-007
 pmove part3    1.4977000000193641E-005
 pmove part2    9.8000000114950581E-008
 pmove part3    1.5619000000022254E-005
 pmove part2    8.6000000010244548E-008
 pmove part3    1.4747000000037147E-005
 pmove part2    1.1600000004996502E-007
 pmove part3    1.4675000000075045E-005
 pmove part2    1.1999999993683730E-007
 pmove part3    1.4862000000004372E-005
 pmove part2    1.1400000010652889E-007
 pmove part3    1.5040999999937910E-005
 pmove part2    1.1799999999340116E-007
 pmove part3    1.4941999999962263E-005
 pmove part2    1.1200000016309275E-007
 pmove part3    1.4822999999886122E-005
 pmove part2    1.0599999988869513E-007
 pmove part3    1.4889000000017916E-005
 pmove part2    9.5000000088774073E-008
 pmove part3    1.4954999999927665E-005
 pmove part2    1.1799999999340116E-007
 pmove part3    1.4813000000168941E-005
 pmove part2    1.1600000004996502E-007
 pmove part3    1.4826999999995039E-005
 pmove part2    1.1799999999340116E-007
 pmove part3    1.5030999999998684E-005
 pmove part2    1.1699999991066079E-007
 pmove part3    1.5064000000064581E-005
 pmove part2    1.1799999999340116E-007
 pmove part3    1.4775999999994127E-005
 pmove part2    9.7999999892905976E-008
 pmove part3    1.5066000000008017E-005
 after cpush 3
 after cpush    1.061901496000000     
 before grid1    1.061907894000000     
 after grid1    1.067656383000000     
 end accumu    1.067659562000000     
 after den0_phi    1.070549602000000     
 after field solver    1.074033432000000     
 after field    1.074034630000000     
 after rmsphi    1.074056514000000     
 with filter    1.075385617000000     
    291   0.12250585E+00   0.00000000E+00   0.00000000E+00   0.11954930-315   0.10624253E-10   0.36005653E-10   0.45833206E-02   0.33951933-312   0.16258167E+00   0.47090733E-01   0.16926410E+00
 before ppush    1.081659713000000     
 ppush 1    1.081666142000000     
 ppush point 2    1.087367264000000     
 ppush point 2.0    1.087376980000000     
 after test pmove 0    1.087419409000000     
 after test pmove 1.1    1.087532821000000     
 after test pmove 1.2    1.087838233000000     
 after test pmove 1.3    1.087914192000000     
 after test pmove 1.4    1.087916862000000     
 after test pmove 2.0    1.088230347000000     
 after test pmove 2.1    1.088448519000000     
 after test pmove 3    1.088728516000000     
 ppush point 2.1    1.088733516000000     
 pmove part2    2.5999999997416978E-007
 pmove part3    1.6956000000067917E-005
 ppush point 2.2    1.088921841000000     
 pmove part2    1.2900000001536682E-007
 pmove part3    1.5532999999789965E-005
 pmove part2    1.0800000005417587E-007
 pmove part3    1.5199999999992997E-005
 pmove part2    1.9199999989893968E-007
 pmove part3    1.5235000000224375E-005
 pmove part2    1.1100000008035238E-007
 pmove part3    1.8383000000010696E-005
 pmove part2    1.3399999998497947E-007
 pmove part3    1.5096999999908434E-005
 pmove part2    8.4000000066808411E-008
 pmove part3    1.5466000000019520E-005
 pmove part2    1.0099999991908248E-007
 pmove part3    1.6656000000114801E-005
 pmove part2    9.9999999836342113E-008
 pmove part3    1.5011999999980929E-005
 pmove part2    8.7999999953680685E-008
 pmove part3    1.5015999999867802E-005
 pmove part2    8.4999999927504177E-008
 pmove part3    1.5278000000007452E-005
 pmove part2    1.0400000016730360E-007
 pmove part3    1.5639999999983445E-005
 pmove part2    1.1100000008035238E-007
 pmove part3    1.5061000000038405E-005
 pmove part2    1.2100000001957767E-007
 pmove part3    1.5800000000121273E-005
 pmove part2    1.1700000013270540E-007
 pmove part3    1.5294999999859726E-005
 pmove part2    1.0899999991487164E-007
 pmove part3    1.5692000000067097E-005
 pmove part2    1.0399999994525899E-007
 pmove part3    1.6139000000192638E-005
 pmove part2    9.8000000114950581E-008
 pmove part3    1.5681000000045131E-005
 pmove part2    1.0800000005417587E-007
 pmove part3    1.5907999999953404E-005
 ppush point 3    1.091728718000000     
 after ppush    1.091730747000000     
 after cpush    1.091731490000000     
 before grid1    1.091735579000000     
 after grid1    1.097018723000000     
 end accumu    1.097022077000000     
 after den0_phi    1.099929056000000     
 after field solver    1.103452301000000     
 after field    1.103453781000000     
 after rmsphi    1.103481695000000     
 with filter    1.104844514000000     
 before ppush    1.106192234000000     
 after ppush    1.106193516000000     
 after cpush 2
 after cpush 3
 after test pmove 0    1.112432743000000     
 after test pmove 1.1    1.112537537000000     
 after test pmove 1.2    1.112846146000000     
 after test pmove 1.3    1.112905583000000     
 after test pmove 1.4    1.112908412000000     
 after test pmove 2.0    1.113236395000000     
 after test pmove 2.1    1.113445671000000     
 after test pmove 3    1.113739226000000     
 pmove part2    1.4400000014624936E-007
 pmove part3    1.7076999999865450E-005
 pmove part2    1.0999999999761201E-007
 pmove part3    1.9639999999876423E-005
 pmove part2    1.1800000021544577E-007
 pmove part3    1.4984999999967386E-005
 pmove part2    9.4000000006033702E-008
 pmove part3    1.6975000000085672E-005
 pmove part2    1.1200000016309275E-007
 pmove part3    1.5574999999934391E-005
 pmove part2    6.3999999966313226E-008
 pmove part3    1.5604000000113416E-005
 pmove part2    1.1600000004996502E-007
 pmove part3    1.5021000000059459E-005
 pmove part2    1.0300000008456323E-007
 pmove part3    1.4748999999980583E-005
 pmove part2    1.0200000000182285E-007
 pmove part3    3.5086000000017492E-005
 pmove part2    1.5399999986343005E-007
 pmove part3    1.4999000000015528E-005
 pmove part2    1.0699999997143550E-007
 pmove part3    1.5091999999938821E-005
 pmove part2    9.8000000114950581E-008
 pmove part3    1.4699999999923108E-005
 pmove part2    1.1199999994104815E-007
 pmove part3    1.5384999999978888E-005
 pmove part2    1.0099999991908248E-007
 pmove part3    1.4759000000141853E-005
 pmove part2    8.5000000149548782E-008
 pmove part3    1.5458999999884426E-005
 pmove part2    1.0299999986251862E-007
 pmove part3    1.4890999999961352E-005
 pmove part2    9.8000000114950581E-008
 pmove part3    1.5244999999941555E-005
 pmove part2    8.6000000010244548E-008
 pmove part3    1.4807999999977284E-005
 pmove part2    9.7999999892905976E-008
 pmove part3    1.5085999999886468E-005
 after cpush 3
 after cpush    1.115995239000000     
 timestep =            11
 ps time=    0.000000000000000      tot time=    1.116001594000000     


CUDA API Statistics:

 Time(%)  Total Time (ns)  Num Calls   Average    Minimum    Maximum    StdDev            Name        
 -------  ---------------  ---------  ----------  --------  ---------  ---------  --------------------
    52.9        401542521       2894    138750.0      1215  221004966  4190338.2  cuStreamSynchronize 
    34.1        258681798        160   1616761.2      1690    9190843  3122649.7  cuMemAlloc_v2       
     4.0         30131976       1783     16899.6      3197   11324727   351473.3  cuLaunchKernel      
     3.8         28799985          1  28799985.0  28799985   28799985        0.0  cuMemHostAlloc      
     3.0         22907324          1  22907324.0  22907324   22907324        0.0  cuModuleLoadDataEx  
     0.6          4425457        740      5980.3      2584      35521     3829.6  cuMemcpyHtoDAsync_v2
     0.5          3876051        924      4194.9      2715      24207     2198.9  cuMemcpyDtoHAsync_v2
     0.5          3444107          1   3444107.0   3444107    3444107        0.0  cuMemAllocHost_v2   
     0.2          1641218        919      1785.9      1318       9823      655.9  cuEventRecord       
     0.2          1430634        450      3179.2      2091       9658      941.6  cuMemsetD32Async    
     0.2          1387125        917      1512.7      1094     103278     3478.9  cuEventSynchronize  
     0.0           262447         80      3280.6      1618      18876     2171.0  cuCtxSynchronize    
     0.0           141997         23      6173.8      5010      11717     1717.7  cuMemcpy2DAsync_v2  
     0.0            19278          1     19278.0     19278      19278        0.0  cuStreamCreate      
     0.0            16795         10      1679.5       360       5209     1575.2  cuEventCreate       
     0.0             4024          1      4024.0      4024       4024        0.0  cuInit              


CUDA API Statistics:

 Time(%)  Total Time (ns)  Num Calls   Average    Minimum    Maximum    StdDev            Name        
 -------  ---------------  ---------  ----------  --------  ---------  ---------  --------------------
    56.5        462296506       2894    159743.1      1293  226273811  4301463.0  cuStreamSynchronize 
    31.5        257864411        160   1611652.6      1712    9079638  3104955.3  cuMemAlloc_v2       
     4.3         35462998          1  35462998.0  35462998   35462998        0.0  cuMemHostAlloc      
     3.6         29252532       1783     16406.4      3263   10440371   339635.2  cuLaunchKernel      
     2.0         16520979          1  16520979.0  16520979   16520979        0.0  cuModuleLoadDataEx  
     0.5          4172560        740      5638.6      2856      30510     3213.2  cuMemcpyHtoDAsync_v2
     0.5          3893128        924      4213.3      2742      21646     2144.6  cuMemcpyDtoHAsync_v2
     0.4          3542674          1   3542674.0   3542674    3542674        0.0  cuMemAllocHost_v2   
     0.2          1851412        918      2016.8      1411       8297      699.7  cuEventRecord       
     0.2          1474969        450      3277.7      2140      11451     1098.2  cuMemsetD32Async    
     0.2          1417352        916      1547.3      1152      80162     2774.2  cuEventSynchronize  
     0.0           249541         80      3119.3      1731       6324     1110.5  cuCtxSynchronize    
     0.0           164246         23      7141.1      4365      23526     4010.0  cuMemcpy2DAsync_v2  
     0.0            17011          1     17011.0     17011      17011        0.0  cuStreamCreate      
     0.0            14113         10      1411.3       342       4371     1325.7  cuEventCreate       
     0.0             3208          1      3208.0      3208       3208        0.0  cuInit              



CUDA Kernel Statistics:

 Time(%)  Total Time (ns)  Instances    Average     Minimum    Maximum   StdDev                  Name               
 -------  ---------------  ---------  -----------  ---------  ---------  -------  ----------------------------------
    60.2        220999497          1  220999497.0  220999497  220999497      0.0  gkps_adiabatic_electron_143_gpu   
    11.5         42228221          1   42228221.0   42228221   42228221      0.0  gkps_adiabatic_electron_231_gpu   
     8.5         31282579         10    3128257.9    3100959    3226430  36669.5  cpush_1123_gpu                    
     7.9         28927341         10    2892734.1    2884386    2897185   3650.4  ppush_659_gpu                     
     7.1         25968747         20    1298437.4    1285746    1484080  43726.8  grid1_1723_gpu                    
     1.2          4559181        380      11997.8      11935      12800    136.4  gem_pputil_test_pmove_353_gpu     
     0.8          2976037        380       7831.7       7744      13248    317.8  gem_pputil_test_pmove_337_gpu     
     0.8          2834857        380       7460.2       7359       8192    143.1  gem_pputil_test_pmove_353_gpu__red
     0.7          2443652         20     122182.6     121951     122495    137.6  gkps_adiabatic_electron_287_gpu   
     0.5          1741197          1    1741197.0    1741197    1741197      0.0  gkps_adiabatic_electron_199_gpu   
     0.3          1231635        380       3241.1       3199       4000    126.7  gem_pputil_test_pmove_434_gpu     
     0.1           327423         20      16371.2      16320      16480     36.6  gem_pputil_test_init_pmove_144_gpu
     0.1           287326         20      14366.3      14271      14528     73.1  gkps_adiabatic_electron_403_gpu   
     0.1           280862         20      14043.1      13568      14176    139.7  gkps_adiabatic_electron_355_gpu   
     0.1           269853         20      13492.7      13312      13695    123.8  gkps_adiabatic_electron_433_gpu   
     0.1           225338         20      11266.9      11040      11647    129.6  gkps_adiabatic_electron_321_gpu   
     0.0           175935         20       8796.8       8512       9248    175.1  gem_pputil_test_init_pmove_117_gpu
     0.0           162112         20       8105.6       8064       8160     25.6  gkps_adiabatic_electron_459_gpu   
     0.0           162082         20       8104.1       8064       8192     34.1  gkps_adiabatic_electron_382_gpu   
     0.0            78336         20       3916.8       3840       4000     44.6  gem_pputil_test_init_pmove_215_gpu
     0.0            62238         20       3111.9       3008       3360    113.2  gem_pputil_test_init_pmove_102_gpu



CUDA Kernel Statistics:

 Time(%)  Total Time (ns)  Instances    Average     Minimum    Maximum   StdDev                  Name               
 -------  ---------------  ---------  -----------  ---------  ---------  -------  ----------------------------------
    53.0        226266397          1  226266397.0  226266397  226266397      0.0  gkps_adiabatic_electron_143_gpu   
    11.8         50304638         10    5030463.8    5014515    5045779  10374.4  cpush_1123_gpu                    
    11.0         47063578         10    4706357.8    4696502    4716278   5965.2  ppush_659_gpu                     
    10.1         43122272         20    2156113.6    2135437    2467306  73341.1  grid1_1723_gpu                    
    10.0         42683619          1   42683619.0   42683619   42683619      0.0  gkps_adiabatic_electron_231_gpu   
     1.1          4532347        380      11927.2      11871      13952    163.8  gem_pputil_test_pmove_353_gpu     
     0.7          2977132        380       7834.6       7744      13183    326.7  gem_pputil_test_pmove_337_gpu     
     0.7          2808105        380       7389.8       7295       8159    139.9  gem_pputil_test_pmove_353_gpu__red
     0.6          2436966         20     121848.3     121567     122719    254.2  gkps_adiabatic_electron_287_gpu   
     0.4          1745872          1    1745872.0    1745872    1745872      0.0  gkps_adiabatic_electron_199_gpu   
     0.3          1209264        380       3182.3       3135       3776    117.7  gem_pputil_test_pmove_434_gpu     
     0.1           328476         20      16423.8      16288      16544     79.5  gem_pputil_test_init_pmove_144_gpu
     0.1           289471         20      14473.6      14272      14688     96.8  gkps_adiabatic_electron_403_gpu   
     0.1           283101         20      14155.1      13760      14528    186.4  gkps_adiabatic_electron_355_gpu   
     0.1           270046         20      13502.3      13344      13664     98.2  gkps_adiabatic_electron_433_gpu   
     0.1           241309         20      12065.5      11744      12736    236.4  gem_pputil_test_init_pmove_117_gpu
     0.1           228030         20      11401.5      11168      11648    117.1  gkps_adiabatic_electron_321_gpu   
     0.0           163295         20       8164.8       8096       8320     57.1  gkps_adiabatic_electron_382_gpu   
     0.0           162719         20       8136.0       8095       8224     41.4  gkps_adiabatic_electron_459_gpu   
     0.0            77437         20       3871.9       3775       4096     92.4  gem_pputil_test_init_pmove_215_gpu
     0.0            60864         20       3043.2       2975       3361    102.9  gem_pputil_test_init_pmove_102_gpu



CUDA Memory Operation Statistics (by time):

 Time(%)  Total Time (ns)  Operations  Average  Minimum  Maximum   StdDev       Operation     
 -------  ---------------  ----------  -------  -------  -------  --------  ------------------
    79.5         23848932         762  31297.8     1279  2460261  155030.8  [CUDA memcpy HtoD]
    18.6          5571125         925   6022.8     1375   491003   28196.7  [CUDA memcpy DtoH]
     2.0           593242         450   1318.3     1279     1632      58.4  [CUDA memset]     



CUDA Memory Operation Statistics (by time):

 Time(%)  Total Time (ns)  Operations  Average  Minimum  Maximum   StdDev       Operation     
 -------  ---------------  ----------  -------  -------  -------  --------  ------------------
    78.6         23806450         762  31242.1     1279  2460778  155078.2  [CUDA memcpy HtoD]
    19.5          5896371         925   6374.5     1375   509467   28850.6  [CUDA memcpy DtoH]
     2.0           597981         450   1328.8     1279     2112      85.6  [CUDA memset]     



CUDA Memory Operation Statistics (by size in KiB):

   Total     Operations  Average  Minimum   Maximum    StdDev       Operation     
 ----------  ----------  -------  -------  ---------  --------  ------------------
  54708.391         925   59.144    0.004   6192.094   359.743  [CUDA memcpy DtoH]
 167822.250         762  220.239    0.004  15600.938  1009.222  [CUDA memcpy HtoD]
      1.875         450    0.004    0.004      0.008     0.001  [CUDA memset]     



CUDA Memory Operation Statistics (by size in KiB):

   Total     Operations  Average  Minimum   Maximum    StdDev       Operation     
 ----------  ----------  -------  -------  ---------  --------  ------------------
  57721.516         925   62.402    0.004   6192.094   361.804  [CUDA memcpy DtoH]
 166334.438         762  218.287    0.004  15600.938  1008.787  [CUDA memcpy HtoD]
      1.875         450    0.004    0.004      0.008     0.001  [CUDA memset]     




CUDA API Statistics:

 Time(%)  Total Time (ns)  Num Calls   Average    Minimum    Maximum    StdDev            Name        
 -------  ---------------  ---------  ----------  --------  ---------  ---------  --------------------
    56.7        486370615       2894    168061.7      1237  223117443  4253917.1  cuStreamSynchronize 
    30.7        263055212        160   1644095.1      1715    9253044  3151658.1  cuMemAlloc_v2       
     4.7         40425978          1  40425978.0  40425978   40425978        0.0  cuMemHostAlloc      
     3.5         30102203       1783     16882.9      3212   11726609   352725.3  cuLaunchKernel      
     2.1         17984454          1  17984454.0  17984454   17984454        0.0  cuModuleLoadDataEx  
     0.8          6937408          1   6937408.0   6937408    6937408        0.0  cuMemAllocHost_v2   
     0.5          4236543        740      5725.1      2823      28797     3373.0  cuMemcpyHtoDAsync_v2
     0.5          3924264        924      4247.0      2685      18636     2147.4  cuMemcpyDtoHAsync_v2
     0.2          1852759        918      2018.3      1472       8457      702.1  cuEventRecord       
     0.2          1502750        450      3339.4      2299       9754     1080.9  cuMemsetD32Async    
     0.2          1321291        916      1442.5      1127      16561     1008.5  cuEventSynchronize  
     0.0           263145         80      3289.3      1737       7793     1266.4  cuCtxSynchronize    
     0.0           157031         23      6827.4      5154      10253     1662.1  cuMemcpy2DAsync_v2  
     0.0            19344         10      1934.4       329       5947     1897.3  cuEventCreate       
     0.0            17190          1     17190.0     17190      17190        0.0  cuStreamCreate      
     0.0             3892          1      3892.0      3892       3892        0.0  cuInit              


CUDA API Statistics:

 Time(%)  Total Time (ns)  Num Calls   Average    Minimum    Maximum    StdDev            Name        
 -------  ---------------  ---------  ----------  --------  ---------  ---------  --------------------
    53.9        425365764       2894    146982.0      1202  219214746  4159356.7  cuStreamSynchronize 
    33.2        261804231        160   1636276.4      1733    9219678  3164768.8  cuMemAlloc_v2       
     4.3         33569744          1  33569744.0  33569744   33569744        0.0  cuMemHostAlloc      
     3.8         30322580       1783     17006.5      3100   10773852   359812.7  cuLaunchKernel      
     2.8         21710283          1  21710283.0  21710283   21710283        0.0  cuModuleLoadDataEx  
     0.5          4061962        740      5489.1      2592      32700     3088.4  cuMemcpyHtoDAsync_v2
     0.5          3895896          1   3895896.0   3895896    3895896        0.0  cuMemAllocHost_v2   
     0.5          3739935        924      4047.5      2391      19851     2064.7  cuMemcpyDtoHAsync_v2
     0.2          1589136        919      1729.2      1257      10985      725.6  cuEventRecord       
     0.2          1384105        450      3075.8      1932      12274     1043.5  cuMemsetD32Async    
     0.2          1303951        917      1422.0      1088      56738     1924.8  cuEventSynchronize  
     0.0           247755         80      3096.9      1595       6499     1166.6  cuCtxSynchronize    
     0.0           143143         23      6223.6      4439      11735     1928.6  cuMemcpy2DAsync_v2  
     0.0            17617          1     17617.0     17617      17617        0.0  cuStreamCreate      
     0.0            14374         10      1437.4       322       4773     1439.5  cuEventCreate       
     0.0             3765          1      3765.0      3765       3765        0.0  cuInit              



CUDA Kernel Statistics:

 Time(%)  Total Time (ns)  Instances    Average     Minimum    Maximum   StdDev                  Name               
 -------  ---------------  ---------  -----------  ---------  ---------  -------  ----------------------------------
    49.5        223113852          1  223113852.0  223113852  223113852      0.0  gkps_adiabatic_electron_143_gpu   
    13.2         59586712         10    5958671.2    5937443    6078337  43003.5  cpush_1123_gpu                    
    12.4         56036860         10    5603686.0    5588135    5614981   7309.7  ppush_659_gpu                     
    11.4         51548357         20    2577417.9    2550469    2960705  90282.0  grid1_1723_gpu                    
     9.5         42859045          1   42859045.0   42859045   42859045      0.0  gkps_adiabatic_electron_231_gpu   
     1.0          4554682        380      11986.0      11904      12704    139.9  gem_pputil_test_pmove_353_gpu     
     0.7          2977573        380       7835.7       7775      13600    342.3  gem_pputil_test_pmove_337_gpu     
     0.6          2836547        380       7464.6       7327       8160    154.5  gem_pputil_test_pmove_353_gpu__red
     0.5          2433766         20     121688.3     121311     122238    224.8  gkps_adiabatic_electron_287_gpu   
     0.4          1758574          1    1758574.0    1758574    1758574      0.0  gkps_adiabatic_electron_199_gpu   
     0.3          1231995        380       3242.1       3199       3904    127.6  gem_pputil_test_pmove_434_gpu     
     0.1           331773         20      16588.7      16480      16799     97.6  gem_pputil_test_init_pmove_144_gpu
     0.1           310910         20      15545.5      15072      16256    339.6  gem_pputil_test_init_pmove_117_gpu
     0.1           286363         20      14318.2      14175      14496     80.8  gkps_adiabatic_electron_403_gpu   
     0.1           282364         20      14118.2      13600      14304    167.6  gkps_adiabatic_electron_355_gpu   
     0.1           269536         20      13476.8      13344      13728    101.4  gkps_adiabatic_electron_433_gpu   
     0.0           223165         20      11158.3      10976      11456    122.5  gkps_adiabatic_electron_321_gpu   
     0.0           162908         20       8145.4       8063       8256     66.1  gkps_adiabatic_electron_459_gpu   
     0.0           162491         20       8124.6       8031       8224     59.5  gkps_adiabatic_electron_382_gpu   
     0.0            80284         20       4014.2       3904       4160     70.8  gem_pputil_test_init_pmove_215_gpu
     0.0            61088         20       3054.4       3008       3104     32.0  gem_pputil_test_init_pmove_102_gpu



CUDA Kernel Statistics:

 Time(%)  Total Time (ns)  Instances    Average     Minimum    Maximum   StdDev                  Name               
 -------  ---------------  ---------  -----------  ---------  ---------  -------  ----------------------------------
    56.1        219207712          1  219207712.0  219207712  219207712      0.0  gkps_adiabatic_electron_143_gpu   
    10.5         40963542          1   40963542.0   40963542   40963542      0.0  gkps_adiabatic_electron_231_gpu   
    10.3         40427992         10    4042799.2    4023059    4076338  15783.7  cpush_1123_gpu                    
     9.7         37888419         10    3788841.9    3776467    3807060   9554.0  ppush_659_gpu                     
     8.8         34582412         20    1729120.6    1710042    1981114  59383.8  grid1_1723_gpu                    
     1.2          4544525        380      11959.3      11903      13216    149.4  gem_pputil_test_pmove_353_gpu     
     0.8          2966978        380       7807.8       7712      13280    324.8  gem_pputil_test_pmove_337_gpu     
     0.7          2828433        380       7443.2       7328       8256    147.8  gem_pputil_test_pmove_353_gpu__red
     0.6          2427866         20     121393.3     121119     122015    239.8  gkps_adiabatic_electron_287_gpu   
     0.4          1744506          1    1744506.0    1744506    1744506      0.0  gkps_adiabatic_electron_199_gpu   
     0.3          1229427        380       3235.3       3168       3873    122.5  gem_pputil_test_pmove_434_gpu     
     0.1           327168         20      16358.4      16288      16544     66.1  gem_pputil_test_init_pmove_144_gpu
     0.1           287776         20      14388.8      14272      14688    119.8  gkps_adiabatic_electron_403_gpu   
     0.1           284895         20      14244.8      13824      14560    171.0  gkps_adiabatic_electron_355_gpu   
     0.1           270751         20      13537.6      13343      13760    109.6  gkps_adiabatic_electron_433_gpu   
     0.1           226395         20      11319.8      11071      11552    126.0  gkps_adiabatic_electron_321_gpu   
     0.0           191488         20       9574.4       9248       9920    223.8  gem_pputil_test_init_pmove_117_gpu
     0.0           167072         20       8353.6       8064      12800   1047.2  gkps_adiabatic_electron_382_gpu   
     0.0           162142         20       8107.1       8064       8191     36.2  gkps_adiabatic_electron_459_gpu   
     0.0            77888         20       3894.4       3839       4033     61.7  gem_pputil_test_init_pmove_215_gpu
     0.0            61407         20       3070.4       3008       3360     86.5  gem_pputil_test_init_pmove_102_gpu



CUDA Memory Operation Statistics (by time):

 Time(%)  Total Time (ns)  Operations  Average  Minimum  Maximum   StdDev       Operation     
 -------  ---------------  ----------  -------  -------  -------  --------  ------------------
    76.5         22481700         762  29503.5     1344  2263657  135546.0  [CUDA memcpy HtoD]
    21.4          6280653         925   6789.9     1440   868471   36893.5  [CUDA memcpy DtoH]
     2.1           618496         450   1374.4     1312     1664      43.8  [CUDA memset]     


CUDA API Statistics:

 Time(%)  Total Time (ns)  Num Calls   Average    Minimum    Maximum    StdDev            Name        
 -------  ---------------  ---------  ----------  --------  ---------  ---------  --------------------
    55.1        446271215       2894    154205.7      1207  230924837  4380496.9  cuStreamSynchronize 
    31.8        258105785        160   1613161.2      1839    8983659  3137181.1  cuMemAlloc_v2       
     4.8         38805854          1  38805854.0  38805854   38805854        0.0  cuMemHostAlloc      
     3.7         29959051       1783     16802.6      3106   11205819   346084.2  cuLaunchKernel      
     2.2         17754985          1  17754985.0  17754985   17754985        0.0  cuModuleLoadDataEx  
     0.8          6459069          1   6459069.0   6459069    6459069        0.0  cuMemAllocHost_v2   
     0.5          4343205        740      5869.2      2595      30650     3457.0  cuMemcpyHtoDAsync_v2
     0.5          4028213        924      4359.5      2509      20188     2297.2  cuMemcpyDtoHAsync_v2
     0.2          1687190        919      1835.9      1297      14046      893.2  cuEventRecord       
     0.2          1480964        450      3291.0      2047      10021     1023.7  cuMemsetD32Async    
     0.2          1311719        917      1430.4      1096      13255      750.4  cuEventSynchronize  
     0.0           259701         80      3246.3      1531       7662     1412.3  cuCtxSynchronize    
     0.0           151522         23      6587.9      4270      15419     2375.8  cuMemcpy2DAsync_v2  
     0.0            18718          1     18718.0     18718      18718        0.0  cuStreamCreate      
     0.0            17627         10      1762.7       328       5654     1577.7  cuEventCreate       
     0.0             3049          1      3049.0      3049       3049        0.0  cuInit              



CUDA Memory Operation Statistics (by time):

 Time(%)  Total Time (ns)  Operations  Average  Minimum  Maximum   StdDev       Operation     
 -------  ---------------  ----------  -------  -------  -------  --------  ------------------
    78.0         22036481         762  28919.3     1279  1811226  120718.8  [CUDA memcpy HtoD]
    20.0          5644894         925   6102.6     1375   487646   28220.7  [CUDA memcpy DtoH]
     2.1           587290         450   1305.1     1248     1664      49.8  [CUDA memset]     



CUDA Memory Operation Statistics (by size in KiB):



CUDA API Statistics:

   Total     Operations  Average  Minimum   Maximum    StdDev       Operation     
 ----------  ----------  -------  -------  ---------  --------  ------------------
  58445.422         925   63.184    0.004   6192.094   362.494  [CUDA memcpy DtoH]
 165996.625         762  217.843    0.004  15600.938  1008.697  [CUDA memcpy HtoD]
      1.875         450    0.004    0.004      0.008     0.001  [CUDA memset]     
 Time(%)  Total Time (ns)  Num Calls   Average    Minimum    Maximum    StdDev            Name        
 -------  ---------------  ---------  ----------  --------  ---------  ---------  --------------------
    54.4        416962543       2894    144078.3      1251  231077518  4375522.7  cuStreamSynchronize 
    33.2        254665988        160   1591662.4      1795    9072578  3107228.7  cuMemAlloc_v2       
     4.2         32028472          1  32028472.0  32028472   32028472        0.0  cuMemHostAlloc      
     3.9         29934375       1783     16788.8      3245   11659788   353088.3  cuLaunchKernel      
     2.2         16584353          1  16584353.0  16584353   16584353        0.0  cuModuleLoadDataEx  
     0.5          4184335        740      5654.5      2914      34893     3222.4  cuMemcpyHtoDAsync_v2
     0.5          3866654        924      4184.7      2701      30954     2339.8  cuMemcpyDtoHAsync_v2
     0.3          2672386          1   2672386.0   2672386    2672386        0.0  cuMemAllocHost_v2   
     0.2          1801806        919      1960.6      1402      12803      686.0  cuEventRecord       
     0.2          1463059        450      3251.2      2029      16046     1193.1  cuMemsetD32Async    
     0.2          1358530        917      1481.5      1148      28423     1137.4  cuEventSynchronize  
     0.0           246508         80      3081.4      1670       6912     1285.1  cuCtxSynchronize    
     0.0           150939         23      6562.6      5091      10709     1867.7  cuMemcpy2DAsync_v2  
     0.0            21980          1     21980.0     21980      21980        0.0  cuStreamCreate      
     0.0            18095         10      1809.5       299       5678     1896.9  cuEventCreate       
     0.0             3792          1      3792.0      3792       3792        0.0  cuInit              


CUDA API Statistics:




CUDA Kernel Statistics:

 Time(%)  Total Time (ns)  Num Calls   Average    Minimum    Maximum    StdDev            Name        
 -------  ---------------  ---------  ----------  --------  ---------  ---------  --------------------
    53.7        409001517       2894    141327.4      1209  227435003  4309199.5  cuStreamSynchronize 
    33.5        255552783        160   1597204.9      1766    9059632  3107496.5  cuMemAlloc_v2       
     4.7         35816829          1  35816829.0  35816829   35816829        0.0  cuMemHostAlloc      
     3.8         29252820       1783     16406.5      3104   11096899   345234.7  cuLaunchKernel      
     2.1         16187483          1  16187483.0  16187483   16187483        0.0  cuModuleLoadDataEx  
     0.5          4046469        740      5468.2      2714      27530     3211.3  cuMemcpyHtoDAsync_v2
     0.5          3740500        924      4048.2      2498      17202     2134.0  cuMemcpyDtoHAsync_v2
     0.5          3607766          1   3607766.0   3607766    3607766        0.0  cuMemAllocHost_v2   
     0.2          1585613        919      1725.4      1283       8723      666.2  cuEventRecord       
     0.2          1373986        450      3053.3      1881      49212     2311.4  cuMemsetD32Async    
     0.2          1344972        917      1466.7      1098      80696     2712.1  cuEventSynchronize  
     0.0           244980         80      3062.3      1562      14011     1829.1  cuCtxSynchronize    
     0.0           139193         23      6051.9      4056      11769     1888.2  cuMemcpy2DAsync_v2  
     0.0            18554          1     18554.0     18554      18554        0.0  cuStreamCreate      
     0.0            16761         10      1676.1       309       5434     1604.7  cuEventCreate       
     0.0             3854          1      3854.0      3854       3854        0.0  cuInit              
 Time(%)  Total Time (ns)  Instances    Average     Minimum    Maximum   StdDev                  Name               
 -------  ---------------  ---------  -----------  ---------  ---------  -------  ----------------------------------
    56.2        230922257          1  230922257.0  230922257  230922257      0.0  gkps_adiabatic_electron_143_gpu   
    10.4         42880811          1   42880811.0   42880811   42880811      0.0  gkps_adiabatic_electron_231_gpu   
    10.3         42401486         10    4240148.6    4228287    4263998   9845.4  cpush_1123_gpu                    
     9.7         39717250         10    3971725.0    3966336    3977696   4361.3  ppush_659_gpu                     
     8.9         36407998         20    1820399.9    1805362    1980272  37838.0  grid1_1723_gpu                    
     1.2          4824987        380      12697.3      12639      13408    129.7  gem_pputil_test_pmove_353_gpu     
     0.8          3153380        380       8298.4       8224       9056    144.4  gem_pputil_test_pmove_337_gpu     
     0.7          3000172        380       7895.2       7776       8768    156.6  gem_pputil_test_pmove_353_gpu__red
     0.6          2576843         20     128842.2     128543     128992    136.2  gkps_adiabatic_electron_287_gpu   
     0.4          1745874          1    1745874.0    1745874    1745874      0.0  gkps_adiabatic_electron_199_gpu   
     0.3          1302833        380       3428.5       3360       4031    124.2  gem_pputil_test_pmove_434_gpu     
     0.1           346590         20      17329.5      17280      17440     42.1  gem_pputil_test_init_pmove_144_gpu
     0.1           302653         20      15132.7      14976      15488    130.6  gkps_adiabatic_electron_403_gpu   
     0.1           297980         20      14899.0      14432      15200    182.9  gkps_adiabatic_electron_355_gpu   
     0.1           284446         20      14222.3      14016      14336     73.8  gkps_adiabatic_electron_433_gpu   
     0.1           237722         20      11886.1      11712      12096    110.2  gkps_adiabatic_electron_321_gpu   
     0.0           199710         20       9985.5       9504      10464    240.9  gem_pputil_test_init_pmove_117_gpu
     0.0           171872         20       8593.6       8544       8704     49.2  gkps_adiabatic_electron_459_gpu   
     0.0           171393         20       8569.7       8543       8704     43.6  gkps_adiabatic_electron_382_gpu   
     0.0            82366         20       4118.3       4064       4256     64.1  gem_pputil_test_init_pmove_215_gpu
     0.0            64830         20       3241.5       3199       3361     58.0  gem_pputil_test_init_pmove_102_gpu



CUDA Memory Operation Statistics (by size in KiB):

   Total     Operations  Average  Minimum   Maximum    StdDev       Operation     
 ----------  ----------  -------  -------  ---------  --------  ------------------
  55906.438         925   60.439    0.004   6192.094   360.404  [CUDA memcpy DtoH]
 167237.250         762  219.471    0.004  15600.938  1009.043  [CUDA memcpy HtoD]
      1.875         450    0.004    0.004      0.008     0.001  [CUDA memset]     


CUDA API Statistics:

 Time(%)  Total Time (ns)  Num Calls   Average    Minimum    Maximum    StdDev            Name        
 -------  ---------------  ---------  ----------  --------  ---------  ---------  --------------------
    52.6        405646175       2894    140168.0      1222  224916386  4263033.9  cuStreamSynchronize 
    34.0        261809854        160   1636311.6      1787    9468170  3189663.4  cuMemAlloc_v2       
     4.9         37693532          1  37693532.0  37693532   37693532        0.0  cuMemHostAlloc      
     3.8         29584419       1783     16592.5      3248   10323707   345036.4  cuLaunchKernel      
     2.3         18076810          1  18076810.0  18076810   18076810        0.0  cuModuleLoadDataEx  
     0.6          4674824          1   4674824.0   4674824    4674824        0.0  cuMemAllocHost_v2   
     0.6          4250417        740      5743.8      2778      31962     3169.2  cuMemcpyHtoDAsync_v2
     0.5          3876498        924      4195.3      2684      17928     2069.7  cuMemcpyDtoHAsync_v2
     0.2          1888488        919      2054.9      1483      18616     1039.9  cuEventRecord       
     0.2          1462428        450      3249.8      2156       9894      967.3  cuMemsetD32Async    
     0.2          1385366        917      1510.8      1139     101115     3341.2  cuEventSynchronize  
     0.0           242848         80      3035.6      1670       7742     1319.0  cuCtxSynchronize    
     0.0           150647         23      6549.9      5159      10647     1696.7  cuMemcpy2DAsync_v2  
     0.0            21663          1     21663.0     21663      21663        0.0  cuStreamCreate      
     0.0            17631         10      1763.1       535       5159     1412.7  cuEventCreate       
     0.0             3178          1      3178.0      3178       3178        0.0  cuInit              



CUDA Kernel Statistics:

 Time(%)  Total Time (ns)  Instances    Average     Minimum    Maximum   StdDev                  Name               
 -------  ---------------  ---------  -----------  ---------  ---------  -------  ----------------------------------
    60.5        231072548          1  231072548.0  231072548  231072548      0.0  gkps_adiabatic_electron_143_gpu   
    11.1         42527514          1   42527514.0   42527514   42527514      0.0  gkps_adiabatic_electron_231_gpu   
     8.4         31892471         10    3189247.1    3176038    3223589  13877.5  cpush_1123_gpu                    
     7.9         30010916         10    3001091.6    2996743    3006791   3509.3  ppush_659_gpu                     
     7.2         27514618         20    1375730.9    1364148    1494676  28104.5  grid1_1723_gpu                    
     1.3          4794241        380      12616.4      12544      13280    128.5  gem_pputil_test_pmove_353_gpu     
     0.8          3146690        380       8280.8       8191      13536    309.3  gem_pputil_test_pmove_337_gpu     
     0.8          2961499        380       7793.4       7711       8608    145.2  gem_pputil_test_pmove_353_gpu__red
     0.7          2575501         20     128775.1     128479     129086    162.7  gkps_adiabatic_electron_287_gpu   
     0.5          1744433          1    1744433.0    1744433    1744433      0.0  gkps_adiabatic_electron_199_gpu   
     0.3          1277754        380       3362.5       3296       3936    120.0  gem_pputil_test_pmove_434_gpu     
     0.1           345022         20      17251.1      17216      17344     32.6  gem_pputil_test_init_pmove_144_gpu
     0.1           303707         20      15185.4      15040      15584    129.6  gkps_adiabatic_electron_403_gpu   
     0.1           298622         20      14931.1      14175      15168    214.1  gkps_adiabatic_electron_355_gpu   
     0.1           283135         20      14156.8      14016      14432    114.9  gkps_adiabatic_electron_433_gpu   
     0.1           238877         20      11943.9      11776      12192    113.4  gkps_adiabatic_electron_321_gpu   
     0.0           189851         20       9492.6       8960      10015    268.1  gem_pputil_test_init_pmove_117_gpu
     0.0           171680         20       8584.0       8544       8704     43.9  gkps_adiabatic_electron_459_gpu   
     0.0           171582         20       8579.1       8512       8736     61.4  gkps_adiabatic_electron_382_gpu   
     0.0            80224         20       4011.2       3968       4128     40.6  gem_pputil_test_init_pmove_215_gpu
     0.0            63455         20       3172.8       3135       3296     55.2  gem_pputil_test_init_pmove_102_gpu



CUDA Kernel Statistics:




CUDA Memory Operation Statistics (by time):

 Time(%)  Total Time (ns)  Instances    Average     Minimum    Maximum   StdDev                  Name               
 -------  ---------------  ---------  -----------  ---------  ---------  -------  ----------------------------------
    60.8        227426322          1  227426322.0  227426322  227426322      0.0  gkps_adiabatic_electron_143_gpu   
    11.4         42727752          1   42727752.0   42727752   42727752      0.0  gkps_adiabatic_electron_231_gpu   
     8.3         31166214         10    3116621.4    3085886    3269723  54801.8  cpush_1123_gpu                    
     7.7         28770336         10    2877033.6    2871040    2885248   4727.5  ppush_659_gpu                     
     6.9         25915493         20    1295774.7    1281714    1487728  45220.5  grid1_1723_gpu                    
     1.2          4540242        380      11948.0      11872      12672    136.4  gem_pputil_test_pmove_353_gpu     
     0.8          2977790        380       7836.3       7775       8576    150.4  gem_pputil_test_pmove_337_gpu     
     0.8          2826596        380       7438.4       7327       8287    157.4  gem_pputil_test_pmove_353_gpu__red
     0.7          2437640         20     121882.0     121503     122271    166.9  gkps_adiabatic_electron_287_gpu   
     0.5          1751053          1    1751053.0    1751053    1751053      0.0  gkps_adiabatic_electron_199_gpu   
     0.3          1228845        380       3233.8       3168       3872    123.6  gem_pputil_test_pmove_434_gpu     
     0.1           326811         20      16340.6      16288      16448     44.4  gem_pputil_test_init_pmove_144_gpu
     0.1           287167         20      14358.4      14240      14560     81.8  gkps_adiabatic_electron_403_gpu   
     0.1           281373         20      14068.7      13759      14240    129.1  gkps_adiabatic_electron_355_gpu   
     0.1           270589         20      13529.5      13376      13888    121.3  gkps_adiabatic_electron_433_gpu   
     0.1           227037         20      11351.9      11135      11649    133.1  gkps_adiabatic_electron_321_gpu   
     0.0           176448         20       8822.4       8512       9120    171.2  gem_pputil_test_init_pmove_117_gpu
     0.0           162973         20       8148.7       8096       8223     29.7  gkps_adiabatic_electron_459_gpu   
     0.0           162558         20       8127.9       8095       8192     25.6  gkps_adiabatic_electron_382_gpu   
     0.0            77695         20       3884.8       3840       3999     47.8  gem_pputil_test_init_pmove_215_gpu
     0.0            60962         20       3048.1       3008       3136     35.6  gem_pputil_test_init_pmove_102_gpu
 Time(%)  Total Time (ns)  Operations  Average  Minimum  Maximum   StdDev       Operation     
 -------  ---------------  ----------  -------  -------  -------  --------  ------------------
    76.2         21690006         762  28464.6     1375  1669779  115519.3  [CUDA memcpy HtoD]
    21.6          6132865         925   6630.1     1472   804922   37708.7  [CUDA memcpy DtoH]
     2.2           630045         450   1400.1     1343     2017      57.9  [CUDA memset]     



CUDA Kernel Statistics:

 Time(%)  Total Time (ns)  Instances    Average     Minimum    Maximum   StdDev                  Name               
 -------  ---------------  ---------  -----------  ---------  ---------  -------  ----------------------------------
    60.7        224913602          1  224913602.0  224913602  224913602      0.0  gkps_adiabatic_electron_143_gpu   
    11.5         42721997          1   42721997.0   42721997   42721997      0.0  gkps_adiabatic_electron_231_gpu   
     8.2         30321530         10    3032153.0    3020326    3039365   6957.8  cpush_1123_gpu                    
     7.7         28580458         10    2858045.8    2851527    2865287   5235.5  ppush_659_gpu                     
     7.1         26122141         20    1306107.1    1292117    1495987  44756.7  grid1_1723_gpu                    
     1.2          4539367        380      11945.7      11903      12544    125.1  gem_pputil_test_pmove_353_gpu     
     0.8          2959681        380       7788.6       7711       8575    156.4  gem_pputil_test_pmove_337_gpu     
     0.8          2827435        380       7440.6       7328       8288    149.3  gem_pputil_test_pmove_353_gpu__red
     0.7          2422378         20     121118.9     120862     121471    163.9  gkps_adiabatic_electron_287_gpu   
     0.5          1743312          1    1743312.0    1743312    1743312      0.0  gkps_adiabatic_electron_199_gpu   
     0.3          1238484        380       3259.2       3167      13567    544.8  gem_pputil_test_pmove_434_gpu     
     0.1           327198         20      16359.9      16287      16512     62.3  gem_pputil_test_init_pmove_144_gpu
     0.1           287772         20      14388.6      14304      14528     69.0  gkps_adiabatic_electron_403_gpu   
     0.1           282049         20      14102.5      13504      14496    231.5  gkps_adiabatic_electron_355_gpu   
     0.1           269532         20      13476.6      13344      13792    104.0  gkps_adiabatic_electron_433_gpu   
     0.1           226235         20      11311.8      11072      11552    120.9  gkps_adiabatic_electron_321_gpu   
     0.0           181440         20       9072.0       8736       9472    230.1  gem_pputil_test_init_pmove_117_gpu
     0.0           162333         20       8116.7       8031       8224     48.1  gkps_adiabatic_electron_382_gpu   
     0.0           161886         20       8094.3       8063       8160     28.3  gkps_adiabatic_electron_459_gpu   
     0.0            77505         20       3875.3       3840       3936     37.2  gem_pputil_test_init_pmove_215_gpu
     0.0            61282         20       3064.1       3008       3200     52.8  gem_pputil_test_init_pmove_102_gpu



CUDA Memory Operation Statistics (by time):

 Time(%)  Total Time (ns)  Operations  Average  Minimum  Maximum   StdDev       Operation     
 -------  ---------------  ----------  -------  -------  -------  --------  ------------------
    78.6         22164876         762  29087.8     1311  1407092  116430.3  [CUDA memcpy HtoD]
    19.3          5447047         925   5888.7     1407   483548   27955.5  [CUDA memcpy DtoH]
     2.1           602045         450   1337.9     1280     2080      64.5  [CUDA memset]     



CUDA Memory Operation Statistics (by size in KiB):





CUDA Memory Operation Statistics (by time):

   Total     Operations  Average  Minimum   Maximum    StdDev       Operation     
 ----------  ----------  -------  -------  ---------  --------  ------------------
  55704.484         925   60.221    0.004   6192.094   360.278  [CUDA memcpy DtoH]
 167331.938         762  219.596    0.004  15600.938  1009.071  [CUDA memcpy HtoD]
      1.875         450    0.004    0.004      0.008     0.001  [CUDA memset]     
 Time(%)  Total Time (ns)  Operations  Average  Minimum  Maximum   StdDev       Operation     
 -------  ---------------  ----------  -------  -------  -------  --------  ------------------
    77.6         22653868         762  29729.5     1344  2265159  131862.2  [CUDA memcpy HtoD]
    20.3          5909979         925   6389.2     1440   873302   36753.7  [CUDA memcpy DtoH]
     2.1           620243         450   1378.3     1312     2048      67.1  [CUDA memset]     



CUDA Memory Operation Statistics (by time):

 Time(%)  Total Time (ns)  Operations  Average  Minimum  Maximum   StdDev       Operation     
 -------  ---------------  ----------  -------  -------  -------  --------  ------------------
    77.0         21744858         762  28536.6     1312  1303765  112103.8  [CUDA memcpy HtoD]
    20.8          5865705         925   6341.3     1439   804120   36062.1  [CUDA memcpy DtoH]
     2.2           613951         450   1364.3     1312     2016      67.2  [CUDA memset]     




CUDA Memory Operation Statistics (by size in KiB):

   Total     Operations  Average  Minimum   Maximum    StdDev       Operation     
 ----------  ----------  -------  -------  ---------  --------  ------------------
  53753.391         925   58.112    0.004   6192.094   359.366  [CUDA memcpy DtoH]
 168337.875         762  220.916    0.004  15600.938  1009.389  [CUDA memcpy HtoD]
      1.875         450    0.004    0.004      0.008     0.001  [CUDA memset]     



CUDA Memory Operation Statistics (by size in KiB):

   Total     Operations  Average  Minimum   Maximum    StdDev       Operation     
 ----------  ----------  -------  -------  ---------  --------  ------------------
  54700.344         925   59.136    0.004   6192.094   359.739  [CUDA memcpy DtoH]
 167852.875         762  220.279    0.004  15600.938  1009.232  [CUDA memcpy HtoD]
      1.875         450    0.004    0.004      0.008     0.001  [CUDA memset]     



CUDA Memory Operation Statistics (by size in KiB):

   Total     Operations  Average  Minimum   Maximum    StdDev       Operation     
 ----------  ----------  -------  -------  ---------  --------  ------------------
  53857.766         925   58.225    0.004   6192.094   359.401  [CUDA memcpy DtoH]
 168267.875         762  220.824    0.004  15600.938  1009.366  [CUDA memcpy HtoD]
      1.875         450    0.004    0.004      0.008     0.001  [CUDA memset]     




