 total MPI=            8  ntube=            1  particle per MPI=        66048 
        66048
  -9.0949470177292824E-013   1.1460090782575622E-014  -1.2271846303073670E-002
 dt,beta=     32.36611922270230        1.2195530804907236E-002
 amp,vpp,yd0 =    9.9999999999999998E-013    0.000000000000000      
    0.000000000000000     
 peritr,ifluid=             0            0
 tor,nonlin=     1.000000000000000                 1            1
 isuni=             0 amie=     1835.466660000000     
 kxcut,kycut,bcut=    0.2790349390931968        2.9823424198553751E-002 
    3000.000000000000     
 fradi,isg=     1.000000000000000         1.000000000000000     
 llk,mlk,onemd =            0            1            1
 vwidth (i,e), vcut=     8.000000000000000         8.000000000000000      
    15.00000000000000     
 rneu=     0.000000000000000     
 V-ExB switch=     0.000000000000000     
 V-parallel switch=     0.000000000000000     
 mm1=         66048
 pzcrite,encrit =     13.12507333974200         1.000000000000000     
 nue0 =     1.000000000000000         1.000000000000000      
    1.000000000000000     
 xn0e(1),xnir0 =     1.259257238570655         0.000000000000000     
 frequ, eru =     0.000000000000000         0.000000000000000     
 lxa,lymult,delra,r0a,rina,routa=   0.8600000000000000      
    2.000000000000000        5.0000000000000003E-002   0.5300000000000000      
   0.1000000000000000        0.9600000000000000     
 a,r0,rmaj0,q0,lx,ly,lz=    183.0854584038953         97.03529295406453      
    542.9878083918395        -1.315420320000000         157.4534942273500      
    231.7474945828893         4487.810323669831     
 t0,kyrhoi_local=   0.6032766210000000        2.9780916994334806E-002
 coefu =     0.000000000000000     
 ktheta*rhos =    2.9780916994334806E-002
 cs/a, q0, q0p, s^hat =    2.9997799499929889E-003   -1.315420320000000      
   6.0000000000000001E-003  -0.4426051117443489     
 rho* = rhos/a =    5.9995598999859779E-003
 f0p,psip(nr/2),Bunit,candyf0p =     0.000000000000000      
   -105.5991628023555         0.000000000000000         0.000000000000000     
 lxa min =   -0.4551608525320235     
 t0i(nr/2)=    0.6032766210000000     
 Gyrokrs =                        Inf
 omp_num_threads=            1
 cn0s=   0.7658063836858320         0.000000000000000      
    0.000000000000000         0.000000000000000         0.000000000000000     
 totvol,jacp,dum2=    226160705.1303338         2850.525946958880      
    2857.348312671386     
 after write totvol
 after cut
 before blendf
 after blendf
 after initialize
 lr0,lx,rin,a    97.03529295406453         157.4534942273500      
    18.30854584038953         183.0854584038953     
 before grid1   8.8629999999999997E-006
 after grid1   7.4141559999999999E-003
 end accumu   7.4181079999999996E-003
 after den0_phi   1.0556604000000001E-002
 after field solver   0.6099476240000000     
 after field   0.6099502850000000     
 after rmsphi   0.6099929790000000     
 with filter   0.6114591420000000     
      0   0.22009741E-12   0.00000000E+00   0.00000000E+00   0.11945572-315   0.00000000E+00   0.00000000E+00   0.14761923-315   0.23179499-309   0.52755407E-09   0.81388392E-11   0.52761685E-09
 before ppush   0.6289271100000000     
 ppush 1   0.6317418000000000     
 ppush point 2   0.6515722120000000     
 ppush point 2.0   0.6515851220000000     
 after test pmove 0   0.6592801290000000     
 after test pmove 1.1   0.6593920599999999     
 after test pmove 1.2   0.6595374710000000     
 after test pmove 1.3   0.6596015360000000     
 after test pmove 1.4   0.6596074550000000     
 after test pmove 2.0   0.6597448790000000     
 after test pmove 2.1   0.6600757750000000     
 after test pmove 3   0.6605664520000000     
 ppush point 2.1   0.6605731490000000     
 pmove part2    1.9400000006442042E-007
 pmove part3    1.9567999999914321E-005
 ppush point 2.2   0.6608401570000000     
 pmove part2    1.1600000004996502E-007
 pmove part3    1.6157999999988348E-005
 pmove part2    1.0100000003010479E-007
 pmove part3    1.5341000000002047E-005
 pmove part2    9.2000000062597564E-008
 pmove part3    1.5964000000034950E-005
 pmove part2    9.9999999947364415E-008
 pmove part3    1.5677000000047236E-005
 pmove part2    1.0299999997354092E-007
 pmove part3    1.5720000000052359E-005
 pmove part2    1.3300000001326140E-007
 pmove part3    1.5761000000003023E-005
 pmove part2    9.9000000086668649E-008
 pmove part3    1.5733000000017761E-005
 pmove part2    9.8999999975646347E-008
 pmove part3    1.5511999999939796E-005
 pmove part2    1.0200000000182285E-007
 pmove part3    1.5210999999903940E-005
 pmove part2    1.0800000005417587E-007
 pmove part3    1.6130000000003086E-005
 pmove part2    1.2199999999129574E-007
 pmove part3    1.5657000000057764E-005
 pmove part2    9.5999999949469839E-008
 pmove part3    1.5623999999991867E-005
 pmove part2    1.0900000002589394E-007
 pmove part3    1.6312000000073823E-005
 pmove part2    9.2000000062597564E-008
 pmove part3    1.6352999999913465E-005
 pmove part2    9.6000000060492141E-008
 pmove part3    1.6104999999932978E-005
 pmove part2    8.6999999981962617E-008
 pmove part3    2.2356999999972871E-005
 pmove part2    1.1199999994104815E-007
 pmove part3    1.5720000000052359E-005
 pmove part2    1.0800000005417587E-007
 pmove part3    1.6577999999989323E-005
 ppush point 3   0.6637436980000000     
 after ppush   0.6637451330000000     
 after cpush   0.6637457940000000     
 before grid1   0.6637499260000000     
 after grid1   0.6690021850000000     
 end accumu   0.6690053510000000     
 after den0_phi   0.6718807480000000     
 after field solver   0.6754635140000000     
 after field   0.6754653280000000     
 after rmsphi   0.6754891640000000     
 with filter   0.6768777180000000     
 before ppush   0.6781228840000000     
 after ppush   0.6781243490000000     
 after cpush 2
 after cpush 3
 after test pmove 0   0.6976113610000000     
 after test pmove 1.1   0.6977251270000000     
 after test pmove 1.2   0.6978722080000000     
 after test pmove 1.3   0.6979324110000000     
 after test pmove 1.4   0.6979350810000000     
 after test pmove 2.0   0.6980773770000001     
 after test pmove 2.1   0.6983031320000000     
 after test pmove 3   0.6985583180000000     
 pmove part2    1.7799999996181981E-007
 pmove part3    1.8073999999979051E-005
 pmove part2    1.0200000000182285E-007
 pmove part3    1.5620999999965690E-005
 pmove part2    9.2999999923293331E-008
 pmove part3    1.5574999999934391E-005
 pmove part2    9.4999999977751770E-008
 pmove part3    1.4771999999996233E-005
 pmove part2    8.8999999925398754E-008
 pmove part3    1.5451999999971378E-005
 pmove part2    6.1000000051159020E-008
 pmove part3    1.5427999999984010E-005
 pmove part2    7.4000000016560818E-008
 pmove part3    1.5221999999925906E-005
 pmove part2    8.2000000012349972E-008
 pmove part3    1.5312000000045067E-005
 pmove part2    9.9999999947364415E-008
 pmove part3    1.5314999999960222E-005
 pmove part2    9.8999999975646347E-008
 pmove part3    1.5270999999983381E-005
 pmove part2    9.6000000060492141E-008
 pmove part3    1.5644000000092362E-005
 pmove part2    1.0099999991908248E-007
 pmove part3    1.5093000000021561E-005
 pmove part2    6.0999999940136718E-008
 pmove part3    1.5517000000020431E-005
 pmove part2    9.5999999949469839E-008
 pmove part3    1.4924999999998967E-005
 pmove part2    9.5999999949469839E-008
 pmove part3    1.5039999999966192E-005
 pmove part2    5.9999999968418649E-008
 pmove part3    1.5367000000043873E-005
 pmove part2    5.9999999968418649E-008
 pmove part3    1.5349999999969555E-005
 pmove part2    9.7000000032210210E-008
 pmove part3    1.5454000000025836E-005
 pmove part2    5.8000000024982512E-008
 pmove part3    1.4923000000055531E-005
 after cpush 3
 after cpush   0.7007804510000000     
 before grid1   0.7008682800000000     
 after grid1   0.7059489210000000     
 end accumu   0.7059521860000000     
 after den0_phi   0.7088292320000000     
 after field solver   0.7123720840000000     
 after field   0.7123738780000000     
 after rmsphi   0.7123997140000000     
 with filter   0.7137349540000000     
     32   0.19736176E-01   0.00000000E+00   0.00000000E+00   0.11946097-315   0.68587320E-12  -0.42276359E-12   0.19191620E-02   0.00000000E+00   0.95363495E-02   0.40621170E-01   0.41725549E-01
 before ppush   0.7175516100000000     
 ppush 1   0.7175552030000000     
 ppush point 2   0.7232710000000000     
 ppush point 2.0   0.7232812840000000     
 after test pmove 0   0.7233233100000001     
 after test pmove 1.1   0.7234330160000000     
 after test pmove 1.2   0.7235955830000000     
 after test pmove 1.3   0.7236562490000000     
 after test pmove 1.4   0.7236589000000000     
 after test pmove 2.0   0.7238165050000001     
 after test pmove 2.1   0.7240399920000000     
 after test pmove 3   0.7243072410000000     
 ppush point 2.1   0.7243124399999999     
 pmove part2    1.8899999998378547E-007
 pmove part3    1.7468000000020467E-005
 ppush point 2.2   0.7244921740000000     
 pmove part2    1.3200000004154333E-007
 pmove part3    1.6274000000038313E-005
 pmove part2    1.1700000002168309E-007
 pmove part3    1.5702000000006322E-005
 pmove part2    9.6000000060492141E-008
 pmove part3    1.5127000000059176E-005
 pmove part2    1.1300000002378852E-007
 pmove part3    1.5490999999978605E-005
 pmove part2    8.1000000040631903E-008
 pmove part3    1.5168000000009840E-005
 pmove part2    1.0099999991908248E-007
 pmove part3    1.5546999999949129E-005
 pmove part2    8.7999999953680685E-008
 pmove part3    1.5380999999980993E-005
 pmove part2    9.9999999947364415E-008
 pmove part3    1.5355999999910885E-005
 pmove part2    5.8999999996700581E-008
 pmove part3    1.5195000000023384E-005
 pmove part2    1.0400000005628129E-007
 pmove part3    1.5536000000038186E-005
 pmove part2    8.6000000010244548E-008
 pmove part3    1.5205999999934328E-005
 pmove part2    1.0100000003010479E-007
 pmove part3    1.5474000000015309E-005
 pmove part2    8.7999999953680685E-008
 pmove part3    1.5129999999974331E-005
 pmove part2    9.0999999979857193E-008
 pmove part3    1.5908000000064426E-005
 pmove part2    8.4000000066808411E-008
 pmove part3    1.5662999999999094E-005
 pmove part2    1.0100000003010479E-007
 pmove part3    1.7865999999977511E-005
 pmove part2    8.6000000010244548E-008
 pmove part3    1.5846000000041549E-005
 pmove part2    8.9000000036421056E-008
 pmove part3    1.6386999999951080E-005
 ppush point 3   0.7271606970000000     
 after ppush   0.7271623410000000     
 after cpush   0.7271629230000000     
 before grid1   0.7271672140000000     
 after grid1   0.7324001180000000     
 end accumu   0.7324035010000000     
 after den0_phi   0.7352476280000000     
 after field solver   0.7387797860000000     
 after field   0.7387812520000000     
 after rmsphi   0.7388030580000000     
 with filter   0.7402186860000000     
 before ppush   0.7415059349999999     
 after ppush   0.7415072450000000     
 after cpush 2
 after cpush 3
 after test pmove 0   0.7477560490000000     
 after test pmove 1.1   0.7478663150000000     
 after test pmove 1.2   0.7480371420000000     
 after test pmove 1.3   0.7480963520000000     
 after test pmove 1.4   0.7480991070000000     
 after test pmove 2.0   0.7482782420000000     
 after test pmove 2.1   0.7484967310000000     
 after test pmove 3   0.7487476660000000     
 pmove part2    1.3899999995459211E-007
 pmove part3    1.7115000000011982E-005
 pmove part2    1.1499999996722465E-007
 pmove part3    1.5005999999928576E-005
 pmove part2    1.1099999996933008E-007
 pmove part3    1.4975999999999878E-005
 pmove part2    9.4999999977751770E-008
 pmove part3    1.5052000000070898E-005
 pmove part2    9.7000000032210210E-008
 pmove part3    1.5188999999971031E-005
 pmove part2    9.4000000006033702E-008
 pmove part3    1.4773000000078973E-005
 pmove part2    9.5000000088774073E-008
 pmove part3    1.5215999999984575E-005
 pmove part2    9.5999999949469839E-008
 pmove part3    1.5030000000026966E-005
 pmove part2    9.8999999975646347E-008
 pmove part3    1.4806000000033848E-005
 pmove part2    8.0999999929609601E-008
 pmove part3    1.5365999999961133E-005
 pmove part2    7.1000000101406613E-008
 pmove part3    1.5652999999948847E-005
 pmove part2    8.6999999981962617E-008
 pmove part3    1.5569999999964779E-005
 pmove part2    9.8000000003928278E-008
 pmove part3    1.4785000000072657E-005
 pmove part2    6.0000000079440952E-008
 pmove part3    1.9316000000046962E-005
 pmove part2    9.3999999895011399E-008
 pmove part3    1.4784999999961634E-005
 pmove part2    7.1999999962102379E-008
 pmove part3    1.4923000000055531E-005
 pmove part2    5.9999999968418649E-008
 pmove part3    1.4803999999979389E-005
 pmove part2    9.7000000032210210E-008
 pmove part3    1.4670999999966128E-005
 pmove part2    5.8000000024982512E-008
 pmove part3    1.5109999999984858E-005
 after cpush 3
 after cpush   0.7509182900000000     
 before grid1   0.7509249120000000     
 after grid1   0.7560866990000000     
 end accumu   0.7560900510000000     
 after den0_phi   0.7588742730000000     
 after field solver   0.7624083280000000     
 after field   0.7624097790000000     
 after rmsphi   0.7624339170000000     
 with filter   0.7638102369999999     
     64   0.30761827E-01   0.00000000E+00   0.00000000E+00   0.11946497-315   0.78751189E-12  -0.48881385E-12   0.20964878E-02   0.00000000E+00  -0.56178197E-01   0.21072498E-01   0.60000333E-01
 before ppush   0.7674108330000000     
 ppush 1   0.7674139800000001     
 ppush point 2   0.7731287480000000     
 ppush point 2.0   0.7731383820000000     
 after test pmove 0   0.7731836550000000     
 after test pmove 1.1   0.7732917900000000     
 after test pmove 1.2   0.7734657360000000     
 after test pmove 1.3   0.7735258840000000     
 after test pmove 1.4   0.7735287070000000     
 after test pmove 2.0   0.7737020350000000     
 after test pmove 2.1   0.7739097610000000     
 after test pmove 3   0.7741797740000000     
 ppush point 2.1   0.7741845830000000     
 pmove part2    1.8199999995971439E-007
 pmove part3    1.6998999999962017E-005
 ppush point 2.2   0.7743652950000000     
 pmove part2    1.0699999997143550E-007
 pmove part3    1.5510999999968078E-005
 pmove part2    7.7000000042737327E-008
 pmove part3    1.5415000000018608E-005
 pmove part2    1.1700000002168309E-007
 pmove part3    1.5301999999994820E-005
 pmove part2    9.0999999979857193E-008
 pmove part3    1.5193000000079948E-005
 pmove part2    1.5099999994827584E-007
 pmove part3    1.5352000000024013E-005
 pmove part2    1.1199999994104815E-007
 pmove part3    1.5329000000008364E-005
 pmove part2    6.2000000022877089E-008
 pmove part3    1.7950000000044319E-005
 pmove part2    9.9999999947364415E-008
 pmove part3    1.5816999999973547E-005
 pmove part2    7.4000000016560818E-008
 pmove part3    1.6205000000102388E-005
 pmove part2    8.6999999981962617E-008
 pmove part3    1.6341999999891499E-005
 pmove part2    1.0999999999761201E-007
 pmove part3    1.6132000000057545E-005
 pmove part2    8.5999999899222246E-008
 pmove part3    1.5735000000072219E-005
 pmove part2    9.8000000003928278E-008
 pmove part3    1.5325999999982187E-005
 pmove part2    8.4999999927504177E-008
 pmove part3    1.5265000000042050E-005
 pmove part2    1.0699999997143550E-007
 pmove part3    1.5747999999926598E-005
 pmove part2    1.0799999994315357E-007
 pmove part3    1.5356000000021908E-005
 pmove part2    1.0999999999761201E-007
 pmove part3    1.5192999999968926E-005
 pmove part2    8.8000000064702988E-008
 pmove part3    1.5074999999975525E-005
 ppush point 3   0.7770892470000000     
 after ppush   0.7770904910000000     
 after cpush   0.7770910940000000     
 before grid1   0.7771017600000000     
 after grid1   0.7821564390000000     
 end accumu   0.7821597370000000     
 after den0_phi   0.7850435360000000     
 after field solver   0.7885845940000000     
 after field   0.7885861480000000     
 after rmsphi   0.7886082120000000     
 with filter   0.7899616510000000     
 before ppush   0.7913392780000000     
 after ppush   0.7913407080000000     
 after cpush 2
 after cpush 3
 after test pmove 0   0.7976023280000000     
 after test pmove 1.1   0.7977133480000000     
 after test pmove 1.2   0.7978973540000001     
 after test pmove 1.3   0.7979674220000000     
 after test pmove 1.4   0.7979703530000000     
 after test pmove 2.0   0.7981572100000001     
 after test pmove 2.1   0.7983712650000000     
 after test pmove 3   0.7986216269999999     
 pmove part2    1.3399999998497947E-007
 pmove part3    1.6833999999965599E-005
 pmove part2    1.2500000001747225E-007
 pmove part3    1.5047999999961981E-005
 pmove part2    9.8000000003928278E-008
 pmove part3    1.5129000000002613E-005
 pmove part2    1.8400000001417283E-007
 pmove part3    1.7598999999979270E-005
 pmove part2    8.4999999927504177E-008
 pmove part3    1.5245999999913273E-005
 pmove part2    1.2400000004575418E-007
 pmove part3    1.5214999999901835E-005
 pmove part2    1.0100000003010479E-007
 pmove part3    1.5161999999957487E-005
 pmove part2    6.3000000105617460E-008
 pmove part3    1.5653000000059869E-005
 pmove part2    6.2000000022877089E-008
 pmove part3    1.5398000000055312E-005
 pmove part2    6.8000000075230105E-008
 pmove part3    1.5246000000024296E-005
 pmove part2    9.8000000003928278E-008
 pmove part3    1.5646000000035798E-005
 pmove part2    8.9000000036421056E-008
 pmove part3    1.5719999999941336E-005
 pmove part2    9.9999999947364415E-008
 pmove part3    1.5612000000109205E-005
 pmove part2    1.0899999991487164E-007
 pmove part3    1.5165000000094686E-005
 pmove part2    9.8000000003928278E-008
 pmove part3    1.4850999999982406E-005
 pmove part2    9.6999999921187907E-008
 pmove part3    1.5148999999992085E-005
 pmove part2    9.7000000032210210E-008
 pmove part3    1.4878999999967668E-005
 pmove part2    7.0000000018666242E-008
 pmove part3    1.4826999999995039E-005
 pmove part2    1.0300000008456323E-007
 pmove part3    1.4903999999926754E-005
 after cpush 3
 after cpush   0.8008684140000000     
 before grid1   0.8008751150000000     
 after grid1   0.8059009560000000     
 end accumu   0.8059041550000000     
 after den0_phi   0.8087891979999999     
 after field solver   0.8123537580000000     
 after field   0.8123551680000000     
 after rmsphi   0.8123787780000000     
 with filter   0.8137650230000000     
     97   0.43903627E-01   0.00000000E+00   0.00000000E+00   0.11947553-315   0.33117987E-11   0.20918617E-11   0.23733945E-02   0.00000000E+00   0.71404459E-02   0.29743338E-01   0.30588431E-01
 before ppush   0.8173563779999999     
 ppush 1   0.8173599739999999     
 ppush point 2   0.8231033010000000     
 ppush point 2.0   0.8231162210000000     
 after test pmove 0   0.8231652550000000     
 after test pmove 1.1   0.8232768290000000     
 after test pmove 1.2   0.8234756910000001     
 after test pmove 1.3   0.8235395340000000     
 after test pmove 1.4   0.8235424689999999     
 after test pmove 2.0   0.8237425309999999     
 after test pmove 2.1   0.8239509590000000     
 after test pmove 3   0.8242284620000000     
 ppush point 2.1   0.8242347700000000     
 pmove part2    1.4400000003522706E-007
 pmove part3    1.7390999999977730E-005
 ppush point 2.2   0.8244108380000000     
 pmove part2    1.0800000005417587E-007
 pmove part3    1.5034999999996579E-005
 pmove part2    1.1799999999340116E-007
 pmove part3    1.5548000000031870E-005
 pmove part2    1.1200000005207045E-007
 pmove part3    1.5062000000010123E-005
 pmove part2    1.0599999988869513E-007
 pmove part3    1.5156999999987875E-005
 pmove part2    8.6000000010244548E-008
 pmove part3    1.5252000000076649E-005
 pmove part2    1.2400000004575418E-007
 pmove part3    1.5557999999971095E-005
 pmove part2    1.1200000005207045E-007
 pmove part3    1.5436999999951517E-005
 pmove part2    1.0299999997354092E-007
 pmove part3    1.5223000000008646E-005
 pmove part2    9.3000000034315633E-008
 pmove part3    1.5954999999956421E-005
 pmove part2    1.0999999999761201E-007
 pmove part3    1.7865999999977511E-005
 pmove part2    1.5700000000062886E-007
 pmove part3    1.5670999999994883E-005
 pmove part2    6.5999999909749363E-008
 pmove part3    1.5767000000055376E-005
 pmove part2    9.4000000006033702E-008
 pmove part3    1.5254999999991803E-005
 pmove part2    9.8999999975646347E-008
 pmove part3    1.6077999999919435E-005
 pmove part2    9.5000000088774073E-008
 pmove part3    1.5293999999999031E-005
 pmove part2    1.1399999999550658E-007
 pmove part3    1.5259999999961416E-005
 pmove part2    9.5999999949469839E-008
 pmove part3    1.5081999999999596E-005
 pmove part2    1.0599999999971743E-007
 pmove part3    1.6652000000005884E-005
 ppush point 3   0.8271492470000000     
 after ppush   0.8271508720000000     
 after cpush   0.8271515610000000     
 before grid1   0.8271606850000000     
 after grid1   0.8323917630000000     
 end accumu   0.8323950390000000     
 after den0_phi   0.8352374240000000     
 after field solver   0.8388358780000000     
 after field   0.8388374930000000     
 after rmsphi   0.8388585730000000     
 with filter   0.8402719620000000     
 before ppush   0.8417577690000000     
 after ppush   0.8417592300000000     
 after cpush 2
 after cpush 3
 after test pmove 0   0.8480265259999999     
 after test pmove 1.1   0.8481371450000000     
 after test pmove 1.2   0.8483546749999999     
 after test pmove 1.3   0.8484138680000000     
 after test pmove 1.4   0.8484164630000000     
 after test pmove 2.0   0.8486203059999999     
 after test pmove 2.1   0.8488334450000000     
 after test pmove 3   0.8490957379999999     
 pmove part2    1.4999999997655777E-007
 pmove part3    1.6652999999977602E-005
 pmove part2    1.3200000004154333E-007
 pmove part3    1.4910999999950825E-005
 pmove part2    1.0299999997354092E-007
 pmove part3    1.4898999999957141E-005
 pmove part2    9.7000000032210210E-008
 pmove part3    1.4829000000049497E-005
 pmove part2    1.0000000005838672E-007
 pmove part3    1.4754999999921914E-005
 pmove part2    9.5999999949469839E-008
 pmove part3    1.4603999999973638E-005
 pmove part2    9.7000000032210210E-008
 pmove part3    1.4621000000047957E-005
 pmove part2    9.6000000060492141E-008
 pmove part3    2.0157999999992349E-005
 pmove part2    9.6999999921187907E-008
 pmove part3    1.5104999999904223E-005
 pmove part2    9.4999999977751770E-008
 pmove part3    1.4681000000016375E-005
 pmove part2    1.0999999999761201E-007
 pmove part3    1.4741999999956512E-005
 pmove part2    1.1300000002378852E-007
 pmove part3    1.5146000000076931E-005
 pmove part2    9.8999999975646347E-008
 pmove part3    1.8298999999943888E-005
 pmove part2    9.7000000032210210E-008
 pmove part3    1.5002000000041704E-005
 pmove part2    9.5999999949469839E-008
 pmove part3    1.5120000000035105E-005
 pmove part2    1.0699999997143550E-007
 pmove part3    1.4829000000049497E-005
 pmove part2    7.4000000016560818E-008
 pmove part3    1.5081999999999596E-005
 pmove part2    9.9999999947364415E-008
 pmove part3    1.4656999999917986E-005
 pmove part2    9.6000000060492141E-008
 pmove part3    1.5105999999986963E-005
 after cpush 3
 after cpush   0.8512937200000000     
 before grid1   0.8513002400000000     
 after grid1   0.8563593630000000     
 end accumu   0.8563626670000000     
 after den0_phi   0.8591719870000000     
 after field solver   0.8626803300000000     
 after field   0.8626816390000001     
 after rmsphi   0.8627061570000000     
 with filter   0.8640736689999999     
    129   0.59063697E-01   0.00000000E+00   0.00000000E+00   0.11948490-315   0.35884635E-11   0.52833834E-11   0.26982893E-02   0.34584595-322  -0.10673951E-02   0.73482563E-02   0.74253756E-02
 before ppush   0.8676156590000000     
 ppush 1   0.8676206350000000     
 ppush point 2   0.8733369639999999     
 ppush point 2.0   0.8733478490000000     
 after test pmove 0   0.8733881180000000     
 after test pmove 1.1   0.8735013780000001     
 after test pmove 1.2   0.8737107990000000     
 after test pmove 1.3   0.8737699560000000     
 after test pmove 1.4   0.8737727360000000     
 after test pmove 2.0   0.8739857660000000     
 after test pmove 2.1   0.8742028550000001     
 after test pmove 3   0.8744661240000000     
 ppush point 2.1   0.8744723040000000     
 pmove part2    1.4600000008968550E-007
 pmove part3    1.6942999999991493E-005
 ppush point 2.2   0.8746511800000000     
 pmove part2    1.1799999999340116E-007
 pmove part3    1.5142999999939732E-005
 pmove part2    1.1399999988448428E-007
 pmove part3    1.5402000000053206E-005
 pmove part2    8.6999999981962617E-008
 pmove part3    1.6125000000033474E-005
 pmove part2    1.0400000005628129E-007
 pmove part3    1.5560999999997271E-005
 pmove part2    1.0100000003010479E-007
 pmove part3    1.5399000000027030E-005
 pmove part2    1.4299999995248669E-007
 pmove part3    1.5180000000114546E-005
 pmove part2    1.0700000008245780E-007
 pmove part3    1.5567000000049624E-005
 pmove part2    1.0999999999761201E-007
 pmove part3    1.5178999999920784E-005
 pmove part2    1.0500000002799936E-007
 pmove part3    1.4867000000085007E-005
 pmove part2    1.0000000005838672E-007
 pmove part3    2.0467000000023994E-005
 pmove part2    9.1999999951575262E-008
 pmove part3    1.5199000000021279E-005
 pmove part2    9.6999999921187907E-008
 pmove part3    1.5616999999967796E-005
 pmove part2    9.5999999949469839E-008
 pmove part3    1.7594999999981376E-005
 pmove part2    1.4099999989802825E-007
 pmove part3    1.5168000000009840E-005
 pmove part2    1.0500000002799936E-007
 pmove part3    1.5272999999926817E-005
 pmove part2    1.0200000000182285E-007
 pmove part3    1.5231000000004435E-005
 pmove part2    1.1499999996722465E-007
 pmove part3    1.5182000000057982E-005
 pmove part2    9.4000000006033702E-008
 pmove part3    1.9564000000027448E-005
 ppush point 3   0.8773691219999999     
 after ppush   0.8773704430000000     
 after cpush   0.8773711280000001     
 before grid1   0.8773752400000000     
 after grid1   0.8824029460000000     
 end accumu   0.8824064270000000     
 after den0_phi   0.8853708470000000     
 after field solver   0.8889672159999999     
 after field   0.8889686000000000     
 after rmsphi   0.8889930780000000     
 with filter   0.8903181440000000     
 before ppush   0.8917855540000000     
 after ppush   0.8917866630000000     
 after cpush 2
 after cpush 3
 after test pmove 0   0.8980506280000000     
 after test pmove 1.1   0.8981576290000000     
 after test pmove 1.2   0.8983763480000000     
 after test pmove 1.3   0.8984357680000000     
 after test pmove 1.4   0.8984384730000000     
 after test pmove 2.0   0.8986609880000000     
 after test pmove 2.1   0.8988812680000000     
 after test pmove 3   0.8991487690000000     
 pmove part2    1.3799999998287404E-007
 pmove part3    1.6736000000072693E-005
 pmove part2    1.2699999996090838E-007
 pmove part3    1.5179000000031806E-005
 pmove part2    6.8000000075230105E-008
 pmove part3    1.4944000000016722E-005
 pmove part2    9.0000000008139125E-008
 pmove part3    1.5007000000011317E-005
 pmove part2    1.0899999991487164E-007
 pmove part3    1.4936000000020933E-005
 pmove part2    9.4000000006033702E-008
 pmove part3    1.4837000000045286E-005
 pmove part2    1.0599999999971743E-007
 pmove part3    1.4885999999991739E-005
 pmove part2    9.0999999979857193E-008
 pmove part3    1.4979000000026055E-005
 pmove part2    6.8000000075230105E-008
 pmove part3    1.5214000000041139E-005
 pmove part2    1.0100000003010479E-007
 pmove part3    1.4932999999994756E-005
 pmove part2    1.0599999999971743E-007
 pmove part3    1.5062999999981841E-005
 pmove part2    9.4000000006033702E-008
 pmove part3    1.4803000000007671E-005
 pmove part2    6.6999999992489734E-008
 pmove part3    1.4803000000007671E-005
 pmove part2    1.0500000002799936E-007
 pmove part3    1.4881999999993845E-005
 pmove part2    6.8000000075230105E-008
 pmove part3    1.4978000000054337E-005
 pmove part2    7.2000000073124681E-008
 pmove part3    1.4983999999995667E-005
 pmove part2    9.3000000034315633E-008
 pmove part3    1.4821999999914404E-005
 pmove part2    1.0300000008456323E-007
 pmove part3    1.4640999999926407E-005
 pmove part2    7.0999999990384310E-008
 pmove part3    1.5160999999985769E-005
 after cpush 3
 after cpush   0.9013098440000000     
 before grid1   0.9013165090000000     
 after grid1   0.9062973870000000     
 end accumu   0.9063007550000000     
 after den0_phi   0.9090976220000000     
 after field solver   0.9125897520000000     
 after field   0.9125906380000000     
 after rmsphi   0.9126127429999999     
 with filter   0.9139463530000000     
    161   0.79917497E-01   0.00000000E+00   0.00000000E+00   0.11949539-315   0.31700169E-11   0.13232916E-11   0.30497953E-02   0.00000000E+00   0.38433286E-01   0.12978222E-01   0.40565400E-01
 before ppush   0.9173713640000000     
 ppush 1   0.9173748750000000     
 ppush point 2   0.9230969340000000     
 ppush point 2.0   0.9231085340000000     
 after test pmove 0   0.9231536510000000     
 after test pmove 1.1   0.9232663410000000     
 after test pmove 1.2   0.9234964060000000     
 after test pmove 1.3   0.9235573990000000     
 after test pmove 1.4   0.9235601180000000     
 after test pmove 2.0   0.9237941119999999     
 after test pmove 2.1   0.9240121680000000     
 after test pmove 3   0.9242826820000000     
 ppush point 2.1   0.9242861060000001     
 pmove part2    1.6499999988539571E-007
 pmove part3    1.6875999999999003E-005
 ppush point 2.2   0.9244634150000000     
 pmove part2    1.5499999994617042E-007
 pmove part3    1.5304000000049278E-005
 pmove part2    1.1499999996722465E-007
 pmove part3    1.5358999999937062E-005
 pmove part2    1.0100000003010479E-007
 pmove part3    1.5253000000048367E-005
 pmove part2    1.0900000002589394E-007
 pmove part3    1.5451999999971378E-005
 pmove part2    9.8999999975646347E-008
 pmove part3    1.4968000000004089E-005
 pmove part2    9.6999999921187907E-008
 pmove part3    1.5395000000029135E-005
 pmove part2    9.3000000034315633E-008
 pmove part3    1.5046999999990263E-005
 pmove part2    1.0200000000182285E-007
 pmove part3    1.5183000000029701E-005
 pmove part2    1.1399999999550658E-007
 pmove part3    1.4913999999977001E-005
 pmove part2    1.0300000008456323E-007
 pmove part3    1.5062000000010123E-005
 pmove part2    8.6999999981962617E-008
 pmove part3    1.5352000000024013E-005
 pmove part2    9.8000000003928278E-008
 pmove part3    1.5085000000025772E-005
 pmove part2    1.1099999996933008E-007
 pmove part3    1.5601999999947935E-005
 pmove part2    1.1399999999550658E-007
 pmove part3    1.5106999999958681E-005
 pmove part2    8.2999999984068040E-008
 pmove part3    1.5100000000045632E-005
 pmove part2    6.2000000022877089E-008
 pmove part3    1.4695999999925213E-005
 pmove part2    1.1799999999340116E-007
 pmove part3    1.5140999999996296E-005
 pmove part2    9.4999999977751770E-008
 pmove part3    1.6134000000000981E-005
 ppush point 3   0.9271770840000000     
 after ppush   0.9271786750000000     
 after cpush   0.9271792759999999     
 before grid1   0.9271854160000000     
 after grid1   0.9322451370000000     
 end accumu   0.9322481850000000     
 after den0_phi   0.9349312949999999     
 after field solver   0.9383768360000000     
 after field   0.9383778960000000     
 after rmsphi   0.9383980400000000     
 with filter   0.9397381750000000     
 before ppush   0.9409126630000000     
 after ppush   0.9409139470000000     
 after cpush 2
 after cpush 3
 after test pmove 0   0.9471755910000000     
 after test pmove 1.1   0.9472852920000000     
 after test pmove 1.2   0.9475209820000000     
 after test pmove 1.3   0.9475799480000000     
 after test pmove 1.4   0.9475826870000000     
 after test pmove 2.0   0.9478261540000000     
 after test pmove 2.1   0.9480449180000000     
 after test pmove 3   0.9483251080000000     
 pmove part2    1.5300000000273428E-007
 pmove part3    1.6793999999986653E-005
 pmove part2    1.2400000004575418E-007
 pmove part3    1.4971000000030266E-005
 pmove part2    9.3000000034315633E-008
 pmove part3    1.4807999999977284E-005
 pmove part2    8.0999999929609601E-008
 pmove part3    1.5151000000046544E-005
 pmove part2    5.9999999968418649E-008
 pmove part3    1.4697999999979672E-005
 pmove part2    9.6000000060492141E-008
 pmove part3    1.5051999999959875E-005
 pmove part2    5.8999999996700581E-008
 pmove part3    1.4559000000025080E-005
 pmove part2    9.4999999977751770E-008
 pmove part3    1.4693000000010059E-005
 pmove part2    9.8000000003928278E-008
 pmove part3    1.4803999999979389E-005
 pmove part2    9.8000000003928278E-008
 pmove part3    1.6847000000042023E-005
 pmove part2    8.2000000012349972E-008
 pmove part3    1.4897999999985423E-005
 pmove part2    9.5999999949469839E-008
 pmove part3    1.6989999999994509E-005
 pmove part2    1.1999999993683730E-007
 pmove part3    1.4858999999978195E-005
 pmove part2    9.4999999977751770E-008
 pmove part3    1.6903999999984265E-005
 pmove part2    9.7000000032210210E-008
 pmove part3    1.4796999999955318E-005
 pmove part2    9.8000000003928278E-008
 pmove part3    1.4957000000093146E-005
 pmove part2    9.4000000006033702E-008
 pmove part3    1.4870000000000161E-005
 pmove part2    9.2999999923293331E-008
 pmove part3    1.4474999999958271E-005
 pmove part2    9.5999999949469839E-008
 pmove part3    1.5328000000036646E-005
 after cpush 3
 after cpush   0.9505072990000000     
 before grid1   0.9505137390000000     
 after grid1   0.9555154010000000     
 end accumu   0.9555183290000000     
 after den0_phi   0.9582874790000000     
 after field solver   0.9617177870000000     
 after field   0.9617188520000000     
 after rmsphi   0.9617384430000000     
 with filter   0.9630239800000000     
    194   0.88094860E-01   0.00000000E+00   0.00000000E+00   0.11950706-315  -0.26301017E-12  -0.11453158E-10   0.34185981E-02   0.00000000E+00   0.31080529E-01   0.21358667E-01   0.37711960E-01
 before ppush   0.9663180070000000     
 ppush 1   0.9663212850000000     
 ppush point 2   0.9720445810000000     
 ppush point 2.0   0.9720546510000000     
 after test pmove 0   0.9720940590000000     
 after test pmove 1.1   0.9722008120000000     
 after test pmove 1.2   0.9724459810000000     
 after test pmove 1.3   0.9725096860000000     
 after test pmove 1.4   0.9725121740000000     
 after test pmove 2.0   0.9727648420000000     
 after test pmove 2.1   0.9729961830000000     
 after test pmove 3   0.9732593330000000     
 ppush point 2.1   0.9732644400000000     
 pmove part2    1.4799999992209933E-007
 pmove part3    1.6795000000069393E-005
 ppush point 2.2   0.9734475360000000     
 pmove part2    1.0999999999761201E-007
 pmove part3    1.5233000000058894E-005
 pmove part2    1.1200000005207045E-007
 pmove part3    1.5499999999946112E-005
 pmove part2    1.0299999997354092E-007
 pmove part3    1.5176000000005629E-005
 pmove part2    1.1300000002378852E-007
 pmove part3    1.5097000000019456E-005
 pmove part2    1.1900000007614153E-007
 pmove part3    1.4983999999995667E-005
 pmove part2    9.5999999949469839E-008
 pmove part3    1.4731000000045569E-005
 pmove part2    1.0299999997354092E-007
 pmove part3    1.5529999999985833E-005
 pmove part2    1.0299999997354092E-007
 pmove part3    1.9168999999985559E-005
 pmove part2    1.0099999991908248E-007
 pmove part3    1.5152999999989980E-005
 pmove part2    9.9000000086668649E-008
 pmove part3    1.4996999999961069E-005
 pmove part2    1.4900000000483971E-007
 pmove part3    1.5788999999988285E-005
 pmove part2    9.6000000060492141E-008
 pmove part3    1.5143999999911451E-005
 pmove part2    9.4999999977751770E-008
 pmove part3    1.5121999999978541E-005
 pmove part2    9.8000000003928278E-008
 pmove part3    1.5301000000023102E-005
 pmove part2    8.2999999984068040E-008
 pmove part3    1.5054000000014334E-005
 pmove part2    9.8999999975646347E-008
 pmove part3    1.5521999999990044E-005
 pmove part2    1.7100000004877103E-007
 pmove part3    1.5128000000030895E-005
 pmove part2    7.4000000016560818E-008
 pmove part3    1.5125999999976436E-005
 ppush point 3   0.9762723480000000     
 after ppush   0.9762736390000000     
 after cpush   0.9762743160000000     
 before grid1   0.9762783970000000     
 after grid1   0.9813314920000000     
 end accumu   0.9813347490000000     
 after den0_phi   0.9841390780000000     
 after field solver   0.9875494640000000     
 after field   0.9875506620000000     
 after rmsphi   0.9875731810000000     
 with filter   0.9889072980000000     
 before ppush   0.9902064580000000     
 after ppush   0.9902148160000001     
 after cpush 2
 after cpush 3
 after test pmove 0   0.9964950770000000     
 after test pmove 1.1   0.9966035380000000     
 after test pmove 1.2   0.9968495230000000     
 after test pmove 1.3   0.9969091700000000     
 after test pmove 1.4   0.9969116230000000     
 after test pmove 2.0   0.9971677980000000     
 after test pmove 2.1   0.9973736360000000     
 after test pmove 3   0.9976442670000000     
 pmove part2    1.4299999995248669E-007
 pmove part3    1.7296999999971696E-005
 pmove part2    1.1700000002168309E-007
 pmove part3    1.4793999999929142E-005
 pmove part2    1.0299999997354092E-007
 pmove part3    1.4665000000024797E-005
 pmove part2    1.1100000008035238E-007
 pmove part3    1.4659000000083466E-005
 pmove part2    1.0800000005417587E-007
 pmove part3    1.4764000000000443E-005
 pmove part2    9.5999999949469839E-008
 pmove part3    1.4417000000044311E-005
 pmove part2    8.0000000068913835E-008
 pmove part3    1.4540000000007325E-005
 pmove part2    9.4999999977751770E-008
 pmove part3    1.4976999999971596E-005
 pmove part2    9.0999999979857193E-008
 pmove part3    1.4760000000002549E-005
 pmove part2    9.4000000006033702E-008
 pmove part3    1.4462999999964588E-005
 pmove part2    9.4000000006033702E-008
 pmove part3    1.4509999999967604E-005
 pmove part2    9.1999999951575262E-008
 pmove part3    1.4418999999987747E-005
 pmove part2    1.0699999997143550E-007
 pmove part3    1.4749999999952301E-005
 pmove part2    5.8000000024982512E-008
 pmove part3    1.4842000000014899E-005
 pmove part2    9.8000000003928278E-008
 pmove part3    1.5161000000096791E-005
 pmove part2    9.7000000032210210E-008
 pmove part3    1.5428999999955728E-005
 pmove part2    9.1999999951575262E-008
 pmove part3    1.4815999999973073E-005
 pmove part2    9.7000000032210210E-008
 pmove part3    1.4651000000087677E-005
 pmove part2    7.1999999962102379E-008
 pmove part3    1.4741999999956512E-005
 after cpush 3
 after cpush   0.9998321430000000     
 before grid1   0.9998387900000000     
 after grid1    1.004843967000000     
 end accumu    1.004848394000000     
 after den0_phi    1.007610144000000     
 after field solver    1.011032924000000     
 after field    1.011034189000000     
 after rmsphi    1.011080396000000     
 with filter    1.012413015000000     
    226   0.10237487E+00   0.00000000E+00   0.00000000E+00   0.11951996-315   0.45817440E-12  -0.62722199E-11   0.37994462E-02   0.15810101-321   0.25307391E-01   0.16180159E-01   0.30037670E-01
 before ppush    1.015841572000000     
 ppush 1    1.015844889000000     
 ppush point 2    1.021566447000000     
 ppush point 2.0    1.021576213000000     
 after test pmove 0    1.021619445000000     
 after test pmove 1.1    1.021728047000000     
 after test pmove 1.2    1.021981941000000     
 after test pmove 1.3    1.022040106000000     
 after test pmove 1.4    1.022042727000000     
 after test pmove 2.0    1.022308291000000     
 after test pmove 2.1    1.022519333000000     
 after test pmove 3    1.022784873000000     
 ppush point 2.1    1.022795873000000     
 pmove part2    1.5599999980686619E-007
 pmove part3    1.6860999999979143E-005
 ppush point 2.2    1.022977966000000     
 pmove part2    9.7000000032210210E-008
 pmove part3    1.5643999999870317E-005
 pmove part2    1.0100000014112709E-007
 pmove part3    1.5417999999822740E-005
 pmove part2    1.1199999994104815E-007
 pmove part3    1.5152000000018262E-005
 pmove part2    1.1400000010652889E-007
 pmove part3    2.0209999999964978E-005
 pmove part2    1.0200000000182285E-007
 pmove part3    1.5408999999966255E-005
 pmove part2    1.2299999996301381E-007
 pmove part3    1.5536999999898882E-005
 pmove part2    1.2499999990644994E-007
 pmove part3    1.5069999999894890E-005
 pmove part2    1.0100000014112709E-007
 pmove part3    1.6009999999955227E-005
 pmove part2    9.5000000088774073E-008
 pmove part3    1.5023000000002895E-005
 pmove part2    1.0500000002799936E-007
 pmove part3    1.5305999999881692E-005
 pmove part2    7.9999999957891532E-008
 pmove part3    1.4992999999963175E-005
 pmove part2    1.0200000000182285E-007
 pmove part3    1.5298999999968643E-005
 pmove part2    1.0899999991487164E-007
 pmove part3    1.5123999999921978E-005
 pmove part2    1.0399999994525899E-007
 pmove part3    1.4911000000061847E-005
 pmove part2    9.8999999975646347E-008
 pmove part3    1.4843999999847313E-005
 pmove part2    1.0200000000182285E-007
 pmove part3    1.5160000000014051E-005
 pmove part2    9.8999999975646347E-008
 pmove part3    1.5062000000121145E-005
 pmove part2    7.3999999905538516E-008
 pmove part3    1.5547999999920847E-005
 ppush point 3    1.025693263000000     
 after ppush    1.025694984000000     
 after cpush    1.025695593000000     
 before grid1    1.025699445000000     
 after grid1    1.030696378000000     
 end accumu    1.030699546000000     
 after den0_phi    1.033596828000000     
 after field solver    1.037068350000000     
 after field    1.037069563000000     
 after rmsphi    1.037090938000000     
 with filter    1.038399487000000     
 before ppush    1.039649551000000     
 after ppush    1.039650873000000     
 after cpush 2
 after cpush 3
 after test pmove 0    1.045902665000000     
 after test pmove 1.1    1.046009637000000     
 after test pmove 1.2    1.046274085000000     
 after test pmove 1.3    1.046332019000000     
 after test pmove 1.4    1.046334720000000     
 after test pmove 2.0    1.046612401000000     
 after test pmove 2.1    1.046812007000000     
 after test pmove 3    1.047112284000000     
 pmove part2    1.5799999997234693E-007
 pmove part3    2.3120999999903802E-005
 pmove part2    1.1399999988448428E-007
 pmove part3    1.4961999999840714E-005
 pmove part2    1.2200000010231804E-007
 pmove part3    1.5111999999817272E-005
 pmove part2    8.0000000179936137E-008
 pmove part3    1.4852999999925842E-005
 pmove part2    9.7999999892905976E-008
 pmove part3    1.4989000000076302E-005
 pmove part2    9.6000000171514444E-008
 pmove part3    1.4910999999839802E-005
 pmove part2    1.0700000019348010E-007
 pmove part3    1.4916000000031460E-005
 pmove part2    9.7999999892905976E-008
 pmove part3    1.4775999999994127E-005
 pmove part2    8.3999999844763806E-008
 pmove part3    1.5125000000004718E-005
 pmove part2    9.5999999949469839E-008
 pmove part3    1.4773999999828646E-005
 pmove part2    9.8000000114950581E-008
 pmove part3    1.5044000000186131E-005
 pmove part2    5.8999999996700581E-008
 pmove part3    1.4358000000047610E-005
 pmove part2    1.0099999991908248E-007
 pmove part3    1.4555999999998903E-005
 pmove part2    1.0500000002799936E-007
 pmove part3    1.4578000000042834E-005
 pmove part2    7.6999999931715024E-008
 pmove part3    1.4557999999942339E-005
 pmove part2    7.9999999957891532E-008
 pmove part3    1.4369999999930272E-005
 pmove part2    7.7000000153759629E-008
 pmove part3    1.4492000000032590E-005
 pmove part2    7.9999999957891532E-008
 pmove part3    2.9765999999931125E-005
 pmove part2    9.4000000006033702E-008
 pmove part3    1.4643000000091888E-005
 after cpush 3
 after cpush    1.049295848000000     
 before grid1    1.049302343000000     
 after grid1    1.054239257000000     
 end accumu    1.054242323000000     
 after den0_phi    1.057080203000000     
 after field solver    1.060815906000000     
 after field    1.060817162000000     
 after rmsphi    1.060845064000000     
 with filter    1.062164474000000     
    258   0.11372897E+00   0.00000000E+00   0.00000000E+00   0.11953403-315   0.18439669E-11   0.99688839E-11   0.41884854E-02   0.21219958-313   0.81238786E-01  -0.24555787E-02   0.81275890E-01
 before ppush    1.065727942000000     
 ppush 1    1.065731236000000     
 ppush point 2    1.071463491000000     
 ppush point 2.0    1.071473043000000     
 after test pmove 0    1.071513793000000     
 after test pmove 1.1    1.071625825000000     
 after test pmove 1.2    1.071905993000000     
 after test pmove 1.3    1.071966948000000     
 after test pmove 1.4    1.071969774000000     
 after test pmove 2.0    1.072266112000000     
 after test pmove 2.1    1.072486945000000     
 after test pmove 3    1.072783091000000     
 ppush point 2.1    1.072788265000000     
 pmove part2    1.5200000014203852E-007
 pmove part3    1.7048999999991210E-005
 ppush point 2.2    1.072970721000000     
 pmove part2    1.2800000015467106E-007
 pmove part3    1.7438999999841442E-005
 pmove part2    9.8999999975646347E-008
 pmove part3    1.5375000000039662E-005
 pmove part2    1.0000000005838672E-007
 pmove part3    1.5544000000033975E-005
 pmove part2    1.0300000008456323E-007
 pmove part3    1.5352999999995731E-005
 pmove part2    1.0799999983213127E-007
 pmove part3    1.5050999999877135E-005
 pmove part2    1.0399999994525899E-007
 pmove part3    1.8508999999999887E-005
 pmove part2    8.1000000040631903E-008
 pmove part3    1.5074000000225851E-005
 pmove part2    9.5000000088774073E-008
 pmove part3    1.7402999999971414E-005
 pmove part2    9.8999999975646347E-008
 pmove part3    1.4469000000127963E-005
 pmove part2    1.0099999991908248E-007
 pmove part3    1.4860999999921631E-005
 pmove part2    9.4000000006033702E-008
 pmove part3    1.4549000000085854E-005
 pmove part2    1.2700000007193069E-007
 pmove part3    1.4747000000037147E-005
 pmove part2    9.6999999810165605E-008
 pmove part3    1.4778000000159608E-005
 pmove part2    1.0000000005838672E-007
 pmove part3    1.4479000000067188E-005
 pmove part2    1.1300000002378852E-007
 pmove part3    1.5357000000104648E-005
 pmove part2    1.3800000009389635E-007
 pmove part3    1.5171999999896713E-005
 pmove part2    9.8999999975646347E-008
 pmove part3    1.5112999999900012E-005
 pmove part2    1.0200000000182285E-007
 pmove part3    1.5325000000121491E-005
 ppush point 3    1.075712665000000     
 after ppush    1.075714758000000     
 after cpush    1.075715424000000     
 before grid1    1.075721701000000     
 after grid1    1.080812183000000     
 end accumu    1.080815325000000     
 after den0_phi    1.083580753000000     
 after field solver    1.086989944000000     
 after field    1.086991043000000     
 after rmsphi    1.087012923000000     
 with filter    1.088446513000000     
 before ppush    1.089715002000000     
 after ppush    1.089716300000000     
 after cpush 2
 after cpush 3
 after test pmove 0    1.095973611000000     
 after test pmove 1.1    1.096086951000000     
 after test pmove 1.2    1.096378032000000     
 after test pmove 1.3    1.096447832000000     
 after test pmove 1.4    1.096450774000000     
 after test pmove 2.0    1.096749224000000     
 after test pmove 2.1    1.096955275000000     
 after test pmove 3    1.097222196000000     
 pmove part2    1.4699999995038127E-007
 pmove part3    1.7149000000049597E-005
 pmove part2    1.2200000010231804E-007
 pmove part3    1.4686000000097010E-005
 pmove part2    9.2000000062597564E-008
 pmove part3    1.4669999999883387E-005
 pmove part2    9.4999999866729468E-008
 pmove part3    1.5085000000025772E-005
 pmove part2    7.3000000044842750E-008
 pmove part3    1.4509000000106909E-005
 pmove part2    8.6000000010244548E-008
 pmove part3    1.4393999999917639E-005
 pmove part2    7.4999999988278887E-008
 pmove part3    1.4825000000051602E-005
 pmove part2    1.0600000011073973E-007
 pmove part3    1.4616999999939040E-005
 pmove part2    1.1600000004996502E-007
 pmove part3    1.4451999999831600E-005
 pmove part2    9.2999999923293331E-008
 pmove part3    1.9773000000000707E-005
 pmove part2    1.0499999980595476E-007
 pmove part3    1.4595999999977849E-005
 pmove part2    8.1000000040631903E-008
 pmove part3    1.4434000000118630E-005
 pmove part2    9.4999999866729468E-008
 pmove part3    1.4627999999961006E-005
 pmove part2    5.7000000053264444E-008
 pmove part3    1.4462999999853565E-005
 pmove part2    5.8000000136004815E-008
 pmove part3    1.9940999999912279E-005
 pmove part2    9.4999999866729468E-008
 pmove part3    1.4588999999842756E-005
 pmove part2    1.0900000013691624E-007
 pmove part3    1.4851000000204451E-005
 pmove part2    1.0999999999761201E-007
 pmove part3    1.4809000000060024E-005
 pmove part2    9.7000000032210210E-008
 pmove part3    1.4766999999915598E-005
 after cpush 3
 after cpush    1.099446648000000     
 before grid1    1.099453312000000     
 after grid1    1.104484020000000     
 end accumu    1.104487085000000     
 after den0_phi    1.107178899000000     
 after field solver    1.110572372000000     
 after field    1.110573375000000     
 after rmsphi    1.110599239000000     
 with filter    1.111951572000000     
    291   0.12250585E+00   0.00000000E+00   0.00000000E+00   0.11954930-315   0.10624253E-10   0.36005653E-10   0.45833206E-02   0.33951933-312   0.16258167E+00   0.47090733E-01   0.16926410E+00
 before ppush    1.118138791000000     
 ppush 1    1.118145572000000     
 ppush point 2    1.123862913000000     
 ppush point 2.0    1.123872554000000     
 after test pmove 0    1.123912844000000     
 after test pmove 1.1    1.124016361000000     
 after test pmove 1.2    1.124314716000000     
 after test pmove 1.3    1.124391512000000     
 after test pmove 1.4    1.124394462000000     
 after test pmove 2.0    1.124697890000000     
 after test pmove 2.1    1.124915754000000     
 after test pmove 3    1.125189711000000     
 ppush point 2.1    1.125194460000000     
 pmove part2    1.4600000008968550E-007
 pmove part3    1.6829999999856682E-005
 ppush point 2.2    1.125375467000000     
 pmove part2    1.1699999991066079E-007
 pmove part3    1.5620999999965690E-005
 pmove part2    6.5000000049053597E-008
 pmove part3    1.4673000000131609E-005
 pmove part2    1.1100000008035238E-007
 pmove part3    1.4901999999983317E-005
 pmove part2    9.4999999866729468E-008
 pmove part3    1.5199999999992997E-005
 pmove part2    9.7999999892905976E-008
 pmove part3    1.5356000000021908E-005
 pmove part2    7.9999999957891532E-008
 pmove part3    1.4796999999955318E-005
 pmove part2    8.9000000036421056E-008
 pmove part3    1.5496999999919936E-005
 pmove part2    8.9999999897116822E-008
 pmove part3    1.5476000000180790E-005
 pmove part2    7.9000000097195766E-008
 pmove part3    1.5033000000164165E-005
 pmove part2    9.5999999949469839E-008
 pmove part3    1.4858999999978195E-005
 pmove part2    7.9999999957891532E-008
 pmove part3    1.4857000000034759E-005
 pmove part2    1.9300000020372465E-007
 pmove part3    1.5108000000152444E-005
 pmove part2    1.0999999999761201E-007
 pmove part3    1.5708000000058675E-005
 pmove part2    8.1000000040631903E-008
 pmove part3    1.5177999999949066E-005
 pmove part2    9.7000000032210210E-008
 pmove part3    1.5250999999993908E-005
 pmove part2    9.8000000114950581E-008
 pmove part3    1.5628999999961479E-005
 pmove part2    9.7000000032210210E-008
 pmove part3    1.5144999999883169E-005
 pmove part2    9.6999999810165605E-008
 pmove part3    2.1224000000152898E-005
 ppush point 3    1.128056837000000     
 after ppush    1.128058639000000     
 after cpush    1.128059338000000     
 before grid1    1.128063662000000     
 after grid1    1.133130718000000     
 end accumu    1.133133976000000     
 after den0_phi    1.135870879000000     
 after field solver    1.139229113000000     
 after field    1.139230330000000     
 after rmsphi    1.139259184000000     
 with filter    1.140624536000000     
 before ppush    1.142064617000000     
 after ppush    1.142066082000000     
 after cpush 2
 after cpush 3
 after test pmove 0    1.148306856000000     
 after test pmove 1.1    1.148424640000000     
 after test pmove 1.2    1.148723045000000     
 after test pmove 1.3    1.148782912000000     
 after test pmove 1.4    1.148785663000000     
 after test pmove 2.0    1.149104409000000     
 after test pmove 2.1    1.149314013000000     
 after test pmove 3    1.149584554000000     
 pmove part2    1.5500000016821502E-007
 pmove part3    1.7329000000065875E-005
 pmove part2    1.1300000002378852E-007
 pmove part3    1.4970000000058548E-005
 pmove part2    8.0000000179936137E-008
 pmove part3    1.4657000000140030E-005
 pmove part2    9.2999999923293331E-008
 pmove part3    1.5117999999869625E-005
 pmove part2    1.0000000005838672E-007
 pmove part3    1.4461999999992869E-005
 pmove part2    9.5000000088774073E-008
 pmove part3    1.5286000000003241E-005
 pmove part2    9.2999999923293331E-008
 pmove part3    1.4659999999944162E-005
 pmove part2    9.2999999923293331E-008
 pmove part3    1.5454000000136858E-005
 pmove part2    9.6999999810165605E-008
 pmove part3    1.5112000000039316E-005
 pmove part2    1.0000000005838672E-007
 pmove part3    1.4774999999911387E-005
 pmove part2    9.8000000114950581E-008
 pmove part3    1.4811000000003460E-005
 pmove part2    1.0200000000182285E-007
 pmove part3    1.4952999999984229E-005
 pmove part2    9.9000000197690952E-008
 pmove part3    1.8976000000003879E-005
 pmove part2    7.1999999962102379E-008
 pmove part3    1.4940000000018827E-005
 pmove part2    9.7000000032210210E-008
 pmove part3    1.5203000000019173E-005
 pmove part2    9.7000000032210210E-008
 pmove part3    1.4881000000022127E-005
 pmove part2    9.6999999810165605E-008
 pmove part3    1.4791999999985705E-005
 pmove part2    1.0000000005838672E-007
 pmove part3    1.5407000000022819E-005
 pmove part2    9.6000000171514444E-008
 pmove part3    1.4774999999911387E-005
 after cpush 3
 after cpush    1.151773445000000     
 timestep =            11
 ps time=    0.000000000000000      tot time=    1.151780052000000     


CUDA API Statistics:



CUDA API Statistics:



CUDA API Statistics:



CUDA API Statistics:

 Time(%)  Total Time (ns)  Num Calls   Average    Minimum    Maximum    StdDev            Name        
 -------  ---------------  ---------  ----------  --------  ---------  ---------  --------------------
    62.2        404394798       2894    139735.6      1194  223727998  4241602.4  cuStreamSynchronize 
    21.4        139044152        160    869026.0      1865    7697173  1670777.3  cuMemAlloc_v2       
     6.2         40560597          1  40560597.0  40560597   40560597        0.0  cuMemHostAlloc      
     5.5         35990279       1783     20185.2      3080   14149126   456044.2  cuLaunchKernel      
     2.5         16203855          1  16203855.0  16203855   16203855        0.0  cuModuleLoadDataEx  
     0.6          3943307        740      5328.8      2610      51057     3524.3  cuMemcpyHtoDAsync_v2
     0.6          3742408        924      4050.2      2447      19805     2204.4  cuMemcpyDtoHAsync_v2
 Time(%)  Total Time (ns)  Num Calls   Average    Minimum    Maximum    StdDev            Name        
 -------  ---------------  ---------  ----------  --------  ---------  ---------  --------------------
    62.6        409960666       2894    141658.8      1245  229466653  4345327.3  cuStreamSynchronize 
    20.7        135621740        160    847635.9      1813    7246321  1606533.7  cuMemAlloc_v2       
     6.3         41051503          1  41051503.0  41051503   41051503        0.0  cuMemHostAlloc      
     5.7         37394202       1783     20972.6      3195   14620473   475522.3  cuLaunchKernel      
     2.3         15368492          1  15368492.0  15368492   15368492        0.0  cuModuleLoadDataEx  
     0.6          4180601        740      5649.5      2681      28704     2994.3  cuMemcpyHtoDAsync_v2
     0.6          3945780        924      4270.3      2668      19980     2328.3  cuMemcpyDtoHAsync_v2
     0.3          2018612          1   2018612.0   2018612    2018612        0.0  cuMemAllocHost_v2   
     0.3          1849677        919      2012.7      1434      18867      830.8  cuEventRecord       
     0.2          1485572        450      3301.3      2218      19568     1385.3  cuMemsetD32Async    
     0.2          1436703        917      1566.7      1144     134342     4468.1  cuEventSynchronize  
     0.0           254769         80      3184.6      1704       8621     1395.8  cuCtxSynchronize    
     0.0           157827         23      6862.0      4583      10522     2055.1  cuMemcpy2DAsync_v2  
     0.0            19309          1     19309.0     19309      19309        0.0  cuStreamCreate      
     0.0            16039         10      1603.9       298       4870     1450.5  cuEventCreate       
     0.0            10130          1     10130.0     10130      10130        0.0  cuInit              
 Time(%)  Total Time (ns)  Num Calls   Average    Minimum    Maximum    StdDev            Name        
 -------  ---------------  ---------  ----------  --------  ---------  ---------  --------------------
    64.0        436374128       2894    150785.8      1190  227850144  4322564.7  cuStreamSynchronize 
    20.1        137298593        160    858116.2      1712    7613313  1635236.3  cuMemAlloc_v2       
     6.0         40815905          1  40815905.0  40815905   40815905        0.0  cuMemHostAlloc      
     5.4         36893907       1783     20692.0      3053   14851367   469794.2  cuLaunchKernel      
     2.2         15130154          1  15130154.0  15130154   15130154        0.0  cuModuleLoadDataEx  
     0.6          4057373        740      5482.9      2465      26963     3019.6  cuMemcpyHtoDAsync_v2
     0.6          3837080        924      4152.7      2528      20931     2396.2  cuMemcpyDtoHAsync_v2
     0.4          2505364          1   2505364.0   2505364    2505364        0.0  cuMemAllocHost_v2   
     0.2          1609245        919      1751.1      1278       8727      694.3  cuEventRecord       
     0.2          1417378        450      3149.7      2000      19046     1436.6  cuMemsetD32Async    
     0.2          1374407        917      1498.8      1082     107269     3570.5  cuEventSynchronize  
     0.0           249385         80      3117.3      1547      15186     1818.8  cuCtxSynchronize    
     0.0           142534         23      6197.1      4682      10286     1632.7  cuMemcpy2DAsync_v2  
     0.0            17196         10      1719.6       350       5245     1846.3  cuEventCreate       
     0.0            16442          1     16442.0     16442      16442        0.0  cuStreamCreate      
     0.0             3462          1      3462.0      3462       3462        0.0  cuInit              
     0.3          1640354          1   1640354.0   1640354    1640354        0.0  cuMemAllocHost_v2   
     0.2          1606029        919      1747.6      1251      18778     1006.6  cuEventRecord       
     0.2          1380926        917      1505.9      1082     130832     4321.5  cuEventSynchronize  
     0.2          1355885        450      3013.1      2036      28213     1434.0  cuMemsetD32Async    
     0.0           237648         80      2970.6      1563       8433     1378.4  cuCtxSynchronize    
     0.0           136977         23      5955.5      4160      11073     1815.6  cuMemcpy2DAsync_v2  
     0.0            48282          1     48282.0     48282      48282        0.0  cuStreamCreate      
     0.0            15278         10      1527.8       320       5619     1619.5  cuEventCreate       
     0.0             3524          1      3524.0      3524       3524        0.0  cuInit              
 Time(%)  Total Time (ns)  Num Calls   Average    Minimum    Maximum    StdDev            Name        
 -------  ---------------  ---------  ----------  --------  ---------  ---------  --------------------
    61.8        398877500       2894    137829.1      1273  219525091  4158904.1  cuStreamSynchronize 
    21.1        136462077        160    852888.0      1721    7842171  1636750.8  cuMemAlloc_v2       
     6.5         41772435          1  41772435.0  41772435   41772435        0.0  cuMemHostAlloc      
     5.6         36119231       1783     20257.6      3212   14260238   454250.4  cuLaunchKernel      
     2.5         15813825          1  15813825.0  15813825   15813825        0.0  cuModuleLoadDataEx  
     0.7          4223668        740      5707.7      2866      44244     3330.7  cuMemcpyHtoDAsync_v2
     0.6          3897537        924      4218.1      2718      18381     2159.4  cuMemcpyDtoHAsync_v2
     0.4          2861292          1   2861292.0   2861292    2861292        0.0  cuMemAllocHost_v2   
     0.3          1842688        919      2005.1      1441      20134     1010.0  cuEventRecord       
     0.2          1530938        450      3402.1      2219      51630     2520.8  cuMemsetD32Async    
     0.2          1438882        917      1569.1      1149     152236     5013.4  cuEventSynchronize  
     0.0           255884         80      3198.6      1647      17291     2039.6  cuCtxSynchronize    
     0.0           149044         23      6480.2      5226       9958     1520.2  cuMemcpy2DAsync_v2  
     0.0            21349         10      2134.9       342      10983     3222.1  cuEventCreate       
     0.0            18438          1     18438.0     18438      18438        0.0  cuStreamCreate      
     0.0             3466          1      3466.0      3466       3466        0.0  cuInit              


CUDA API Statistics:



CUDA API Statistics:

 Time(%)  Total Time (ns)  Num Calls   Average    Minimum    Maximum    StdDev            Name        
 -------  ---------------  ---------  ----------  --------  ---------  ---------  --------------------
    65.7        481021447       2894    166213.4      1234  219680354  4186040.8  cuStreamSynchronize 
    19.4        141904894        160    886905.6      1712    7638369  1696688.6  cuMemAlloc_v2       
     5.7         41489442          1  41489442.0  41489442   41489442        0.0  cuMemHostAlloc      
     4.9         35980783       1783     20179.9      3262   14037206   451888.7  cuLaunchKernel      
     2.2         16042573          1  16042573.0  16042573   16042573        0.0  cuModuleLoadDataEx  
     0.6          4132256        740      5584.1      2884      30276     2944.3  cuMemcpyHtoDAsync_v2
     0.5          3988262        924      4316.3      2656      18483     2195.4  cuMemcpyDtoHAsync_v2
     0.4          2844416          1   2844416.0   2844416    2844416        0.0  cuMemAllocHost_v2   
     0.3          1884554        918      2052.9      1427      13948      856.2  cuEventRecord       
     0.2          1520484        450      3378.9      2136      10765     1138.3  cuMemsetD32Async    
     0.2          1422996        916      1553.5      1135      86895     2922.4  cuEventSynchronize  
     0.0           244591         80      3057.4      1758       6812     1032.8  cuCtxSynchronize    
     0.0           143639         23      6245.2      5120       9668     1126.5  cuMemcpy2DAsync_v2  
     0.0            19319          1     19319.0     19319      19319        0.0  cuStreamCreate      
     0.0            18415         10      1841.5       318       5757     1927.8  cuEventCreate       
     0.0             4751          1      4751.0      4751       4751        0.0  cuInit              
 Time(%)  Total Time (ns)  Num Calls   Average    Minimum    Maximum    StdDev            Name        
 -------  ---------------  ---------  ----------  --------  ---------  ---------  --------------------
    64.6        460579522       2894    159149.8      1250  223904816  4258360.9  cuStreamSynchronize 
    19.9        141938826        160    887117.7      1805    7679483  1705516.9  cuMemAlloc_v2       
     5.8         41101255          1  41101255.0  41101255   41101255        0.0  cuMemHostAlloc      
     5.2         36838055       1783     20660.7      3158   14487766   466003.5  cuLaunchKernel      
     2.3         16110053          1  16110053.0  16110053   16110053        0.0  cuModuleLoadDataEx  
     0.6          4120261        740      5567.9      2751      29508     2907.3  cuMemcpyHtoDAsync_v2
     0.6          3995854        924      4324.5      2746      21057     2445.6  cuMemcpyDtoHAsync_v2
     0.4          2859094          1   2859094.0   2859094    2859094        0.0  cuMemAllocHost_v2   
     0.3          1834216        918      1998.1      1445       8149      618.5  cuEventRecord       
     0.2          1492916        450      3317.6      2280      13392     1197.7  cuMemsetD32Async    
     0.2          1422677        916      1553.1      1152     110960     3696.9  cuEventSynchronize  
     0.0           253081         80      3163.5      1790       7046     1138.9  cuCtxSynchronize    
     0.0           158910         23      6909.1      4976      16746     2802.0  cuMemcpy2DAsync_v2  
     0.0            18909          1     18909.0     18909      18909        0.0  cuStreamCreate      
     0.0            15690         10      1569.0       410       4712     1446.4  cuEventCreate       
     0.0             3942          1      3942.0      3942       3942        0.0  cuInit              



CUDA Kernel Statistics:




CUDA Kernel Statistics:




CUDA Kernel Statistics:




CUDA Kernel Statistics:

 Time(%)  Total Time (ns)  Instances    Average     Minimum    Maximum   StdDev                  Name               
 -------  ---------------  ---------  -----------  ---------  ---------  -------  ----------------------------------
    61.2        229461961          1  229461961.0  229461961  229461961      0.0  gkps_adiabatic_electron_143_gpu   
    11.3         42524344          1   42524344.0   42524344   42524344      0.0  gkps_adiabatic_electron_231_gpu   
     8.1         30328478         10    3032847.8    3019046    3045286   9089.8  cpush_1123_gpu                    
     7.6         28593582         10    2859358.2    2851752    2868391   5193.8  ppush_659_gpu                     
     7.0         26147233         20    1307361.7    1290453    1497108  44758.9  grid1_1723_gpu                    
     1.2          4517439        380      11888.0      11839      12640    131.3  gem_pputil_test_pmove_353_gpu     
     0.8          2978315        380       7837.7       7775      13408    324.0  gem_pputil_test_pmove_337_gpu     
     0.7          2798580        380       7364.7       7263      13280    335.9  gem_pputil_test_pmove_353_gpu__red
     0.6          2432426         20     121621.3     121247     122303    269.9  gkps_adiabatic_electron_287_gpu   
     0.5          1744817          1    1744817.0    1744817    1744817      0.0  gkps_adiabatic_electron_199_gpu   
     0.3          1206288        380       3174.4       3135       3840    125.3  gem_pputil_test_pmove_434_gpu     
     0.1           325502         20      16275.1      16223      16384     45.8  gem_pputil_test_init_pmove_144_gpu
     0.1           287681         20      14384.1      14176      14656    144.0  gkps_adiabatic_electron_403_gpu   
     0.1           284381         20      14219.1      13599      14528    191.1  gkps_adiabatic_electron_355_gpu   
     0.1           270078         20      13503.9      13280      13728    121.0  gkps_adiabatic_electron_433_gpu   
     0.1           226240         20      11312.0      11135      11648    130.4  gkps_adiabatic_electron_321_gpu   
     0.0           184480         20       9224.0       8704       9600    267.8  gem_pputil_test_init_pmove_117_gpu
     0.0           162945         20       8147.3       8095       8320     57.3  gkps_adiabatic_electron_382_gpu   
     0.0           162591         20       8129.6       8064       8320     66.7  gkps_adiabatic_electron_459_gpu   
     0.0            76190         20       3809.5       3744       3936     57.4  gem_pputil_test_init_pmove_215_gpu
     0.0            60703         20       3035.2       2976       3328     85.8  gem_pputil_test_init_pmove_102_gpu
 Time(%)  Total Time (ns)  Instances    Average     Minimum    Maximum   StdDev                  Name               
 -------  ---------------  ---------  -----------  ---------  ---------  -------  ----------------------------------
    60.5        223723026          1  223723026.0  223723026  223723026      0.0  gkps_adiabatic_electron_143_gpu   
    11.6         42743014          1   42743014.0   42743014   42743014      0.0  gkps_adiabatic_electron_231_gpu   
     8.4         31008391         10    3100839.1    3086269    3118781   9046.3  cpush_1123_gpu                    
     7.8         28765600         10    2876560.0    2868192    2885856   5224.5  ppush_659_gpu                     
     7.0         25899011         20    1294950.6    1281490    1485424  44884.0  grid1_1723_gpu                    
     1.2          4541333        380      11950.9      11903      12800    139.2  gem_pputil_test_pmove_353_gpu     
     0.8          2995135        380       7881.9       7807      13696    329.1  gem_pputil_test_pmove_337_gpu     
     0.8          2832789        380       7454.7       7328      14272    382.5  gem_pputil_test_pmove_353_gpu__red
     0.7          2437121         20     121856.1     121310     122143    183.1  gkps_adiabatic_electron_287_gpu   
     0.5          1754604          1    1754604.0    1754604    1754604      0.0  gkps_adiabatic_electron_199_gpu   
     0.3          1229103        380       3234.5       3168       3904    126.9  gem_pputil_test_pmove_434_gpu     
     0.1           327485         20      16374.3      16288      16511     58.7  gem_pputil_test_init_pmove_144_gpu
     0.1           286654         20      14332.7      14208      14432     67.8  gkps_adiabatic_electron_403_gpu   
     0.1           281340         20      14067.0      13471      14239    163.1  gkps_adiabatic_electron_355_gpu   
     0.1           269727         20      13486.4      13344      13600     73.0  gkps_adiabatic_electron_433_gpu   
     0.1           227485         20      11374.3      11136      11615    141.3  gkps_adiabatic_electron_321_gpu   
     0.0           175746         20       8787.3       8480       9089    187.4  gem_pputil_test_init_pmove_117_gpu
     0.0           162977         20       8148.9       8096       8320     59.8  gkps_adiabatic_electron_459_gpu   
     0.0           162684         20       8134.2       8096       8160     19.8  gkps_adiabatic_electron_382_gpu   
     0.0            77982         20       3899.1       3839       4064     62.6  gem_pputil_test_init_pmove_215_gpu
     0.0            61440         20       3072.0       3008       3201     53.1  gem_pputil_test_init_pmove_102_gpu
 Time(%)  Total Time (ns)  Instances    Average     Minimum    Maximum   StdDev                  Name               
 -------  ---------------  ---------  -----------  ---------  ---------  -------  ----------------------------------
    60.4        219522373          1  219522373.0  219522373  219522373      0.0  gkps_adiabatic_electron_143_gpu   
    11.3         41021018          1   41021018.0   41021018   41021018      0.0  gkps_adiabatic_electron_231_gpu   
     8.3         30331543         10    3033154.3    3023686    3046246   6600.1  cpush_1123_gpu                    
     7.9         28550507         10    2855050.7    2848776    2861415   4169.1  ppush_659_gpu                     
     7.2         26130749         20    1306537.5    1291829    1492116  43756.6  grid1_1723_gpu                    
     1.2          4540478        380      11948.6      11903      12608    127.9  gem_pputil_test_pmove_353_gpu     
     0.8          2971507        380       7819.8       7775       8608    138.7  gem_pputil_test_pmove_337_gpu     
     0.8          2833560        380       7456.7       7327      12576    304.5  gem_pputil_test_pmove_353_gpu__red
     0.7          2422508         20     121125.4     120543     121343    160.0  gkps_adiabatic_electron_287_gpu   
     0.5          1741585          1    1741585.0    1741585    1741585      0.0  gkps_adiabatic_electron_199_gpu   
     0.3          1228694        380       3233.4       3167       3904    126.9  gem_pputil_test_pmove_434_gpu     
     0.1           327197         20      16359.9      16288      16480     61.3  gem_pputil_test_init_pmove_144_gpu
     0.1           287680         20      14384.0      14240      14624     98.2  gkps_adiabatic_electron_403_gpu   
     0.1           280991         20      14049.6      13312      14464    238.4  gkps_adiabatic_electron_355_gpu   
     0.1           268957         20      13447.9      13248      13664    113.7  gkps_adiabatic_electron_433_gpu   
     0.1           225566         20      11278.3      11072      11520    123.1  gkps_adiabatic_electron_321_gpu   
     0.0           180894         20       9044.7       8672       9537    233.6  gem_pputil_test_init_pmove_117_gpu
     0.0           162336         20       8116.8       8064       8288     55.2  gkps_adiabatic_electron_382_gpu   
     0.0           162175         20       8108.8       8064       8192     33.5  gkps_adiabatic_electron_459_gpu   
     0.0            77441         20       3872.1       3840       4032     51.9  gem_pputil_test_init_pmove_215_gpu
     0.0            62048         20       3102.4       3040       3232     64.4  gem_pputil_test_init_pmove_102_gpu
 Time(%)  Total Time (ns)  Instances    Average     Minimum    Maximum   StdDev                  Name               
 -------  ---------------  ---------  -----------  ---------  ---------  -------  ----------------------------------
    56.8        227844895          1  227844895.0  227844895  227844895      0.0  gkps_adiabatic_electron_143_gpu   
    10.7         42734346          1   42734346.0   42734346   42734346      0.0  gkps_adiabatic_electron_231_gpu   
    10.1         40379771         10    4037977.1    4027839    4051680   9025.6  cpush_1123_gpu                    
     9.4         37799443         10    3779944.3    3772002    3788738   5566.8  ppush_659_gpu                     
     8.6         34583818         20    1729190.9    1709106    1980240  59187.9  grid1_1723_gpu                    
     1.1          4566317        380      12016.6      11967      12735    133.6  gem_pputil_test_pmove_353_gpu     
     0.7          2981928        380       7847.2       7775      13471    332.1  gem_pputil_test_pmove_337_gpu     
     0.7          2842058        380       7479.1       7360      11232    241.7  gem_pputil_test_pmove_353_gpu__red
     0.6          2439725         20     121986.3     121791     122335    148.9  gkps_adiabatic_electron_287_gpu   
     0.4          1749298          1    1749298.0    1749298    1749298      0.0  gkps_adiabatic_electron_199_gpu   
     0.3          1233598        380       3246.3       3199       3904    131.0  gem_pputil_test_pmove_434_gpu     
     0.1           328412         20      16420.6      16383      16512     39.4  gem_pputil_test_init_pmove_144_gpu
     0.1           287489         20      14374.5      14272      14624     99.9  gkps_adiabatic_electron_403_gpu   
     0.1           283455         20      14172.8      13792      14431    148.4  gkps_adiabatic_electron_355_gpu   
     0.1           270941         20      13547.1      13343      13855    125.0  gkps_adiabatic_electron_433_gpu   
     0.1           228289         20      11414.5      11200      11648    133.4  gkps_adiabatic_electron_321_gpu   
     0.0           192797         20       9639.9       9248      10112    262.0  gem_pputil_test_init_pmove_117_gpu
     0.0           163229         20       8161.5       8096       8288     52.4  gkps_adiabatic_electron_382_gpu   
     0.0           163166         20       8158.3       8127       8320     43.4  gkps_adiabatic_electron_459_gpu   
     0.0            78497         20       3924.9       3872       4096     62.5  gem_pputil_test_init_pmove_215_gpu
     0.0            61761         20       3088.1       3008       3360     82.7  gem_pputil_test_init_pmove_102_gpu



CUDA Kernel Statistics:




CUDA Kernel Statistics:

 Time(%)  Total Time (ns)  Instances    Average     Minimum    Maximum   StdDev                  Name               
 -------  ---------------  ---------  -----------  ---------  ---------  -------  ----------------------------------
    52.7        223896585          1  223896585.0  223896585  223896585      0.0  gkps_adiabatic_electron_143_gpu   
    11.8         50331261         10    5033126.1    5019059    5050195  12159.5  cpush_1123_gpu                    
    11.1         47055739         10    4705573.9    4698390    4714678   5810.5  ppush_659_gpu                     
    10.1         43114495         20    2155724.8    2134093    2469866  74028.2  grid1_1723_gpu                    
    10.0         42657186          1   42657186.0   42657186   42657186      0.0  gkps_adiabatic_electron_231_gpu   
     1.1          4529176        380      11918.9      11871      12639    133.5  gem_pputil_test_pmove_353_gpu     
     0.7          2986825        380       7860.1       7775      13024    316.3  gem_pputil_test_pmove_337_gpu     
     0.7          2807908        380       7389.2       7295       8064    146.1  gem_pputil_test_pmove_353_gpu__red
     0.6          2433962         20     121698.1     121535     121887    102.7  gkps_adiabatic_electron_287_gpu   
     0.4          1743312          1    1743312.0    1743312    1743312      0.0  gkps_adiabatic_electron_199_gpu   
     0.3          1208500        380       3180.3       3135       3841    120.7  gem_pputil_test_pmove_434_gpu     
     0.1           328315         20      16415.8      16288      16576     92.9  gem_pputil_test_init_pmove_144_gpu
     0.1           288574         20      14428.7      14272      14656    106.9  gkps_adiabatic_electron_403_gpu   
     0.1           282653         20      14132.7      13759      14336    158.4  gkps_adiabatic_electron_355_gpu   
     0.1           270911         20      13545.6      13376      13856    135.1  gkps_adiabatic_electron_433_gpu   
     0.1           239615         20      11980.8      11584      12896    298.3  gem_pputil_test_init_pmove_117_gpu
     0.1           226879         20      11344.0      11200      11488     69.3  gkps_adiabatic_electron_321_gpu   
     0.0           163515         20       8175.8       8095       8288     75.4  gkps_adiabatic_electron_459_gpu   
     0.0           162783         20       8139.2       8064       8256     58.0  gkps_adiabatic_electron_382_gpu   
     0.0            77409         20       3870.5       3776       4032     80.0  gem_pputil_test_init_pmove_215_gpu
     0.0            60606         20       3030.3       2944       3296     79.7  gem_pputil_test_init_pmove_102_gpu
 Time(%)  Total Time (ns)  Instances    Average     Minimum    Maximum   StdDev                  Name               
 -------  ---------------  ---------  -----------  ---------  ---------  -------  ----------------------------------
    49.2        219674904          1  219674904.0  219674904  219674904      0.0  gkps_adiabatic_electron_143_gpu   
    13.4         59667028         10    5966702.8    5947682    5986978  11117.1  cpush_1123_gpu                    
    12.6         56204119         10    5620411.9    5612390    5627141   4831.8  ppush_659_gpu                     
    11.6         51623017         20    2581150.9    2556485    2962049  89700.8  grid1_1723_gpu                    
     9.2         41194644          1   41194644.0   41194644   41194644      0.0  gkps_adiabatic_electron_231_gpu   
     1.0          4568144        380      12021.4      11967      12704    129.8  gem_pputil_test_pmove_353_gpu     
     0.7          2976828        380       7833.8       7743      13760    358.9  gem_pputil_test_pmove_337_gpu     
     0.6          2852983        380       7507.9       7359      13536    350.2  gem_pputil_test_pmove_353_gpu__red
     0.5          2440869         20     122043.5     121726     122558    205.6  gkps_adiabatic_electron_287_gpu   
     0.4          1741583          1    1741583.0    1741583    1741583      0.0  gkps_adiabatic_electron_199_gpu   
     0.3          1236057        380       3252.8       3199       3936    126.6  gem_pputil_test_pmove_434_gpu     
     0.1           333404         20      16670.2      16544      16928    104.6  gem_pputil_test_init_pmove_144_gpu
     0.1           310622         20      15531.1      14976      16288    298.0  gem_pputil_test_init_pmove_117_gpu
     0.1           287228         20      14361.4      14239      14496     62.0  gkps_adiabatic_electron_403_gpu   
     0.1           282398         20      14119.9      13696      14368    146.3  gkps_adiabatic_electron_355_gpu   
     0.1           269916         20      13495.8      13343      13791    118.3  gkps_adiabatic_electron_433_gpu   
     0.1           224542         20      11227.1      11040      11744    162.3  gkps_adiabatic_electron_321_gpu   
     0.0           163293         20       8164.7       8096       8416     72.1  gkps_adiabatic_electron_459_gpu   
     0.0           163264         20       8163.2       8096       8320     65.6  gkps_adiabatic_electron_382_gpu   
     0.0            80510         20       4025.5       3904       4256     94.9  gem_pputil_test_init_pmove_215_gpu
     0.0            61378         20       3068.9       3008       3169     48.5  gem_pputil_test_init_pmove_102_gpu


CUDA API Statistics:

 Time(%)  Total Time (ns)  Num Calls   Average    Minimum    Maximum    StdDev            Name        
 -------  ---------------  ---------  ----------  --------  ---------  ---------  --------------------
    64.1        445834892       2894    154054.9      1232  230759208  4376983.2  cuStreamSynchronize 
    20.2        140705583        160    879409.9      1759    7737425  1698066.7  cuMemAlloc_v2       
     6.0         41802547          1  41802547.0  41802547   41802547        0.0  cuMemHostAlloc      
     5.2         36424897       1783     20429.0      3104   14742691   461198.5  cuLaunchKernel      
     2.3         15787297          1  15787297.0  15787297   15787297        0.0  cuModuleLoadDataEx  
     0.6          4018161        740      5429.9      2636      34312     3066.4  cuMemcpyHtoDAsync_v2
     0.5          3809648        924      4123.0      2561      22350     2184.0  cuMemcpyDtoHAsync_v2
     0.4          2881023          1   2881023.0   2881023    2881023        0.0  cuMemAllocHost_v2   
     0.2          1600520        919      1741.6      1298       7897      588.5  cuEventRecord       
     0.2          1416528        450      3147.8      2157      41350     2063.1  cuMemsetD32Async    
     0.2          1278086        917      1393.8      1081      32152     1185.9  cuEventSynchronize  
     0.0           235035         80      2937.9      1490       6227     1120.7  cuCtxSynchronize    
     0.0           146485         23      6368.9      4544      10461     1759.3  cuMemcpy2DAsync_v2  
     0.0            18324          1     18324.0     18324      18324        0.0  cuStreamCreate      
     0.0            15393         10      1539.3       364       4556     1386.2  cuEventCreate       
     0.0             3748          1      3748.0      3748       3748        0.0  cuInit              



CUDA Memory Operation Statistics (by time):




CUDA Memory Operation Statistics (by time):




CUDA Memory Operation Statistics (by time):




CUDA Memory Operation Statistics (by time):

 Time(%)  Total Time (ns)  Operations  Average  Minimum  Maximum   StdDev       Operation     
 -------  ---------------  ----------  -------  -------  -------  --------  ------------------
    78.2         21824583         762  28641.2     1343  1936171  125648.7  [CUDA memcpy HtoD]
    19.6          5477344         925   5921.5     1440   483930   27948.0  [CUDA memcpy DtoH]
     2.2           619559         450   1376.8     1312     1792      58.8  [CUDA memset]     
 Time(%)  Total Time (ns)  Operations  Average  Minimum  Maximum   StdDev       Operation     
 -------  ---------------  ----------  -------  -------  -------  --------  ------------------
    77.5         21584866         762  28326.6     1279  1296565  108914.2  [CUDA memcpy HtoD]
    20.4          5688482         925   6149.7     1375   759449   33920.6  [CUDA memcpy DtoH]
     2.1           593594         450   1319.1     1279     1665      63.9  [CUDA memset]     



CUDA Kernel Statistics:

 Time(%)  Total Time (ns)  Operations  Average  Minimum  Maximum   StdDev       Operation     
 -------  ---------------  ----------  -------  -------  -------  --------  ------------------
    77.7         22324567         762  29297.3     1312  2019664  125994.4  [CUDA memcpy HtoD]
    20.2          5806448         925   6277.2     1439   621403   30939.7  [CUDA memcpy DtoH]
     2.1           615660         450   1368.1     1311     1887      60.9  [CUDA memset]     



CUDA Memory Operation Statistics (by time):

 Time(%)  Total Time (ns)  Operations  Average  Minimum  Maximum   StdDev       Operation     
 -------  ---------------  ----------  -------  -------  -------  --------  ------------------
    78.2         22445198         762  29455.6     1312  2032526  126297.3  [CUDA memcpy HtoD]
    19.6          5637719         925   6094.8     1439   483771   29197.7  [CUDA memcpy DtoH]
     2.1           613932         450   1364.3     1312     1792      64.4  [CUDA memset]     



CUDA Memory Operation Statistics (by time):

 Time(%)  Total Time (ns)  Instances    Average     Minimum    Maximum   StdDev                  Name               
 -------  ---------------  ---------  -----------  ---------  ---------  -------  ----------------------------------
    56.2        230754544          1  230754544.0  230754544  230754544      0.0  gkps_adiabatic_electron_143_gpu   
    10.4         42739855          1   42739855.0   42739855   42739855      0.0  gkps_adiabatic_electron_231_gpu   
    10.3         42393618         10    4239361.8    4226354    4253362   8088.2  cpush_1123_gpu                    
     9.7         39757562         10    3975756.2    3967474    3989522   6956.9  ppush_659_gpu                     
     8.9         36401347         20    1820067.4    1805850    1981049  38050.1  grid1_1723_gpu                    
     1.2          4817078        380      12676.5      12608      13312    133.0  gem_pputil_test_pmove_353_gpu     
     0.8          3159188        380       8313.7       8223      13056    365.9  gem_pputil_test_pmove_337_gpu     
     0.7          3001242        380       7898.0       7775      12673    284.1  gem_pputil_test_pmove_353_gpu__red
     0.6          2572725         20     128636.3     128319     128864    151.5  gkps_adiabatic_electron_287_gpu   
     0.4          1743194          1    1743194.0    1743194    1743194      0.0  gkps_adiabatic_electron_199_gpu   
     0.3          1301476        380       3424.9       3359       4160    125.4  gem_pputil_test_pmove_434_gpu     
     0.1           346685         20      17334.3      17280      17472     59.7  gem_pputil_test_init_pmove_144_gpu
     0.1           301888         20      15094.4      14976      15296     74.2  gkps_adiabatic_electron_403_gpu   
     0.1           297632         20      14881.6      14048      15328    252.0  gkps_adiabatic_electron_355_gpu   
     0.1           284190         20      14209.5      14112      14432     80.7  gkps_adiabatic_electron_433_gpu   
     0.1           238716         20      11935.8      11680      12128    107.4  gkps_adiabatic_electron_321_gpu   
     0.0           200195         20      10009.8       9632      10592    302.6  gem_pputil_test_init_pmove_117_gpu
     0.0           171418         20       8570.9       8511       8736     63.4  gkps_adiabatic_electron_382_gpu   
     0.0           171229         20       8561.5       8543       8609     26.5  gkps_adiabatic_electron_459_gpu   
     0.0            82111         20       4105.6       4064       4192     50.9  gem_pputil_test_init_pmove_215_gpu
     0.0            64416         20       3220.8       3168       3424     60.8  gem_pputil_test_init_pmove_102_gpu


CUDA API Statistics:

 Time(%)  Total Time (ns)  Operations  Average  Minimum  Maximum   StdDev       Operation     
 -------  ---------------  ----------  -------  -------  -------  --------  ------------------
    77.0         21728564         762  28515.2     1344  1936076  125700.0  [CUDA memcpy HtoD]
    20.8          5874525         925   6350.8     1440   486907   28327.3  [CUDA memcpy DtoH]
     2.2           619859         450   1377.5     1343     2016      61.5  [CUDA memset]     
 Time(%)  Total Time (ns)  Operations  Average  Minimum  Maximum   StdDev       Operation     
 -------  ---------------  ----------  -------  -------  -------  --------  ------------------
    77.6         22522406         762  29557.0     1279  2293675  132822.5  [CUDA memcpy HtoD]
    20.3          5891670         925   6369.4     1376   483804   28361.1  [CUDA memcpy DtoH]
     2.1           595795         450   1324.0     1279     1663      57.2  [CUDA memset]     
 Time(%)  Total Time (ns)  Num Calls   Average    Minimum    Maximum    StdDev            Name        
 -------  ---------------  ---------  ----------  --------  ---------  ---------  --------------------
    61.2        388988292       2894    134412.0      1191  209980453  3982992.3  cuStreamSynchronize 
    21.7        138306522        160    864415.8      1653    7469157  1670515.9  cuMemAlloc_v2       
     6.5         41342460          1  41342460.0  41342460   41342460        0.0  cuMemHostAlloc      
     5.7         35942602       1783     20158.5      3143   14381571   452673.6  cuLaunchKernel      
     2.5         15600288          1  15600288.0  15600288   15600288        0.0  cuModuleLoadDataEx  
     0.7          4151981        740      5610.8      2528      32254     3036.1  cuMemcpyHtoDAsync_v2
     0.6          3860697        924      4178.2      2613      26283     2304.5  cuMemcpyDtoHAsync_v2
     0.5          2891158          1   2891158.0   2891158    2891158        0.0  cuMemAllocHost_v2   
     0.3          1683893        919      1832.3      1295      19079      973.8  cuEventRecord       
     0.2          1510378        450      3356.4      2157      49005     2443.4  cuMemsetD32Async    
     0.2          1336677        917      1457.7      1094      61466     2096.7  cuEventSynchronize  
     0.0           233571         80      2919.6      1578       7128     1209.1  cuCtxSynchronize    
     0.0           158203         23      6878.4      4594      18585     3027.8  cuMemcpy2DAsync_v2  
     0.0            16727          1     16727.0     16727      16727        0.0  cuStreamCreate      
     0.0            15481         10      1548.1       285       5240     1567.4  cuEventCreate       
     0.0             3370          1      3370.0      3370       3370        0.0  cuInit              



CUDA Memory Operation Statistics (by size in KiB):




CUDA Memory Operation Statistics (by size in KiB):




CUDA Memory Operation Statistics (by size in KiB):




CUDA Memory Operation Statistics (by size in KiB):

   Total     Operations  Average  Minimum   Maximum    StdDev       Operation     
 ----------  ----------  -------  -------  ---------  --------  ------------------
  53753.391         925   58.112    0.004   6192.094   359.366  [CUDA memcpy DtoH]
 168337.875         762  220.916    0.004  15600.938  1009.389  [CUDA memcpy HtoD]
      1.875         450    0.004    0.004      0.008     0.001  [CUDA memset]     
   Total     Operations  Average  Minimum   Maximum    StdDev       Operation     
 ----------  ----------  -------  -------  ---------  --------  ------------------
  54700.344         925   59.136    0.004   6192.094   359.739  [CUDA memcpy DtoH]
 167852.875         762  220.279    0.004  15600.938  1009.232  [CUDA memcpy HtoD]
      1.875         450    0.004    0.004      0.008     0.001  [CUDA memset]     
   Total     Operations  Average  Minimum   Maximum    StdDev       Operation     
 ----------  ----------  -------  -------  ---------  --------  ------------------
  55704.484         925   60.221    0.004   6192.094   360.278  [CUDA memcpy DtoH]
 167331.938         762  219.596    0.004  15600.938  1009.071  [CUDA memcpy HtoD]
      1.875         450    0.004    0.004      0.008     0.001  [CUDA memset]     



CUDA Memory Operation Statistics (by size in KiB):

   Total     Operations  Average  Minimum   Maximum    StdDev       Operation     
 ----------  ----------  -------  -------  ---------  --------  ------------------
  53857.766         925   58.225    0.004   6192.094   359.401  [CUDA memcpy DtoH]
 168267.875         762  220.824    0.004  15600.938  1009.366  [CUDA memcpy HtoD]
      1.875         450    0.004    0.004      0.008     0.001  [CUDA memset]     



CUDA Memory Operation Statistics (by size in KiB):




CUDA Kernel Statistics:




CUDA Memory Operation Statistics (by time):

   Total     Operations  Average  Minimum   Maximum    StdDev       Operation     
 ----------  ----------  -------  -------  ---------  --------  ------------------
  58445.422         925   63.184    0.004   6192.094   362.494  [CUDA memcpy DtoH]
 165996.625         762  217.843    0.004  15600.938  1008.697  [CUDA memcpy HtoD]
      1.875         450    0.004    0.004      0.008     0.001  [CUDA memset]     
   Total     Operations  Average  Minimum   Maximum    StdDev       Operation     
 ----------  ----------  -------  -------  ---------  --------  ------------------
  57721.516         925   62.402    0.004   6192.094   361.804  [CUDA memcpy DtoH]
 166334.438         762  218.287    0.004  15600.938  1008.787  [CUDA memcpy HtoD]
      1.875         450    0.004    0.004      0.008     0.001  [CUDA memset]     
 Time(%)  Total Time (ns)  Instances    Average     Minimum    Maximum   StdDev                  Name               
 -------  ---------------  ---------  -----------  ---------  ---------  -------  ----------------------------------
    59.3        209974679          1  209974679.0  209974679  209974679      0.0  gkps_adiabatic_electron_143_gpu   
    11.4         40359536          1   40359536.0   40359536   40359536      0.0  gkps_adiabatic_electron_231_gpu   
     8.8         31183823         10    3118382.3    3094654    3133150  13531.3  cpush_1123_gpu                    
     8.2         28929448         10    2892944.8    2888225    2901985   3947.7  ppush_659_gpu                     
     7.3         25974060         20    1298703.0    1284466    1485200  43947.8  grid1_1723_gpu                    
     1.3          4562468        380      12006.5      11935      12864    136.9  gem_pputil_test_pmove_353_gpu     
     0.8          2975291        380       7829.7       7775      13375    318.2  gem_pputil_test_pmove_337_gpu     
     0.8          2837367        380       7466.8       7360       8224    142.8  gem_pputil_test_pmove_353_gpu__red
     0.7          2443016         20     122150.8     121759     122495    153.2  gkps_adiabatic_electron_287_gpu   
     0.5          1648335          1    1648335.0    1648335    1648335      0.0  gkps_adiabatic_electron_199_gpu   
     0.3          1232650        380       3243.8       3199       3840    120.8  gem_pputil_test_pmove_434_gpu     
     0.1           328445         20      16422.3      16352      16544     66.0  gem_pputil_test_init_pmove_144_gpu
     0.1           286877         20      14343.9      14240      14496     74.1  gkps_adiabatic_electron_403_gpu   
     0.1           281854         20      14092.7      13888      14304    116.7  gkps_adiabatic_electron_355_gpu   
     0.1           269370         20      13468.5      13312      13631     96.0  gkps_adiabatic_electron_433_gpu   
     0.1           226687         20      11334.4      11136      11680    139.6  gkps_adiabatic_electron_321_gpu   
     0.0           175614         20       8780.7       8543       9248    190.2  gem_pputil_test_init_pmove_117_gpu
     0.0           162973         20       8148.7       8096       8320     48.0  gkps_adiabatic_electron_382_gpu   
     0.0           162719         20       8136.0       8095       8256     47.5  gkps_adiabatic_electron_459_gpu   
     0.0            78078         20       3903.9       3840       4032     55.8  gem_pputil_test_init_pmove_215_gpu
     0.0            61632         20       3081.6       3008       3199     51.8  gem_pputil_test_init_pmove_102_gpu
 Time(%)  Total Time (ns)  Operations  Average  Minimum  Maximum   StdDev       Operation     
 -------  ---------------  ----------  -------  -------  -------  --------  ------------------
    76.5         21475911         762  28183.6     1280  1303963  108977.4  [CUDA memcpy HtoD]
    21.4          6001231         925   6487.8     1407   764701   34195.7  [CUDA memcpy DtoH]
     2.2           614303         450   1365.1     1280    11680     501.2  [CUDA memset]     



CUDA Memory Operation Statistics (by size in KiB):




CUDA Memory Operation Statistics (by time):

   Total     Operations  Average  Minimum   Maximum    StdDev       Operation     
 ----------  ----------  -------  -------  ---------  --------  ------------------
  55906.438         925   60.439    0.004   6192.094   360.404  [CUDA memcpy DtoH]
 167237.250         762  219.471    0.004  15600.938  1009.043  [CUDA memcpy HtoD]
      1.875         450    0.004    0.004      0.008     0.001  [CUDA memset]     
 Time(%)  Total Time (ns)  Operations  Average  Minimum  Maximum   StdDev       Operation     
 -------  ---------------  ----------  -------  -------  -------  --------  ------------------
    78.6         22586218         762  29640.7     1279  2295111  132663.9  [CUDA memcpy HtoD]
    19.4          5567237         925   6018.6     1375   494491   28268.7  [CUDA memcpy DtoH]
     2.1           594015         450   1320.0     1279     2016      68.3  [CUDA memset]     






CUDA Memory Operation Statistics (by size in KiB):


   Total     Operations  Average  Minimum   Maximum    StdDev       Operation     
 ----------  ----------  -------  -------  ---------  --------  ------------------
  54708.391         925   59.144    0.004   6192.094   359.743  [CUDA memcpy DtoH]
 167822.250         762  220.239    0.004  15600.938  1009.222  [CUDA memcpy HtoD]
      1.875         450    0.004    0.004      0.008     0.001  [CUDA memset]     




