 total MPI=            8  ntube=            1  particle per MPI=        66048 
        66048
  -9.0949470177292824E-013   1.1460090782575622E-014  -1.2271846303073670E-002
 dt,beta=     32.36611922270230        1.2195530804907236E-002
 amp,vpp,yd0 =    9.9999999999999998E-013    0.000000000000000      
    0.000000000000000     
 peritr,ifluid=             0            0
 tor,nonlin=     1.000000000000000                 1            1
 isuni=             0 amie=     1835.466660000000     
 kxcut,kycut,bcut=    0.2790349390931968        2.9823424198553751E-002 
    3000.000000000000     
 fradi,isg=     1.000000000000000         1.000000000000000     
 llk,mlk,onemd =            0            1            1
 vwidth (i,e), vcut=     8.000000000000000         8.000000000000000      
    15.00000000000000     
 rneu=     0.000000000000000     
 V-ExB switch=     0.000000000000000     
 V-parallel switch=     0.000000000000000     
 mm1=         66048
 pzcrite,encrit =     13.12507333974200         1.000000000000000     
 nue0 =     1.000000000000000         1.000000000000000      
    1.000000000000000     
 xn0e(1),xnir0 =     1.259257238570655         0.000000000000000     
 frequ, eru =     0.000000000000000         0.000000000000000     
 lxa,lymult,delra,r0a,rina,routa=   0.8600000000000000      
    2.000000000000000        5.0000000000000003E-002   0.5300000000000000      
   0.1000000000000000        0.9600000000000000     
 a,r0,rmaj0,q0,lx,ly,lz=    183.0854584038953         97.03529295406453      
    542.9878083918395        -1.315420320000000         157.4534942273500      
    231.7474945828893         4487.810323669831     
 t0,kyrhoi_local=   0.6032766210000000        2.9780916994334806E-002
 coefu =     0.000000000000000     
 ktheta*rhos =    2.9780916994334806E-002
 cs/a, q0, q0p, s^hat =    2.9997799499929889E-003   -1.315420320000000      
   6.0000000000000001E-003  -0.4426051117443489     
 rho* = rhos/a =    5.9995598999859779E-003
 f0p,psip(nr/2),Bunit,candyf0p =     0.000000000000000      
   -105.5991628023555         0.000000000000000         0.000000000000000     
 lxa min =   -0.4551608525320235     
 t0i(nr/2)=    0.6032766210000000     
 Gyrokrs =                        Inf
 omp_num_threads=            1
 cn0s=   0.7658063836858320         0.000000000000000      
    0.000000000000000         0.000000000000000         0.000000000000000     
 totvol,jacp,dum2=    226160705.1303338         2850.525946958880      
    2857.348312671386     
 after write totvol
 after cut
 before blendf
 after blendf
 after initialize
 lr0,lx,rin,a    97.03529295406453         157.4534942273500      
    18.30854584038953         183.0854584038953     
 before grid1   8.3960000000000006E-006
 after grid1   6.9528860000000001E-003
 end accumu   6.9565549999999997E-003
 after den0_phi   1.0092378000000001E-002
 after field solver   0.6081222460000000     
 after field   0.6081250640000000     
 after rmsphi   0.6081700299999999     
 with filter   0.6105082479999999     
      0   0.22009741E-12   0.00000000E+00   0.00000000E+00   0.11945572-315   0.00000000E+00   0.00000000E+00   0.14761923-315   0.23179499-309   0.52755407E-09   0.81388392E-11   0.52761685E-09
 before ppush   0.6293271670000000     
 ppush 1   0.6321518490000000     
 ppush point 2   0.6471804970000000     
 ppush point 2.0   0.6471969260000000     
 after test pmove 0   0.6521824650000000     
 after test pmove 1.1   0.6522964990000000     
 after test pmove 1.2   0.6524360140000001     
 after test pmove 1.3   0.6525017190000000     
 after test pmove 1.4   0.6525074430000000     
 after test pmove 2.0   0.6526403560000000     
 after test pmove 2.1   0.6529888380000000     
 after test pmove 3   0.6530208250000000     
 ppush point 2.1   0.6530456820000000     
 pmove part2    4.2200000005543359E-007
 pmove part3    2.6660999999927881E-005
 ppush point 2.2   0.6533067760000000     
 pmove part2    2.6600000002652280E-007
 pmove part3    1.9957000000014880E-005
 pmove part2    1.4999999997655777E-007
 pmove part3    1.9394999999922113E-005
 pmove part2    9.5999999949469839E-008
 pmove part3    3.3702000000079835E-005
 pmove part2    1.4299999995248669E-007
 pmove part3    1.6267000000014242E-005
 pmove part2    1.1899999996511923E-007
 pmove part3    1.5480999999928358E-005
 pmove part2    1.2300000007403611E-007
 pmove part3    1.4896000000041987E-005
 pmove part2    1.2199999999129574E-007
 pmove part3    2.0613000000002657E-005
 pmove part2    1.7800000007284211E-007
 pmove part3    1.9579000000047309E-005
 pmove part2    2.0899999997325835E-007
 pmove part3    1.9176000000009630E-005
 pmove part2    1.4900000000483971E-007
 pmove part3    1.8484000000040801E-005
 pmove part2    1.5999999991578306E-007
 pmove part3    1.5984999999996141E-005
 pmove part2    1.1700000002168309E-007
 pmove part3    1.5328000000147668E-005
 pmove part2    1.2000000004785960E-007
 pmove part3    1.5225999999923800E-005
 pmove part2    8.3999999955786109E-008
 pmove part3    1.4767999999998338E-005
 pmove part2    1.6199999997024150E-007
 pmove part3    2.3506999999978184E-005
 pmove part2    1.6899999999431259E-007
 pmove part3    1.8431999999957149E-005
 pmove part2    1.3999999992631018E-007
 pmove part3    1.8634999999989077E-005
 pmove part2    2.1400000005389330E-007
 pmove part3    2.0097000000052212E-005
 ppush point 3   0.6563343390000000     
 after ppush   0.6563358050000000     
 after cpush   0.6563365569999999     
 before grid1   0.6563406140000000     
 after grid1   0.6615973399999999     
 end accumu   0.6616004559999999     
 after den0_phi   0.6643994860000000     
 after field solver   0.6681975529999999     
 after field   0.6681990220000000     
 after rmsphi   0.6682210300000000     
 with filter   0.6702006860000000     
 before ppush   0.6711133069999999     
 after ppush   0.6711150619999999     
 after cpush 2
 after cpush 3
 after test pmove 0   0.6894863250000001     
 after test pmove 1.1   0.6895983830000000     
 after test pmove 1.2   0.6897519599999999     
 after test pmove 1.3   0.6898225460000000     
 after test pmove 1.4   0.6898253780000000     
 after test pmove 2.0   0.6900058570000001     
 after test pmove 2.1   0.6902486850000000     
 after test pmove 3   0.6904294470000000     
 pmove part2    1.9300000009270235E-007
 pmove part3    2.1068000000123988E-005
 pmove part2    1.5099999994827584E-007
 pmove part3    2.2023000000093162E-005
 pmove part2    6.9000000046948173E-008
 pmove part3    1.6080999999945611E-005
 pmove part2    1.1899999996511923E-007
 pmove part3    1.5590000000065274E-005
 pmove part2    9.4000000006033702E-008
 pmove part3    1.5503000000083311E-005
 pmove part2    1.1100000008035238E-007
 pmove part3    1.4716000000025709E-005
 pmove part2    7.7000000042737327E-008
 pmove part3    1.4748999999980583E-005
 pmove part2    9.3000000145337935E-008
 pmove part3    1.4748999999980583E-005
 pmove part2    7.0999999990384310E-008
 pmove part3    1.5179000000031806E-005
 pmove part2    9.8999999975646347E-008
 pmove part3    1.4761000000085289E-005
 pmove part2    8.4000000066808411E-008
 pmove part3    1.5308999999907869E-005
 pmove part2    8.4000000066808411E-008
 pmove part3    1.4835999999962546E-005
 pmove part2    8.2999999984068040E-008
 pmove part3    1.4852000000065146E-005
 pmove part2    7.9999999957891532E-008
 pmove part3    1.4622000000019675E-005
 pmove part2    7.4999999988278887E-008
 pmove part3    2.1728999999970355E-005
 pmove part2    1.1099999996933008E-007
 pmove part3    1.5125000000004718E-005
 pmove part2    7.5999999848974653E-008
 pmove part3    1.4856000000063041E-005
 pmove part2    8.1000000040631903E-008
 pmove part3    1.5070000000116934E-005
 pmove part2    8.4000000066808411E-008
 pmove part3    1.5212999999958399E-005
 after cpush 3
 after cpush   0.6926178310000000     
 before grid1   0.6927274820000000     
 after grid1   0.6985791330000000     
 end accumu   0.6985823720000000     
 after den0_phi   0.7018604850000000     
 after field solver   0.7054360660000000     
 after field   0.7054377359999999     
 after rmsphi   0.7054672860000000     
 with filter   0.7068702670000000     
     32   0.19736176E-01   0.00000000E+00   0.00000000E+00   0.11946097-315   0.68587320E-12  -0.42276359E-12   0.19191620E-02   0.00000000E+00   0.95363495E-02   0.40621170E-01   0.41725549E-01
 before ppush   0.7102755359999999     
 ppush 1   0.7102790910000000     
 ppush point 2   0.7159917960000000     
 ppush point 2.0   0.7160012250000001     
 after test pmove 0   0.7160415360000000     
 after test pmove 1.1   0.7161397600000000     
 after test pmove 1.2   0.7162991839999999     
 after test pmove 1.3   0.7163583600000001     
 after test pmove 1.4   0.7163610270000000     
 after test pmove 2.0   0.7165164800000000     
 after test pmove 2.1   0.7167674280000000     
 after test pmove 3   0.7170280350000000     
 ppush point 2.1   0.7170332410000000     
 pmove part2    2.0700000002982222E-007
 pmove part3    1.7774000000025936E-005
 ppush point 2.2   0.7172175490000000     
 pmove part2    1.5800000008336923E-007
 pmove part3    2.0826999999945528E-005
 pmove part2    1.5399999997445235E-007
 pmove part3    1.6342999999974239E-005
 pmove part2    1.5099999994827584E-007
 pmove part3    1.6039999999994947E-005
 pmove part2    1.4399999992420476E-007
 pmove part3    1.5807000000034321E-005
 pmove part2    1.0399999994525899E-007
 pmove part3    1.5128999999891590E-005
 pmove part2    1.1799999999340116E-007
 pmove part3    1.4948999999875312E-005
 pmove part2    1.0299999997354092E-007
 pmove part3    1.4738999999930336E-005
 pmove part2    1.2699999984988608E-007
 pmove part3    1.5027000000000790E-005
 pmove part2    9.0999999979857193E-008
 pmove part3    1.4729999999962828E-005
 pmove part2    1.1399999988448428E-007
 pmove part3    1.5022000000031177E-005
 pmove part2    1.1400000010652889E-007
 pmove part3    1.5260000000072438E-005
 pmove part2    1.1399999988448428E-007
 pmove part3    1.4977999999943314E-005
 pmove part2    1.0200000000182285E-007
 pmove part3    2.0087000000001964E-005
 pmove part2    1.0599999988869513E-007
 pmove part3    1.5395000000029135E-005
 pmove part2    1.0299999997354092E-007
 pmove part3    1.4998000000043810E-005
 pmove part2    1.1500000007824696E-007
 pmove part3    1.7917000000089445E-005
 pmove part2    1.0299999997354092E-007
 pmove part3    2.2845000000049076E-005
 pmove part2    1.0699999997143550E-007
 pmove part3    1.6203000000158951E-005
 ppush point 3   0.7199283200000000     
 after ppush   0.7199296210000000     
 after cpush   0.7199303360000000     
 before grid1   0.7199344670000001     
 after grid1   0.7250614070000000     
 end accumu   0.7250650249999999     
 after den0_phi   0.7280026159999999     
 after field solver   0.7316231830000000     
 after field   0.7316244119999999     
 after rmsphi   0.7316450380000000     
 with filter   0.7330464710000000     
 before ppush   0.7338442580000000     
 after ppush   0.7338581300000000     
 after cpush 2
 after cpush 3
 after test pmove 0   0.7401140140000000     
 after test pmove 1.1   0.7402210170000000     
 after test pmove 1.2   0.7403880270000001     
 after test pmove 1.3   0.7404487140000000     
 after test pmove 1.4   0.7404514000000000     
 after test pmove 2.0   0.7406151489999999     
 after test pmove 2.1   0.7408626899999999     
 after test pmove 3   0.7411401090000000     
 pmove part2    1.5799999997234693E-007
 pmove part3    1.7358000000022855E-005
 pmove part2    1.3499999995669754E-007
 pmove part3    1.5688999999929898E-005
 pmove part2    1.3599999992841560E-007
 pmove part3    1.5509000000024642E-005
 pmove part2    1.2800000004364875E-007
 pmove part3    1.8445000000033573E-005
 pmove part2    1.2800000015467106E-007
 pmove part3    1.5420999999959939E-005
 pmove part2    1.0799999994315357E-007
 pmove part3    2.7399000000039031E-005
 pmove part2    9.0000000008139125E-008
 pmove part3    1.4921000000001072E-005
 pmove part2    1.1600000004996502E-007
 pmove part3    1.4733999999960723E-005
 pmove part2    6.8999999935925871E-008
 pmove part3    1.4955000000038687E-005
 pmove part2    1.1300000002378852E-007
 pmove part3    1.4705000000003743E-005
 pmove part2    9.4000000006033702E-008
 pmove part3    1.5809000000088780E-005
 pmove part2    8.3999999955786109E-008
 pmove part3    2.2039000000084741E-005
 pmove part2    8.0999999929609601E-008
 pmove part3    1.5349999999969555E-005
 pmove part2    1.0700000008245780E-007
 pmove part3    1.5298000000107947E-005
 pmove part2    9.0999999979857193E-008
 pmove part3    1.5478999999984921E-005
 pmove part2    1.0799999994315357E-007
 pmove part3    1.4706999999947179E-005
 pmove part2    1.0200000000182285E-007
 pmove part3    1.6753000000035989E-005
 pmove part2    8.8000000064702988E-008
 pmove part3    1.4819999999970968E-005
 pmove part2    1.1700000002168309E-007
 pmove part3    1.5102999999960787E-005
 after cpush 3
 after cpush   0.7433562080000000     
 before grid1   0.7433641310000000     
 after grid1   0.7484684950000000     
 end accumu   0.7484715159999999     
 after den0_phi   0.7514837270000000     
 after field solver   0.7549994930000000     
 after field   0.7550007460000000     
 after rmsphi   0.7550214120000001     
 with filter   0.7563410620000000     
     64   0.30761827E-01   0.00000000E+00   0.00000000E+00   0.11946497-315   0.78751189E-12  -0.48881385E-12   0.20964878E-02   0.00000000E+00  -0.56178197E-01   0.21072498E-01   0.60000333E-01
 before ppush   0.7597878460000000     
 ppush 1   0.7597913480000000     
 ppush point 2   0.7655113870000000     
 ppush point 2.0   0.7655225530000001     
 after test pmove 0   0.7655642840000000     
 after test pmove 1.1   0.7656720860000000     
 after test pmove 1.2   0.7658663139999999     
 after test pmove 1.3   0.7659261680000000     
 after test pmove 1.4   0.7659288300000000     
 after test pmove 2.0   0.7661033800000000     
 after test pmove 2.1   0.7663169890000000     
 after test pmove 3   0.7665800430000000     
 ppush point 2.1   0.7665855360000000     
 pmove part2    1.5899999994406500E-007
 pmove part3    1.7266000000071280E-005
 ppush point 2.2   0.7667615310000000     
 pmove part2    1.4500000000694513E-007
 pmove part3    1.5513000000022537E-005
 pmove part2    1.3200000004154333E-007
 pmove part3    1.5698999999980146E-005
 pmove part2    1.4199999998076862E-007
 pmove part3    1.5101000000017351E-005
 pmove part2    1.0000000005838672E-007
 pmove part3    1.5063999999953559E-005
 pmove part2    9.8000000003928278E-008
 pmove part3    1.5058000000012228E-005
 pmove part2    9.8999999975646347E-008
 pmove part3    1.5120999999895801E-005
 pmove part2    1.0599999999971743E-007
 pmove part3    1.7514999999912462E-005
 pmove part2    9.8999999975646347E-008
 pmove part3    1.5255999999963521E-005
 pmove part2    1.5600000002891079E-007
 pmove part3    1.7140000000082090E-005
 pmove part2    1.1299999991276621E-007
 pmove part3    1.8351999999999258E-005
 pmove part2    1.1700000002168309E-007
 pmove part3    1.6672999999967075E-005
 pmove part2    1.0299999997354092E-007
 pmove part3    1.8245000000027822E-005
 pmove part2    9.6000000060492141E-008
 pmove part3    1.6609999999972480E-005
 pmove part2    9.4999999977751770E-008
 pmove part3    1.6354999999967923E-005
 pmove part2    1.5400000008547465E-007
 pmove part3    1.7855000000066568E-005
 pmove part2    1.2799999993262645E-007
 pmove part3    1.5801999999953686E-005
 pmove part2    8.1999999901327669E-008
 pmove part3    1.5354999999939167E-005
 pmove part2    1.0399999994525899E-007
 pmove part3    1.5610000000054747E-005
 ppush point 3   0.7695307270000000     
 after ppush   0.7695323150000000     
 after cpush   0.7695330640000000     
 before grid1   0.7695372960000000     
 after grid1   0.7749177880000000     
 end accumu   0.7749224700000000     
 after den0_phi   0.7780652000000000     
 after field solver   0.7818209290000000     
 after field   0.7818223540000000     
 after rmsphi   0.7818440970000000     
 with filter   0.7832076040000000     
 before ppush   0.7840068920000001     
 after ppush   0.7840081880000001     
 after cpush 2
 after cpush 3
 after test pmove 0   0.7902667919999999     
 after test pmove 1.1   0.7903798590000000     
 after test pmove 1.2   0.7906338560000000     
 after test pmove 1.3   0.7907368800000000     
 after test pmove 1.4   0.7907411300000000     
 after test pmove 2.0   0.7909570680000000     
 after test pmove 2.1   0.7911994350000000     
 after test pmove 3   0.7913127430000000     
 pmove part2    1.5400000008547465E-007
 pmove part3    2.9113999999941242E-005
 pmove part2    1.4799999992209933E-007
 pmove part3    1.5566999999938602E-005
 pmove part2    1.0700000008245780E-007
 pmove part3    1.5459999999967167E-005
 pmove part2    9.0000000008139125E-008
 pmove part3    1.5370000000070050E-005
 pmove part2    1.4399999992420476E-007
 pmove part3    1.7649999999980182E-005
 pmove part2    1.0599999988869513E-007
 pmove part3    1.4953000000095251E-005
 pmove part2    1.1099999996933008E-007
 pmove part3    1.4961999999951736E-005
 pmove part2    7.4999999988278887E-008
 pmove part3    1.4811999999975178E-005
 pmove part2    8.4999999927504177E-008
 pmove part3    1.4763000000028725E-005
 pmove part2    1.0599999999971743E-007
 pmove part3    2.0201999999969189E-005
 pmove part2    1.1100000008035238E-007
 pmove part3    1.4900000000039881E-005
 pmove part2    1.0699999997143550E-007
 pmove part3    1.9104000000047527E-005
 pmove part2    9.0000000008139125E-008
 pmove part3    1.5573999999962673E-005
 pmove part2    1.1599999993894272E-007
 pmove part3    1.5941999999991019E-005
 pmove part2    1.1199999994104815E-007
 pmove part3    2.2877000000032233E-005
 pmove part2    1.1599999993894272E-007
 pmove part3    1.5884999999937754E-005
 pmove part2    7.8000000014455395E-008
 pmove part3    1.5098999999962892E-005
 pmove part2    1.6400000002469994E-007
 pmove part3    1.7625000000021096E-005
 pmove part2    1.1499999996722465E-007
 pmove part3    1.6116999999926662E-005
 after cpush 3
 after cpush   0.7935478240000000     
 before grid1   0.7935546970000000     
 after grid1   0.7987450140000000     
 end accumu   0.7987484130000000     
 after den0_phi   0.8017153980000000     
 after field solver   0.8053881000000001     
 after field   0.8053900950000000     
 after rmsphi   0.8054200860000000     
 with filter   0.8069039780000000     
     97   0.43903627E-01   0.00000000E+00   0.00000000E+00   0.11947553-315   0.33117987E-11   0.20918617E-11   0.23733945E-02   0.00000000E+00   0.71404459E-02   0.29743338E-01   0.30588431E-01
 before ppush   0.8101526950000000     
 ppush 1   0.8101562220000000     
 ppush point 2   0.8158711940000000     
 ppush point 2.0   0.8158827890000000     
 after test pmove 0   0.8159326280000000     
 after test pmove 1.1   0.8160418450000000     
 after test pmove 1.2   0.8162343460000000     
 after test pmove 1.3   0.8162938020000000     
 after test pmove 1.4   0.8162964210000000     
 after test pmove 2.0   0.8165035860000001     
 after test pmove 2.1   0.8167197910000000     
 after test pmove 3   0.8169936650000000     
 ppush point 2.1   0.8169989270000000     
 pmove part2    1.8899999998378547E-007
 pmove part3    1.8351999999999258E-005
 ppush point 2.2   0.8171777210000000     
 pmove part2    1.8099999998799632E-007
 pmove part3    1.7160999999932258E-005
 pmove part2    1.0500000002799936E-007
 pmove part3    1.5661000000055658E-005
 pmove part2    1.0999999999761201E-007
 pmove part3    1.5885000000048777E-005
 pmove part2    1.0599999999971743E-007
 pmove part3    1.5503000000083311E-005
 pmove part2    1.0599999999971743E-007
 pmove part3    1.5409999999937973E-005
 pmove part2    1.1300000002378852E-007
 pmove part3    1.6030999999916418E-005
 pmove part2    1.0699999997143550E-007
 pmove part3    1.5385000000089910E-005
 pmove part2    1.0799999994315357E-007
 pmove part3    1.5081999999999596E-005
 pmove part2    1.4500000000694513E-007
 pmove part3    1.5149999999963804E-005
 pmove part2    1.4100000000905055E-007
 pmove part3    1.9119000000067388E-005
 pmove part2    1.8199999995971439E-007
 pmove part3    1.6381000000009749E-005
 pmove part2    6.2999999994595157E-008
 pmove part3    1.5245999999913273E-005
 pmove part2    1.0399999994525899E-007
 pmove part3    2.4650000000070449E-005
 pmove part2    1.1300000002378852E-007
 pmove part3    1.6507999999970657E-005
 pmove part2    1.3300000001326140E-007
 pmove part3    1.8359000000023329E-005
 pmove part2    1.2099999990855537E-007
 pmove part3    1.5266999999985487E-005
 pmove part2    1.0100000003010479E-007
 pmove part3    1.5121999999978541E-005
 pmove part2    1.2299999996301381E-007
 pmove part3    1.7829000000024742E-005
 ppush point 3   0.8198995890000000     
 after ppush   0.8199014689999999     
 after cpush   0.8199020920000000     
 before grid1   0.8199061590000000     
 after grid1   0.8253025720000000     
 end accumu   0.8253057020000000     
 after den0_phi   0.8282766770000000     
 after field solver   0.8326286820000000     
 after field   0.8326303250000000     
 after rmsphi   0.8326720679999999     
 with filter   0.8341480920000000     
 before ppush   0.8350105999999999     
 after ppush   0.8350120030000000     
 after cpush 2
 after cpush 3
 after test pmove 0   0.8412768710000000     
 after test pmove 1.1   0.8413836940000000     
 after test pmove 1.2   0.8416333710000000     
 after test pmove 1.3   0.8417065740000000     
 after test pmove 1.4   0.8417105340000000     
 after test pmove 2.0   0.8419949600000000     
 after test pmove 2.1   0.8422213720000000     
 after test pmove 3   0.8423640219999999     
 pmove part2    1.7199999990946679E-007
 pmove part3    1.7446000000087558E-005
 pmove part2    1.0999999999761201E-007
 pmove part3    1.5394999999918113E-005
 pmove part2    1.2100000001957767E-007
 pmove part3    1.4829000000049497E-005
 pmove part2    9.6000000060492141E-008
 pmove part3    1.4707999999918897E-005
 pmove part2    1.0999999999761201E-007
 pmove part3    1.7260000000018927E-005
 pmove part2    8.3999999955786109E-008
 pmove part3    1.4973999999945420E-005
 pmove part2    1.0699999997143550E-007
 pmove part3    1.6703000000006796E-005
 pmove part2    8.0999999929609601E-008
 pmove part3    1.4956999999982123E-005
 pmove part2    1.1500000007824696E-007
 pmove part3    1.7475000000044538E-005
 pmove part2    8.7999999953680685E-008
 pmove part3    1.4753999999950196E-005
 pmove part2    9.9999999947364415E-008
 pmove part3    2.1115000000015982E-005
 pmove part2    7.4000000016560818E-008
 pmove part3    1.4744999999982689E-005
 pmove part2    7.4999999988278887E-008
 pmove part3    1.4885999999991739E-005
 pmove part2    7.8000000014455395E-008
 pmove part3    1.4767999999998338E-005
 pmove part2    1.0299999997354092E-007
 pmove part3    1.4626000000017569E-005
 pmove part2    9.9999999947364415E-008
 pmove part3    2.1632000000049167E-005
 pmove part2    7.4999999988278887E-008
 pmove part3    1.4923999999916226E-005
 pmove part2    7.5000000099301189E-008
 pmove part3    1.4849000000038970E-005
 pmove part2    1.0999999999761201E-007
 pmove part3    1.4627000000100310E-005
 after cpush 3
 after cpush   0.8445388330000000     
 before grid1   0.8445494640000000     
 after grid1   0.8497998800000000     
 end accumu   0.8498040179999999     
 after den0_phi   0.8527073629999999     
 after field solver   0.8564277950000000     
 after field   0.8564295590000000     
 after rmsphi   0.8564534029999999     
 with filter   0.8579741290000000     
    129   0.59063697E-01   0.00000000E+00   0.00000000E+00   0.11948490-315   0.35884635E-11   0.52833834E-11   0.26982893E-02   0.34584595-322  -0.10673951E-02   0.73482563E-02   0.74253756E-02
 before ppush   0.8612994490000000     
 ppush 1   0.8613030760000000     
 ppush point 2   0.8670226560000001     
 ppush point 2.0   0.8670358710000000     
 after test pmove 0   0.8670845430000000     
 after test pmove 1.1   0.8671911010000000     
 after test pmove 1.2   0.8674067519999999     
 after test pmove 1.3   0.8674725470000000     
 after test pmove 1.4   0.8674752999999999     
 after test pmove 2.0   0.8677040830000000     
 after test pmove 2.1   0.8679146220000000     
 after test pmove 3   0.8681559759999999     
 ppush point 2.1   0.8681607730000001     
 pmove part2    1.8499999998589090E-007
 pmove part3    2.1435000000069593E-005
 ppush point 2.2   0.8683423770000001     
 pmove part2    1.6200000008126381E-007
 pmove part3    1.5690000000012638E-005
 pmove part2    1.1599999993894272E-007
 pmove part3    1.5089999999995385E-005
 pmove part2    1.3600000003943791E-007
 pmove part3    1.6689000000069676E-005
 pmove part2    1.0200000000182285E-007
 pmove part3    1.5575000000045414E-005
 pmove part2    1.7100000004877103E-007
 pmove part3    1.8579000000018553E-005
 pmove part2    1.1100000008035238E-007
 pmove part3    1.5683999999960285E-005
 pmove part2    1.0599999999971743E-007
 pmove part3    2.3441000000068435E-005
 pmove part2    1.3500000006771984E-007
 pmove part3    1.5666000000025271E-005
 pmove part2    1.1499999996722465E-007
 pmove part3    1.5066000000008017E-005
 pmove part2    1.0900000002589394E-007
 pmove part3    1.5774999999940142E-005
 pmove part2    1.1200000005207045E-007
 pmove part3    1.4995999999989351E-005
 pmove part2    9.0999999979857193E-008
 pmove part3    1.5226000000034823E-005
 pmove part2    9.8000000003928278E-008
 pmove part3    1.4929999999968580E-005
 pmove part2    1.1199999994104815E-007
 pmove part3    1.5142999999939732E-005
 pmove part2    9.9000000086668649E-008
 pmove part3    1.5130999999946049E-005
 pmove part2    9.4999999977751770E-008
 pmove part3    1.5082999999971314E-005
 pmove part2    9.7999999892905976E-008
 pmove part3    1.5041000000048932E-005
 pmove part2    1.2100000001957767E-007
 pmove part3    1.5728999999908844E-005
 ppush point 3   0.8710817390000000     
 after ppush   0.8710838410000000     
 after cpush   0.8710847140000000     
 before grid1   0.8710896920000000     
 after grid1   0.8762965200000000     
 end accumu   0.8762999980000000     
 after den0_phi   0.8794182450000000     
 after field solver   0.8830653090000000     
 after field   0.8830671060000000     
 after rmsphi   0.8830916970000000     
 with filter   0.8844658519999999     
 before ppush   0.8852738730000000     
 after ppush   0.8852749760000000     
 after cpush 2
 after cpush 3
 after test pmove 0   0.8915824980000000     
 after test pmove 1.1   0.8916905800000000     
 after test pmove 1.2   0.8919353410000000     
 after test pmove 1.3   0.8919991200000000     
 after test pmove 1.4   0.8920019520000000     
 after test pmove 2.0   0.8922307070000000     
 after test pmove 2.1   0.8924499410000000     
 after test pmove 3   0.8926733470000000     
 pmove part2    1.5400000008547465E-007
 pmove part3    1.6985999999996615E-005
 pmove part2    1.2699999996090838E-007
 pmove part3    1.5070000000005912E-005
 pmove part2    1.1300000002378852E-007
 pmove part3    1.5462000000021625E-005
 pmove part2    1.3600000003943791E-007
 pmove part3    1.5227000000006541E-005
 pmove part2    1.6699999993985415E-007
 pmove part3    1.5364000000017697E-005
 pmove part2    1.2500000001747225E-007
 pmove part3    1.7861000000007898E-005
 pmove part2    1.0800000005417587E-007
 pmove part3    1.5395000000029135E-005
 pmove part2    1.0899999991487164E-007
 pmove part3    1.5179000000031806E-005
 pmove part2    1.3200000004154333E-007
 pmove part3    1.5639000000011727E-005
 pmove part2    7.0000000018666242E-008
 pmove part3    1.5265000000042050E-005
 pmove part2    7.8999999986173464E-008
 pmove part3    1.5089999999995385E-005
 pmove part2    7.9999999957891532E-008
 pmove part3    1.4756999999976372E-005
 pmove part2    1.2199999999129574E-007
 pmove part3    1.5041999999909628E-005
 pmove part2    8.6999999981962617E-008
 pmove part3    1.6707999999976408E-005
 pmove part2    1.2399999993473187E-007
 pmove part3    1.7301000000080613E-005
 pmove part2    1.3200000004154333E-007
 pmove part3    1.4983000000023949E-005
 pmove part2    7.8000000014455395E-008
 pmove part3    1.4934999999938192E-005
 pmove part2    7.5000000099301189E-008
 pmove part3    1.4648999999922196E-005
 pmove part2    1.0399999994525899E-007
 pmove part3    1.5187999999999313E-005
 after cpush 3
 after cpush   0.8949374830000000     
 before grid1   0.8949441840000000     
 after grid1   0.9001171649999999     
 end accumu   0.9001203610000000     
 after den0_phi   0.9032032620000000     
 after field solver   0.9068992040000000     
 after field   0.9069001110000000     
 after rmsphi   0.9069227600000000     
 with filter   0.9082596070000000     
    161   0.79917497E-01   0.00000000E+00   0.00000000E+00   0.11949539-315   0.31700169E-11   0.13232916E-11   0.30497953E-02   0.00000000E+00   0.38433286E-01   0.12978222E-01   0.40565400E-01
 before ppush   0.9113004980000000     
 ppush 1   0.9113185550000000     
 ppush point 2   0.9170356020000000     
 ppush point 2.0   0.9170477130000000     
 after test pmove 0   0.9170965810000000     
 after test pmove 1.1   0.9172071930000000     
 after test pmove 1.2   0.9174663190000000     
 after test pmove 1.3   0.9175311220000000     
 after test pmove 1.4   0.9175340789999999     
 after test pmove 2.0   0.9177717980000000     
 after test pmove 2.1   0.9179986120000000     
 after test pmove 3   0.9182511530000000     
 ppush point 2.1   0.9182562090000000     
 pmove part2    1.9600000000785656E-007
 pmove part3    1.7653999999978076E-005
 ppush point 2.2   0.9184472510000000     
 pmove part2    1.5200000003101621E-007
 pmove part3    1.5723000000078535E-005
 pmove part2    1.1399999999550658E-007
 pmove part3    1.5325000000010469E-005
 pmove part2    1.3899999995459211E-007
 pmove part3    1.8528000000017641E-005
 pmove part2    1.2400000004575418E-007
 pmove part3    1.5336000000032435E-005
 pmove part2    8.3999999955786109E-008
 pmove part3    1.5014000000035388E-005
 pmove part2    1.0799999994315357E-007
 pmove part3    1.5081999999999596E-005
 pmove part2    1.5300000000273428E-007
 pmove part3    1.8868999999921421E-005
 pmove part2    1.1599999993894272E-007
 pmove part3    1.6150999999964277E-005
 pmove part2    1.3600000003943791E-007
 pmove part3    1.7783999999965161E-005
 pmove part2    1.3300000001326140E-007
 pmove part3    1.5260999999933134E-005
 pmove part2    1.1799999999340116E-007
 pmove part3    1.5321000000012575E-005
 pmove part2    9.8999999975646347E-008
 pmove part3    1.6704999999950232E-005
 pmove part2    1.2800000004364875E-007
 pmove part3    1.5278000000007452E-005
 pmove part2    8.5000000038526480E-008
 pmove part3    1.5564000000023448E-005
 pmove part2    6.1000000051159020E-008
 pmove part3    2.6862999999988091E-005
 pmove part2    1.3400000009600177E-007
 pmove part3    1.6071000000006386E-005
 pmove part2    1.2199999999129574E-007
 pmove part3    1.5567000000049624E-005
 pmove part2    1.2499999990644994E-007
 pmove part3    1.6000000000016001E-005
 ppush point 3   0.9212517520000000     
 after ppush   0.9212532660000000     
 after cpush   0.9212539410000000     
 before grid1   0.9212630490000000     
 after grid1   0.9265331830000000     
 end accumu   0.9265363360000000     
 after den0_phi   0.9295568330000000     
 after field solver   0.9332390480000000     
 after field   0.9332401650000000     
 after rmsphi   0.9332701060000000     
 with filter   0.9348590390000000     
 before ppush   0.9356048360000000     
 after ppush   0.9356060020000000     
 after cpush 2
 after cpush 3
 after test pmove 0   0.9419104250000000     
 after test pmove 1.1   0.9420235150000000     
 after test pmove 1.2   0.9422717460000000     
 after test pmove 1.3   0.9423336250000000     
 after test pmove 1.4   0.9423364980000000     
 after test pmove 2.0   0.9425953860000000     
 after test pmove 2.1   0.9428171430000000     
 after test pmove 3   0.9430380480000000     
 pmove part2    1.5499999994617042E-007
 pmove part3    1.7210999999961452E-005
 pmove part2    1.4199999998076862E-007
 pmove part3    1.5674000000021060E-005
 pmove part2    1.2100000001957767E-007
 pmove part3    1.5695999999953969E-005
 pmove part2    1.2599999998919031E-007
 pmove part3    1.4891999999933070E-005
 pmove part2    1.0100000003010479E-007
 pmove part3    1.6102999999989542E-005
 pmove part2    1.0399999994525899E-007
 pmove part3    1.5085000000025772E-005
 pmove part2    1.1599999993894272E-007
 pmove part3    1.5022000000031177E-005
 pmove part2    1.0900000002589394E-007
 pmove part3    1.5129000000002613E-005
 pmove part2    1.3399999998497947E-007
 pmove part3    1.8438999999981220E-005
 pmove part2    9.0999999979857193E-008
 pmove part3    1.5430999999899164E-005
 pmove part2    1.0099999991908248E-007
 pmove part3    1.4569000000075327E-005
 pmove part2    1.1499999996722465E-007
 pmove part3    1.4988999999965280E-005
 pmove part2    1.1599999993894272E-007
 pmove part3    1.7441000000006923E-005
 pmove part2    9.8999999975646347E-008
 pmove part3    1.5265000000042050E-005
 pmove part2    7.4000000016560818E-008
 pmove part3    1.5230000000032717E-005
 pmove part2    6.4999999938031294E-008
 pmove part3    1.5584999999984639E-005
 pmove part2    1.2599999998919031E-007
 pmove part3    1.5410000000048996E-005
 pmove part2    1.1199999994104815E-007
 pmove part3    1.6300999999940835E-005
 pmove part2    1.1999999993683730E-007
 pmove part3    1.5403000000024925E-005
 after cpush 3
 after cpush   0.9452740130000000     
 before grid1   0.9452866310000000     
 after grid1   0.9505063040000000     
 end accumu   0.9505095740000000     
 after den0_phi   0.9534250980000000     
 after field solver   0.9569980540000000     
 after field   0.9569992010000000     
 after rmsphi   0.9570253200000000     
 with filter   0.9585294850000000     
    194   0.88094860E-01   0.00000000E+00   0.00000000E+00   0.11950706-315  -0.26301017E-12  -0.11453158E-10   0.34185981E-02   0.00000000E+00   0.31080529E-01   0.21358667E-01   0.37711960E-01
 before ppush   0.9617115310000000     
 ppush 1   0.9617164680000000     
 ppush point 2   0.9674513500000000     
 ppush point 2.0   0.9674635980000000     
 after test pmove 0   0.9675100740000000     
 after test pmove 1.1   0.9676191260000000     
 after test pmove 1.2   0.9678668900000000     
 after test pmove 1.3   0.9679266110000000     
 after test pmove 1.4   0.9679293720000000     
 after test pmove 2.0   0.9681951120000000     
 after test pmove 2.1   0.9684154040000000     
 after test pmove 3   0.9686643310000000     
 ppush point 2.1   0.9686695789999999     
 pmove part2    1.6699999993985415E-007
 pmove part3    1.7979000000001299E-005
 ppush point 2.2   0.9688857740000000     
 pmove part2    1.8899999998378547E-007
 pmove part3    2.0283999999981539E-005
 pmove part2    1.7100000004877103E-007
 pmove part3    1.7503000000029800E-005
 pmove part2    8.5000000038526480E-008
 pmove part3    1.5760000000031305E-005
 pmove part2    1.3099999995880296E-007
 pmove part3    1.5784000000018672E-005
 pmove part2    1.3200000004154333E-007
 pmove part3    1.6625999999964058E-005
 pmove part2    1.0999999999761201E-007
 pmove part3    1.6177999999977821E-005
 pmove part2    9.4999999977751770E-008
 pmove part3    1.5112000000039316E-005
 pmove part2    1.0799999994315357E-007
 pmove part3    1.6587000000067853E-005
 pmove part2    1.0100000003010479E-007
 pmove part3    1.5352000000024013E-005
 pmove part2    1.6099999999852344E-007
 pmove part3    1.6206999999934801E-005
 pmove part2    1.6600000007915838E-007
 pmove part3    1.8088999999998912E-005
 pmove part2    9.0000000008139125E-008
 pmove part3    1.5600000000004499E-005
 pmove part2    1.1200000005207045E-007
 pmove part3    1.6158999999960066E-005
 pmove part2    1.3499999995669754E-007
 pmove part3    1.7800999999928457E-005
 pmove part2    9.0999999979857193E-008
 pmove part3    1.5041000000048932E-005
 pmove part2    1.1099999996933008E-007
 pmove part3    1.5227000000006541E-005
 pmove part2    9.2999999923293331E-008
 pmove part3    1.6331999999952274E-005
 pmove part2    1.1099999996933008E-007
 pmove part3    1.5075999999947243E-005
 ppush point 3   0.9716192809999999     
 after ppush   0.9716205800000000     
 after cpush   0.9716213090000000     
 before grid1   0.9716254950000000     
 after grid1   0.9771120510000000     
 end accumu   0.9771156660000000     
 after den0_phi   0.9812104440000000     
 after field solver   0.9860031600000000     
 after field   0.9860043300000000     
 after rmsphi   0.9860340810000000     
 with filter   0.9880592390000000     
 before ppush   0.9893767510000000     
 after ppush   0.9893862920000001     
 after cpush 2
 after cpush 3
 after test pmove 0   0.9956822460000000     
 after test pmove 1.1   0.9957997940000000     
 after test pmove 1.2   0.9960591270000000     
 after test pmove 1.3   0.9961198040000000     
 after test pmove 1.4   0.9961226850000000     
 after test pmove 2.0   0.9963866960000000     
 after test pmove 2.1   0.9965975300000000     
 after test pmove 3   0.9969868360000000     
 pmove part2    1.6299999994195957E-007
 pmove part3    1.7965999999924875E-005
 pmove part2    1.0899999991487164E-007
 pmove part3    1.5765000000000917E-005
 pmove part2    1.0699999997143550E-007
 pmove part3    1.5633999999931092E-005
 pmove part2    9.9999999947364415E-008
 pmove part3    1.5527000000070679E-005
 pmove part2    1.1099999996933008E-007
 pmove part3    1.5346000000082682E-005
 pmove part2    8.4000000066808411E-008
 pmove part3    1.4792999999957424E-005
 pmove part2    1.4000000003733248E-007
 pmove part3    1.7701999999952811E-005
 pmove part2    1.2999999998708489E-007
 pmove part3    1.8265000000017295E-005
 pmove part2    1.6800000002259452E-007
 pmove part3    1.8411999999967676E-005
 pmove part2    1.8499999998589090E-007
 pmove part3    2.4284999999957257E-005
 pmove part2    1.1700000002168309E-007
 pmove part3    1.6065000000065055E-005
 pmove part2    1.0099999991908248E-007
 pmove part3    1.4913000000005283E-005
 pmove part2    9.4999999977751770E-008
 pmove part3    1.5056000000068792E-005
 pmove part2    1.1700000002168309E-007
 pmove part3    1.5054999999986052E-005
 pmove part2    1.1100000008035238E-007
 pmove part3    1.4906999999952930E-005
 pmove part2    8.3999999955786109E-008
 pmove part3    1.4823999999968862E-005
 pmove part2    7.4000000016560818E-008
 pmove part3    1.4756000000004654E-005
 pmove part2    1.0899999991487164E-007
 pmove part3    1.4811999999975178E-005
 pmove part2    8.4999999927504177E-008
 pmove part3    1.5074999999975525E-005
 after cpush 3
 after cpush   0.9996875620000000     
 before grid1   0.9996967420000000     
 after grid1    1.006199586000000     
 end accumu    1.006203970000000     
 after den0_phi    1.010742618000000     
 after field solver    1.015547770000000     
 after field    1.015548845000000     
 after rmsphi    1.015574985000000     
 with filter    1.017610807000000     
    226   0.10237487E+00   0.00000000E+00   0.00000000E+00   0.11951996-315   0.45817440E-12  -0.62722199E-11   0.37994462E-02   0.15810101-321   0.25307391E-01   0.16180159E-01   0.30037670E-01
 before ppush    1.021584338000000     
 ppush 1    1.021588694000000     
 ppush point 2    1.027321515000000     
 ppush point 2.0    1.027335997000000     
 after test pmove 0    1.027388498000000     
 after test pmove 1.1    1.027496421000000     
 after test pmove 1.2    1.027765179000000     
 after test pmove 1.3    1.027827392000000     
 after test pmove 1.4    1.027830189000000     
 after test pmove 2.0    1.028108772000000     
 after test pmove 2.1    1.028333313000000     
 after test pmove 3    1.028593234000000     
 ppush point 2.1    1.028602411000000     
 pmove part2    1.8800000001206740E-007
 pmove part3    1.8126999999923399E-005
 ppush point 2.2    1.028812415000000     
 pmove part2    1.3599999992841560E-007
 pmove part3    1.5838999999795433E-005
 pmove part2    1.2599999998919031E-007
 pmove part3    1.6798999999956266E-005
 pmove part2    1.0500000002799936E-007
 pmove part3    1.5919000000197414E-005
 pmove part2    1.9899999981198846E-007
 pmove part3    1.6597000000118101E-005
 pmove part2    1.6899999999431259E-007
 pmove part3    1.6124000000061756E-005
 pmove part2    1.4199999998076862E-007
 pmove part3    1.6111000000096354E-005
 pmove part2    9.7999999892905976E-008
 pmove part3    1.6044999999964560E-005
 pmove part2    2.1899999991248364E-007
 pmove part3    1.8386000000036873E-005
 pmove part2    1.4199999998076862E-007
 pmove part3    1.5207999999988786E-005
 pmove part2    1.2100000001957767E-007
 pmove part3    1.8982000000056232E-005
 pmove part2    1.1100000008035238E-007
 pmove part3    1.7817000000031058E-005
 pmove part2    2.7799999990918423E-007
 pmove part3    1.9910000000011863E-005
 pmove part2    2.1000000005599873E-007
 pmove part3    1.8524000000130769E-005
 pmove part2    1.8300000004245476E-007
 pmove part3    1.7657000000115275E-005
 pmove part2    1.4000000003733248E-007
 pmove part3    2.4324999999825181E-005
 pmove part2    1.2399999982370957E-007
 pmove part3    1.5214999999901835E-005
 pmove part2    1.4699999995038127E-007
 pmove part3    1.5971000000059021E-005
 pmove part2    1.6700000005087645E-007
 pmove part3    1.5281000000033629E-005
 ppush point 3    1.031678330000000     
 after ppush    1.031680022000000     
 after cpush    1.031680856000000     
 before grid1    1.031685318000000     
 after grid1    1.036933297000000     
 end accumu    1.036936695000000     
 after den0_phi    1.040085330000000     
 after field solver    1.043868324000000     
 after field    1.043869370000000     
 after rmsphi    1.043893216000000     
 with filter    1.045614563000000     
 before ppush    1.046434608000000     
 after ppush    1.046435884000000     
 after cpush 2
 after cpush 3
 after test pmove 0    1.052688241000000     
 after test pmove 1.1    1.052806307000000     
 after test pmove 1.2    1.053133639000000     
 after test pmove 1.3    1.053201418000000     
 after test pmove 1.4    1.053204801000000     
 after test pmove 2.0    1.053533439000000     
 after test pmove 2.1    1.053746327000000     
 after test pmove 3    1.054006271000000     
 pmove part2    2.2600000004757703E-007
 pmove part3    2.0506999999891917E-005
 pmove part2    1.2599999998919031E-007
 pmove part3    1.5657000000057764E-005
 pmove part2    1.1799999999340116E-007
 pmove part3    1.5334999999838672E-005
 pmove part2    1.1799999999340116E-007
 pmove part3    1.4938000000075391E-005
 pmove part2    9.7000000032210210E-008
 pmove part3    1.9621000000080713E-005
 pmove part2    8.7999999953680685E-008
 pmove part3    1.5156999999987875E-005
 pmove part2    1.2100000001957767E-007
 pmove part3    1.5381999999952711E-005
 pmove part2    7.5999999848974653E-008
 pmove part3    1.5146000000187954E-005
 pmove part2    8.7999999953680685E-008
 pmove part3    1.5051999999959875E-005
 pmove part2    1.0899999991487164E-007
 pmove part3    1.6827000000052550E-005
 pmove part2    1.2199999988027344E-007
 pmove part3    1.5779000000160082E-005
 pmove part2    1.0299999986251862E-007
 pmove part3    1.4925000000109989E-005
 pmove part2    9.9999999836342113E-008
 pmove part3    1.5235000000002330E-005
 pmove part2    1.4000000003733248E-007
 pmove part3    1.7662999999945583E-005
 pmove part2    8.8999999814376451E-008
 pmove part3    1.5920999999918806E-005
 pmove part2    9.5999999949469839E-008
 pmove part3    1.5056999999929488E-005
 pmove part2    1.1600000004996502E-007
 pmove part3    1.5701000000145626E-005
 pmove part2    1.1700000013270540E-007
 pmove part3    1.7509000000082153E-005
 pmove part2    1.2900000001536682E-007
 pmove part3    1.5742000000207312E-005
 after cpush 3
 after cpush    1.056205539000000     
 before grid1    1.056213455000000     
 after grid1    1.061687136000000     
 end accumu    1.061690620000000     
 after den0_phi    1.064630809000000     
 after field solver    1.068302738000000     
 after field    1.068311300000000     
 after rmsphi    1.068332063000000     
 with filter    1.069891366000000     
    258   0.11372897E+00   0.00000000E+00   0.00000000E+00   0.11953403-315   0.18439669E-11   0.99688839E-11   0.41884854E-02   0.21219958-313   0.81238786E-01  -0.24555787E-02   0.81275890E-01
 before ppush    1.073005433000000     
 ppush 1    1.073009344000000     
 ppush point 2    1.078738799000000     
 ppush point 2.0    1.078752338000000     
 after test pmove 0    1.078803323000000     
 after test pmove 1.1    1.078912066000000     
 after test pmove 1.2    1.079200503000000     
 after test pmove 1.3    1.079270468000000     
 after test pmove 1.4    1.079274125000000     
 after test pmove 2.0    1.079569677000000     
 after test pmove 2.1    1.079800807000000     
 after test pmove 3    1.080029617000000     
 ppush point 2.1    1.080034905000000     
 pmove part2    1.5300000000273428E-007
 pmove part3    1.7505000000195281E-005
 ppush point 2.2    1.080213008000000     
 pmove part2    1.6299999994195957E-007
 pmove part3    1.5762000000085763E-005
 pmove part2    2.0700000002982222E-007
 pmove part3    1.8481000000125647E-005
 pmove part2    1.5200000014203852E-007
 pmove part3    1.6449000000084979E-005
 pmove part2    7.8000000014455395E-008
 pmove part3    1.6231000000033191E-005
 pmove part2    9.7999999892905976E-008
 pmove part3    1.5507999999941902E-005
 pmove part2    1.2400000004575418E-007
 pmove part3    1.6232999999976627E-005
 pmove part2    7.3000000044842750E-008
 pmove part3    1.6117000000148707E-005
 pmove part2    1.6899999999431259E-007
 pmove part3    1.7687000000154995E-005
 pmove part2    7.2000000184146984E-008
 pmove part3    1.5965000000006668E-005
 pmove part2    1.1300000002378852E-007
 pmove part3    2.0401000000003222E-005
 pmove part2    7.8000000014455395E-008
 pmove part3    1.5391999999891937E-005
 pmove part2    1.0700000019348010E-007
 pmove part3    1.5160000000014051E-005
 pmove part2    1.6200000008126381E-007
 pmove part3    1.8252000000051893E-005
 pmove part2    1.0500000002799936E-007
 pmove part3    1.5601000000087240E-005
 pmove part2    1.0499999980595476E-007
 pmove part3    1.5071999999838326E-005
 pmove part2    9.0000000119161427E-008
 pmove part3    1.5712999999806243E-005
 pmove part2    8.7000000092984919E-008
 pmove part3    1.7611000000083976E-005
 pmove part2    1.2499999990644994E-007
 pmove part3    1.5338999999947589E-005
 ppush point 3    1.082994291000000     
 after ppush    1.082996180000000     
 after cpush    1.082997017000000     
 before grid1    1.083007002000000     
 after grid1    1.088187579000000     
 end accumu    1.088190883000000     
 after den0_phi    1.091378810000000     
 after field solver    1.095157740000000     
 after field    1.095158833000000     
 after rmsphi    1.095180723000000     
 with filter    1.096537352000000     
 before ppush    1.097362866000000     
 after ppush    1.097364175000000     
 after cpush 2
 after cpush 3
 after test pmove 0    1.103636164000000     
 after test pmove 1.1    1.103745794000000     
 after test pmove 1.2    1.104041894000000     
 after test pmove 1.3    1.104102547000000     
 after test pmove 1.4    1.104105509000000     
 after test pmove 2.0    1.104407072000000     
 after test pmove 2.1    1.104604231000000     
 after test pmove 3    1.104925870000000     
 pmove part2    1.6999999985500835E-007
 pmove part3    2.1277999999957942E-005
 pmove part2    1.5300000000273428E-007
 pmove part3    1.6019000000033756E-005
 pmove part2    1.1700000013270540E-007
 pmove part3    1.5880000000079164E-005
 pmove part2    1.8300000004245476E-007
 pmove part3    1.8606999999892793E-005
 pmove part2    9.4000000006033702E-008
 pmove part3    1.5475999999958745E-005
 pmove part2    9.9999999836342113E-008
 pmove part3    1.5993999999963648E-005
 pmove part2    1.1400000010652889E-007
 pmove part3    3.1659000000017201E-005
 pmove part2    1.0100000014112709E-007
 pmove part3    1.5610000000165769E-005
 pmove part2    8.2999999984068040E-008
 pmove part3    1.4913000000005283E-005
 pmove part2    1.0099999991908248E-007
 pmove part3    1.4940000000018827E-005
 pmove part2    7.1999999962102379E-008
 pmove part3    1.5176000000005629E-005
 pmove part2    1.4400000014624936E-007
 pmove part3    1.7521000000186859E-005
 pmove part2    8.9000000036421056E-008
 pmove part3    1.5054999999986052E-005
 pmove part2    7.0999999879362008E-008
 pmove part3    1.4771000000024515E-005
 pmove part2    1.0200000000182285E-007
 pmove part3    1.5032999999942120E-005
 pmove part2    1.2400000004575418E-007
 pmove part3    1.7431999999928394E-005
 pmove part2    1.3499999984567523E-007
 pmove part3    1.5419999999988221E-005
 pmove part2    7.0999999879362008E-008
 pmove part3    1.4962999999923454E-005
 pmove part2    9.0000000119161427E-008
 pmove part3    1.4965000000088935E-005
 after cpush 3
 after cpush    1.107248018000000     
 before grid1    1.107262170000000     
 after grid1    1.112439880000000     
 end accumu    1.112443129000000     
 after den0_phi    1.115788439000000     
 after field solver    1.119580266000000     
 after field    1.119581485000000     
 after rmsphi    1.119603769000000     
 with filter    1.121178951000000     
    291   0.12250585E+00   0.00000000E+00   0.00000000E+00   0.11954930-315   0.10624253E-10   0.36005653E-10   0.45833206E-02   0.33951933-312   0.16258167E+00   0.47090733E-01   0.16926410E+00
 before ppush    1.127156114000000     
 ppush 1    1.127163621000000     
 ppush point 2    1.132892009000000     
 ppush point 2.0    1.132905146000000     
 after test pmove 0    1.132956072000000     
 after test pmove 1.1    1.133073885000000     
 after test pmove 1.2    1.133404537000000     
 after test pmove 1.3    1.133467520000000     
 after test pmove 1.4    1.133470735000000     
 after test pmove 2.0    1.133848074000000     
 after test pmove 2.1    1.134062754000000     
 after test pmove 3    1.134303637000000     
 ppush point 2.1    1.134313300000000     
 pmove part2    1.9100000003824391E-007
 pmove part3    1.6762000000003496E-005
 ppush point 2.2    1.134493029000000     
 pmove part2    1.7500000004666560E-007
 pmove part3    1.8649000000037219E-005
 pmove part2    1.6799999991157222E-007
 pmove part3    1.6532999999929743E-005
 pmove part2    1.1900000007614153E-007
 pmove part3    1.5007000000011317E-005
 pmove part2    1.3700000001115598E-007
 pmove part3    1.7852000000040391E-005
 pmove part2    1.2799999993262645E-007
 pmove part3    1.5678000000018955E-005
 pmove part2    1.3700000001115598E-007
 pmove part3    1.4758999999919808E-005
 pmove part2    1.6099999999852344E-007
 pmove part3    1.5290999999972854E-005
 pmove part2    1.1100000008035238E-007
 pmove part3    1.4994999999906611E-005
 pmove part2    9.7999999892905976E-008
 pmove part3    1.5486000000120015E-005
 pmove part2    1.1199999994104815E-007
 pmove part3    1.5432000000092927E-005
 pmove part2    1.1499999996722465E-007
 pmove part3    1.5118000000091669E-005
 pmove part2    1.8100000009901862E-007
 pmove part3    1.9296000000057489E-005
 pmove part2    1.4199999998076862E-007
 pmove part3    1.5404999999857338E-005
 pmove part2    1.1499999996722465E-007
 pmove part3    1.5210999999792918E-005
 pmove part2    1.5400000008547465E-007
 pmove part3    1.8946999999824854E-005
 pmove part2    1.0899999991487164E-007
 pmove part3    1.5700999999923582E-005
 pmove part2    1.1499999996722465E-007
 pmove part3    1.6256999999963995E-005
 pmove part2    1.2199999988027344E-007
 pmove part3    1.5736000000154959E-005
 ppush point 3    1.137295698000000     
 after ppush    1.137297425000000     
 after cpush    1.137298187000000     
 before grid1    1.137302689000000     
 after grid1    1.142840944000000     
 end accumu    1.142844488000000     
 after den0_phi    1.145874241000000     
 after field solver    1.149524182000000     
 after field    1.149533869000000     
 after rmsphi    1.149565828000000     
 with filter    1.151068227000000     
 before ppush    1.151841447000000     
 after ppush    1.151842771000000     
 after cpush 2
 after cpush 3
 after test pmove 0    1.158115711000000     
 after test pmove 1.1    1.158225899000000     
 after test pmove 1.2    1.158541907000000     
 after test pmove 1.3    1.158603817000000     
 after test pmove 1.4    1.158606691000000     
 after test pmove 2.0    1.158935364000000     
 after test pmove 2.1    1.159148353000000     
 after test pmove 3    1.159422441000000     
 pmove part2    1.5099999983725354E-007
 pmove part3    1.6848999999874437E-005
 pmove part2    1.4300000006350899E-007
 pmove part3    1.5629999999822175E-005
 pmove part2    9.5000000310818677E-008
 pmove part3    1.5664000000192857E-005
 pmove part2    1.0399999994525899E-007
 pmove part3    1.4938000000075391E-005
 pmove part2    9.9999999836342113E-008
 pmove part3    1.5885000000048777E-005
 pmove part2    1.0200000000182285E-007
 pmove part3    1.5910999999979580E-005
 pmove part2    9.4000000228078306E-008
 pmove part3    1.4830000000021215E-005
 pmove part2    1.2499999990644994E-007
 pmove part3    1.5206999999906046E-005
 pmove part2    1.2900000001536682E-007
 pmove part3    1.7958000000151131E-005
 pmove part2    1.0500000025004397E-007
 pmove part3    1.6317000000043436E-005
 pmove part2    1.1499999996722465E-007
 pmove part3    3.3540999999859267E-005
 pmove part2    1.2999999987606259E-007
 pmove part3    1.5220999999954188E-005
 pmove part2    1.5200000014203852E-007
 pmove part3    1.8138000000167409E-005
 pmove part2    1.1199999994104815E-007
 pmove part3    1.9701000000260649E-005
 pmove part2    1.4999999997655777E-007
 pmove part3    1.5737000000015655E-005
 pmove part2    1.1099999985830777E-007
 pmove part3    1.5411999999992432E-005
 pmove part2    9.2999999923293331E-008
 pmove part3    1.5408999999966255E-005
 pmove part2    1.3800000009389635E-007
 pmove part3    1.8813000000061919E-005
 pmove part2    1.6899999999431259E-007
 pmove part3    1.9793000000101202E-005
 after cpush 3
 after cpush    1.161727677000000     
 timestep =            11
 ps time=    0.000000000000000      tot time=    1.161734194000000     


CUDA API Statistics:

 Time(%)  Total Time (ns)  Num Calls   Average    Minimum    Maximum    StdDev            Name        
 -------  ---------------  ---------  ----------  --------  ---------  ---------  --------------------
    56.9        464000039       2894    160331.7      1278  227533196  4324240.5  cuStreamSynchronize 
    29.5        240270500        160   1501690.6      1831    8880361  2897061.5  cuMemAlloc_v2       
     4.8         38850736          1  38850736.0  38850736   38850736        0.0  cuMemHostAlloc      
     3.8         31141538       1783     17465.8      3218   11933426   368472.8  cuLaunchKernel      
     3.0         24049187          1  24049187.0  24049187   24049187        0.0  cuModuleLoadDataEx  
     0.5          4315228        740      5831.4      2772      28362     3188.1  cuMemcpyHtoDAsync_v2
     0.5          3944918        924      4269.4      2744      17247     2181.2  cuMemcpyDtoHAsync_v2
     0.4          3026417          1   3026417.0   3026417    3026417        0.0  cuMemAllocHost_v2   
     0.2          1882555        918      2050.7      1415       9509      720.1  cuEventRecord       
     0.2          1476961        450      3282.1      2158      11275     1047.7  cuMemsetD32Async    
     0.2          1365881        916      1491.1      1154      61062     2108.9  cuEventSynchronize  
     0.0           246148         80      3076.9      1711       6948     1107.4  cuCtxSynchronize    
     0.0           162209         23      7052.6      4682      14677     2316.5  cuMemcpy2DAsync_v2  
     0.0            24072          1     24072.0     24072      24072        0.0  cuStreamCreate      
     0.0            13642         10      1364.2       341       4398     1287.9  cuEventCreate       
     0.0             3517          1      3517.0      3517       3517        0.0  cuInit              



CUDA Kernel Statistics:

 Time(%)  Total Time (ns)  Instances    Average     Minimum    Maximum   StdDev                  Name               
 -------  ---------------  ---------  -----------  ---------  ---------  -------  ----------------------------------
    53.1        227525783          1  227525783.0  227525783  227525783      0.0  gkps_adiabatic_electron_143_gpu   
    11.7         50291201         10    5029120.1    5015572    5055027  12440.0  cpush_1123_gpu                    
    11.0         47053051         10    4705305.1    4691766    4733782  12131.8  ppush_659_gpu                     
    10.1         43127105         20    2156355.3    2134349    2468714  73611.3  grid1_1723_gpu                    
    10.0         42651077          1   42651077.0   42651077   42651077      0.0  gkps_adiabatic_electron_231_gpu   
     1.1          4528810        380      11917.9      11839      12640    125.9  gem_pputil_test_pmove_353_gpu     
     0.7          2984749        380       7854.6       7775       9760    199.8  gem_pputil_test_pmove_337_gpu     
     0.7          2808138        380       7389.8       7295       8128    143.1  gem_pputil_test_pmove_353_gpu__red
     0.6          2437514         20     121875.7     121630     122366    202.7  gkps_adiabatic_electron_287_gpu   
     0.4          1745009          1    1745009.0    1745009    1745009      0.0  gkps_adiabatic_electron_199_gpu   
     0.3          1209786        380       3183.6       3135       3904    126.9  gem_pputil_test_pmove_434_gpu     
     0.1           328573         20      16428.7      16287      16608    108.1  gem_pputil_test_init_pmove_144_gpu
     0.1           288956         20      14447.8      14303      14592     89.1  gkps_adiabatic_electron_403_gpu   
     0.1           283198         20      14159.9      13759      14464    169.0  gkps_adiabatic_electron_355_gpu   
     0.1           270299         20      13515.0      13344      13664     83.2  gkps_adiabatic_electron_433_gpu   
     0.1           241056         20      12052.8      11681      12544    232.6  gem_pputil_test_init_pmove_117_gpu
     0.1           227547         20      11377.4      11136      11552    111.7  gkps_adiabatic_electron_321_gpu   
     0.0           163200         20       8160.0       8096       8320     58.8  gkps_adiabatic_electron_382_gpu   
     0.0           162592         20       8129.6       8063       8351     71.4  gkps_adiabatic_electron_459_gpu   
     0.0            77566         20       3878.3       3776       4032     63.6  gem_pputil_test_init_pmove_215_gpu
     0.0            60478         20       3023.9       2975       3168     55.5  gem_pputil_test_init_pmove_102_gpu



CUDA Memory Operation Statistics (by time):

 Time(%)  Total Time (ns)  Operations  Average  Minimum  Maximum   StdDev       Operation     
 -------  ---------------  ----------  -------  -------  -------  --------  ------------------
    75.9         21552375         762  28284.0     1279  1649233  116521.3  [CUDA memcpy HtoD]
    22.0          6233965         925   6739.4     1376   877848   37131.7  [CUDA memcpy DtoH]
     2.1           599484         450   1332.2     1279     2079      75.2  [CUDA memset]     



CUDA Memory Operation Statistics (by size in KiB):

   Total     Operations  Average  Minimum   Maximum    StdDev       Operation     
 ----------  ----------  -------  -------  ---------  --------  ------------------
  57721.516         925   62.402    0.004   6192.094   361.804  [CUDA memcpy DtoH]
 166334.438         762  218.287    0.004  15600.938  1008.787  [CUDA memcpy HtoD]
      1.875         450    0.004    0.004      0.008     0.001  [CUDA memset]     



CUDA API Statistics:

 Time(%)  Total Time (ns)  Num Calls   Average    Minimum    Maximum    StdDev            Name        
 -------  ---------------  ---------  ----------  --------  ---------  ---------  --------------------
    53.7        411117621       2894    142058.6      1259  230367391  4361900.1  cuStreamSynchronize 
    31.4        240531623        160   1503322.6      1768    8882624  2905962.9  cuMemAlloc_v2       
     5.5         41983887          1  41983887.0  41983887   41983887        0.0  cuMemHostAlloc      
     3.9         29644064       1783     16625.9      3291   10816870   341881.2  cuLaunchKernel      
     3.0         23233401          1  23233401.0  23233401   23233401        0.0  cuModuleLoadDataEx  
     0.6          4741186          1   4741186.0   4741186    4741186        0.0  cuMemAllocHost_v2   
     0.6          4408624        740      5957.6      2889      25948     3231.7  cuMemcpyHtoDAsync_v2
     0.5          4083193        924      4419.0      2774      20759     2311.7  cuMemcpyDtoHAsync_v2
     0.3          1941857        919      2113.0      1467      29860     1273.8  cuEventRecord       
     0.2          1560558        450      3467.9      2241      19868     1446.6  cuMemsetD32Async    
     0.2          1398380        917      1525.0      1159      38709     1716.5  cuEventSynchronize  
     0.0           263420         80      3292.8      1694       8051     1503.4  cuCtxSynchronize    
     0.0           161508         23      7022.1      5334      12851     2088.1  cuMemcpy2DAsync_v2  
     0.0            20660          1     20660.0     20660      20660        0.0  cuStreamCreate      
     0.0            15159         10      1515.9       451       4860     1360.6  cuEventCreate       
     0.0             3920          1      3920.0      3920       3920        0.0  cuInit              



CUDA Kernel Statistics:

 Time(%)  Total Time (ns)  Instances    Average     Minimum    Maximum   StdDev                  Name               
 -------  ---------------  ---------  -----------  ---------  ---------  -------  ----------------------------------
    61.2        230363348          1  230363348.0  230363348  230363348      0.0  gkps_adiabatic_electron_143_gpu   
    11.3         42535099          1   42535099.0   42535099   42535099      0.0  gkps_adiabatic_electron_231_gpu   
     8.1         30507552         10    3050755.2    3035942    3064390   8740.6  cpush_1123_gpu                    
     7.7         28795181         10    2879518.1    2869959    2886408   4668.1  ppush_659_gpu                     
     7.0         26331750         20    1316587.5    1302358    1494452  41944.2  grid1_1723_gpu                    
     1.2          4559178        380      11997.8      11935      12704    124.5  gem_pputil_test_pmove_353_gpu     
     0.8          3001543        380       7898.8       7839       8864    151.2  gem_pputil_test_pmove_337_gpu     
     0.7          2818099        380       7416.1       7327       8160    140.4  gem_pputil_test_pmove_353_gpu__red
     0.7          2448649         20     122432.5     122175     122783    167.9  gkps_adiabatic_electron_287_gpu   
     0.5          1742065          1    1742065.0    1742065    1742065      0.0  gkps_adiabatic_electron_199_gpu   
     0.3          1216380        380       3201.0       3135       3776    121.5  gem_pputil_test_pmove_434_gpu     
     0.1           329212         20      16460.6      16383      16576     62.8  gem_pputil_test_init_pmove_144_gpu
     0.1           289756         20      14487.8      14335      14751    117.2  gkps_adiabatic_electron_403_gpu   
     0.1           286272         20      14313.6      13601      14656    240.4  gkps_adiabatic_electron_355_gpu   
     0.1           271297         20      13564.9      13408      13792     97.9  gkps_adiabatic_electron_433_gpu   
     0.1           228990         20      11449.5      11136      11775    174.4  gkps_adiabatic_electron_321_gpu   
     0.0           184863         20       9243.2       8960       9823    227.6  gem_pputil_test_init_pmove_117_gpu
     0.0           163646         20       8182.3       8128       8256     33.0  gkps_adiabatic_electron_382_gpu   
     0.0           163359         20       8168.0       8128       8225     42.6  gkps_adiabatic_electron_459_gpu   
     0.0            76511         20       3825.6       3775       3872     32.1  gem_pputil_test_init_pmove_215_gpu
     0.0            60960         20       3048.0       2976       3200     61.3  gem_pputil_test_init_pmove_102_gpu



CUDA Memory Operation Statistics (by time):

 Time(%)  Total Time (ns)  Operations  Average  Minimum  Maximum   StdDev       Operation     
 -------  ---------------  ----------  -------  -------  -------  --------  ------------------
    77.8         22051733         762  28939.3     1248  1634162  117243.9  [CUDA memcpy HtoD]
    20.1          5702190         925   6164.5     1375   748217   33876.9  [CUDA memcpy DtoH]
     2.1           595136         450   1322.5     1248     3744     129.1  [CUDA memset]     



CUDA Memory Operation Statistics (by size in KiB):

   Total     Operations  Average  Minimum   Maximum    StdDev       Operation     
 ----------  ----------  -------  -------  ---------  --------  ------------------
  53753.391         925   58.112    0.004   6192.094   359.366  [CUDA memcpy DtoH]
 168337.875         762  220.916    0.004  15600.938  1009.389  [CUDA memcpy HtoD]
      1.875         450    0.004    0.004      0.008     0.001  [CUDA memset]     



CUDA API Statistics:

 Time(%)  Total Time (ns)  Num Calls   Average    Minimum    Maximum    StdDev            Name        
 -------  ---------------  ---------  ----------  --------  ---------  ---------  --------------------
    56.0        446388221       2894    154246.1      1208  230705190  4376291.6  cuStreamSynchronize 
    30.0        239089027        160   1494306.4      1671    8866144  2904622.8  cuMemAlloc_v2       
     5.2         41598668          1  41598668.0  41598668   41598668        0.0  cuMemHostAlloc      
     3.8         30248648       1783     16965.0      3111   11095196   357385.8  cuLaunchKernel      
     2.8         22346190          1  22346190.0  22346190   22346190        0.0  cuModuleLoadDataEx  
     0.5          4241314        740      5731.5      2698      33434     3481.9  cuMemcpyHtoDAsync_v2
     0.5          4198030          1   4198030.0   4198030    4198030        0.0  cuMemAllocHost_v2   
     0.5          3792611        924      4104.6      2560      22142     2184.4  cuMemcpyDtoHAsync_v2
     0.2          1645788        919      1790.8      1276      12876      799.5  cuEventRecord       
     0.2          1486428        450      3303.2      2065      54362     2683.7  cuMemsetD32Async    
     0.2          1373463        917      1497.8      1095      79097     2729.2  cuEventSynchronize  
     0.0           244050         80      3050.6      1556       6789     1251.1  cuCtxSynchronize    
     0.0           166446         23      7236.8      5135      12389     2157.4  cuMemcpy2DAsync_v2  
     0.0            17195         10      1719.5       327       4759     1528.2  cuEventCreate       
     0.0            16913          1     16913.0     16913      16913        0.0  cuStreamCreate      
     0.0             3606          1      3606.0      3606       3606        0.0  cuInit              


CUDA API Statistics:

 Time(%)  Total Time (ns)  Num Calls   Average    Minimum    Maximum    StdDev            Name        
 -------  ---------------  ---------  ----------  --------  ---------  ---------  --------------------
    53.6        407467919       2894    140797.5      1202  226456332  4291339.6  cuStreamSynchronize 
    31.6        240252677        160   1501579.2      1796    8891876  2911707.2  cuMemAlloc_v2       
     5.6         42370100          1  42370100.0  42370100   42370100        0.0  cuMemHostAlloc      
     4.0         30293395       1783     16990.1      3080   11518108   352620.1  cuLaunchKernel      
     2.8         21287481          1  21287481.0  21287481   21287481        0.0  cuModuleLoadDataEx  
     0.6          4748252          1   4748252.0   4748252    4748252        0.0  cuMemAllocHost_v2   
     0.6          4342962        740      5868.9      2466      30236     3594.6  cuMemcpyHtoDAsync_v2
     0.5          3866607        924      4184.6      2519      21341     2196.8  cuMemcpyDtoHAsync_v2
     0.2          1643150        919      1788.0      1274      13134      759.3  cuEventRecord       
     0.2          1433261        450      3185.0      2019      10435     1032.1  cuMemsetD32Async    
     0.2          1357911        917      1480.8      1094      60537     2068.9  cuEventSynchronize  
     0.0           264679         80      3308.5      1581       7944     1457.1  cuCtxSynchronize    
     0.0           155674         23      6768.4      5070      15853     2685.8  cuMemcpy2DAsync_v2  
     0.0            18123          1     18123.0     18123      18123        0.0  cuStreamCreate      
     0.0            14515         10      1451.5       338       4761     1433.8  cuEventCreate       
     0.0             3934          1      3934.0      3934       3934        0.0  cuInit              



CUDA Kernel Statistics:

 Time(%)  Total Time (ns)  Instances    Average     Minimum    Maximum   StdDev                  Name               
 -------  ---------------  ---------  -----------  ---------  ---------  -------  ----------------------------------
    56.2        230698642          1  230698642.0  230698642  230698642      0.0  gkps_adiabatic_electron_143_gpu   
    10.4         42829669          1   42829669.0   42829669   42829669      0.0  gkps_adiabatic_electron_231_gpu   
    10.3         42355560         10    4235556.0    4221982    4247101   8082.2  cpush_1123_gpu                    
     9.7         39726525         10    3972652.5    3964512    3979328   5611.3  ppush_659_gpu                     
     8.9         36407770         20    1820388.5    1802705    1982608  38389.9  grid1_1723_gpu                    
     1.2          4825597        380      12698.9      12639      13439    131.5  gem_pputil_test_pmove_353_gpu     
     0.8          3140676        380       8264.9       8191       9056    155.6  gem_pputil_test_pmove_337_gpu     
     0.7          2998383        380       7890.5       7776       8704    150.1  gem_pputil_test_pmove_353_gpu__red
     0.6          2576173         20     128808.7     128575     129087    146.1  gkps_adiabatic_electron_287_gpu   
     0.4          1748402          1    1748402.0    1748402    1748402      0.0  gkps_adiabatic_electron_199_gpu   
     0.3          1303542        380       3430.4       3360       4064    128.4  gem_pputil_test_pmove_434_gpu     
     0.1           346749         20      17337.5      17279      17504     68.5  gem_pputil_test_init_pmove_144_gpu
     0.1           302844         20      15142.2      15040      15360     77.4  gkps_adiabatic_electron_403_gpu   
     0.1           297627         20      14881.4      14656      15040    123.0  gkps_adiabatic_electron_355_gpu   
     0.1           284190         20      14209.5      14112      14400     70.6  gkps_adiabatic_electron_433_gpu   
     0.1           239676         20      11983.8      11775      12320    144.4  gkps_adiabatic_electron_321_gpu   
     0.0           200096         20      10004.8       9600      10464    244.7  gem_pputil_test_init_pmove_117_gpu
     0.0           171811         20       8590.6       8544       8768     49.1  gkps_adiabatic_electron_459_gpu   
     0.0           171329         20       8566.5       8544       8640     25.5  gkps_adiabatic_electron_382_gpu   
     0.0            82208         20       4110.4       4064       4224     54.4  gem_pputil_test_init_pmove_215_gpu
     0.0            64319         20       3216.0       3199       3297     30.4  gem_pputil_test_init_pmove_102_gpu


CUDA API Statistics:

 Time(%)  Total Time (ns)  Num Calls   Average    Minimum    Maximum    StdDev            Name        
 -------  ---------------  ---------  ----------  --------  ---------  ---------  --------------------
    54.2        410030526       2894    141683.0      1270  228475028  4327855.3  cuStreamSynchronize 
    31.5        238030518        160   1487690.7      1775    8889572  2893200.6  cuMemAlloc_v2       
     5.1         38816580          1  38816580.0  38816580   38816580        0.0  cuMemHostAlloc      
     3.9         29214744       1783     16385.2      3200   10920367   340194.2  cuLaunchKernel      
     3.1         23400271          1  23400271.0  23400271   23400271        0.0  cuModuleLoadDataEx  
     0.6          4356750        740      5887.5      2782      34840     3613.2  cuMemcpyHtoDAsync_v2
     0.5          3898387        924      4219.0      2708      21516     2146.5  cuMemcpyDtoHAsync_v2
     0.4          3004891          1   3004891.0   3004891    3004891        0.0  cuMemAllocHost_v2   
     0.2          1871082        919      2036.0      1417       8540      724.0  cuEventRecord       
     0.2          1523318        450      3385.2      2208      21383     1449.8  cuMemsetD32Async    
     0.2          1389553        917      1515.3      1144      83212     2789.6  cuEventSynchronize  
     0.0           259571         80      3244.6      1676       7423     1541.8  cuCtxSynchronize    
     0.0           163373         23      7103.2      4645      12225     2047.6  cuMemcpy2DAsync_v2  
     0.0            22915          1     22915.0     22915      22915        0.0  cuStreamCreate      
     0.0            18763         10      1876.3       316       4757     1732.1  cuEventCreate       
     0.0             3422          1      3422.0      3422       3422        0.0  cuInit              



CUDA Kernel Statistics:

 Time(%)  Total Time (ns)  Instances    Average     Minimum    Maximum   StdDev                  Name               
 -------  ---------------  ---------  -----------  ---------  ---------  -------  ----------------------------------
    60.8        226451334          1  226451334.0  226451334  226451334      0.0  gkps_adiabatic_electron_143_gpu   
    11.5         42740778          1   42740778.0   42740778   42740778      0.0  gkps_adiabatic_electron_231_gpu   
     8.3         30978315         10    3097831.5    3080831    3106430   8347.3  cpush_1123_gpu                    
     7.7         28780902         10    2878090.2    2875105    2882464   2098.4  ppush_659_gpu                     
     7.0         25917889         20    1295894.5    1282482    1487952  45252.4  grid1_1723_gpu                    
     1.2          4542232        380      11953.2      11903      12768    141.0  gem_pputil_test_pmove_353_gpu     
     0.8          2989337        380       7866.7       7807       9824    163.5  gem_pputil_test_pmove_337_gpu     
     0.8          2826534        380       7438.2       7328       8320    158.9  gem_pputil_test_pmove_353_gpu__red
     0.7          2436229         20     121811.5     121534     122015    119.6  gkps_adiabatic_electron_287_gpu   
     0.5          1749165          1    1749165.0    1749165    1749165      0.0  gkps_adiabatic_electron_199_gpu   
     0.3          1228861        380       3233.8       3167       3968    126.9  gem_pputil_test_pmove_434_gpu     
     0.1           326840         20      16342.0      16287      16448     45.5  gem_pputil_test_init_pmove_144_gpu
     0.1           287136         20      14356.8      14239      14528     67.7  gkps_adiabatic_electron_403_gpu   
     0.1           282048         20      14102.4      13856      14304    121.7  gkps_adiabatic_electron_355_gpu   
     0.1           270301         20      13515.1      13311      13856    128.1  gkps_adiabatic_electron_433_gpu   
     0.1           226429         20      11321.5      11104      11552    114.8  gkps_adiabatic_electron_321_gpu   
     0.0           176893         20       8844.7       8544       9216    190.8  gem_pputil_test_init_pmove_117_gpu
     0.0           163038         20       8151.9       8095       8385     72.0  gkps_adiabatic_electron_382_gpu   
     0.0           162811         20       8140.6       8096       8224     35.2  gkps_adiabatic_electron_459_gpu   
     0.0            77537         20       3876.9       3840       4032     46.7  gem_pputil_test_init_pmove_215_gpu
     0.0            61407         20       3070.4       3008       3200     50.3  gem_pputil_test_init_pmove_102_gpu



CUDA Memory Operation Statistics (by time):

 Time(%)  Total Time (ns)  Operations  Average  Minimum  Maximum   StdDev       Operation     
 -------  ---------------  ----------  -------  -------  -------  --------  ------------------
    77.5         23085281         762  30295.6     1344  2356141  137910.3  [CUDA memcpy HtoD]
    20.4          6069938         925   6562.1     1471   829466   35769.3  [CUDA memcpy DtoH]
     2.1           631639         450   1403.6     1343     1760      57.8  [CUDA memset]     



CUDA Kernel Statistics:

 Time(%)  Total Time (ns)  Instances    Average     Minimum    Maximum   StdDev                  Name               
 -------  ---------------  ---------  -----------  ---------  ---------  -------  ----------------------------------
    61.1        228470090          1  228470090.0  228470090  228470090      0.0  gkps_adiabatic_electron_143_gpu   
    11.4         42698537          1   42698537.0   42698537   42698537      0.0  gkps_adiabatic_electron_231_gpu   
     8.1         30365747         10    3036574.7    3030725    3046085   5216.5  cpush_1123_gpu                    
     7.6         28557190         10    2855719.0    2849415    2862055   3823.6  ppush_659_gpu                     
     7.0         26124696         20    1306234.8    1292468    1495219  44551.5  grid1_1723_gpu                    
     1.2          4541263        380      11950.7      11903      12704    134.9  gem_pputil_test_pmove_353_gpu     
     0.8          2973732        380       7825.6       7744       9376    174.0  gem_pputil_test_pmove_337_gpu     
     0.8          2830447        380       7448.5       7328      10049    202.9  gem_pputil_test_pmove_353_gpu__red
     0.6          2422313         20     121115.7     120831     121343    141.9  gkps_adiabatic_electron_287_gpu   
     0.5          1741457          1    1741457.0    1741457    1741457      0.0  gkps_adiabatic_electron_199_gpu   
     0.3          1228196        380       3232.1       3167       3840    120.7  gem_pputil_test_pmove_434_gpu     
     0.1           327327         20      16366.4      16288      16448     50.2  gem_pputil_test_init_pmove_144_gpu
     0.1           287550         20      14377.5      14271      14496     69.9  gkps_adiabatic_electron_403_gpu   
     0.1           281920         20      14096.0      13760      14624    218.4  gkps_adiabatic_electron_355_gpu   
     0.1           269021         20      13451.1      13280      13600     80.0  gkps_adiabatic_electron_433_gpu   
     0.1           225854         20      11292.7      10976      11552    122.4  gkps_adiabatic_electron_321_gpu   
     0.0           180896         20       9044.8       8672       9663    281.7  gem_pputil_test_init_pmove_117_gpu
     0.0           162048         20       8102.4       8064       8192     41.0  gkps_adiabatic_electron_382_gpu   
     0.0           162046         20       8102.3       8063       8193     39.9  gkps_adiabatic_electron_459_gpu   
     0.0            77602         20       3880.1       3839       4001     42.8  gem_pputil_test_init_pmove_215_gpu
     0.0            61213         20       3060.7       3007       3264     57.4  gem_pputil_test_init_pmove_102_gpu


CUDA API Statistics:




CUDA Memory Operation Statistics (by time):

 Time(%)  Total Time (ns)  Num Calls   Average    Minimum    Maximum    StdDev            Name        
 -------  ---------------  ---------  ----------  --------  ---------  ---------  --------------------
    54.4        405549790       2894    140134.7      1221  224722907  4259832.0  cuStreamSynchronize 
    31.9        237785068        160   1486156.7      1652    9094252  2896338.9  cuMemAlloc_v2       
     4.7         35156706          1  35156706.0  35156706   35156706        0.0  cuMemHostAlloc      
     4.4         32948170       1783     18479.1      3257   12297542   383874.6  cuLaunchKernel      
     2.2         16031091          1  16031091.0  16031091   16031091        0.0  cuModuleLoadDataEx  
     0.7          4884968        740      6601.3      2758      29529     3871.8  cuMemcpyHtoDAsync_v2
     0.6          4367309        924      4726.5      2716      20121     2526.8  cuMemcpyDtoHAsync_v2
     0.4          3054666          1   3054666.0   3054666    3054666        0.0  cuMemAllocHost_v2   
     0.2          1812786        919      1972.6      1317      23258     1271.1  cuEventRecord       
     0.2          1647535        450      3661.2      2132      25425     1659.2  cuMemsetD32Async    
     0.2          1438034        917      1568.2      1104      81924     2747.9  cuEventSynchronize  
     0.0           262026         80      3275.3      1581       8307     1549.2  cuCtxSynchronize    
     0.0           147777         23      6425.1      4664      10866     1787.4  cuMemcpy2DAsync_v2  
     0.0            19097          1     19097.0     19097      19097        0.0  cuStreamCreate      
     0.0            15058         10      1505.8       318       5137     1473.7  cuEventCreate       
     0.0             4548          1      4548.0      4548       4548        0.0  cuInit              
 Time(%)  Total Time (ns)  Operations  Average  Minimum  Maximum   StdDev       Operation     
 -------  ---------------  ----------  -------  -------  -------  --------  ------------------
    76.8         21559101         762  28292.8     1344  1785676  118528.0  [CUDA memcpy HtoD]
    20.9          5876120         925   6352.6     1440   839383   35902.1  [CUDA memcpy DtoH]
     2.2           618981         450   1375.5     1343     1728      54.9  [CUDA memset]     



CUDA Memory Operation Statistics (by size in KiB):

   Total     Operations  Average  Minimum   Maximum    StdDev       Operation     
 ----------  ----------  -------  -------  ---------  --------  ------------------
  55704.484         925   60.221    0.004   6192.094   360.278  [CUDA memcpy DtoH]
 167331.938         762  219.596    0.004  15600.938  1009.071  [CUDA memcpy HtoD]
      1.875         450    0.004    0.004      0.008     0.001  [CUDA memset]     



CUDA Memory Operation Statistics (by time):

 Time(%)  Total Time (ns)  Operations  Average  Minimum  Maximum   StdDev       Operation     
 -------  ---------------  ----------  -------  -------  -------  --------  ------------------
    78.3         23094669         762  30308.0     1312  2356460  133943.6  [CUDA memcpy HtoD]
    19.7          5805978         925   6276.7     1439   825497   35539.6  [CUDA memcpy DtoH]
     2.1           612641         450   1361.4     1311     1696      54.4  [CUDA memset]     



CUDA Kernel Statistics:




CUDA Memory Operation Statistics (by size in KiB):

 Time(%)  Total Time (ns)  Instances    Average     Minimum    Maximum   StdDev                  Name               
 -------  ---------------  ---------  -----------  ---------  ---------  -------  ----------------------------------
    60.5        224718700          1  224718700.0  224718700  224718700      0.0  gkps_adiabatic_electron_143_gpu   
    11.5         42726778          1   42726778.0   42726778   42726778      0.0  gkps_adiabatic_electron_231_gpu   
     8.4         31248084         10    3124808.4    3095455    3214814  34569.8  cpush_1123_gpu                    
     7.8         28930318         10    2893031.8    2885442    2901697   4938.4  ppush_659_gpu                     
     7.0         25978412         20    1298920.6    1286643    1489456  44871.5  grid1_1723_gpu                    
     1.2          4563658        380      12009.6      11936      12736    136.2  gem_pputil_test_pmove_353_gpu     
     0.8          2972800        380       7823.2       7775       9856    177.8  gem_pputil_test_pmove_337_gpu     
     0.8          2838795        380       7470.5       7360       8224    150.6  gem_pputil_test_pmove_353_gpu__red
     0.7          2443879         20     122194.0     122047     122430    115.7  gkps_adiabatic_electron_287_gpu   
     0.5          1742318          1    1742318.0    1742318    1742318      0.0  gkps_adiabatic_electron_199_gpu   
     0.3          1232538        380       3243.5       3199       3840    121.8  gem_pputil_test_pmove_434_gpu     
     0.1           328091         20      16404.6      16351      16511     42.9  gem_pputil_test_init_pmove_144_gpu
     0.1           287872         20      14393.6      14271      14624    102.1  gkps_adiabatic_electron_403_gpu   
     0.1           281885         20      14094.3      13728      14368    158.7  gkps_adiabatic_electron_355_gpu   
     0.1           269243         20      13462.2      13312      13760    108.4  gkps_adiabatic_electron_433_gpu   
     0.1           226814         20      11340.7      11072      11648    152.9  gkps_adiabatic_electron_321_gpu   
     0.0           176992         20       8849.6       8511       9280    194.9  gem_pputil_test_init_pmove_117_gpu
     0.0           163323         20       8166.2       8127       8320     53.6  gkps_adiabatic_electron_382_gpu   
     0.0           162783         20       8139.2       8096       8256     46.6  gkps_adiabatic_electron_459_gpu   
     0.0            78113         20       3905.7       3840       4032     55.4  gem_pputil_test_init_pmove_215_gpu
     0.0            61503         20       3075.2       3040       3296     65.6  gem_pputil_test_init_pmove_102_gpu
   Total     Operations  Average  Minimum   Maximum    StdDev       Operation     
 ----------  ----------  -------  -------  ---------  --------  ------------------
  54700.344         925   59.136    0.004   6192.094   359.739  [CUDA memcpy DtoH]
 167852.875         762  220.279    0.004  15600.938  1009.232  [CUDA memcpy HtoD]
      1.875         450    0.004    0.004      0.008     0.001  [CUDA memset]     



CUDA Memory Operation Statistics (by size in KiB):

   Total     Operations  Average  Minimum   Maximum    StdDev       Operation     
 ----------  ----------  -------  -------  ---------  --------  ------------------
  53857.766         925   58.225    0.004   6192.094   359.401  [CUDA memcpy DtoH]
 168267.875         762  220.824    0.004  15600.938  1009.366  [CUDA memcpy HtoD]
      1.875         450    0.004    0.004      0.008     0.001  [CUDA memset]     



CUDA Memory Operation Statistics (by time):

 Time(%)  Total Time (ns)  Operations  Average  Minimum  Maximum   StdDev       Operation     
 -------  ---------------  ----------  -------  -------  -------  --------  ------------------
    76.7         21576921         762  28316.2     1279  1304050  113386.5  [CUDA memcpy HtoD]
    21.2          5973479         925   6457.8     1375   882390   37038.3  [CUDA memcpy DtoH]
     2.1           590714         450   1312.7     1279     1696      45.9  [CUDA memset]     





CUDA Memory Operation Statistics (by size in KiB):

   Total     Operations  Average  Minimum   Maximum    StdDev       Operation     
 ----------  ----------  -------  -------  ---------  --------  ------------------
  54708.391         925   59.144    0.004   6192.094   359.743  [CUDA memcpy DtoH]
 167822.250         762  220.239    0.004  15600.938  1009.222  [CUDA memcpy HtoD]
      1.875         450    0.004    0.004      0.008     0.001  [CUDA memset]     




CUDA API Statistics:

 Time(%)  Total Time (ns)  Num Calls   Average    Minimum    Maximum    StdDev            Name        
 -------  ---------------  ---------  ----------  --------  ---------  ---------  --------------------
    56.7        431685387       2894    149165.6      1226  223572048  4244805.4  cuStreamSynchronize 
    30.9        235394500        160   1471215.6      1795    9025139  2880952.7  cuMemAlloc_v2       
     4.3         32845654          1  32845654.0  32845654   32845654        0.0  cuMemHostAlloc      
     3.9         29653025       1783     16631.0      3106   11339431   345184.4  cuLaunchKernel      
     2.1         16217190          1  16217190.0  16217190   16217190        0.0  cuModuleLoadDataEx  
     0.6          4390674        740      5933.3      2467      35117     3447.2  cuMemcpyHtoDAsync_v2
     0.5          3945647        924      4270.2      2544      19822     2233.8  cuMemcpyDtoHAsync_v2
     0.4          2741402          1   2741402.0   2741402    2741402        0.0  cuMemAllocHost_v2   
     0.2          1698848        919      1848.6      1319      19584     1024.2  cuEventRecord       
     0.2          1455030        450      3233.4      1910      15454     1273.5  cuMemsetD32Async    
     0.2          1341454        917      1462.9      1101      32624     1215.8  cuEventSynchronize  
     0.0           254469         80      3180.9      1557       7732     1370.3  cuCtxSynchronize    
     0.0           156202         23      6791.4      4750      12801     2251.7  cuMemcpy2DAsync_v2  
     0.0            19079          1     19079.0     19079      19079        0.0  cuStreamCreate      
     0.0            17414         10      1741.4       331       5499     1849.2  cuEventCreate       
     0.0             3220          1      3220.0      3220       3220        0.0  cuInit              



CUDA Kernel Statistics:

 Time(%)  Total Time (ns)  Instances    Average     Minimum    Maximum   StdDev                  Name               
 -------  ---------------  ---------  -----------  ---------  ---------  -------  ----------------------------------
    56.3        223567944          1  223567944.0  223567944  223567944      0.0  gkps_adiabatic_electron_143_gpu   
    10.8         42752686          1   42752686.0   42752686   42752686      0.0  gkps_adiabatic_electron_231_gpu   
    10.2         40459381         10    4045938.1    4026227    4125170  28723.9  cpush_1123_gpu                    
     9.5         37834335         10    3783433.5    3773491    3795987   8328.7  ppush_659_gpu                     
     8.7         34568492         20    1728424.6    1710587    1977145  58639.8  grid1_1723_gpu                    
     1.1          4540719        380      11949.3      11903      12768    142.8  gem_pputil_test_pmove_353_gpu     
     0.7          2974156        380       7826.7       7775       9440    182.6  gem_pputil_test_pmove_337_gpu     
     0.7          2827854        380       7441.7       7327       8160    153.7  gem_pputil_test_pmove_353_gpu__red
     0.6          2426070         20     121303.5     121119     121440     94.0  gkps_adiabatic_electron_287_gpu   
     0.4          1742266          1    1742266.0    1742266    1742266      0.0  gkps_adiabatic_electron_199_gpu   
     0.3          1228792        380       3233.7       3168       3808    121.3  gem_pputil_test_pmove_434_gpu     
     0.1           327040         20      16352.0      16288      16480     57.9  gem_pputil_test_init_pmove_144_gpu
     0.1           286655         20      14332.8      14208      14528     84.9  gkps_adiabatic_electron_403_gpu   
     0.1           284928         20      14246.4      13376      14401    219.9  gkps_adiabatic_electron_355_gpu   
     0.1           270814         20      13540.7      13408      13920    120.5  gkps_adiabatic_electron_433_gpu   
     0.1           226078         20      11303.9      11072      11712    142.7  gkps_adiabatic_electron_321_gpu   
     0.0           192958         20       9647.9       9248      10272    249.3  gem_pputil_test_init_pmove_117_gpu
     0.0           162976         20       8148.8       8064       8320     58.9  gkps_adiabatic_electron_382_gpu   
     0.0           162625         20       8131.3       8064       8256     47.4  gkps_adiabatic_electron_459_gpu   
     0.0            78112         20       3905.6       3809       4096     64.4  gem_pputil_test_init_pmove_215_gpu
     0.0            61156         20       3057.8       3008       3232     49.1  gem_pputil_test_init_pmove_102_gpu


CUDA API Statistics:

 Time(%)  Total Time (ns)  Num Calls   Average    Minimum    Maximum    StdDev            Name        
 -------  ---------------  ---------  ----------  --------  ---------  ---------  --------------------
    59.0        485539654       2894    167774.6      1248  222195705  4236564.6  cuStreamSynchronize 
    28.7        236355153        160   1477219.7      1788    9037458  2882976.9  cuMemAlloc_v2       
     3.7         30280131       1783     16982.7      3251   11751476   354032.8  cuLaunchKernel      
     3.6         29662356          1  29662356.0  29662356   29662356        0.0  cuMemHostAlloc      
     3.0         24682596          1  24682596.0  24682596   24682596        0.0  cuModuleLoadDataEx  
     0.5          4470717        740      6041.5      2887      28744     3357.8  cuMemcpyHtoDAsync_v2
     0.5          4009761        924      4339.6      2785      25858     2270.7  cuMemcpyDtoHAsync_v2
     0.3          2614020          1   2614020.0   2614020    2614020        0.0  cuMemAllocHost_v2   
     0.2          1954070        918      2128.6      1489      18688     1134.2  cuEventRecord       
     0.2          1567481        450      3483.3      2141      17275     1396.6  cuMemsetD32Async    
     0.2          1365363        916      1490.6      1140      35740     1509.0  cuEventSynchronize  
     0.0           269422         80      3367.8      1783       8156     1329.3  cuCtxSynchronize    
     0.0           156697         23      6812.9      5179      11876     1802.8  cuMemcpy2DAsync_v2  
     0.0            20248         10      2024.8       414       5864     2023.7  cuEventCreate       
     0.0            19739          1     19739.0     19739      19739        0.0  cuStreamCreate      
     0.0             3118          1      3118.0      3118       3118        0.0  cuInit              



CUDA Memory Operation Statistics (by time):

 Time(%)  Total Time (ns)  Operations  Average  Minimum  Maximum   StdDev       Operation     
 -------  ---------------  ----------  -------  -------  -------  --------  ------------------
    77.1         21879482         762  28713.2     1280  1320475  114057.8  [CUDA memcpy HtoD]
    20.9          5920357         925   6400.4     1375   752702   33894.0  [CUDA memcpy DtoH]
     2.1           590281         450   1311.7     1248     2112      71.6  [CUDA memset]     



CUDA Kernel Statistics:

 Time(%)  Total Time (ns)  Instances    Average     Minimum    Maximum   StdDev                  Name               
 -------  ---------------  ---------  -----------  ---------  ---------  -------  ----------------------------------
    49.3        222187795          1  222187795.0  222187795  222187795      0.0  gkps_adiabatic_electron_143_gpu   
    13.3         59802158         10    5980215.8    5948962    6113888  47956.0  cpush_1123_gpu                    
    12.5         56188182         10    5618818.2    5611269    5625926   5295.7  ppush_659_gpu                     
    11.5         51599142         20    2579957.1    2552773    2962049  90030.0  grid1_1723_gpu                    
     9.5         42618052          1   42618052.0   42618052   42618052      0.0  gkps_adiabatic_electron_231_gpu   
     1.0          4569167        380      12024.1      11967      12832    132.6  gem_pputil_test_pmove_353_gpu     
     0.7          2974439        380       7827.5       7743      10176    230.1  gem_pputil_test_pmove_337_gpu     
     0.6          2845770        380       7488.9       7359       8384    155.9  gem_pputil_test_pmove_353_gpu__red
     0.5          2440520         20     122026.0     121663     122367    182.0  gkps_adiabatic_electron_287_gpu   
     0.4          1741646          1    1741646.0    1741646    1741646      0.0  gkps_adiabatic_electron_199_gpu   
     0.3          1235498        380       3251.3       3199       3841    120.7  gem_pputil_test_pmove_434_gpu     
     0.1           332252         20      16612.6      16543      16864     72.1  gem_pputil_test_init_pmove_144_gpu
     0.1           309436         20      15471.8      15104      16448    314.3  gem_pputil_test_init_pmove_117_gpu
     0.1           287613         20      14380.7      14303      14528     67.6  gkps_adiabatic_electron_403_gpu   
     0.1           283516         20      14175.8      13567      14464    202.0  gkps_adiabatic_electron_355_gpu   
     0.1           270976         20      13548.8      13344      13760    101.4  gkps_adiabatic_electron_433_gpu   
     0.0           223967         20      11198.4      11008      11424    115.4  gkps_adiabatic_electron_321_gpu   
     0.0           163358         20       8167.9       8064       8320     58.6  gkps_adiabatic_electron_382_gpu   
     0.0           163200         20       8160.0       8064       8320     62.4  gkps_adiabatic_electron_459_gpu   
     0.0            80702         20       4035.1       3936       4224     92.3  gem_pputil_test_init_pmove_215_gpu
     0.0            61409         20       3070.5       3039       3200     39.5  gem_pputil_test_init_pmove_102_gpu



CUDA Memory Operation Statistics (by size in KiB):

   Total     Operations  Average  Minimum   Maximum    StdDev       Operation     
 ----------  ----------  -------  -------  ---------  --------  ------------------
  55906.438         925   60.439    0.004   6192.094   360.404  [CUDA memcpy DtoH]
 167237.250         762  219.471    0.004  15600.938  1009.043  [CUDA memcpy HtoD]
      1.875         450    0.004    0.004      0.008     0.001  [CUDA memset]     



CUDA Memory Operation Statistics (by time):

 Time(%)  Total Time (ns)  Operations  Average  Minimum  Maximum   StdDev       Operation     
 -------  ---------------  ----------  -------  -------  -------  --------  ------------------
    75.6         21374282         762  28050.2     1343  1789741  116915.8  [CUDA memcpy HtoD]
    22.2          6265392         925   6773.4     1439   833464   36021.6  [CUDA memcpy DtoH]
     2.2           632791         450   1406.2     1343    11007     459.8  [CUDA memset]     



CUDA Memory Operation Statistics (by size in KiB):

   Total     Operations  Average  Minimum   Maximum    StdDev       Operation     
 ----------  ----------  -------  -------  ---------  --------  ------------------
  58445.422         925   63.184    0.004   6192.094   362.494  [CUDA memcpy DtoH]
 165996.625         762  217.843    0.004  15600.938  1008.697  [CUDA memcpy HtoD]
      1.875         450    0.004    0.004      0.008     0.001  [CUDA memset]     


