     1    10     4 0.324E+02
     0     1     4
     0     2     4
     0     3     4
     0     4     4
 0.621E-06-0.782E-06
-0.309E-05-0.185E-05
-0.210E-06 0.130E-05
 0.159E-06-0.495E-06
 0.629E-05 0.657E-06
 0.496E-05-0.139E-05
 0.533E-05-0.477E-06
 0.873E-05 0.314E-05
 0.645E-05 0.368E-05
 0.000E+00 0.000E+00
-0.153E-18 0.108E-18
-0.846E-19-0.794E-20
 0.000E+00 0.000E+00
-0.108E-18 0.991E-19
 0.329E-20 0.192E-19
 0.153E-18-0.153E-18
-0.318E-19-0.767E-19
-0.307E-18 0.307E-18
 0.740E-18 0.307E-18
 0.000E+00 0.000E+00
-0.273E-19 0.331E-19
-0.498E-19 0.724E-19
-0.244E-19-0.574E-20
 0.167E-20-0.962E-20
 0.426E-19 0.566E-19
-0.102E-18-0.256E-18
-0.118E-20-0.221E-18
 0.149E-18-0.149E-18
-0.368E-18 0.507E-18
 0.000E+00 0.000E+00
 0.000E+00 0.000E+00
 0.108E-18-0.542E-19
 0.000E+00 0.000E+00
-0.108E-18 0.000E+00
-0.542E-19 0.542E-19
 0.000E+00 0.000E+00
-0.434E-18-0.434E-18
 0.000E+00 0.000E+00
 0.000E+00 0.867E-18
 0.000E+00 0.000E+00
 0.866E-06
 0.814E-06
 0.788E-06
 0.752E-06
 0.824E-06
 0.966E-06
 0.103E-05
 0.123E-05
 0.182E-05
 0.101-319
 0.174E-12
 0.228E-11
 0.136E-10
 0.913E-11
-0.988E-11
-0.123E-10
-0.258E-10
 0.519E-10
 0.834E-10
 0.000E+00
-0.134E-10
-0.132E-10
-0.288E-10
-0.691E-10
-0.138E-09
-0.172E-09
-0.201E-09
 0.634E-10
 0.263E-09
 0.000E+00
 0.000E+00
 0.000E+00
 0.000E+00
 0.000E+00
 0.000E+00
 0.000E+00
 0.000E+00
 0.000E+00
 0.000E+00
 0.000E+00
 0.553E-02
 0.197E-02
 0.246E-02
 0.311E-02
 0.190E-02
 0.952E-02
 0.782E-02
 0.131E-01
 0.192E-01
 0.000E+00
